<?xml version="1.0" encoding="UTF-8"?>
<coverage generated="1785068944558" clover="3.2.0">
  <project timestamp="1785068944558" name="All files">
    <metrics statements="961" coveredstatements="495" conditionals="746" coveredconditionals="192" methods="156" coveredmethods="54" elements="1863" coveredelements="741" complexity="0" loc="961" ncloc="961" packages="13" files="50" classes="50"/>
    <package name="backend">
      <metrics statements="76" coveredstatements="47" conditionals="25" coveredconditionals="8" methods="13" coveredmethods="3"/>
      <file name="server.js" path="/Users/sachin/Desktop/evcorn/backend/server.js">
        <metrics statements="76" coveredstatements="47" conditionals="25" coveredconditionals="8" methods="13" coveredmethods="3"/>
        <line num="5" count="4" type="stmt"/>
        <line num="6" count="4" type="stmt"/>
        <line num="7" count="4" type="stmt"/>
        <line num="8" count="4" type="stmt"/>
        <line num="9" count="4" type="stmt"/>
        <line num="10" count="4" type="stmt"/>
        <line num="11" count="4" type="stmt"/>
        <line num="12" count="4" type="stmt"/>
        <line num="13" count="4" type="stmt"/>
        <line num="14" count="4" type="stmt"/>
        <line num="15" count="4" type="stmt"/>
        <line num="16" count="4" type="stmt"/>
        <line num="17" count="4" type="stmt"/>
        <line num="18" count="4" type="stmt"/>
        <line num="19" count="4" type="stmt"/>
        <line num="20" count="4" type="stmt"/>
        <line num="21" count="4" type="stmt"/>
        <line num="23" count="4" type="stmt"/>
        <line num="26" count="4" type="stmt"/>
        <line num="27" count="4" type="stmt"/>
        <line num="28" count="4" type="stmt"/>
        <line num="31" count="4" type="stmt"/>
        <line num="37" count="4" type="stmt"/>
        <line num="40" count="4" type="stmt"/>
        <line num="44" count="13" type="cond" truecount="1" falsecount="1"/>
        <line num="45" count="13" type="stmt"/>
        <line num="50" count="4" type="stmt"/>
        <line num="51" count="4" type="stmt"/>
        <line num="54" count="4" type="stmt"/>
        <line num="57" count="4" type="stmt"/>
        <line num="58" count="13" type="cond" truecount="5" falsecount="0"/>
        <line num="59" count="10" type="stmt"/>
        <line num="61" count="3" type="stmt"/>
        <line num="63" count="13" type="stmt"/>
        <line num="67" count="4" type="cond" truecount="1" falsecount="1"/>
        <line num="68" count="4" type="stmt"/>
        <line num="72" count="4" type="stmt"/>
        <line num="73" count="0" type="stmt"/>
        <line num="74" count="0" type="stmt"/>
        <line num="75" count="0" type="cond" truecount="0" falsecount="2"/>
        <line num="76" count="0" type="stmt"/>
        <line num="78" count="0" type="stmt"/>
        <line num="81" count="0" type="stmt"/>
        <line num="108" count="0" type="stmt"/>
        <line num="109" count="0" type="cond" truecount="0" falsecount="4"/>
        <line num="110" count="0" type="cond" truecount="0" falsecount="2"/>
        <line num="113" count="0" type="stmt"/>
        <line num="122" count="0" type="stmt"/>
        <line num="123" count="0" type="stmt"/>
        <line num="124" count="0" type="stmt"/>
        <line num="126" count="0" type="stmt"/>
        <line num="131" count="4" type="stmt"/>
        <line num="132" count="0" type="stmt"/>
        <line num="136" count="4" type="stmt"/>
        <line num="139" count="4" type="stmt"/>
        <line num="145" count="0" type="stmt"/>
        <line num="146" count="0" type="cond" truecount="0" falsecount="2"/>
        <line num="147" count="0" type="stmt"/>
        <line num="148" count="0" type="stmt"/>
        <line num="149" count="0" type="cond" truecount="0" falsecount="4"/>
        <line num="150" count="0" type="stmt"/>
        <line num="151" count="0" type="stmt"/>
        <line num="153" count="0" type="stmt"/>
        <line num="156" count="0" type="stmt"/>
        <line num="160" count="4" type="stmt"/>
        <line num="161" count="4" type="stmt"/>
        <line num="163" count="4" type="stmt"/>
        <line num="164" count="0" type="stmt"/>
        <line num="165" count="0" type="stmt"/>
        <line num="168" count="4" type="stmt"/>
        <line num="169" count="0" type="stmt"/>
        <line num="173" count="4" type="stmt"/>
        <line num="174" count="4" type="cond" truecount="1" falsecount="1"/>
        <line num="175" count="0" type="stmt"/>
        <line num="176" count="0" type="stmt"/>
        <line num="181" count="4" type="stmt"/>
      </file>
    </package>
    <package name="backend.config">
      <metrics statements="73" coveredstatements="45" conditionals="56" coveredconditionals="27" methods="12" coveredmethods="7"/>
      <file name="cloudinary.js" path="/Users/sachin/Desktop/evcorn/backend/config/cloudinary.js">
        <metrics statements="8" coveredstatements="7" conditionals="5" coveredconditionals="4" methods="0" coveredmethods="0"/>
        <line num="4" count="4" type="stmt"/>
        <line num="5" count="4" type="stmt"/>
        <line num="6" count="4" type="stmt"/>
        <line num="8" count="4" type="cond" truecount="4" falsecount="1"/>
        <line num="9" count="4" type="stmt"/>
        <line num="15" count="4" type="stmt"/>
        <line num="17" count="0" type="stmt"/>
        <line num="20" count="4" type="stmt"/>
      </file>
      <file name="cors.js" path="/Users/sachin/Desktop/evcorn/backend/config/cors.js">
        <metrics statements="14" coveredstatements="6" conditionals="8" coveredconditionals="1" methods="2" coveredmethods="1"/>
        <line num="4" count="4" type="stmt"/>
        <line num="5" count="4" type="stmt"/>
        <line num="6" count="4" type="stmt"/>
        <line num="8" count="4" type="stmt"/>
        <line num="11" count="13" type="cond" truecount="1" falsecount="1"/>
        <line num="14" count="0" type="stmt"/>
        <line num="15" count="0" type="cond" truecount="0" falsecount="2"/>
        <line num="16" count="0" type="cond" truecount="0" falsecount="2"/>
        <line num="17" count="0" type="stmt"/>
        <line num="20" count="0" type="cond" truecount="0" falsecount="2"/>
        <line num="21" count="0" type="stmt"/>
        <line num="23" count="0" type="stmt"/>
        <line num="24" count="0" type="stmt"/>
        <line num="33" count="4" type="stmt"/>
      </file>
      <file name="database.js" path="/Users/sachin/Desktop/evcorn/backend/config/database.js">
        <metrics statements="39" coveredstatements="26" conditionals="12" coveredconditionals="6" methods="8" coveredmethods="5"/>
        <line num="4" count="4" type="stmt"/>
        <line num="5" count="4" type="stmt"/>
        <line num="6" count="4" type="stmt"/>
        <line num="7" count="4" type="stmt"/>
        <line num="8" count="4" type="stmt"/>
        <line num="10" count="4" type="stmt"/>
        <line num="12" count="4" type="stmt"/>
        <line num="13" count="4" type="cond" truecount="1" falsecount="1"/>
        <line num="14" count="0" type="stmt"/>
        <line num="18" count="4" type="stmt"/>
        <line num="20" count="1" type="stmt"/>
        <line num="21" count="1" type="cond" truecount="1" falsecount="1"/>
        <line num="22" count="1" type="stmt"/>
        <line num="23" count="1" type="stmt"/>
        <line num="25" count="0" type="stmt"/>
        <line num="29" count="0" type="stmt"/>
        <line num="32" count="1" type="stmt"/>
        <line num="33" count="1" type="cond" truecount="1" falsecount="1"/>
        <line num="34" count="1" type="stmt"/>
        <line num="35" count="1" type="stmt"/>
        <line num="37" count="0" type="stmt"/>
        <line num="41" count="0" type="stmt"/>
        <line num="44" count="6" type="stmt"/>
        <line num="45" count="6" type="cond" truecount="1" falsecount="1"/>
        <line num="46" count="6" type="stmt"/>
        <line num="47" count="6" type="stmt"/>
        <line num="49" count="0" type="stmt"/>
        <line num="53" count="0" type="stmt"/>
        <line num="58" count="4" type="cond" truecount="2" falsecount="2"/>
        <line num="59" count="4" type="stmt"/>
        <line num="60" count="4" type="stmt"/>
        <line num="63" count="0" type="stmt"/>
        <line num="64" count="0" type="stmt"/>
        <line num="71" count="0" type="stmt"/>
        <line num="73" count="0" type="stmt"/>
        <line num="74" count="0" type="stmt"/>
        <line num="75" count="0" type="stmt"/>
        <line num="80" count="9" type="stmt"/>
        <line num="83" count="4" type="stmt"/>
      </file>
      <file name="env.js" path="/Users/sachin/Desktop/evcorn/backend/config/env.js">
        <metrics statements="12" coveredstatements="6" conditionals="31" coveredconditionals="16" methods="2" coveredmethods="1"/>
        <line num="5" count="5" type="stmt"/>
        <line num="7" count="5" type="stmt"/>
        <line num="15" count="0" type="stmt"/>
        <line num="26" count="5" type="cond" truecount="3" falsecount="1"/>
        <line num="27" count="0" type="stmt"/>
        <line num="30" count="5" type="cond" truecount="1" falsecount="1"/>
        <line num="31" count="0" type="cond" truecount="0" falsecount="2"/>
        <line num="32" count="0" type="stmt"/>
        <line num="34" count="0" type="cond" truecount="0" falsecount="2"/>
        <line num="35" count="0" type="stmt"/>
        <line num="40" count="5" type="stmt"/>
        <line num="42" count="5" type="stmt"/>
      </file>
    </package>
    <package name="backend.constants">
      <metrics statements="1" coveredstatements="1" conditionals="0" coveredconditionals="0" methods="0" coveredmethods="0"/>
      <file name="api.constants.js" path="/Users/sachin/Desktop/evcorn/backend/constants/api.constants.js">
        <metrics statements="1" coveredstatements="1" conditionals="0" coveredconditionals="0" methods="0" coveredmethods="0"/>
        <line num="5" count="4" type="stmt"/>
      </file>
    </package>
    <package name="backend.controllers">
      <metrics statements="170" coveredstatements="80" conditionals="67" coveredconditionals="13" methods="27" coveredmethods="13"/>
      <file name="analytics.controller.js" path="/Users/sachin/Desktop/evcorn/backend/controllers/analytics.controller.js">
        <metrics statements="52" coveredstatements="33" conditionals="36" coveredconditionals="5" methods="6" coveredmethods="6"/>
        <line num="4" count="4" type="stmt"/>
        <line num="5" count="4" type="stmt"/>
        <line num="6" count="4" type="stmt"/>
        <line num="7" count="4" type="stmt"/>
        <line num="8" count="4" type="stmt"/>
        <line num="11" count="4" type="stmt"/>
        <line num="26" count="1" type="cond" truecount="1" falsecount="1"/>
        <line num="27" count="1" type="stmt"/>
        <line num="29" count="1" type="cond" truecount="1" falsecount="1"/>
        <line num="30" count="1" type="stmt"/>
        <line num="31" count="1" type="stmt"/>
        <line num="32" count="1" type="stmt"/>
        <line num="33" count="1" type="stmt"/>
        <line num="34" count="0" type="cond" truecount="0" falsecount="4"/>
        <line num="35" count="0" type="cond" truecount="0" falsecount="2"/>
        <line num="36" count="0" type="cond" truecount="0" falsecount="4"/>
        <line num="37" count="0" type="cond" truecount="0" falsecount="2"/>
        <line num="38" count="0" type="cond" truecount="0" falsecount="4"/>
        <line num="39" count="0" type="stmt"/>
        <line num="40" count="0" type="cond" truecount="0" falsecount="2"/>
        <line num="41" count="0" type="cond" truecount="0" falsecount="4"/>
        <line num="42" count="0" type="stmt"/>
        <line num="43" count="0" type="cond" truecount="0" falsecount="2"/>
        <line num="44" count="0" type="cond" truecount="0" falsecount="2"/>
        <line num="45" count="0" type="cond" truecount="0" falsecount="2"/>
        <line num="49" count="1" type="stmt"/>
        <line num="53" count="1" type="stmt"/>
        <line num="54" count="1" type="stmt"/>
        <line num="55" count="1" type="stmt"/>
        <line num="56" count="1" type="stmt"/>
        <line num="57" count="1" type="stmt"/>
        <line num="58" count="1" type="stmt"/>
        <line num="60" count="1" type="cond" truecount="1" falsecount="1"/>
        <line num="61" count="1" type="stmt"/>
        <line num="62" count="1" type="stmt"/>
        <line num="63" count="1" type="stmt"/>
        <line num="64" count="1" type="stmt"/>
        <line num="65" count="2" type="cond" truecount="2" falsecount="0"/>
        <line num="66" count="2" type="stmt"/>
        <line num="67" count="1" type="stmt"/>
        <line num="68" count="1" type="stmt"/>
        <line num="70" count="0" type="stmt"/>
        <line num="77" count="0" type="stmt"/>
        <line num="78" count="0" type="stmt"/>
        <line num="79" count="0" type="stmt"/>
        <line num="80" count="0" type="stmt"/>
        <line num="81" count="0" type="stmt"/>
        <line num="84" count="1" type="stmt"/>
        <line num="104" count="0" type="stmt"/>
        <line num="109" count="1" type="stmt"/>
        <line num="120" count="1" type="stmt"/>
        <line num="130" count="4" type="stmt"/>
      </file>
      <file name="article.controller.js" path="/Users/sachin/Desktop/evcorn/backend/controllers/article.controller.js">
        <metrics statements="26" coveredstatements="4" conditionals="0" coveredconditionals="0" methods="5" coveredmethods="0"/>
        <line num="4" count="4" type="stmt"/>
        <line num="5" count="4" type="stmt"/>
        <line num="6" count="4" type="stmt"/>
        <line num="10" count="0" type="stmt"/>
        <line num="11" count="0" type="stmt"/>
        <line num="12" count="0" type="stmt"/>
        <line num="13" count="0" type="stmt"/>
        <line num="15" count="0" type="stmt"/>
        <line num="20" count="0" type="stmt"/>
        <line num="21" count="0" type="stmt"/>
        <line num="22" count="0" type="stmt"/>
        <line num="24" count="0" type="stmt"/>
        <line num="29" count="0" type="stmt"/>
        <line num="30" count="0" type="stmt"/>
        <line num="31" count="0" type="stmt"/>
        <line num="32" count="0" type="stmt"/>
        <line num="34" count="0" type="stmt"/>
        <line num="39" count="0" type="stmt"/>
        <line num="40" count="0" type="stmt"/>
        <line num="41" count="0" type="stmt"/>
        <line num="43" count="0" type="stmt"/>
        <line num="48" count="0" type="stmt"/>
        <line num="49" count="0" type="stmt"/>
        <line num="50" count="0" type="stmt"/>
        <line num="52" count="0" type="stmt"/>
        <line num="57" count="4" type="stmt"/>
      </file>
      <file name="auth.controller.js" path="/Users/sachin/Desktop/evcorn/backend/controllers/auth.controller.js">
        <metrics statements="19" coveredstatements="15" conditionals="5" coveredconditionals="3" methods="2" coveredmethods="1"/>
        <line num="4" count="4" type="stmt"/>
        <line num="5" count="4" type="stmt"/>
        <line num="6" count="4" type="stmt"/>
        <line num="7" count="4" type="stmt"/>
        <line num="11" count="2" type="stmt"/>
        <line num="12" count="2" type="stmt"/>
        <line num="13" count="2" type="cond" truecount="1" falsecount="2"/>
        <line num="15" count="2" type="cond" truecount="2" falsecount="0"/>
        <line num="16" count="1" type="stmt"/>
        <line num="17" count="1" type="stmt"/>
        <line num="18" count="1" type="stmt"/>
        <line num="25" count="1" type="stmt"/>
        <line num="26" count="1" type="stmt"/>
        <line num="28" count="1" type="stmt"/>
        <line num="33" count="0" type="stmt"/>
        <line num="34" count="0" type="stmt"/>
        <line num="35" count="0" type="stmt"/>
        <line num="37" count="0" type="stmt"/>
        <line num="42" count="4" type="stmt"/>
      </file>
      <file name="category.controller.js" path="/Users/sachin/Desktop/evcorn/backend/controllers/category.controller.js">
        <metrics statements="18" coveredstatements="3" conditionals="4" coveredconditionals="0" methods="3" coveredmethods="0"/>
        <line num="4" count="4" type="stmt"/>
        <line num="5" count="4" type="stmt"/>
        <line num="9" count="0" type="stmt"/>
        <line num="10" count="0" type="stmt"/>
        <line num="11" count="0" type="stmt"/>
        <line num="13" count="0" type="stmt"/>
        <line num="18" count="0" type="stmt"/>
        <line num="19" count="0" type="stmt"/>
        <line num="20" count="0" type="cond" truecount="0" falsecount="4"/>
        <line num="21" count="0" type="stmt"/>
        <line num="23" count="0" type="stmt"/>
        <line num="24" count="0" type="stmt"/>
        <line num="26" count="0" type="stmt"/>
        <line num="31" count="0" type="stmt"/>
        <line num="32" count="0" type="stmt"/>
        <line num="33" count="0" type="stmt"/>
        <line num="35" count="0" type="stmt"/>
        <line num="40" count="4" type="stmt"/>
      </file>
      <file name="health.controller.js" path="/Users/sachin/Desktop/evcorn/backend/controllers/health.controller.js">
        <metrics statements="12" coveredstatements="11" conditionals="12" coveredconditionals="5" methods="4" coveredmethods="4"/>
        <line num="4" count="4" type="stmt"/>
        <line num="5" count="4" type="stmt"/>
        <line num="6" count="4" type="stmt"/>
        <line num="10" count="1" type="cond" truecount="1" falsecount="1"/>
        <line num="11" count="1" type="stmt"/>
        <line num="21" count="1" type="stmt"/>
        <line num="28" count="1" type="cond" truecount="1" falsecount="1"/>
        <line num="29" count="1" type="cond" truecount="1" falsecount="1"/>
        <line num="30" count="1" type="stmt"/>
        <line num="36" count="0" type="stmt"/>
        <line num="44" count="1" type="stmt"/>
        <line num="51" count="4" type="stmt"/>
      </file>
      <file name="upload.controller.js" path="/Users/sachin/Desktop/evcorn/backend/controllers/upload.controller.js">
        <metrics statements="21" coveredstatements="3" conditionals="10" coveredconditionals="0" methods="3" coveredmethods="0"/>
        <line num="4" count="4" type="stmt"/>
        <line num="5" count="4" type="stmt"/>
        <line num="9" count="0" type="stmt"/>
        <line num="10" count="0" type="cond" truecount="0" falsecount="2"/>
        <line num="11" count="0" type="stmt"/>
        <line num="13" count="0" type="stmt"/>
        <line num="14" count="0" type="stmt"/>
        <line num="16" count="0" type="stmt"/>
        <line num="21" count="0" type="stmt"/>
        <line num="22" count="0" type="cond" truecount="0" falsecount="4"/>
        <line num="23" count="0" type="cond" truecount="0" falsecount="2"/>
        <line num="24" count="0" type="stmt"/>
        <line num="26" count="0" type="stmt"/>
        <line num="27" count="0" type="stmt"/>
        <line num="29" count="0" type="stmt"/>
        <line num="34" count="0" type="stmt"/>
        <line num="35" count="0" type="cond" truecount="0" falsecount="2"/>
        <line num="36" count="0" type="stmt"/>
        <line num="38" count="0" type="stmt"/>
        <line num="47" count="0" type="stmt"/>
        <line num="52" count="4" type="stmt"/>
      </file>
      <file name="vehicle.controller.js" path="/Users/sachin/Desktop/evcorn/backend/controllers/vehicle.controller.js">
        <metrics statements="22" coveredstatements="11" conditionals="0" coveredconditionals="0" methods="4" coveredmethods="2"/>
        <line num="5" count="4" type="stmt"/>
        <line num="6" count="4" type="stmt"/>
        <line num="7" count="4" type="stmt"/>
        <line num="11" count="2" type="stmt"/>
        <line num="12" count="2" type="stmt"/>
        <line num="13" count="2" type="stmt"/>
        <line num="14" count="2" type="stmt"/>
        <line num="16" count="0" type="stmt"/>
        <line num="21" count="1" type="stmt"/>
        <line num="22" count="1" type="stmt"/>
        <line num="23" count="0" type="stmt"/>
        <line num="25" count="1" type="stmt"/>
        <line num="30" count="0" type="stmt"/>
        <line num="31" count="0" type="stmt"/>
        <line num="32" count="0" type="stmt"/>
        <line num="33" count="0" type="stmt"/>
        <line num="35" count="0" type="stmt"/>
        <line num="40" count="0" type="stmt"/>
        <line num="41" count="0" type="stmt"/>
        <line num="42" count="0" type="stmt"/>
        <line num="44" count="0" type="stmt"/>
        <line num="49" count="4" type="stmt"/>
      </file>
    </package>
    <package name="backend.dto">
      <metrics statements="25" coveredstatements="5" conditionals="128" coveredconditionals="1" methods="6" coveredmethods="1"/>
      <file name="article.dto.js" path="/Users/sachin/Desktop/evcorn/backend/dto/article.dto.js">
        <metrics statements="9" coveredstatements="1" conditionals="26" coveredconditionals="0" methods="2" coveredmethods="0"/>
        <line num="5" count="0" type="cond" truecount="0" falsecount="2"/>
        <line num="7" count="0" type="cond" truecount="0" falsecount="2"/>
        <line num="9" count="0" type="cond" truecount="0" falsecount="4"/>
        <line num="10" count="0" type="stmt"/>
        <line num="11" count="0" type="stmt"/>
        <line num="13" count="0" type="stmt"/>
        <line num="29" count="0" type="cond" truecount="0" falsecount="2"/>
        <line num="30" count="0" type="stmt"/>
        <line num="33" count="4" type="stmt"/>
      </file>
      <file name="category.dto.js" path="/Users/sachin/Desktop/evcorn/backend/dto/category.dto.js">
        <metrics statements="8" coveredstatements="1" conditionals="12" coveredconditionals="0" methods="2" coveredmethods="0"/>
        <line num="5" count="0" type="cond" truecount="0" falsecount="2"/>
        <line num="7" count="0" type="cond" truecount="0" falsecount="2"/>
        <line num="9" count="0" type="stmt"/>
        <line num="10" count="0" type="stmt"/>
        <line num="12" count="0" type="stmt"/>
        <line num="22" count="0" type="cond" truecount="0" falsecount="2"/>
        <line num="23" count="0" type="stmt"/>
        <line num="26" count="4" type="stmt"/>
      </file>
      <file name="vehicle.dto.js" path="/Users/sachin/Desktop/evcorn/backend/dto/vehicle.dto.js">
        <metrics statements="8" coveredstatements="3" conditionals="90" coveredconditionals="1" methods="2" coveredmethods="1"/>
        <line num="6" count="0" type="cond" truecount="0" falsecount="2"/>
        <line num="9" count="0" type="cond" truecount="0" falsecount="2"/>
        <line num="12" count="0" type="stmt"/>
        <line num="13" count="0" type="stmt"/>
        <line num="16" count="0" type="stmt"/>
        <line num="63" count="2" type="cond" truecount="1" falsecount="1"/>
        <line num="64" count="2" type="stmt"/>
        <line num="67" count="4" type="stmt"/>
      </file>
    </package>
    <package name="backend.errors">
      <metrics statements="10" coveredstatements="9" conditionals="6" coveredconditionals="1" methods="4" coveredmethods="3"/>
      <file name="AppError.js" path="/Users/sachin/Desktop/evcorn/backend/errors/AppError.js">
        <metrics statements="10" coveredstatements="9" conditionals="6" coveredconditionals="1" methods="4" coveredmethods="3"/>
        <line num="6" count="2" type="stmt"/>
        <line num="7" count="2" type="stmt"/>
        <line num="8" count="2" type="stmt"/>
        <line num="9" count="2" type="stmt"/>
        <line num="10" count="2" type="stmt"/>
        <line num="11" count="2" type="stmt"/>
        <line num="17" count="1" type="stmt"/>
        <line num="23" count="0" type="stmt"/>
        <line num="29" count="1" type="stmt"/>
        <line num="33" count="4" type="stmt"/>
      </file>
    </package>
    <package name="backend.middlewares">
      <metrics statements="93" coveredstatements="70" conditionals="69" coveredconditionals="31" methods="14" coveredmethods="11"/>
      <file name="auth.middleware.js" path="/Users/sachin/Desktop/evcorn/backend/middlewares/auth.middleware.js">
        <metrics statements="18" coveredstatements="5" conditionals="12" coveredconditionals="0" methods="1" coveredmethods="0"/>
        <line num="5" count="4" type="stmt"/>
        <line num="6" count="4" type="stmt"/>
        <line num="7" count="4" type="stmt"/>
        <line num="8" count="4" type="stmt"/>
        <line num="11" count="0" type="stmt"/>
        <line num="12" count="0" type="stmt"/>
        <line num="15" count="0" type="cond" truecount="0" falsecount="4"/>
        <line num="16" count="0" type="stmt"/>
        <line num="17" count="0" type="stmt"/>
        <line num="18" count="0" type="cond" truecount="0" falsecount="4"/>
        <line num="19" count="0" type="stmt"/>
        <line num="20" count="0" type="stmt"/>
        <line num="25" count="0" type="cond" truecount="0" falsecount="2"/>
        <line num="26" count="0" type="stmt"/>
        <line num="27" count="0" type="stmt"/>
        <line num="31" count="0" type="stmt"/>
        <line num="36" count="0" type="stmt"/>
        <line num="39" count="4" type="stmt"/>
      </file>
      <file name="error.middleware.js" path="/Users/sachin/Desktop/evcorn/backend/middlewares/error.middleware.js">
        <metrics statements="7" coveredstatements="7" conditionals="20" coveredconditionals="10" methods="1" coveredmethods="1"/>
        <line num="4" count="4" type="stmt"/>
        <line num="7" count="2" type="cond" truecount="1" falsecount="1"/>
        <line num="8" count="2" type="cond" truecount="1" falsecount="3"/>
        <line num="9" count="2" type="cond" truecount="1" falsecount="1"/>
        <line num="11" count="2" type="stmt"/>
        <line num="19" count="2" type="stmt"/>
        <line num="32" count="4" type="stmt"/>
      </file>
      <file name="etag.middleware.js" path="/Users/sachin/Desktop/evcorn/backend/middlewares/etag.middleware.js">
        <metrics statements="11" coveredstatements="7" conditionals="9" coveredconditionals="3" methods="2" coveredmethods="2"/>
        <line num="5" count="13" type="stmt"/>
        <line num="8" count="13" type="stmt"/>
        <line num="9" count="13" type="stmt"/>
        <line num="10" count="13" type="cond" truecount="3" falsecount="1"/>
        <line num="11" count="0" type="stmt"/>
        <line num="12" count="0" type="cond" truecount="0" falsecount="5"/>
        <line num="13" count="0" type="stmt"/>
        <line num="14" count="0" type="stmt"/>
        <line num="17" count="13" type="stmt"/>
        <line num="20" count="13" type="stmt"/>
        <line num="23" count="4" type="stmt"/>
      </file>
      <file name="rateLimit.middleware.js" path="/Users/sachin/Desktop/evcorn/backend/middlewares/rateLimit.middleware.js">
        <metrics statements="9" coveredstatements="8" conditionals="0" coveredconditionals="0" methods="3" coveredmethods="2"/>
        <line num="5" count="4" type="stmt"/>
        <line num="7" count="4" type="stmt"/>
        <line num="10" count="4" type="stmt"/>
        <line num="13" count="13" type="stmt"/>
        <line num="26" count="4" type="stmt"/>
        <line num="29" count="2" type="stmt"/>
        <line num="42" count="4" type="stmt"/>
        <line num="45" count="0" type="stmt"/>
        <line num="57" count="4" type="stmt"/>
      </file>
      <file name="requestId.middleware.js" path="/Users/sachin/Desktop/evcorn/backend/middlewares/requestId.middleware.js">
        <metrics statements="6" coveredstatements="6" conditionals="2" coveredconditionals="2" methods="1" coveredmethods="1"/>
        <line num="5" count="4" type="stmt"/>
        <line num="8" count="13" type="cond" truecount="2" falsecount="0"/>
        <line num="9" count="13" type="stmt"/>
        <line num="10" count="13" type="stmt"/>
        <line num="11" count="13" type="stmt"/>
        <line num="14" count="4" type="stmt"/>
      </file>
      <file name="requestLogger.middleware.js" path="/Users/sachin/Desktop/evcorn/backend/middlewares/requestLogger.middleware.js">
        <metrics statements="18" coveredstatements="18" conditionals="10" coveredconditionals="7" methods="3" coveredmethods="3"/>
        <line num="4" count="4" type="stmt"/>
        <line num="7" count="4" type="stmt"/>
        <line num="16" count="13" type="stmt"/>
        <line num="17" count="13" type="stmt"/>
        <line num="19" count="13" type="stmt"/>
        <line num="20" count="13" type="stmt"/>
        <line num="21" count="13" type="stmt"/>
        <line num="23" count="13" type="cond" truecount="2" falsecount="0"/>
        <line num="24" count="2" type="stmt"/>
        <line num="26" count="11" type="stmt"/>
        <line num="30" count="13" type="cond" truecount="2" falsecount="0"/>
        <line num="32" count="10" type="stmt"/>
        <line num="40" count="13" type="stmt"/>
        <line num="44" count="2" type="stmt"/>
        <line num="45" count="2" type="stmt"/>
        <line num="46" count="2" type="cond" truecount="1" falsecount="1"/>
        <line num="50" count="2" type="stmt"/>
        <line num="68" count="4" type="stmt"/>
      </file>
      <file name="sanitize.middleware.js" path="/Users/sachin/Desktop/evcorn/backend/middlewares/sanitize.middleware.js">
        <metrics statements="14" coveredstatements="12" conditionals="14" coveredconditionals="9" methods="2" coveredmethods="2"/>
        <line num="6" count="45" type="cond" truecount="4" falsecount="0"/>
        <line num="8" count="39" type="cond" truecount="1" falsecount="1"/>
        <line num="9" count="0" type="stmt"/>
        <line num="12" count="39" type="stmt"/>
        <line num="13" count="39" type="stmt"/>
        <line num="15" count="6" type="cond" truecount="1" falsecount="1"/>
        <line num="16" count="0" type="stmt"/>
        <line num="18" count="6" type="stmt"/>
        <line num="20" count="39" type="stmt"/>
        <line num="24" count="13" type="cond" truecount="1" falsecount="1"/>
        <line num="25" count="13" type="cond" truecount="1" falsecount="1"/>
        <line num="26" count="13" type="cond" truecount="1" falsecount="1"/>
        <line num="27" count="13" type="stmt"/>
        <line num="30" count="4" type="stmt"/>
      </file>
      <file name="upload.middleware.js" path="/Users/sachin/Desktop/evcorn/backend/middlewares/upload.middleware.js">
        <metrics statements="10" coveredstatements="7" conditionals="2" coveredconditionals="0" methods="1" coveredmethods="0"/>
        <line num="4" count="4" type="stmt"/>
        <line num="5" count="4" type="stmt"/>
        <line num="7" count="4" type="stmt"/>
        <line num="8" count="4" type="stmt"/>
        <line num="10" count="4" type="stmt"/>
        <line num="11" count="0" type="cond" truecount="0" falsecount="2"/>
        <line num="12" count="0" type="stmt"/>
        <line num="14" count="0" type="stmt"/>
        <line num="17" count="4" type="stmt"/>
        <line num="23" count="4" type="stmt"/>
      </file>
    </package>
    <package name="backend.models">
      <metrics statements="39" coveredstatements="24" conditionals="0" coveredconditionals="0" methods="11" coveredmethods="0"/>
      <file name="Article.js" path="/Users/sachin/Desktop/evcorn/backend/models/Article.js">
        <metrics statements="7" coveredstatements="4" conditionals="0" coveredconditionals="0" methods="1" coveredmethods="0"/>
        <line num="5" count="4" type="stmt"/>
        <line num="7" count="4" type="stmt"/>
        <line num="91" count="4" type="stmt"/>
        <line num="94" count="0" type="stmt"/>
        <line num="95" count="0" type="stmt"/>
        <line num="96" count="0" type="stmt"/>
        <line num="100" count="4" type="stmt"/>
      </file>
      <file name="Category.js" path="/Users/sachin/Desktop/evcorn/backend/models/Category.js">
        <metrics statements="6" coveredstatements="4" conditionals="0" coveredconditionals="0" methods="1" coveredmethods="0"/>
        <line num="1" count="4" type="stmt"/>
        <line num="3" count="4" type="stmt"/>
        <line num="14" count="4" type="stmt"/>
        <line num="17" count="0" type="stmt"/>
        <line num="18" count="0" type="stmt"/>
        <line num="22" count="4" type="stmt"/>
      </file>
      <file name="Vehicle.js" path="/Users/sachin/Desktop/evcorn/backend/models/Vehicle.js">
        <metrics statements="26" coveredstatements="16" conditionals="0" coveredconditionals="0" methods="9" coveredmethods="0"/>
        <line num="1" count="4" type="stmt"/>
        <line num="4" count="4" type="stmt"/>
        <line num="11" count="4" type="stmt"/>
        <line num="18" count="4" type="stmt"/>
        <line num="26" count="4" type="stmt"/>
        <line num="36" count="4" type="stmt"/>
        <line num="54" count="4" type="stmt"/>
        <line num="67" count="4" type="stmt"/>
        <line num="75" count="4" type="stmt"/>
        <line num="80" count="4" type="stmt"/>
        <line num="117" count="0" type="stmt"/>
        <line num="118" count="0" type="stmt"/>
        <line num="119" count="0" type="stmt"/>
        <line num="120" count="0" type="stmt"/>
        <line num="121" count="0" type="stmt"/>
        <line num="122" count="0" type="stmt"/>
        <line num="123" count="0" type="stmt"/>
        <line num="124" count="0" type="stmt"/>
        <line num="133" count="4" type="stmt"/>
        <line num="134" count="4" type="stmt"/>
        <line num="135" count="4" type="stmt"/>
        <line num="136" count="4" type="stmt"/>
        <line num="139" count="4" type="stmt"/>
        <line num="142" count="0" type="stmt"/>
        <line num="143" count="0" type="stmt"/>
        <line num="147" count="4" type="stmt"/>
      </file>
    </package>
    <package name="backend.repositories">
      <metrics statements="126" coveredstatements="22" conditionals="78" coveredconditionals="7" methods="34" coveredmethods="3"/>
      <file name="article.repository.js" path="/Users/sachin/Desktop/evcorn/backend/repositories/article.repository.js">
        <metrics statements="50" coveredstatements="3" conditionals="30" coveredconditionals="0" methods="11" coveredmethods="0"/>
        <line num="5" count="4" type="stmt"/>
        <line num="6" count="4" type="stmt"/>
        <line num="10" count="0" type="cond" truecount="0" falsecount="2"/>
        <line num="11" count="0" type="stmt"/>
        <line num="12" count="0" type="cond" truecount="0" falsecount="2"/>
        <line num="13" count="0" type="stmt"/>
        <line num="15" count="0" type="cond" truecount="0" falsecount="2"/>
        <line num="16" count="0" type="stmt"/>
        <line num="18" count="0" type="cond" truecount="0" falsecount="2"/>
        <line num="19" count="0" type="stmt"/>
        <line num="21" count="0" type="stmt"/>
        <line num="24" count="0" type="stmt"/>
        <line num="25" count="0" type="cond" truecount="0" falsecount="2"/>
        <line num="26" count="0" type="cond" truecount="0" falsecount="2"/>
        <line num="27" count="0" type="stmt"/>
        <line num="31" count="0" type="cond" truecount="0" falsecount="2"/>
        <line num="32" count="0" type="stmt"/>
        <line num="33" count="0" type="stmt"/>
        <line num="35" count="0" type="stmt"/>
        <line num="39" count="0" type="cond" truecount="0" falsecount="2"/>
        <line num="40" count="0" type="stmt"/>
        <line num="41" count="0" type="cond" truecount="0" falsecount="2"/>
        <line num="43" count="0" type="stmt"/>
        <line num="47" count="0" type="cond" truecount="0" falsecount="2"/>
        <line num="48" count="0" type="stmt"/>
        <line num="49" count="0" type="stmt"/>
        <line num="54" count="0" type="stmt"/>
        <line num="55" count="0" type="stmt"/>
        <line num="56" count="0" type="stmt"/>
        <line num="59" count="0" type="stmt"/>
        <line num="60" count="0" type="stmt"/>
        <line num="61" count="0" type="stmt"/>
        <line num="65" count="0" type="cond" truecount="0" falsecount="2"/>
        <line num="66" count="0" type="stmt"/>
        <line num="67" count="0" type="stmt"/>
        <line num="68" count="0" type="cond" truecount="0" falsecount="2"/>
        <line num="69" count="0" type="stmt"/>
        <line num="70" count="0" type="stmt"/>
        <line num="71" count="0" type="stmt"/>
        <line num="74" count="0" type="stmt"/>
        <line num="78" count="0" type="cond" truecount="0" falsecount="2"/>
        <line num="79" count="0" type="stmt"/>
        <line num="80" count="0" type="stmt"/>
        <line num="81" count="0" type="cond" truecount="0" falsecount="2"/>
        <line num="82" count="0" type="stmt"/>
        <line num="83" count="0" type="stmt"/>
        <line num="84" count="0" type="stmt"/>
        <line num="85" count="0" type="stmt"/>
        <line num="88" count="0" type="stmt"/>
        <line num="92" count="4" type="stmt"/>
      </file>
      <file name="category.repository.js" path="/Users/sachin/Desktop/evcorn/backend/repositories/category.repository.js">
        <metrics statements="29" coveredstatements="3" conditionals="18" coveredconditionals="0" methods="8" coveredmethods="0"/>
        <line num="4" count="4" type="stmt"/>
        <line num="5" count="4" type="stmt"/>
        <line num="9" count="0" type="cond" truecount="0" falsecount="2"/>
        <line num="10" count="0" type="cond" truecount="0" falsecount="4"/>
        <line num="12" count="0" type="stmt"/>
        <line num="16" count="0" type="cond" truecount="0" falsecount="2"/>
        <line num="17" count="0" type="stmt"/>
        <line num="18" count="0" type="cond" truecount="0" falsecount="2"/>
        <line num="20" count="0" type="stmt"/>
        <line num="24" count="0" type="cond" truecount="0" falsecount="2"/>
        <line num="25" count="0" type="stmt"/>
        <line num="26" count="0" type="cond" truecount="0" falsecount="2"/>
        <line num="27" count="0" type="stmt"/>
        <line num="29" count="0" type="stmt"/>
        <line num="30" count="0" type="stmt"/>
        <line num="31" count="0" type="stmt"/>
        <line num="34" count="0" type="stmt"/>
        <line num="35" count="0" type="stmt"/>
        <line num="36" count="0" type="stmt"/>
        <line num="40" count="0" type="cond" truecount="0" falsecount="2"/>
        <line num="41" count="0" type="stmt"/>
        <line num="42" count="0" type="stmt"/>
        <line num="43" count="0" type="cond" truecount="0" falsecount="2"/>
        <line num="44" count="0" type="stmt"/>
        <line num="45" count="0" type="stmt"/>
        <line num="46" count="0" type="stmt"/>
        <line num="47" count="0" type="stmt"/>
        <line num="50" count="0" type="stmt"/>
        <line num="54" count="4" type="stmt"/>
      </file>
      <file name="vehicle.repository.js" path="/Users/sachin/Desktop/evcorn/backend/repositories/vehicle.repository.js">
        <metrics statements="47" coveredstatements="16" conditionals="30" coveredconditionals="7" methods="15" coveredmethods="3"/>
        <line num="4" count="4" type="stmt"/>
        <line num="5" count="4" type="stmt"/>
        <line num="6" count="4" type="stmt"/>
        <line num="10" count="2" type="cond" truecount="1" falsecount="1"/>
        <line num="11" count="2" type="stmt"/>
        <line num="12" count="2" type="cond" truecount="1" falsecount="1"/>
        <line num="13" count="0" type="stmt"/>
        <line num="15" count="2" type="cond" truecount="0" falsecount="4"/>
        <line num="16" count="2" type="cond" truecount="1" falsecount="1"/>
        <line num="17" count="0" type="stmt"/>
        <line num="19" count="2" type="stmt"/>
        <line num="22" count="0" type="stmt"/>
        <line num="23" count="0" type="stmt"/>
        <line num="24" count="0" type="cond" truecount="0" falsecount="2"/>
        <line num="25" count="0" type="cond" truecount="0" falsecount="2"/>
        <line num="26" count="0" type="stmt"/>
        <line num="31" count="2" type="cond" truecount="1" falsecount="1"/>
        <line num="32" count="2" type="stmt"/>
        <line num="33" count="2" type="stmt"/>
        <line num="36" count="0" type="stmt"/>
        <line num="37" count="0" type="stmt"/>
        <line num="42" count="1" type="cond" truecount="1" falsecount="1"/>
        <line num="43" count="1" type="stmt"/>
        <line num="44" count="1" type="cond" truecount="2" falsecount="0"/>
        <line num="47" count="0" type="stmt"/>
        <line num="48" count="0" type="stmt"/>
        <line num="53" count="0" type="cond" truecount="0" falsecount="2"/>
        <line num="54" count="0" type="stmt"/>
        <line num="55" count="0" type="stmt"/>
        <line num="56" count="0" type="cond" truecount="0" falsecount="2"/>
        <line num="57" count="0" type="stmt"/>
        <line num="59" count="0" type="stmt"/>
        <line num="61" count="0" type="stmt"/>
        <line num="62" count="0" type="stmt"/>
        <line num="65" count="0" type="stmt"/>
        <line num="66" count="0" type="stmt"/>
        <line num="75" count="0" type="cond" truecount="0" falsecount="2"/>
        <line num="76" count="0" type="stmt"/>
        <line num="77" count="0" type="stmt"/>
        <line num="78" count="0" type="cond" truecount="0" falsecount="2"/>
        <line num="79" count="0" type="stmt"/>
        <line num="80" count="0" type="stmt"/>
        <line num="81" count="0" type="stmt"/>
        <line num="82" count="0" type="stmt"/>
        <line num="85" count="0" type="stmt"/>
        <line num="86" count="0" type="stmt"/>
        <line num="91" count="4" type="stmt"/>
      </file>
    </package>
    <package name="backend.routes">
      <metrics statements="79" coveredstatements="79" conditionals="0" coveredconditionals="0" methods="0" coveredmethods="0"/>
      <file name="analytics.routes.js" path="/Users/sachin/Desktop/evcorn/backend/routes/analytics.routes.js">
        <metrics statements="8" coveredstatements="8" conditionals="0" coveredconditionals="0" methods="0" coveredmethods="0"/>
        <line num="4" count="4" type="stmt"/>
        <line num="5" count="4" type="stmt"/>
        <line num="6" count="4" type="stmt"/>
        <line num="8" count="4" type="stmt"/>
        <line num="9" count="4" type="stmt"/>
        <line num="10" count="4" type="stmt"/>
        <line num="11" count="4" type="stmt"/>
        <line num="13" count="4" type="stmt"/>
      </file>
      <file name="article.routes.js" path="/Users/sachin/Desktop/evcorn/backend/routes/article.routes.js">
        <metrics statements="10" coveredstatements="10" conditionals="0" coveredconditionals="0" methods="0" coveredmethods="0"/>
        <line num="4" count="4" type="stmt"/>
        <line num="5" count="4" type="stmt"/>
        <line num="6" count="4" type="stmt"/>
        <line num="7" count="4" type="stmt"/>
        <line num="9" count="4" type="stmt"/>
        <line num="10" count="4" type="stmt"/>
        <line num="11" count="4" type="stmt"/>
        <line num="12" count="4" type="stmt"/>
        <line num="13" count="4" type="stmt"/>
        <line num="15" count="4" type="stmt"/>
      </file>
      <file name="auth.routes.js" path="/Users/sachin/Desktop/evcorn/backend/routes/auth.routes.js">
        <metrics statements="8" coveredstatements="8" conditionals="0" coveredconditionals="0" methods="0" coveredmethods="0"/>
        <line num="4" count="4" type="stmt"/>
        <line num="5" count="4" type="stmt"/>
        <line num="6" count="4" type="stmt"/>
        <line num="7" count="4" type="stmt"/>
        <line num="8" count="4" type="stmt"/>
        <line num="10" count="4" type="stmt"/>
        <line num="11" count="4" type="stmt"/>
        <line num="13" count="4" type="stmt"/>
      </file>
      <file name="category.routes.js" path="/Users/sachin/Desktop/evcorn/backend/routes/category.routes.js">
        <metrics statements="8" coveredstatements="8" conditionals="0" coveredconditionals="0" methods="0" coveredmethods="0"/>
        <line num="4" count="4" type="stmt"/>
        <line num="5" count="4" type="stmt"/>
        <line num="6" count="4" type="stmt"/>
        <line num="7" count="4" type="stmt"/>
        <line num="9" count="4" type="stmt"/>
        <line num="10" count="4" type="stmt"/>
        <line num="11" count="4" type="stmt"/>
        <line num="13" count="4" type="stmt"/>
      </file>
      <file name="health.routes.js" path="/Users/sachin/Desktop/evcorn/backend/routes/health.routes.js">
        <metrics statements="8" coveredstatements="8" conditionals="0" coveredconditionals="0" methods="0" coveredmethods="0"/>
        <line num="4" count="4" type="stmt"/>
        <line num="5" count="4" type="stmt"/>
        <line num="6" count="4" type="stmt"/>
        <line num="8" count="4" type="stmt"/>
        <line num="9" count="4" type="stmt"/>
        <line num="10" count="4" type="stmt"/>
        <line num="11" count="4" type="stmt"/>
        <line num="13" count="4" type="stmt"/>
      </file>
      <file name="index.js" path="/Users/sachin/Desktop/evcorn/backend/routes/index.js">
        <metrics statements="17" coveredstatements="17" conditionals="0" coveredconditionals="0" methods="0" coveredmethods="0"/>
        <line num="4" count="4" type="stmt"/>
        <line num="5" count="4" type="stmt"/>
        <line num="7" count="4" type="stmt"/>
        <line num="8" count="4" type="stmt"/>
        <line num="9" count="4" type="stmt"/>
        <line num="10" count="4" type="stmt"/>
        <line num="11" count="4" type="stmt"/>
        <line num="12" count="4" type="stmt"/>
        <line num="13" count="4" type="stmt"/>
        <line num="15" count="4" type="stmt"/>
        <line num="16" count="4" type="stmt"/>
        <line num="17" count="4" type="stmt"/>
        <line num="18" count="4" type="stmt"/>
        <line num="19" count="4" type="stmt"/>
        <line num="20" count="4" type="stmt"/>
        <line num="21" count="4" type="stmt"/>
        <line num="23" count="4" type="stmt"/>
      </file>
      <file name="upload.js" path="/Users/sachin/Desktop/evcorn/backend/routes/upload.js">
        <metrics statements="11" coveredstatements="11" conditionals="0" coveredconditionals="0" methods="0" coveredmethods="0"/>
        <line num="4" count="4" type="stmt"/>
        <line num="5" count="4" type="stmt"/>
        <line num="6" count="4" type="stmt"/>
        <line num="7" count="4" type="stmt"/>
        <line num="8" count="4" type="stmt"/>
        <line num="9" count="4" type="stmt"/>
        <line num="11" count="4" type="stmt"/>
        <line num="12" count="4" type="stmt"/>
        <line num="13" count="4" type="stmt"/>
        <line num="14" count="4" type="stmt"/>
        <line num="16" count="4" type="stmt"/>
      </file>
      <file name="vehicle.routes.js" path="/Users/sachin/Desktop/evcorn/backend/routes/vehicle.routes.js">
        <metrics statements="9" coveredstatements="9" conditionals="0" coveredconditionals="0" methods="0" coveredmethods="0"/>
        <line num="4" count="4" type="stmt"/>
        <line num="5" count="4" type="stmt"/>
        <line num="6" count="4" type="stmt"/>
        <line num="7" count="4" type="stmt"/>
        <line num="9" count="4" type="stmt"/>
        <line num="10" count="4" type="stmt"/>
        <line num="11" count="4" type="stmt"/>
        <line num="12" count="4" type="stmt"/>
        <line num="14" count="4" type="stmt"/>
      </file>
    </package>
    <package name="backend.services">
      <metrics statements="111" coveredstatements="31" conditionals="100" coveredconditionals="12" methods="18" coveredmethods="2"/>
      <file name="article.service.js" path="/Users/sachin/Desktop/evcorn/backend/services/article.service.js">
        <metrics statements="33" coveredstatements="6" conditionals="29" coveredconditionals="0" methods="5" coveredmethods="0"/>
        <line num="5" count="4" type="stmt"/>
        <line num="6" count="4" type="stmt"/>
        <line num="7" count="4" type="stmt"/>
        <line num="8" count="4" type="stmt"/>
        <line num="9" count="4" type="stmt"/>
        <line num="13" count="0" type="stmt"/>
        <line num="14" count="0" type="stmt"/>
        <line num="15" count="0" type="stmt"/>
        <line num="17" count="0" type="cond" truecount="0" falsecount="4"/>
        <line num="18" count="0" type="cond" truecount="0" falsecount="4"/>
        <line num="20" count="0" type="stmt"/>
        <line num="25" count="0" type="stmt"/>
        <line num="26" count="0" type="cond" truecount="0" falsecount="4"/>
        <line num="28" count="0" type="stmt"/>
        <line num="32" count="0" type="stmt"/>
        <line num="33" count="0" type="cond" truecount="0" falsecount="2"/>
        <line num="34" count="0" type="stmt"/>
        <line num="36" count="0" type="stmt"/>
        <line num="40" count="0" type="stmt"/>
        <line num="41" count="0" type="stmt"/>
        <line num="45" count="0" type="stmt"/>
        <line num="46" count="0" type="cond" truecount="0" falsecount="2"/>
        <line num="47" count="0" type="stmt"/>
        <line num="49" count="0" type="stmt"/>
        <line num="53" count="0" type="stmt"/>
        <line num="54" count="0" type="cond" truecount="0" falsecount="2"/>
        <line num="55" count="0" type="stmt"/>
        <line num="58" count="0" type="stmt"/>
        <line num="59" count="0" type="cond" truecount="0" falsecount="3"/>
        <line num="60" count="0" type="cond" truecount="0" falsecount="4"/>
        <line num="61" count="0" type="stmt"/>
        <line num="67" count="0" type="stmt"/>
        <line num="71" count="4" type="stmt"/>
      </file>
      <file name="category.service.js" path="/Users/sachin/Desktop/evcorn/backend/services/category.service.js">
        <metrics statements="12" coveredstatements="4" conditionals="2" coveredconditionals="0" methods="3" coveredmethods="0"/>
        <line num="4" count="4" type="stmt"/>
        <line num="5" count="4" type="stmt"/>
        <line num="6" count="4" type="stmt"/>
        <line num="10" count="0" type="stmt"/>
        <line num="11" count="0" type="stmt"/>
        <line num="15" count="0" type="stmt"/>
        <line num="16" count="0" type="stmt"/>
        <line num="20" count="0" type="stmt"/>
        <line num="21" count="0" type="cond" truecount="0" falsecount="2"/>
        <line num="22" count="0" type="stmt"/>
        <line num="24" count="0" type="stmt"/>
        <line num="28" count="4" type="stmt"/>
      </file>
      <file name="upload.service.js" path="/Users/sachin/Desktop/evcorn/backend/services/upload.service.js">
        <metrics statements="25" coveredstatements="3" conditionals="13" coveredconditionals="0" methods="5" coveredmethods="0"/>
        <line num="5" count="4" type="stmt"/>
        <line num="6" count="4" type="stmt"/>
        <line num="9" count="0" type="cond" truecount="0" falsecount="4"/>
        <line num="10" count="0" type="cond" truecount="0" falsecount="2"/>
        <line num="12" count="0" type="stmt"/>
        <line num="13" count="0" type="stmt"/>
        <line num="14" count="0" type="stmt"/>
        <line num="15" count="0" type="stmt"/>
        <line num="17" count="0" type="stmt"/>
        <line num="22" count="0" type="stmt"/>
        <line num="23" count="0" type="stmt"/>
        <line num="31" count="0" type="cond" truecount="0" falsecount="2"/>
        <line num="32" count="0" type="stmt"/>
        <line num="33" count="0" type="stmt"/>
        <line num="35" count="0" type="stmt"/>
        <line num="46" count="0" type="stmt"/>
        <line num="51" count="0" type="stmt"/>
        <line num="52" count="0" type="cond" truecount="0" falsecount="2"/>
        <line num="54" count="0" type="stmt"/>
        <line num="55" count="0" type="stmt"/>
        <line num="56" count="0" type="stmt"/>
        <line num="57" count="0" type="cond" truecount="0" falsecount="2"/>
        <line num="59" count="0" type="stmt"/>
        <line num="60" count="0" type="stmt"/>
        <line num="64" count="4" type="stmt"/>
      </file>
      <file name="vehicle.service.js" path="/Users/sachin/Desktop/evcorn/backend/services/vehicle.service.js">
        <metrics statements="41" coveredstatements="18" conditionals="56" coveredconditionals="12" methods="5" coveredmethods="2"/>
        <line num="5" count="4" type="stmt"/>
        <line num="6" count="4" type="stmt"/>
        <line num="7" count="4" type="stmt"/>
        <line num="8" count="4" type="stmt"/>
        <line num="9" count="4" type="stmt"/>
        <line num="13" count="2" type="stmt"/>
        <line num="14" count="2" type="stmt"/>
        <line num="15" count="2" type="stmt"/>
        <line num="17" count="2" type="cond" truecount="3" falsecount="1"/>
        <line num="18" count="2" type="cond" truecount="2" falsecount="2"/>
        <line num="20" count="2" type="stmt"/>
        <line num="25" count="2" type="stmt"/>
        <line num="26" count="2" type="cond" truecount="2" falsecount="2"/>
        <line num="28" count="2" type="stmt"/>
        <line num="32" count="1" type="stmt"/>
        <line num="33" count="1" type="cond" truecount="1" falsecount="1"/>
        <line num="34" count="1" type="stmt"/>
        <line num="36" count="0" type="stmt"/>
        <line num="40" count="0" type="cond" truecount="0" falsecount="2"/>
        <line num="41" count="0" type="stmt"/>
        <line num="45" count="0" type="cond" truecount="0" falsecount="6"/>
        <line num="46" count="0" type="stmt"/>
        <line num="47" count="0" type="cond" truecount="0" falsecount="2"/>
        <line num="49" count="0" type="cond" truecount="0" falsecount="2"/>
        <line num="53" count="0" type="cond" truecount="0" falsecount="2"/>
        <line num="57" count="0" type="cond" truecount="0" falsecount="2"/>
        <line num="62" count="0" type="stmt"/>
        <line num="63" count="0" type="stmt"/>
        <line num="67" count="0" type="stmt"/>
        <line num="68" count="0" type="cond" truecount="0" falsecount="2"/>
        <line num="69" count="0" type="stmt"/>
        <line num="73" count="0" type="stmt"/>
        <line num="74" count="0" type="cond" truecount="0" falsecount="4"/>
        <line num="75" count="0" type="stmt"/>
        <line num="77" count="0" type="cond" truecount="0" falsecount="4"/>
        <line num="78" count="0" type="stmt"/>
        <line num="79" count="0" type="cond" truecount="0" falsecount="2"/>
        <line num="80" count="0" type="cond" truecount="0" falsecount="4"/>
        <line num="81" count="0" type="stmt"/>
        <line num="89" count="0" type="stmt"/>
        <line num="93" count="4" type="stmt"/>
      </file>
    </package>
    <package name="backend.utils">
      <metrics statements="117" coveredstatements="68" conditionals="158" coveredconditionals="82" methods="14" coveredmethods="10"/>
      <file name="apiQuery.js" path="/Users/sachin/Desktop/evcorn/backend/utils/apiQuery.js">
        <metrics statements="80" coveredstatements="47" conditionals="131" coveredconditionals="75" methods="6" coveredmethods="5"/>
        <line num="7" count="5" type="stmt"/>
        <line num="16" count="5" type="stmt"/>
        <line num="17" count="5" type="stmt"/>
        <line num="24" count="5" type="cond" truecount="2" falsecount="0"/>
        <line num="25" count="5" type="cond" truecount="4" falsecount="1"/>
        <line num="27" count="5" type="cond" truecount="3" falsecount="1"/>
        <line num="28" count="5" type="cond" truecount="2" falsecount="0"/>
        <line num="29" count="2" type="cond" truecount="3" falsecount="1"/>
        <line num="30" count="2" type="cond" truecount="2" falsecount="0"/>
        <line num="34" count="5" type="stmt"/>
        <line num="35" count="5" type="stmt"/>
        <line num="36" count="5" type="cond" truecount="4" falsecount="0"/>
        <line num="37" count="1" type="stmt"/>
        <line num="38" count="4" type="cond" truecount="3" falsecount="1"/>
        <line num="39" count="0" type="stmt"/>
        <line num="42" count="5" type="cond" truecount="2" falsecount="2"/>
        <line num="43" count="0" type="stmt"/>
        <line num="47" count="5" type="stmt"/>
        <line num="48" count="5" type="cond" truecount="4" falsecount="0"/>
        <line num="49" count="2" type="stmt"/>
        <line num="50" count="1" type="cond" truecount="1" falsecount="1"/>
        <line num="51" count="1" type="stmt"/>
        <line num="52" count="1" type="stmt"/>
        <line num="54" count="2" type="cond" truecount="3" falsecount="1"/>
        <line num="55" count="2" type="stmt"/>
        <line num="58" count="1" type="stmt"/>
        <line num="62" count="5" type="stmt"/>
        <line num="75" count="3" type="stmt"/>
        <line num="78" count="3" type="cond" truecount="5" falsecount="0"/>
        <line num="79" count="1" type="cond" truecount="2" falsecount="1"/>
        <line num="83" count="3" type="cond" truecount="3" falsecount="1"/>
        <line num="84" count="0" type="cond" truecount="0" falsecount="2"/>
        <line num="88" count="3" type="cond" truecount="1" falsecount="1"/>
        <line num="89" count="0" type="stmt"/>
        <line num="93" count="3" type="cond" truecount="1" falsecount="1"/>
        <line num="94" count="3" type="cond" truecount="1" falsecount="1"/>
        <line num="95" count="3" type="cond" truecount="3" falsecount="1"/>
        <line num="96" count="0" type="stmt"/>
        <line num="97" count="0" type="cond" truecount="0" falsecount="2"/>
        <line num="98" count="0" type="cond" truecount="0" falsecount="2"/>
        <line num="102" count="3" type="cond" truecount="1" falsecount="1"/>
        <line num="103" count="3" type="cond" truecount="1" falsecount="1"/>
        <line num="104" count="3" type="cond" truecount="3" falsecount="1"/>
        <line num="105" count="0" type="stmt"/>
        <line num="106" count="0" type="cond" truecount="0" falsecount="2"/>
        <line num="107" count="0" type="cond" truecount="0" falsecount="2"/>
        <line num="111" count="3" type="cond" truecount="1" falsecount="1"/>
        <line num="112" count="3" type="cond" truecount="1" falsecount="1"/>
        <line num="113" count="3" type="cond" truecount="3" falsecount="1"/>
        <line num="114" count="0" type="stmt"/>
        <line num="115" count="0" type="cond" truecount="0" falsecount="2"/>
        <line num="116" count="0" type="cond" truecount="0" falsecount="2"/>
        <line num="120" count="3" type="cond" truecount="4" falsecount="0"/>
        <line num="121" count="1" type="stmt"/>
        <line num="122" count="1" type="stmt"/>
        <line num="129" count="3" type="stmt"/>
        <line num="136" count="0" type="stmt"/>
        <line num="138" count="0" type="cond" truecount="0" falsecount="4"/>
        <line num="139" count="0" type="cond" truecount="0" falsecount="2"/>
        <line num="142" count="0" type="cond" truecount="0" falsecount="2"/>
        <line num="143" count="0" type="stmt"/>
        <line num="144" count="0" type="cond" truecount="0" falsecount="2"/>
        <line num="145" count="0" type="stmt"/>
        <line num="149" count="0" type="cond" truecount="0" falsecount="2"/>
        <line num="150" count="0" type="stmt"/>
        <line num="151" count="0" type="cond" truecount="0" falsecount="2"/>
        <line num="152" count="0" type="stmt"/>
        <line num="156" count="0" type="stmt"/>
        <line num="159" count="0" type="cond" truecount="0" falsecount="4"/>
        <line num="160" count="0" type="stmt"/>
        <line num="161" count="0" type="stmt"/>
        <line num="165" count="0" type="cond" truecount="0" falsecount="2"/>
        <line num="166" count="0" type="stmt"/>
        <line num="170" count="0" type="stmt"/>
        <line num="172" count="0" type="stmt"/>
        <line num="176" count="0" type="stmt"/>
        <line num="183" count="4" type="cond" truecount="4" falsecount="0"/>
        <line num="184" count="2" type="stmt"/>
        <line num="195" count="2" type="stmt"/>
        <line num="198" count="5" type="stmt"/>
      </file>
      <file name="auth.utils.js" path="/Users/sachin/Desktop/evcorn/backend/utils/auth.utils.js">
        <metrics statements="7" coveredstatements="7" conditionals="1" coveredconditionals="0" methods="2" coveredmethods="2"/>
        <line num="4" count="5" type="stmt"/>
        <line num="5" count="5" type="stmt"/>
        <line num="8" count="2" type="stmt"/>
        <line num="14" count="2" type="stmt"/>
        <line num="15" count="2" type="stmt"/>
        <line num="17" count="1" type="stmt"/>
        <line num="21" count="5" type="stmt"/>
      </file>
      <file name="logger.js" path="/Users/sachin/Desktop/evcorn/backend/utils/logger.js">
        <metrics statements="16" coveredstatements="11" conditionals="23" coveredconditionals="7" methods="5" coveredmethods="3"/>
        <line num="5" count="4" type="stmt"/>
        <line num="7" count="14" type="cond" truecount="2" falsecount="0"/>
        <line num="8" count="14" type="cond" truecount="2" falsecount="0"/>
        <line num="11" count="0" type="cond" truecount="0" falsecount="2"/>
        <line num="12" count="0" type="cond" truecount="0" falsecount="2"/>
        <line num="15" count="2" type="cond" truecount="1" falsecount="1"/>
        <line num="16" count="2" type="cond" truecount="1" falsecount="1"/>
        <line num="20" count="2" type="stmt"/>
        <line num="21" count="2" type="stmt"/>
        <line num="22" count="2" type="stmt"/>
        <line num="23" count="2" type="stmt"/>
        <line num="24" count="2" type="stmt"/>
        <line num="27" count="0" type="cond" truecount="0" falsecount="2"/>
        <line num="28" count="0" type="cond" truecount="0" falsecount="2"/>
        <line num="29" count="0" type="cond" truecount="0" falsecount="2"/>
        <line num="34" count="4" type="stmt"/>
      </file>
      <file name="slowQuery.utils.js" path="/Users/sachin/Desktop/evcorn/backend/utils/slowQuery.utils.js">
        <metrics statements="14" coveredstatements="3" conditionals="3" coveredconditionals="0" methods="1" coveredmethods="0"/>
        <line num="5" count="4" type="stmt"/>
        <line num="7" count="4" type="stmt"/>
        <line num="10" count="0" type="stmt"/>
        <line num="11" count="0" type="stmt"/>
        <line num="12" count="0" type="stmt"/>
        <line num="13" count="0" type="stmt"/>
        <line num="15" count="0" type="cond" truecount="0" falsecount="2"/>
        <line num="16" count="0" type="stmt"/>
        <line num="22" count="0" type="stmt"/>
        <line num="25" count="0" type="stmt"/>
        <line num="27" count="0" type="stmt"/>
        <line num="28" count="0" type="stmt"/>
        <line num="33" count="0" type="stmt"/>
        <line num="37" count="4" type="stmt"/>
      </file>
    </package>
    <package name="backend.validators">
      <metrics statements="41" coveredstatements="14" conditionals="59" coveredconditionals="10" methods="3" coveredmethods="1"/>
      <file name="article.validator.js" path="/Users/sachin/Desktop/evcorn/backend/validators/article.validator.js">
        <metrics statements="12" coveredstatements="2" conditionals="17" coveredconditionals="0" methods="1" coveredmethods="0"/>
        <line num="4" count="4" type="stmt"/>
        <line num="7" count="0" type="cond" truecount="0" falsecount="4"/>
        <line num="8" count="0" type="stmt"/>
        <line num="11" count="0" type="cond" truecount="0" falsecount="5"/>
        <line num="12" count="0" type="stmt"/>
        <line num="16" count="0" type="cond" truecount="0" falsecount="2"/>
        <line num="17" count="0" type="cond" truecount="0" falsecount="4"/>
        <line num="18" count="0" type="stmt"/>
        <line num="20" count="0" type="cond" truecount="0" falsecount="2"/>
        <line num="21" count="0" type="stmt"/>
        <line num="25" count="0" type="stmt"/>
        <line num="28" count="4" type="stmt"/>
      </file>
      <file name="query.validator.js" path="/Users/sachin/Desktop/evcorn/backend/validators/query.validator.js">
        <metrics statements="20" coveredstatements="10" conditionals="28" coveredconditionals="10" methods="1" coveredmethods="1"/>
        <line num="4" count="4" type="stmt"/>
        <line num="5" count="4" type="stmt"/>
        <line num="8" count="2" type="cond" truecount="1" falsecount="1"/>
        <line num="9" count="0" type="stmt"/>
        <line num="10" count="0" type="cond" truecount="0" falsecount="4"/>
        <line num="11" count="0" type="stmt"/>
        <line num="15" count="2" type="cond" truecount="1" falsecount="1"/>
        <line num="16" count="0" type="stmt"/>
        <line num="17" count="0" type="cond" truecount="0" falsecount="4"/>
        <line num="18" count="0" type="stmt"/>
        <line num="22" count="2" type="cond" truecount="2" falsecount="2"/>
        <line num="23" count="0" type="stmt"/>
        <line num="26" count="2" type="cond" truecount="2" falsecount="2"/>
        <line num="27" count="0" type="stmt"/>
        <line num="30" count="2" type="cond" truecount="2" falsecount="2"/>
        <line num="31" count="0" type="stmt"/>
        <line num="34" count="2" type="cond" truecount="2" falsecount="2"/>
        <line num="35" count="0" type="stmt"/>
        <line num="38" count="2" type="stmt"/>
        <line num="41" count="4" type="stmt"/>
      </file>
      <file name="vehicle.validator.js" path="/Users/sachin/Desktop/evcorn/backend/validators/vehicle.validator.js">
        <metrics statements="9" coveredstatements="2" conditionals="14" coveredconditionals="0" methods="1" coveredmethods="0"/>
        <line num="4" count="4" type="stmt"/>
        <line num="7" count="0" type="cond" truecount="0" falsecount="4"/>
        <line num="8" count="0" type="stmt"/>
        <line num="11" count="0" type="cond" truecount="0" falsecount="5"/>
        <line num="12" count="0" type="stmt"/>
        <line num="15" count="0" type="cond" truecount="0" falsecount="5"/>
        <line num="16" count="0" type="stmt"/>
        <line num="19" count="0" type="stmt"/>
        <line num="22" count="4" type="stmt"/>
      </file>
    </package>
  </project>
</coverage>
