{"/Users/sachin/Desktop/evcorn/backend/server.js": {"path":"/Users/sachin/Desktop/evcorn/backend/server.js","statementMap":{"0":{"start":{"line":5,"column":16},"end":{"line":5,"column":34}},"1":{"start":{"line":6,"column":15},"end":{"line":6,"column":32}},"2":{"start":{"line":7,"column":20},"end":{"line":7,"column":42}},"3":{"start":{"line":8,"column":17},"end":{"line":8,"column":36}},"4":{"start":{"line":9,"column":13},"end":{"line":9,"column":28}},"5":{"start":{"line":10,"column":15},"end":{"line":10,"column":38}},"6":{"start":{"line":11,"column":23},"end":{"line":11,"column":47}},"7":{"start":{"line":12,"column":51},"end":{"line":12,"column":79}},"8":{"start":{"line":13,"column":15},"end":{"line":13,"column":40}},"9":{"start":{"line":14,"column":28},"end":{"line":14,"column":73}},"10":{"start":{"line":15,"column":36},"end":{"line":15,"column":85}},"11":{"start":{"line":16,"column":37},"end":{"line":16,"column":77}},"12":{"start":{"line":17,"column":18},"end":{"line":17,"column":43}},"13":{"start":{"line":18,"column":21},"end":{"line":18,"column":62}},"14":{"start":{"line":19,"column":26},"end":{"line":19,"column":70}},"15":{"start":{"line":20,"column":23},"end":{"line":20,"column":68}},"16":{"start":{"line":21,"column":16},"end":{"line":21,"column":43}},"17":{"start":{"line":23,"column":12},"end":{"line":23,"column":21}},"18":{"start":{"line":26,"column":0},"end":{"line":26,"column":29}},"19":{"start":{"line":27,"column":0},"end":{"line":27,"column":33}},"20":{"start":{"line":28,"column":0},"end":{"line":28,"column":38}},"21":{"start":{"line":31,"column":0},"end":{"line":34,"column":4}},"22":{"start":{"line":37,"column":0},"end":{"line":37,"column":24}},"23":{"start":{"line":40,"column":0},"end":{"line":47,"column":4}},"24":{"start":{"line":44,"column":4},"end":{"line":44,"column":54}},"25":{"start":{"line":44,"column":41},"end":{"line":44,"column":54}},"26":{"start":{"line":45,"column":4},"end":{"line":45,"column":40}},"27":{"start":{"line":50,"column":0},"end":{"line":50,"column":41}},"28":{"start":{"line":51,"column":0},"end":{"line":51,"column":63}},"29":{"start":{"line":54,"column":0},"end":{"line":54,"column":23}},"30":{"start":{"line":57,"column":0},"end":{"line":64,"column":3}},"31":{"start":{"line":58,"column":2},"end":{"line":62,"column":3}},"32":{"start":{"line":59,"column":4},"end":{"line":59,"column":93}},"33":{"start":{"line":61,"column":4},"end":{"line":61,"column":77}},"34":{"start":{"line":63,"column":2},"end":{"line":63,"column":9}},"35":{"start":{"line":67,"column":0},"end":{"line":69,"column":1}},"36":{"start":{"line":68,"column":2},"end":{"line":68,"column":58}},"37":{"start":{"line":72,"column":0},"end":{"line":128,"column":3}},"38":{"start":{"line":73,"column":2},"end":{"line":127,"column":3}},"39":{"start":{"line":74,"column":19},"end":{"line":74,"column":21}},"40":{"start":{"line":75,"column":4},"end":{"line":79,"column":5}},"41":{"start":{"line":76,"column":6},"end":{"line":76,"column":60}},"42":{"start":{"line":76,"column":50},"end":{"line":76,"column":58}},"43":{"start":{"line":78,"column":6},"end":{"line":78,"column":61}},"44":{"start":{"line":81,"column":14},"end":{"line":106,"column":9}},"45":{"start":{"line":108,"column":4},"end":{"line":120,"column":5}},"46":{"start":{"line":109,"column":20},"end":{"line":109,"column":65}},"47":{"start":{"line":110,"column":22},"end":{"line":112,"column":48}},"48":{"start":{"line":113,"column":6},"end":{"line":119,"column":10}},"49":{"start":{"line":122,"column":4},"end":{"line":122,"column":25}},"50":{"start":{"line":123,"column":4},"end":{"line":123,"column":50}},"51":{"start":{"line":124,"column":4},"end":{"line":124,"column":30}},"52":{"start":{"line":126,"column":4},"end":{"line":126,"column":16}},"53":{"start":{"line":131,"column":0},"end":{"line":133,"column":3}},"54":{"start":{"line":132,"column":2},"end":{"line":132,"column":69}},"55":{"start":{"line":136,"column":0},"end":{"line":136,"column":39}},"56":{"start":{"line":139,"column":0},"end":{"line":139,"column":22}},"57":{"start":{"line":145,"column":2},"end":{"line":145,"column":82}},"58":{"start":{"line":146,"column":2},"end":{"line":157,"column":3}},"59":{"start":{"line":147,"column":4},"end":{"line":154,"column":7}},"60":{"start":{"line":148,"column":6},"end":{"line":148,"column":41}},"61":{"start":{"line":149,"column":6},"end":{"line":152,"column":7}},"62":{"start":{"line":150,"column":8},"end":{"line":150,"column":47}},"63":{"start":{"line":151,"column":8},"end":{"line":151,"column":58}},"64":{"start":{"line":153,"column":6},"end":{"line":153,"column":22}},"65":{"start":{"line":156,"column":4},"end":{"line":156,"column":20}},"66":{"start":{"line":160,"column":0},"end":{"line":160,"column":57}},"67":{"start":{"line":160,"column":28},"end":{"line":160,"column":55}},"68":{"start":{"line":161,"column":0},"end":{"line":161,"column":55}},"69":{"start":{"line":161,"column":27},"end":{"line":161,"column":53}},"70":{"start":{"line":163,"column":0},"end":{"line":166,"column":3}},"71":{"start":{"line":164,"column":2},"end":{"line":164,"column":75}},"72":{"start":{"line":165,"column":2},"end":{"line":165,"column":40}},"73":{"start":{"line":168,"column":0},"end":{"line":170,"column":3}},"74":{"start":{"line":169,"column":2},"end":{"line":169,"column":57}},"75":{"start":{"line":173,"column":0},"end":{"line":179,"column":3}},"76":{"start":{"line":174,"column":2},"end":{"line":178,"column":3}},"77":{"start":{"line":175,"column":4},"end":{"line":177,"column":7}},"78":{"start":{"line":176,"column":6},"end":{"line":176,"column":104}},"79":{"start":{"line":181,"column":0},"end":{"line":181,"column":21}}},"fnMap":{"0":{"name":"(anonymous_0)","decl":{"start":{"line":43,"column":10},"end":{"line":43,"column":11}},"loc":{"start":{"line":43,"column":24},"end":{"line":46,"column":3}},"line":43},"1":{"name":"(anonymous_1)","decl":{"start":{"line":57,"column":8},"end":{"line":57,"column":9}},"loc":{"start":{"line":57,"column":28},"end":{"line":64,"column":1}},"line":57},"2":{"name":"(anonymous_2)","decl":{"start":{"line":72,"column":28},"end":{"line":72,"column":29}},"loc":{"start":{"line":72,"column":54},"end":{"line":128,"column":1}},"line":72},"3":{"name":"(anonymous_3)","decl":{"start":{"line":76,"column":45},"end":{"line":76,"column":46}},"loc":{"start":{"line":76,"column":50},"end":{"line":76,"column":58}},"line":76},"4":{"name":"(anonymous_4)","decl":{"start":{"line":131,"column":13},"end":{"line":131,"column":14}},"loc":{"start":{"line":131,"column":27},"end":{"line":133,"column":1}},"line":131},"5":{"name":"gracefulShutdown","decl":{"start":{"line":144,"column":9},"end":{"line":144,"column":25}},"loc":{"start":{"line":144,"column":34},"end":{"line":158,"column":1}},"line":144},"6":{"name":"(anonymous_6)","decl":{"start":{"line":147,"column":17},"end":{"line":147,"column":18}},"loc":{"start":{"line":147,"column":29},"end":{"line":154,"column":5}},"line":147},"7":{"name":"(anonymous_7)","decl":{"start":{"line":160,"column":22},"end":{"line":160,"column":23}},"loc":{"start":{"line":160,"column":28},"end":{"line":160,"column":55}},"line":160},"8":{"name":"(anonymous_8)","decl":{"start":{"line":161,"column":21},"end":{"line":161,"column":22}},"loc":{"start":{"line":161,"column":27},"end":{"line":161,"column":53}},"line":161},"9":{"name":"(anonymous_9)","decl":{"start":{"line":163,"column":32},"end":{"line":163,"column":33}},"loc":{"start":{"line":163,"column":41},"end":{"line":166,"column":1}},"line":163},"10":{"name":"(anonymous_10)","decl":{"start":{"line":168,"column":33},"end":{"line":168,"column":34}},"loc":{"start":{"line":168,"column":45},"end":{"line":170,"column":1}},"line":168},"11":{"name":"(anonymous_11)","decl":{"start":{"line":173,"column":23},"end":{"line":173,"column":24}},"loc":{"start":{"line":173,"column":29},"end":{"line":179,"column":1}},"line":173},"12":{"name":"(anonymous_12)","decl":{"start":{"line":175,"column":37},"end":{"line":175,"column":38}},"loc":{"start":{"line":175,"column":43},"end":{"line":177,"column":5}},"line":175}},"branchMap":{"0":{"loc":{"start":{"line":44,"column":4},"end":{"line":44,"column":54}},"type":"if","locations":[{"start":{"line":44,"column":4},"end":{"line":44,"column":54}},{"start":{},"end":{}}],"line":44},"1":{"loc":{"start":{"line":58,"column":2},"end":{"line":62,"column":3}},"type":"if","locations":[{"start":{"line":58,"column":2},"end":{"line":62,"column":3}},{"start":{"line":60,"column":9},"end":{"line":62,"column":3}}],"line":58},"2":{"loc":{"start":{"line":58,"column":6},"end":{"line":58,"column":102}},"type":"binary-expr","locations":[{"start":{"line":58,"column":6},"end":{"line":58,"column":26}},{"start":{"line":58,"column":30},"end":{"line":58,"column":63}},{"start":{"line":58,"column":67},"end":{"line":58,"column":102}}],"line":58},"3":{"loc":{"start":{"line":67,"column":0},"end":{"line":69,"column":1}},"type":"if","locations":[{"start":{"line":67,"column":0},"end":{"line":69,"column":1}},{"start":{},"end":{}}],"line":67},"4":{"loc":{"start":{"line":75,"column":4},"end":{"line":79,"column":5}},"type":"if","locations":[{"start":{"line":75,"column":4},"end":{"line":79,"column":5}},{"start":{"line":77,"column":11},"end":{"line":79,"column":5}}],"line":75},"5":{"loc":{"start":{"line":109,"column":20},"end":{"line":109,"column":65}},"type":"cond-expr","locations":[{"start":{"line":109,"column":30},"end":{"line":109,"column":48}},{"start":{"line":109,"column":52},"end":{"line":109,"column":64}}],"line":109},"6":{"loc":{"start":{"line":109,"column":52},"end":{"line":109,"column":64}},"type":"binary-expr","locations":[{"start":{"line":109,"column":52},"end":{"line":109,"column":58}},{"start":{"line":109,"column":62},"end":{"line":109,"column":64}}],"line":109},"7":{"loc":{"start":{"line":110,"column":22},"end":{"line":112,"column":48}},"type":"cond-expr","locations":[{"start":{"line":111,"column":10},"end":{"line":111,"column":61}},{"start":{"line":112,"column":10},"end":{"line":112,"column":48}}],"line":110},"8":{"loc":{"start":{"line":146,"column":2},"end":{"line":157,"column":3}},"type":"if","locations":[{"start":{"line":146,"column":2},"end":{"line":157,"column":3}},{"start":{"line":155,"column":9},"end":{"line":157,"column":3}}],"line":146},"9":{"loc":{"start":{"line":149,"column":6},"end":{"line":152,"column":7}},"type":"if","locations":[{"start":{"line":149,"column":6},"end":{"line":152,"column":7}},{"start":{},"end":{}}],"line":149},"10":{"loc":{"start":{"line":149,"column":10},"end":{"line":149,"column":66}},"type":"binary-expr","locations":[{"start":{"line":149,"column":10},"end":{"line":149,"column":26}},{"start":{"line":149,"column":30},"end":{"line":149,"column":66}}],"line":149},"11":{"loc":{"start":{"line":174,"column":2},"end":{"line":178,"column":3}},"type":"if","locations":[{"start":{"line":174,"column":2},"end":{"line":178,"column":3}},{"start":{},"end":{}}],"line":174}},"s":{"0":3,"1":3,"2":3,"3":3,"4":3,"5":3,"6":3,"7":3,"8":3,"9":3,"10":3,"11":3,"12":3,"13":3,"14":3,"15":3,"16":3,"17":3,"18":3,"19":3,"20":3,"21":3,"22":3,"23":3,"24":9,"25":0,"26":9,"27":3,"28":3,"29":3,"30":3,"31":9,"32":7,"33":2,"34":9,"35":3,"36":3,"37":3,"38":0,"39":0,"40":0,"41":0,"42":0,"43":0,"44":0,"45":0,"46":0,"47":0,"48":0,"49":0,"50":0,"51":0,"52":0,"53":3,"54":0,"55":3,"56":3,"57":0,"58":0,"59":0,"60":0,"61":0,"62":0,"63":0,"64":0,"65":0,"66":3,"67":0,"68":3,"69":0,"70":3,"71":0,"72":0,"73":3,"74":0,"75":3,"76":3,"77":0,"78":0,"79":3},"f":{"0":9,"1":9,"2":0,"3":0,"4":0,"5":0,"6":0,"7":0,"8":0,"9":0,"10":0,"11":3,"12":0},"b":{"0":[0,9],"1":[7,2],"2":[9,7,7],"3":[3,0],"4":[0,0],"5":[0,0],"6":[0,0],"7":[0,0],"8":[0,0],"9":[0,0],"10":[0,0],"11":[0,3]},"_coverageSchema":"1a1c01bbd47fc00a2c39e90264f33305004495a9","hash":"e03b36874cb566f89baf8c8d3a876cb68d5f7ec3"}
,"/Users/sachin/Desktop/evcorn/backend/config/cloudinary.js": {"path":"/Users/sachin/Desktop/evcorn/backend/config/cloudinary.js","statementMap":{"0":{"start":{"line":4,"column":19},"end":{"line":4,"column":43}},"1":{"start":{"line":5,"column":15},"end":{"line":5,"column":31}},"2":{"start":{"line":6,"column":15},"end":{"line":6,"column":41}},"3":{"start":{"line":8,"column":0},"end":{"line":18,"column":1}},"4":{"start":{"line":9,"column":2},"end":{"line":14,"column":5}},"5":{"start":{"line":15,"column":2},"end":{"line":15,"column":86}},"6":{"start":{"line":17,"column":2},"end":{"line":17,"column":74}},"7":{"start":{"line":20,"column":0},"end":{"line":20,"column":28}}},"fnMap":{},"branchMap":{"0":{"loc":{"start":{"line":8,"column":0},"end":{"line":18,"column":1}},"type":"if","locations":[{"start":{"line":8,"column":0},"end":{"line":18,"column":1}},{"start":{"line":16,"column":7},"end":{"line":18,"column":1}}],"line":8},"1":{"loc":{"start":{"line":8,"column":4},"end":{"line":8,"column":93}},"type":"binary-expr","locations":[{"start":{"line":8,"column":4},"end":{"line":8,"column":32}},{"start":{"line":8,"column":36},"end":{"line":8,"column":61}},{"start":{"line":8,"column":65},"end":{"line":8,"column":93}}],"line":8}},"s":{"0":3,"1":3,"2":3,"3":3,"4":3,"5":3,"6":0,"7":3},"f":{},"b":{"0":[3,0],"1":[3,3,3]},"_coverageSchema":"1a1c01bbd47fc00a2c39e90264f33305004495a9","hash":"bca59d380e483241d44fc40dee28fdfbff61ba2d"}
,"/Users/sachin/Desktop/evcorn/backend/config/cors.js": {"path":"/Users/sachin/Desktop/evcorn/backend/config/cors.js","statementMap":{"0":{"start":{"line":4,"column":13},"end":{"line":4,"column":28}},"1":{"start":{"line":5,"column":15},"end":{"line":5,"column":31}},"2":{"start":{"line":6,"column":15},"end":{"line":6,"column":41}},"3":{"start":{"line":8,"column":20},"end":{"line":31,"column":1}},"4":{"start":{"line":11,"column":4},"end":{"line":11,"column":45}},"5":{"start":{"line":11,"column":17},"end":{"line":11,"column":45}},"6":{"start":{"line":14,"column":26},"end":{"line":18,"column":6}},"7":{"start":{"line":15,"column":6},"end":{"line":15,"column":42}},"8":{"start":{"line":15,"column":30},"end":{"line":15,"column":42}},"9":{"start":{"line":16,"column":6},"end":{"line":16,"column":54}},"10":{"start":{"line":16,"column":42},"end":{"line":16,"column":54}},"11":{"start":{"line":17,"column":6},"end":{"line":17,"column":19}},"12":{"start":{"line":20,"column":4},"end":{"line":25,"column":5}},"13":{"start":{"line":21,"column":6},"end":{"line":21,"column":27}},"14":{"start":{"line":23,"column":6},"end":{"line":23,"column":63}},"15":{"start":{"line":24,"column":6},"end":{"line":24,"column":79}},"16":{"start":{"line":33,"column":0},"end":{"line":33,"column":35}}},"fnMap":{"0":{"name":"(anonymous_0)","decl":{"start":{"line":9,"column":10},"end":{"line":9,"column":11}},"loc":{"start":{"line":9,"column":32},"end":{"line":26,"column":3}},"line":9},"1":{"name":"(anonymous_1)","decl":{"start":{"line":14,"column":54},"end":{"line":14,"column":55}},"loc":{"start":{"line":14,"column":65},"end":{"line":18,"column":5}},"line":14}},"branchMap":{"0":{"loc":{"start":{"line":11,"column":4},"end":{"line":11,"column":45}},"type":"if","locations":[{"start":{"line":11,"column":4},"end":{"line":11,"column":45}},{"start":{},"end":{}}],"line":11},"1":{"loc":{"start":{"line":15,"column":6},"end":{"line":15,"column":42}},"type":"if","locations":[{"start":{"line":15,"column":6},"end":{"line":15,"column":42}},{"start":{},"end":{}}],"line":15},"2":{"loc":{"start":{"line":16,"column":6},"end":{"line":16,"column":54}},"type":"if","locations":[{"start":{"line":16,"column":6},"end":{"line":16,"column":54}},{"start":{},"end":{}}],"line":16},"3":{"loc":{"start":{"line":20,"column":4},"end":{"line":25,"column":5}},"type":"if","locations":[{"start":{"line":20,"column":4},"end":{"line":25,"column":5}},{"start":{"line":22,"column":11},"end":{"line":25,"column":5}}],"line":20}},"s":{"0":3,"1":3,"2":3,"3":3,"4":9,"5":9,"6":0,"7":0,"8":0,"9":0,"10":0,"11":0,"12":0,"13":0,"14":0,"15":0,"16":3},"f":{"0":9,"1":0},"b":{"0":[9,0],"1":[0,0],"2":[0,0],"3":[0,0]},"_coverageSchema":"1a1c01bbd47fc00a2c39e90264f33305004495a9","hash":"075f185c8298ff30bc653910f4af7ec1d5169969"}
,"/Users/sachin/Desktop/evcorn/backend/config/database.js": {"path":"/Users/sachin/Desktop/evcorn/backend/config/database.js","statementMap":{"0":{"start":{"line":4,"column":17},"end":{"line":4,"column":36}},"1":{"start":{"line":5,"column":11},"end":{"line":5,"column":24}},"2":{"start":{"line":6,"column":13},"end":{"line":6,"column":28}},"3":{"start":{"line":7,"column":15},"end":{"line":7,"column":31}},"4":{"start":{"line":8,"column":15},"end":{"line":8,"column":41}},"5":{"start":{"line":10,"column":21},"end":{"line":10,"column":26}},"6":{"start":{"line":12,"column":17},"end":{"line":12,"column":48}},"7":{"start":{"line":13,"column":0},"end":{"line":15,"column":1}},"8":{"start":{"line":14,"column":2},"end":{"line":14,"column":46}},"9":{"start":{"line":18,"column":15},"end":{"line":55,"column":1}},"10":{"start":{"line":20,"column":21},"end":{"line":20,"column":57}},"11":{"start":{"line":21,"column":4},"end":{"line":21,"column":44}},"12":{"start":{"line":21,"column":34},"end":{"line":21,"column":44}},"13":{"start":{"line":22,"column":4},"end":{"line":26,"column":5}},"14":{"start":{"line":23,"column":6},"end":{"line":23,"column":59}},"15":{"start":{"line":25,"column":6},"end":{"line":25,"column":16}},"16":{"start":{"line":29,"column":4},"end":{"line":29,"column":94}},"17":{"start":{"line":32,"column":21},"end":{"line":32,"column":59}},"18":{"start":{"line":33,"column":4},"end":{"line":33,"column":44}},"19":{"start":{"line":33,"column":34},"end":{"line":33,"column":44}},"20":{"start":{"line":34,"column":4},"end":{"line":38,"column":5}},"21":{"start":{"line":35,"column":6},"end":{"line":35,"column":59}},"22":{"start":{"line":37,"column":6},"end":{"line":37,"column":16}},"23":{"start":{"line":41,"column":4},"end":{"line":41,"column":98}},"24":{"start":{"line":44,"column":21},"end":{"line":44,"column":57}},"25":{"start":{"line":45,"column":4},"end":{"line":45,"column":44}},"26":{"start":{"line":45,"column":34},"end":{"line":45,"column":44}},"27":{"start":{"line":46,"column":4},"end":{"line":50,"column":5}},"28":{"start":{"line":47,"column":6},"end":{"line":47,"column":59}},"29":{"start":{"line":49,"column":6},"end":{"line":49,"column":16}},"30":{"start":{"line":53,"column":4},"end":{"line":53,"column":94}},"31":{"start":{"line":58,"column":2},"end":{"line":61,"column":3}},"32":{"start":{"line":59,"column":4},"end":{"line":59,"column":26}},"33":{"start":{"line":60,"column":4},"end":{"line":60,"column":11}},"34":{"start":{"line":63,"column":2},"end":{"line":76,"column":3}},"35":{"start":{"line":64,"column":4},"end":{"line":70,"column":7}},"36":{"start":{"line":71,"column":4},"end":{"line":71,"column":100}},"37":{"start":{"line":73,"column":4},"end":{"line":73,"column":60}},"38":{"start":{"line":74,"column":4},"end":{"line":74,"column":66}},"39":{"start":{"line":75,"column":4},"end":{"line":75,"column":26}},"40":{"start":{"line":80,"column":2},"end":{"line":80,"column":24}},"41":{"start":{"line":83,"column":0},"end":{"line":87,"column":2}}},"fnMap":{"0":{"name":"(anonymous_0)","decl":{"start":{"line":19,"column":2},"end":{"line":19,"column":3}},"loc":{"start":{"line":19,"column":16},"end":{"line":27,"column":3}},"line":19},"1":{"name":"(anonymous_1)","decl":{"start":{"line":28,"column":2},"end":{"line":28,"column":3}},"loc":{"start":{"line":28,"column":25},"end":{"line":30,"column":3}},"line":28},"2":{"name":"(anonymous_2)","decl":{"start":{"line":31,"column":2},"end":{"line":31,"column":3}},"loc":{"start":{"line":31,"column":18},"end":{"line":39,"column":3}},"line":31},"3":{"name":"(anonymous_3)","decl":{"start":{"line":40,"column":2},"end":{"line":40,"column":3}},"loc":{"start":{"line":40,"column":29},"end":{"line":42,"column":3}},"line":40},"4":{"name":"(anonymous_4)","decl":{"start":{"line":43,"column":2},"end":{"line":43,"column":3}},"loc":{"start":{"line":43,"column":16},"end":{"line":51,"column":3}},"line":43},"5":{"name":"(anonymous_5)","decl":{"start":{"line":52,"column":2},"end":{"line":52,"column":3}},"loc":{"start":{"line":52,"column":25},"end":{"line":54,"column":3}},"line":52},"6":{"name":"connectDatabase","decl":{"start":{"line":57,"column":15},"end":{"line":57,"column":30}},"loc":{"start":{"line":57,"column":33},"end":{"line":77,"column":1}},"line":57},"7":{"name":"isLocalFileDb","decl":{"start":{"line":79,"column":9},"end":{"line":79,"column":22}},"loc":{"start":{"line":79,"column":25},"end":{"line":81,"column":1}},"line":79}},"branchMap":{"0":{"loc":{"start":{"line":13,"column":0},"end":{"line":15,"column":1}},"type":"if","locations":[{"start":{"line":13,"column":0},"end":{"line":15,"column":1}},{"start":{},"end":{}}],"line":13},"1":{"loc":{"start":{"line":21,"column":4},"end":{"line":21,"column":44}},"type":"if","locations":[{"start":{"line":21,"column":4},"end":{"line":21,"column":44}},{"start":{},"end":{}}],"line":21},"2":{"loc":{"start":{"line":33,"column":4},"end":{"line":33,"column":44}},"type":"if","locations":[{"start":{"line":33,"column":4},"end":{"line":33,"column":44}},{"start":{},"end":{}}],"line":33},"3":{"loc":{"start":{"line":45,"column":4},"end":{"line":45,"column":44}},"type":"if","locations":[{"start":{"line":45,"column":4},"end":{"line":45,"column":44}},{"start":{},"end":{}}],"line":45},"4":{"loc":{"start":{"line":58,"column":2},"end":{"line":61,"column":3}},"type":"if","locations":[{"start":{"line":58,"column":2},"end":{"line":61,"column":3}},{"start":{},"end":{}}],"line":58},"5":{"loc":{"start":{"line":58,"column":6},"end":{"line":58,"column":53}},"type":"binary-expr","locations":[{"start":{"line":58,"column":6},"end":{"line":58,"column":32}},{"start":{"line":58,"column":36},"end":{"line":58,"column":53}}],"line":58}},"s":{"0":3,"1":3,"2":3,"3":3,"4":3,"5":3,"6":3,"7":3,"8":0,"9":3,"10":0,"11":0,"12":0,"13":0,"14":0,"15":0,"16":0,"17":0,"18":0,"19":0,"20":0,"21":0,"22":0,"23":0,"24":5,"25":5,"26":0,"27":5,"28":5,"29":0,"30":0,"31":3,"32":3,"33":3,"34":0,"35":0,"36":0,"37":0,"38":0,"39":0,"40":8,"41":3},"f":{"0":0,"1":0,"2":0,"3":0,"4":5,"5":0,"6":3,"7":8},"b":{"0":[0,3],"1":[0,0],"2":[0,0],"3":[0,5],"4":[3,0],"5":[3,0]},"_coverageSchema":"1a1c01bbd47fc00a2c39e90264f33305004495a9","hash":"8621acba161877c960800535dbe6d92719610a56"}
,"/Users/sachin/Desktop/evcorn/backend/config/env.js": {"path":"/Users/sachin/Desktop/evcorn/backend/config/env.js","statementMap":{"0":{"start":{"line":5,"column":0},"end":{"line":5,"column":27}},"1":{"start":{"line":7,"column":15},"end":{"line":22,"column":1}},"2":{"start":{"line":15,"column":54},"end":{"line":15,"column":62}},"3":{"start":{"line":26,"column":2},"end":{"line":28,"column":3}},"4":{"start":{"line":27,"column":4},"end":{"line":27,"column":89}},"5":{"start":{"line":30,"column":2},"end":{"line":37,"column":3}},"6":{"start":{"line":31,"column":4},"end":{"line":33,"column":5}},"7":{"start":{"line":32,"column":6},"end":{"line":32,"column":82}},"8":{"start":{"line":34,"column":4},"end":{"line":36,"column":5}},"9":{"start":{"line":35,"column":6},"end":{"line":35,"column":99}},"10":{"start":{"line":40,"column":0},"end":{"line":40,"column":14}},"11":{"start":{"line":42,"column":0},"end":{"line":42,"column":24}}},"fnMap":{"0":{"name":"(anonymous_0)","decl":{"start":{"line":15,"column":49},"end":{"line":15,"column":50}},"loc":{"start":{"line":15,"column":54},"end":{"line":15,"column":62}},"line":15},"1":{"name":"validateEnv","decl":{"start":{"line":25,"column":9},"end":{"line":25,"column":20}},"loc":{"start":{"line":25,"column":23},"end":{"line":38,"column":1}},"line":25}},"branchMap":{"0":{"loc":{"start":{"line":8,"column":17},"end":{"line":8,"column":43}},"type":"binary-expr","locations":[{"start":{"line":8,"column":17},"end":{"line":8,"column":33}},{"start":{"line":8,"column":37},"end":{"line":8,"column":43}}],"line":8},"1":{"loc":{"start":{"line":9,"column":12},"end":{"line":9,"column":49}},"type":"binary-expr","locations":[{"start":{"line":9,"column":12},"end":{"line":9,"column":32}},{"start":{"line":9,"column":36},"end":{"line":9,"column":49}}],"line":9},"2":{"loc":{"start":{"line":10,"column":13},"end":{"line":10,"column":40}},"type":"binary-expr","locations":[{"start":{"line":10,"column":13},"end":{"line":10,"column":34}},{"start":{"line":10,"column":38},"end":{"line":10,"column":40}}],"line":10},"3":{"loc":{"start":{"line":11,"column":18},"end":{"line":11,"column":55}},"type":"binary-expr","locations":[{"start":{"line":11,"column":18},"end":{"line":11,"column":44}},{"start":{"line":11,"column":48},"end":{"line":11,"column":55}}],"line":11},"4":{"loc":{"start":{"line":12,"column":14},"end":{"line":12,"column":101}},"type":"binary-expr","locations":[{"start":{"line":12,"column":14},"end":{"line":12,"column":36}},{"start":{"line":12,"column":40},"end":{"line":12,"column":66}},{"start":{"line":12,"column":70},"end":{"line":12,"column":101}}],"line":12},"5":{"loc":{"start":{"line":13,"column":18},"end":{"line":13,"column":53}},"type":"binary-expr","locations":[{"start":{"line":13,"column":18},"end":{"line":13,"column":44}},{"start":{"line":13,"column":48},"end":{"line":13,"column":53}}],"line":13},"6":{"loc":{"start":{"line":14,"column":19},"end":{"line":16,"column":108}},"type":"cond-expr","locations":[{"start":{"line":15,"column":6},"end":{"line":15,"column":63}},{"start":{"line":16,"column":6},"end":{"line":16,"column":108}}],"line":14},"7":{"loc":{"start":{"line":18,"column":16},"end":{"line":18,"column":55}},"type":"binary-expr","locations":[{"start":{"line":18,"column":16},"end":{"line":18,"column":49}},{"start":{"line":18,"column":53},"end":{"line":18,"column":55}}],"line":18},"8":{"loc":{"start":{"line":19,"column":13},"end":{"line":19,"column":49}},"type":"binary-expr","locations":[{"start":{"line":19,"column":13},"end":{"line":19,"column":43}},{"start":{"line":19,"column":47},"end":{"line":19,"column":49}}],"line":19},"9":{"loc":{"start":{"line":20,"column":16},"end":{"line":20,"column":55}},"type":"binary-expr","locations":[{"start":{"line":20,"column":16},"end":{"line":20,"column":49}},{"start":{"line":20,"column":53},"end":{"line":20,"column":55}}],"line":20},"10":{"loc":{"start":{"line":26,"column":2},"end":{"line":28,"column":3}},"type":"if","locations":[{"start":{"line":26,"column":2},"end":{"line":28,"column":3}},{"start":{},"end":{}}],"line":26},"11":{"loc":{"start":{"line":26,"column":6},"end":{"line":26,"column":44}},"type":"binary-expr","locations":[{"start":{"line":26,"column":6},"end":{"line":26,"column":24}},{"start":{"line":26,"column":28},"end":{"line":26,"column":44}}],"line":26},"12":{"loc":{"start":{"line":30,"column":2},"end":{"line":37,"column":3}},"type":"if","locations":[{"start":{"line":30,"column":2},"end":{"line":37,"column":3}},{"start":{},"end":{}}],"line":30},"13":{"loc":{"start":{"line":31,"column":4},"end":{"line":33,"column":5}},"type":"if","locations":[{"start":{"line":31,"column":4},"end":{"line":33,"column":5}},{"start":{},"end":{}}],"line":31},"14":{"loc":{"start":{"line":34,"column":4},"end":{"line":36,"column":5}},"type":"if","locations":[{"start":{"line":34,"column":4},"end":{"line":36,"column":5}},{"start":{},"end":{}}],"line":34}},"s":{"0":4,"1":4,"2":0,"3":4,"4":0,"5":4,"6":0,"7":0,"8":0,"9":0,"10":4,"11":4},"f":{"0":0,"1":4},"b":{"0":[4,0],"1":[4,0],"2":[4,0],"3":[4,0],"4":[4,4,0],"5":[4,4],"6":[0,4],"7":[4,0],"8":[4,0],"9":[4,0],"10":[0,4],"11":[4,4],"12":[0,4],"13":[0,0],"14":[0,0]},"_coverageSchema":"1a1c01bbd47fc00a2c39e90264f33305004495a9","hash":"1f3beb559d2cdb2d161ce35557c4d65dbc8a34b4"}
,"/Users/sachin/Desktop/evcorn/backend/constants/api.constants.js": {"path":"/Users/sachin/Desktop/evcorn/backend/constants/api.constants.js","statementMap":{"0":{"start":{"line":5,"column":0},"end":{"line":27,"column":2}}},"fnMap":{},"branchMap":{},"s":{"0":3},"f":{},"b":{},"_coverageSchema":"1a1c01bbd47fc00a2c39e90264f33305004495a9","hash":"669b6748a50a63f96f3ddc547a09f6ce36f6e5b9"}
,"/Users/sachin/Desktop/evcorn/backend/controllers/article.controller.js": {"path":"/Users/sachin/Desktop/evcorn/backend/controllers/article.controller.js","statementMap":{"0":{"start":{"line":4,"column":23},"end":{"line":4,"column":61}},"1":{"start":{"line":5,"column":26},"end":{"line":5,"column":66}},"2":{"start":{"line":6,"column":33},"end":{"line":6,"column":75}},"3":{"start":{"line":10,"column":4},"end":{"line":16,"column":5}},"4":{"start":{"line":11,"column":6},"end":{"line":11,"column":31}},"5":{"start":{"line":12,"column":21},"end":{"line":12,"column":64}},"6":{"start":{"line":13,"column":6},"end":{"line":13,"column":23}},"7":{"start":{"line":15,"column":6},"end":{"line":15,"column":16}},"8":{"start":{"line":20,"column":4},"end":{"line":25,"column":5}},"9":{"start":{"line":21,"column":21},"end":{"line":21,"column":71}},"10":{"start":{"line":22,"column":6},"end":{"line":22,"column":23}},"11":{"start":{"line":24,"column":6},"end":{"line":24,"column":16}},"12":{"start":{"line":29,"column":4},"end":{"line":35,"column":5}},"13":{"start":{"line":30,"column":6},"end":{"line":30,"column":37}},"14":{"start":{"line":31,"column":21},"end":{"line":31,"column":65}},"15":{"start":{"line":32,"column":6},"end":{"line":32,"column":35}},"16":{"start":{"line":34,"column":6},"end":{"line":34,"column":16}},"17":{"start":{"line":39,"column":4},"end":{"line":44,"column":5}},"18":{"start":{"line":40,"column":21},"end":{"line":40,"column":80}},"19":{"start":{"line":41,"column":6},"end":{"line":41,"column":23}},"20":{"start":{"line":43,"column":6},"end":{"line":43,"column":16}},"21":{"start":{"line":48,"column":4},"end":{"line":53,"column":5}},"22":{"start":{"line":49,"column":21},"end":{"line":49,"column":70}},"23":{"start":{"line":50,"column":6},"end":{"line":50,"column":23}},"24":{"start":{"line":52,"column":6},"end":{"line":52,"column":16}},"25":{"start":{"line":57,"column":0},"end":{"line":57,"column":41}}},"fnMap":{"0":{"name":"(anonymous_0)","decl":{"start":{"line":9,"column":2},"end":{"line":9,"column":3}},"loc":{"start":{"line":9,"column":36},"end":{"line":17,"column":3}},"line":9},"1":{"name":"(anonymous_1)","decl":{"start":{"line":19,"column":2},"end":{"line":19,"column":3}},"loc":{"start":{"line":19,"column":39},"end":{"line":26,"column":3}},"line":19},"2":{"name":"(anonymous_2)","decl":{"start":{"line":28,"column":2},"end":{"line":28,"column":3}},"loc":{"start":{"line":28,"column":38},"end":{"line":36,"column":3}},"line":28},"3":{"name":"(anonymous_3)","decl":{"start":{"line":38,"column":2},"end":{"line":38,"column":3}},"loc":{"start":{"line":38,"column":38},"end":{"line":45,"column":3}},"line":38},"4":{"name":"(anonymous_4)","decl":{"start":{"line":47,"column":2},"end":{"line":47,"column":3}},"loc":{"start":{"line":47,"column":38},"end":{"line":54,"column":3}},"line":47}},"branchMap":{},"s":{"0":3,"1":3,"2":3,"3":0,"4":0,"5":0,"6":0,"7":0,"8":0,"9":0,"10":0,"11":0,"12":0,"13":0,"14":0,"15":0,"16":0,"17":0,"18":0,"19":0,"20":0,"21":0,"22":0,"23":0,"24":0,"25":3},"f":{"0":0,"1":0,"2":0,"3":0,"4":0},"b":{},"_coverageSchema":"1a1c01bbd47fc00a2c39e90264f33305004495a9","hash":"7d26c80800030df7c31f8cd44c9ba2f03b80e2f8"}
,"/Users/sachin/Desktop/evcorn/backend/controllers/auth.controller.js": {"path":"/Users/sachin/Desktop/evcorn/backend/controllers/auth.controller.js","statementMap":{"0":{"start":{"line":4,"column":15},"end":{"line":4,"column":39}},"1":{"start":{"line":5,"column":26},"end":{"line":5,"column":56}},"2":{"start":{"line":6,"column":15},"end":{"line":6,"column":41}},"3":{"start":{"line":7,"column":30},"end":{"line":7,"column":59}},"4":{"start":{"line":11,"column":4},"end":{"line":29,"column":5}},"5":{"start":{"line":12,"column":27},"end":{"line":12,"column":35}},"6":{"start":{"line":13,"column":23},"end":{"line":13,"column":91}},"7":{"start":{"line":15,"column":6},"end":{"line":23,"column":7}},"8":{"start":{"line":16,"column":22},"end":{"line":16,"column":68}},"9":{"start":{"line":17,"column":8},"end":{"line":17,"column":100}},"10":{"start":{"line":18,"column":8},"end":{"line":22,"column":11}},"11":{"start":{"line":25,"column":6},"end":{"line":25,"column":97}},"12":{"start":{"line":26,"column":6},"end":{"line":26,"column":60}},"13":{"start":{"line":28,"column":6},"end":{"line":28,"column":16}},"14":{"start":{"line":33,"column":4},"end":{"line":38,"column":5}},"15":{"start":{"line":34,"column":6},"end":{"line":34,"column":51}},"16":{"start":{"line":35,"column":6},"end":{"line":35,"column":70}},"17":{"start":{"line":37,"column":6},"end":{"line":37,"column":16}},"18":{"start":{"line":42,"column":0},"end":{"line":42,"column":38}}},"fnMap":{"0":{"name":"(anonymous_0)","decl":{"start":{"line":10,"column":2},"end":{"line":10,"column":3}},"loc":{"start":{"line":10,"column":30},"end":{"line":30,"column":3}},"line":10},"1":{"name":"(anonymous_1)","decl":{"start":{"line":32,"column":2},"end":{"line":32,"column":3}},"loc":{"start":{"line":32,"column":31},"end":{"line":39,"column":3}},"line":32}},"branchMap":{"0":{"loc":{"start":{"line":13,"column":23},"end":{"line":13,"column":91}},"type":"binary-expr","locations":[{"start":{"line":13,"column":23},"end":{"line":13,"column":29}},{"start":{"line":13,"column":33},"end":{"line":13,"column":63}},{"start":{"line":13,"column":67},"end":{"line":13,"column":91}}],"line":13},"1":{"loc":{"start":{"line":15,"column":6},"end":{"line":23,"column":7}},"type":"if","locations":[{"start":{"line":15,"column":6},"end":{"line":23,"column":7}},{"start":{},"end":{}}],"line":15}},"s":{"0":3,"1":3,"2":3,"3":3,"4":2,"5":2,"6":2,"7":2,"8":1,"9":1,"10":1,"11":1,"12":1,"13":1,"14":0,"15":0,"16":0,"17":0,"18":3},"f":{"0":2,"1":0},"b":{"0":[2,0,0],"1":[1,1]},"_coverageSchema":"1a1c01bbd47fc00a2c39e90264f33305004495a9","hash":"5e04a3ac7a6bde148309d0679e9f3fa59f4cfb60"}
,"/Users/sachin/Desktop/evcorn/backend/controllers/category.controller.js": {"path":"/Users/sachin/Desktop/evcorn/backend/controllers/category.controller.js","statementMap":{"0":{"start":{"line":4,"column":24},"end":{"line":4,"column":63}},"1":{"start":{"line":5,"column":28},"end":{"line":5,"column":57}},"2":{"start":{"line":9,"column":4},"end":{"line":14,"column":5}},"3":{"start":{"line":10,"column":21},"end":{"line":10,"column":58}},"4":{"start":{"line":11,"column":6},"end":{"line":11,"column":23}},"5":{"start":{"line":13,"column":6},"end":{"line":13,"column":16}},"6":{"start":{"line":18,"column":4},"end":{"line":27,"column":5}},"7":{"start":{"line":19,"column":27},"end":{"line":19,"column":35}},"8":{"start":{"line":20,"column":6},"end":{"line":22,"column":7}},"9":{"start":{"line":21,"column":8},"end":{"line":21,"column":80}},"10":{"start":{"line":23,"column":21},"end":{"line":23,"column":71}},"11":{"start":{"line":24,"column":6},"end":{"line":24,"column":35}},"12":{"start":{"line":26,"column":6},"end":{"line":26,"column":16}},"13":{"start":{"line":31,"column":4},"end":{"line":36,"column":5}},"14":{"start":{"line":32,"column":21},"end":{"line":32,"column":72}},"15":{"start":{"line":33,"column":6},"end":{"line":33,"column":23}},"16":{"start":{"line":35,"column":6},"end":{"line":35,"column":16}},"17":{"start":{"line":40,"column":0},"end":{"line":40,"column":42}}},"fnMap":{"0":{"name":"(anonymous_0)","decl":{"start":{"line":8,"column":2},"end":{"line":8,"column":3}},"loc":{"start":{"line":8,"column":38},"end":{"line":15,"column":3}},"line":8},"1":{"name":"(anonymous_1)","decl":{"start":{"line":17,"column":2},"end":{"line":17,"column":3}},"loc":{"start":{"line":17,"column":39},"end":{"line":28,"column":3}},"line":17},"2":{"name":"(anonymous_2)","decl":{"start":{"line":30,"column":2},"end":{"line":30,"column":3}},"loc":{"start":{"line":30,"column":39},"end":{"line":37,"column":3}},"line":30}},"branchMap":{"0":{"loc":{"start":{"line":20,"column":6},"end":{"line":22,"column":7}},"type":"if","locations":[{"start":{"line":20,"column":6},"end":{"line":22,"column":7}},{"start":{},"end":{}}],"line":20},"1":{"loc":{"start":{"line":20,"column":10},"end":{"line":20,"column":22}},"type":"binary-expr","locations":[{"start":{"line":20,"column":10},"end":{"line":20,"column":13}},{"start":{"line":20,"column":17},"end":{"line":20,"column":22}}],"line":20}},"s":{"0":3,"1":3,"2":0,"3":0,"4":0,"5":0,"6":0,"7":0,"8":0,"9":0,"10":0,"11":0,"12":0,"13":0,"14":0,"15":0,"16":0,"17":3},"f":{"0":0,"1":0,"2":0},"b":{"0":[0,0],"1":[0,0]},"_coverageSchema":"1a1c01bbd47fc00a2c39e90264f33305004495a9","hash":"50fb2e0b276a700826f574e52ca9265819faa66b"}
,"/Users/sachin/Desktop/evcorn/backend/controllers/health.controller.js": {"path":"/Users/sachin/Desktop/evcorn/backend/controllers/health.controller.js","statementMap":{"0":{"start":{"line":4,"column":17},"end":{"line":4,"column":36}},"1":{"start":{"line":5,"column":26},"end":{"line":5,"column":55}},"2":{"start":{"line":6,"column":29},"end":{"line":6,"column":79}},"3":{"start":{"line":10,"column":24},"end":{"line":10,"column":79}},"4":{"start":{"line":11,"column":4},"end":{"line":17,"column":7}},"5":{"start":{"line":21,"column":4},"end":{"line":24,"column":7}},"6":{"start":{"line":28,"column":24},"end":{"line":28,"column":79}},"7":{"start":{"line":29,"column":4},"end":{"line":35,"column":5}},"8":{"start":{"line":30,"column":6},"end":{"line":34,"column":9}},"9":{"start":{"line":36,"column":4},"end":{"line":40,"column":7}},"10":{"start":{"line":44,"column":4},"end":{"line":47,"column":7}},"11":{"start":{"line":51,"column":0},"end":{"line":51,"column":40}}},"fnMap":{"0":{"name":"(anonymous_0)","decl":{"start":{"line":9,"column":2},"end":{"line":9,"column":3}},"loc":{"start":{"line":9,"column":28},"end":{"line":18,"column":3}},"line":9},"1":{"name":"(anonymous_1)","decl":{"start":{"line":20,"column":2},"end":{"line":20,"column":3}},"loc":{"start":{"line":20,"column":30},"end":{"line":25,"column":3}},"line":20},"2":{"name":"(anonymous_2)","decl":{"start":{"line":27,"column":2},"end":{"line":27,"column":3}},"loc":{"start":{"line":27,"column":31},"end":{"line":41,"column":3}},"line":27},"3":{"name":"(anonymous_3)","decl":{"start":{"line":43,"column":2},"end":{"line":43,"column":3}},"loc":{"start":{"line":43,"column":29},"end":{"line":48,"column":3}},"line":43}},"branchMap":{"0":{"loc":{"start":{"line":10,"column":24},"end":{"line":10,"column":79}},"type":"binary-expr","locations":[{"start":{"line":10,"column":24},"end":{"line":10,"column":39}},{"start":{"line":10,"column":43},"end":{"line":10,"column":79}}],"line":10},"1":{"loc":{"start":{"line":13,"column":19},"end":{"line":13,"column":56}},"type":"binary-expr","locations":[{"start":{"line":13,"column":19},"end":{"line":13,"column":39}},{"start":{"line":13,"column":43},"end":{"line":13,"column":56}}],"line":13},"2":{"loc":{"start":{"line":14,"column":16},"end":{"line":14,"column":117}},"type":"cond-expr","locations":[{"start":{"line":14,"column":34},"end":{"line":14,"column":54}},{"start":{"line":14,"column":58},"end":{"line":14,"column":116}}],"line":14},"3":{"loc":{"start":{"line":14,"column":58},"end":{"line":14,"column":116}},"type":"cond-expr","locations":[{"start":{"line":14,"column":72},"end":{"line":14,"column":99}},{"start":{"line":14,"column":102},"end":{"line":14,"column":116}}],"line":14},"4":{"loc":{"start":{"line":28,"column":24},"end":{"line":28,"column":79}},"type":"binary-expr","locations":[{"start":{"line":28,"column":24},"end":{"line":28,"column":39}},{"start":{"line":28,"column":43},"end":{"line":28,"column":79}}],"line":28},"5":{"loc":{"start":{"line":29,"column":4},"end":{"line":35,"column":5}},"type":"if","locations":[{"start":{"line":29,"column":4},"end":{"line":35,"column":5}},{"start":{},"end":{}}],"line":29}},"s":{"0":3,"1":3,"2":3,"3":1,"4":1,"5":1,"6":1,"7":1,"8":1,"9":0,"10":1,"11":3},"f":{"0":1,"1":1,"2":1,"3":1},"b":{"0":[1,0],"1":[1,0],"2":[1,0],"3":[0,0],"4":[1,0],"5":[1,0]},"_coverageSchema":"1a1c01bbd47fc00a2c39e90264f33305004495a9","hash":"5dc36cbfef933966f5a5699e998244719fe21fba"}
,"/Users/sachin/Desktop/evcorn/backend/controllers/upload.controller.js": {"path":"/Users/sachin/Desktop/evcorn/backend/controllers/upload.controller.js","statementMap":{"0":{"start":{"line":4,"column":38},"end":{"line":4,"column":75}},"1":{"start":{"line":5,"column":28},"end":{"line":5,"column":57}},"2":{"start":{"line":9,"column":4},"end":{"line":17,"column":5}},"3":{"start":{"line":10,"column":6},"end":{"line":12,"column":7}},"4":{"start":{"line":11,"column":8},"end":{"line":11,"column":82}},"5":{"start":{"line":13,"column":21},"end":{"line":13,"column":66}},"6":{"start":{"line":14,"column":6},"end":{"line":14,"column":35}},"7":{"start":{"line":16,"column":6},"end":{"line":16,"column":16}},"8":{"start":{"line":21,"column":4},"end":{"line":30,"column":5}},"9":{"start":{"line":22,"column":23},"end":{"line":22,"column":101}},"10":{"start":{"line":23,"column":6},"end":{"line":25,"column":7}},"11":{"start":{"line":24,"column":8},"end":{"line":24,"column":72}},"12":{"start":{"line":26,"column":21},"end":{"line":26,"column":48}},"13":{"start":{"line":27,"column":6},"end":{"line":27,"column":35}},"14":{"start":{"line":29,"column":6},"end":{"line":29,"column":16}},"15":{"start":{"line":34,"column":4},"end":{"line":48,"column":5}},"16":{"start":{"line":35,"column":6},"end":{"line":37,"column":7}},"17":{"start":{"line":36,"column":8},"end":{"line":36,"column":87}},"18":{"start":{"line":38,"column":6},"end":{"line":45,"column":9}},"19":{"start":{"line":47,"column":6},"end":{"line":47,"column":16}},"20":{"start":{"line":52,"column":0},"end":{"line":52,"column":40}}},"fnMap":{"0":{"name":"(anonymous_0)","decl":{"start":{"line":8,"column":2},"end":{"line":8,"column":3}},"loc":{"start":{"line":8,"column":36},"end":{"line":18,"column":3}},"line":8},"1":{"name":"(anonymous_1)","decl":{"start":{"line":20,"column":2},"end":{"line":20,"column":3}},"loc":{"start":{"line":20,"column":36},"end":{"line":31,"column":3}},"line":20},"2":{"name":"(anonymous_2)","decl":{"start":{"line":33,"column":2},"end":{"line":33,"column":3}},"loc":{"start":{"line":33,"column":38},"end":{"line":49,"column":3}},"line":33}},"branchMap":{"0":{"loc":{"start":{"line":10,"column":6},"end":{"line":12,"column":7}},"type":"if","locations":[{"start":{"line":10,"column":6},"end":{"line":12,"column":7}},{"start":{},"end":{}}],"line":10},"1":{"loc":{"start":{"line":22,"column":23},"end":{"line":22,"column":101}},"type":"binary-expr","locations":[{"start":{"line":22,"column":23},"end":{"line":22,"column":42}},{"start":{"line":22,"column":46},"end":{"line":22,"column":59}},{"start":{"line":22,"column":63},"end":{"line":22,"column":83}},{"start":{"line":22,"column":87},"end":{"line":22,"column":101}}],"line":22},"2":{"loc":{"start":{"line":23,"column":6},"end":{"line":25,"column":7}},"type":"if","locations":[{"start":{"line":23,"column":6},"end":{"line":25,"column":7}},{"start":{},"end":{}}],"line":23},"3":{"loc":{"start":{"line":35,"column":6},"end":{"line":37,"column":7}},"type":"if","locations":[{"start":{"line":35,"column":6},"end":{"line":37,"column":7}},{"start":{},"end":{}}],"line":35}},"s":{"0":3,"1":3,"2":0,"3":0,"4":0,"5":0,"6":0,"7":0,"8":0,"9":0,"10":0,"11":0,"12":0,"13":0,"14":0,"15":0,"16":0,"17":0,"18":0,"19":0,"20":3},"f":{"0":0,"1":0,"2":0},"b":{"0":[0,0],"1":[0,0,0,0],"2":[0,0],"3":[0,0]},"_coverageSchema":"1a1c01bbd47fc00a2c39e90264f33305004495a9","hash":"017ffc3f6d6d43b6769c40ec3f15af21716bcee9"}
,"/Users/sachin/Desktop/evcorn/backend/controllers/vehicle.controller.js": {"path":"/Users/sachin/Desktop/evcorn/backend/controllers/vehicle.controller.js","statementMap":{"0":{"start":{"line":5,"column":23},"end":{"line":5,"column":61}},"1":{"start":{"line":6,"column":26},"end":{"line":6,"column":66}},"2":{"start":{"line":7,"column":33},"end":{"line":7,"column":75}},"3":{"start":{"line":11,"column":4},"end":{"line":17,"column":5}},"4":{"start":{"line":12,"column":6},"end":{"line":12,"column":31}},"5":{"start":{"line":13,"column":21},"end":{"line":13,"column":64}},"6":{"start":{"line":14,"column":6},"end":{"line":14,"column":23}},"7":{"start":{"line":16,"column":6},"end":{"line":16,"column":16}},"8":{"start":{"line":21,"column":4},"end":{"line":26,"column":5}},"9":{"start":{"line":22,"column":21},"end":{"line":22,"column":71}},"10":{"start":{"line":23,"column":6},"end":{"line":23,"column":23}},"11":{"start":{"line":25,"column":6},"end":{"line":25,"column":16}},"12":{"start":{"line":30,"column":4},"end":{"line":36,"column":5}},"13":{"start":{"line":31,"column":6},"end":{"line":31,"column":37}},"14":{"start":{"line":32,"column":21},"end":{"line":32,"column":63}},"15":{"start":{"line":33,"column":6},"end":{"line":33,"column":23}},"16":{"start":{"line":35,"column":6},"end":{"line":35,"column":16}},"17":{"start":{"line":40,"column":4},"end":{"line":45,"column":5}},"18":{"start":{"line":41,"column":21},"end":{"line":41,"column":70}},"19":{"start":{"line":42,"column":6},"end":{"line":42,"column":23}},"20":{"start":{"line":44,"column":6},"end":{"line":44,"column":16}},"21":{"start":{"line":49,"column":0},"end":{"line":49,"column":41}}},"fnMap":{"0":{"name":"(anonymous_0)","decl":{"start":{"line":10,"column":2},"end":{"line":10,"column":3}},"loc":{"start":{"line":10,"column":36},"end":{"line":18,"column":3}},"line":10},"1":{"name":"(anonymous_1)","decl":{"start":{"line":20,"column":2},"end":{"line":20,"column":3}},"loc":{"start":{"line":20,"column":39},"end":{"line":27,"column":3}},"line":20},"2":{"name":"(anonymous_2)","decl":{"start":{"line":29,"column":2},"end":{"line":29,"column":3}},"loc":{"start":{"line":29,"column":36},"end":{"line":37,"column":3}},"line":29},"3":{"name":"(anonymous_3)","decl":{"start":{"line":39,"column":2},"end":{"line":39,"column":3}},"loc":{"start":{"line":39,"column":38},"end":{"line":46,"column":3}},"line":39}},"branchMap":{},"s":{"0":3,"1":3,"2":3,"3":2,"4":2,"5":2,"6":2,"7":0,"8":1,"9":1,"10":0,"11":1,"12":0,"13":0,"14":0,"15":0,"16":0,"17":0,"18":0,"19":0,"20":0,"21":3},"f":{"0":2,"1":1,"2":0,"3":0},"b":{},"_coverageSchema":"1a1c01bbd47fc00a2c39e90264f33305004495a9","hash":"39196651a604e41520c45d11faaa1331af85f5e3"}
,"/Users/sachin/Desktop/evcorn/backend/dto/article.dto.js": {"path":"/Users/sachin/Desktop/evcorn/backend/dto/article.dto.js","statementMap":{"0":{"start":{"line":5,"column":2},"end":{"line":5,"column":24}},"1":{"start":{"line":5,"column":12},"end":{"line":5,"column":24}},"2":{"start":{"line":7,"column":14},"end":{"line":7,"column":78}},"3":{"start":{"line":9,"column":20},"end":{"line":9,"column":65}},"4":{"start":{"line":10,"column":2},"end":{"line":10,"column":17}},"5":{"start":{"line":11,"column":2},"end":{"line":11,"column":17}},"6":{"start":{"line":13,"column":2},"end":{"line":25,"column":4}},"7":{"start":{"line":29,"column":2},"end":{"line":29,"column":38}},"8":{"start":{"line":29,"column":28},"end":{"line":29,"column":38}},"9":{"start":{"line":30,"column":2},"end":{"line":30,"column":32}},"10":{"start":{"line":33,"column":0},"end":{"line":36,"column":2}}},"fnMap":{"0":{"name":"toArticleDTO","decl":{"start":{"line":4,"column":9},"end":{"line":4,"column":21}},"loc":{"start":{"line":4,"column":27},"end":{"line":26,"column":1}},"line":4},"1":{"name":"toArticleListDTO","decl":{"start":{"line":28,"column":9},"end":{"line":28,"column":25}},"loc":{"start":{"line":28,"column":32},"end":{"line":31,"column":1}},"line":28}},"branchMap":{"0":{"loc":{"start":{"line":5,"column":2},"end":{"line":5,"column":24}},"type":"if","locations":[{"start":{"line":5,"column":2},"end":{"line":5,"column":24}},{"start":{},"end":{}}],"line":5},"1":{"loc":{"start":{"line":7,"column":14},"end":{"line":7,"column":78}},"type":"cond-expr","locations":[{"start":{"line":7,"column":51},"end":{"line":7,"column":65}},{"start":{"line":7,"column":68},"end":{"line":7,"column":78}}],"line":7},"2":{"loc":{"start":{"line":9,"column":20},"end":{"line":9,"column":65}},"type":"cond-expr","locations":[{"start":{"line":9,"column":30},"end":{"line":9,"column":48}},{"start":{"line":9,"column":52},"end":{"line":9,"column":64}}],"line":9},"3":{"loc":{"start":{"line":9,"column":52},"end":{"line":9,"column":64}},"type":"binary-expr","locations":[{"start":{"line":9,"column":52},"end":{"line":9,"column":58}},{"start":{"line":9,"column":62},"end":{"line":9,"column":64}}],"line":9},"4":{"loc":{"start":{"line":16,"column":17},"end":{"line":16,"column":38}},"type":"binary-expr","locations":[{"start":{"line":16,"column":17},"end":{"line":16,"column":32}},{"start":{"line":16,"column":36},"end":{"line":16,"column":38}}],"line":16},"5":{"loc":{"start":{"line":17,"column":16},"end":{"line":17,"column":43}},"type":"binary-expr","locations":[{"start":{"line":17,"column":16},"end":{"line":17,"column":30}},{"start":{"line":17,"column":34},"end":{"line":17,"column":43}}],"line":17},"6":{"loc":{"start":{"line":18,"column":14},"end":{"line":18,"column":32}},"type":"binary-expr","locations":[{"start":{"line":18,"column":14},"end":{"line":18,"column":26}},{"start":{"line":18,"column":30},"end":{"line":18,"column":32}}],"line":18},"7":{"loc":{"start":{"line":19,"column":16},"end":{"line":19,"column":36}},"type":"binary-expr","locations":[{"start":{"line":19,"column":16},"end":{"line":19,"column":30}},{"start":{"line":19,"column":34},"end":{"line":19,"column":36}}],"line":19},"8":{"loc":{"start":{"line":20,"column":12},"end":{"line":20,"column":28}},"type":"binary-expr","locations":[{"start":{"line":20,"column":12},"end":{"line":20,"column":22}},{"start":{"line":20,"column":26},"end":{"line":20,"column":28}}],"line":20},"9":{"loc":{"start":{"line":21,"column":12},"end":{"line":21,"column":56}},"type":"cond-expr","locations":[{"start":{"line":21,"column":39},"end":{"line":21,"column":49}},{"start":{"line":21,"column":52},"end":{"line":21,"column":56}}],"line":21},"10":{"loc":{"start":{"line":22,"column":21},"end":{"line":22,"column":86}},"type":"binary-expr","locations":[{"start":{"line":22,"column":21},"end":{"line":22,"column":40}},{"start":{"line":22,"column":44},"end":{"line":22,"column":86}}],"line":22},"11":{"loc":{"start":{"line":22,"column":51},"end":{"line":22,"column":69}},"type":"binary-expr","locations":[{"start":{"line":22,"column":51},"end":{"line":22,"column":63}},{"start":{"line":22,"column":67},"end":{"line":22,"column":69}}],"line":22},"12":{"loc":{"start":{"line":29,"column":2},"end":{"line":29,"column":38}},"type":"if","locations":[{"start":{"line":29,"column":2},"end":{"line":29,"column":38}},{"start":{},"end":{}}],"line":29}},"s":{"0":0,"1":0,"2":0,"3":0,"4":0,"5":0,"6":0,"7":0,"8":0,"9":0,"10":3},"f":{"0":0,"1":0},"b":{"0":[0,0],"1":[0,0],"2":[0,0],"3":[0,0],"4":[0,0],"5":[0,0],"6":[0,0],"7":[0,0],"8":[0,0],"9":[0,0],"10":[0,0],"11":[0,0],"12":[0,0]},"_coverageSchema":"1a1c01bbd47fc00a2c39e90264f33305004495a9","hash":"957211fab9a21b1cf606294efd94a5c37eccd571"}
,"/Users/sachin/Desktop/evcorn/backend/dto/category.dto.js": {"path":"/Users/sachin/Desktop/evcorn/backend/dto/category.dto.js","statementMap":{"0":{"start":{"line":5,"column":2},"end":{"line":5,"column":24}},"1":{"start":{"line":5,"column":12},"end":{"line":5,"column":24}},"2":{"start":{"line":7,"column":14},"end":{"line":7,"column":78}},"3":{"start":{"line":9,"column":2},"end":{"line":9,"column":17}},"4":{"start":{"line":10,"column":2},"end":{"line":10,"column":17}},"5":{"start":{"line":12,"column":2},"end":{"line":18,"column":4}},"6":{"start":{"line":22,"column":2},"end":{"line":22,"column":38}},"7":{"start":{"line":22,"column":28},"end":{"line":22,"column":38}},"8":{"start":{"line":23,"column":2},"end":{"line":23,"column":33}},"9":{"start":{"line":26,"column":0},"end":{"line":29,"column":2}}},"fnMap":{"0":{"name":"toCategoryDTO","decl":{"start":{"line":4,"column":9},"end":{"line":4,"column":22}},"loc":{"start":{"line":4,"column":28},"end":{"line":19,"column":1}},"line":4},"1":{"name":"toCategoryListDTO","decl":{"start":{"line":21,"column":9},"end":{"line":21,"column":26}},"loc":{"start":{"line":21,"column":33},"end":{"line":24,"column":1}},"line":21}},"branchMap":{"0":{"loc":{"start":{"line":5,"column":2},"end":{"line":5,"column":24}},"type":"if","locations":[{"start":{"line":5,"column":2},"end":{"line":5,"column":24}},{"start":{},"end":{}}],"line":5},"1":{"loc":{"start":{"line":7,"column":14},"end":{"line":7,"column":78}},"type":"cond-expr","locations":[{"start":{"line":7,"column":51},"end":{"line":7,"column":65}},{"start":{"line":7,"column":68},"end":{"line":7,"column":78}}],"line":7},"2":{"loc":{"start":{"line":15,"column":10},"end":{"line":15,"column":24}},"type":"binary-expr","locations":[{"start":{"line":15,"column":10},"end":{"line":15,"column":18}},{"start":{"line":15,"column":22},"end":{"line":15,"column":24}}],"line":15},"3":{"loc":{"start":{"line":16,"column":20},"end":{"line":16,"column":80}},"type":"binary-expr","locations":[{"start":{"line":16,"column":20},"end":{"line":16,"column":38}},{"start":{"line":16,"column":42},"end":{"line":16,"column":80}}],"line":16},"4":{"loc":{"start":{"line":16,"column":49},"end":{"line":16,"column":63}},"type":"binary-expr","locations":[{"start":{"line":16,"column":49},"end":{"line":16,"column":57}},{"start":{"line":16,"column":61},"end":{"line":16,"column":63}}],"line":16},"5":{"loc":{"start":{"line":22,"column":2},"end":{"line":22,"column":38}},"type":"if","locations":[{"start":{"line":22,"column":2},"end":{"line":22,"column":38}},{"start":{},"end":{}}],"line":22}},"s":{"0":0,"1":0,"2":0,"3":0,"4":0,"5":0,"6":0,"7":0,"8":0,"9":3},"f":{"0":0,"1":0},"b":{"0":[0,0],"1":[0,0],"2":[0,0],"3":[0,0],"4":[0,0],"5":[0,0]},"_coverageSchema":"1a1c01bbd47fc00a2c39e90264f33305004495a9","hash":"b5d89e44db5a04aa3d750a06e34831a971269601"}
,"/Users/sachin/Desktop/evcorn/backend/dto/vehicle.dto.js": {"path":"/Users/sachin/Desktop/evcorn/backend/dto/vehicle.dto.js","statementMap":{"0":{"start":{"line":6,"column":2},"end":{"line":6,"column":24}},"1":{"start":{"line":6,"column":12},"end":{"line":6,"column":24}},"2":{"start":{"line":9,"column":14},"end":{"line":9,"column":78}},"3":{"start":{"line":12,"column":2},"end":{"line":12,"column":17}},"4":{"start":{"line":13,"column":2},"end":{"line":13,"column":17}},"5":{"start":{"line":16,"column":2},"end":{"line":59,"column":4}},"6":{"start":{"line":63,"column":2},"end":{"line":63,"column":38}},"7":{"start":{"line":63,"column":28},"end":{"line":63,"column":38}},"8":{"start":{"line":64,"column":2},"end":{"line":64,"column":32}},"9":{"start":{"line":67,"column":0},"end":{"line":70,"column":2}}},"fnMap":{"0":{"name":"toVehicleDTO","decl":{"start":{"line":5,"column":9},"end":{"line":5,"column":21}},"loc":{"start":{"line":5,"column":27},"end":{"line":60,"column":1}},"line":5},"1":{"name":"toVehicleListDTO","decl":{"start":{"line":62,"column":9},"end":{"line":62,"column":25}},"loc":{"start":{"line":62,"column":32},"end":{"line":65,"column":1}},"line":62}},"branchMap":{"0":{"loc":{"start":{"line":6,"column":2},"end":{"line":6,"column":24}},"type":"if","locations":[{"start":{"line":6,"column":2},"end":{"line":6,"column":24}},{"start":{},"end":{}}],"line":6},"1":{"loc":{"start":{"line":9,"column":14},"end":{"line":9,"column":78}},"type":"cond-expr","locations":[{"start":{"line":9,"column":51},"end":{"line":9,"column":65}},{"start":{"line":9,"column":68},"end":{"line":9,"column":78}}],"line":9},"2":{"loc":{"start":{"line":20,"column":15},"end":{"line":20,"column":46}},"type":"binary-expr","locations":[{"start":{"line":20,"column":15},"end":{"line":20,"column":28}},{"start":{"line":20,"column":32},"end":{"line":20,"column":46}}],"line":20},"3":{"loc":{"start":{"line":21,"column":13},"end":{"line":21,"column":43}},"type":"binary-expr","locations":[{"start":{"line":21,"column":13},"end":{"line":21,"column":24}},{"start":{"line":21,"column":28},"end":{"line":21,"column":43}}],"line":21},"4":{"loc":{"start":{"line":22,"column":15},"end":{"line":22,"column":47}},"type":"binary-expr","locations":[{"start":{"line":22,"column":15},"end":{"line":22,"column":28}},{"start":{"line":22,"column":32},"end":{"line":22,"column":47}}],"line":22},"5":{"loc":{"start":{"line":23,"column":15},"end":{"line":23,"column":38}},"type":"binary-expr","locations":[{"start":{"line":23,"column":15},"end":{"line":23,"column":28}},{"start":{"line":23,"column":32},"end":{"line":23,"column":38}}],"line":23},"6":{"loc":{"start":{"line":24,"column":17},"end":{"line":24,"column":42}},"type":"binary-expr","locations":[{"start":{"line":24,"column":17},"end":{"line":24,"column":32}},{"start":{"line":24,"column":36},"end":{"line":24,"column":42}}],"line":24},"7":{"loc":{"start":{"line":25,"column":17},"end":{"line":25,"column":38}},"type":"binary-expr","locations":[{"start":{"line":25,"column":17},"end":{"line":25,"column":32}},{"start":{"line":25,"column":36},"end":{"line":25,"column":38}}],"line":25},"8":{"loc":{"start":{"line":26,"column":17},"end":{"line":26,"column":38}},"type":"binary-expr","locations":[{"start":{"line":26,"column":17},"end":{"line":26,"column":32}},{"start":{"line":26,"column":36},"end":{"line":26,"column":38}}],"line":26},"9":{"loc":{"start":{"line":27,"column":11},"end":{"line":27,"column":55}},"type":"binary-expr","locations":[{"start":{"line":27,"column":11},"end":{"line":27,"column":20}},{"start":{"line":27,"column":24},"end":{"line":27,"column":46}},{"start":{"line":27,"column":50},"end":{"line":27,"column":55}}],"line":27},"10":{"loc":{"start":{"line":28,"column":13},"end":{"line":28,"column":72}},"type":"binary-expr","locations":[{"start":{"line":28,"column":13},"end":{"line":28,"column":24}},{"start":{"line":28,"column":28},"end":{"line":28,"column":58}},{"start":{"line":28,"column":62},"end":{"line":28,"column":72}}],"line":28},"11":{"loc":{"start":{"line":29,"column":16},"end":{"line":29,"column":76}},"type":"binary-expr","locations":[{"start":{"line":29,"column":16},"end":{"line":29,"column":30}},{"start":{"line":29,"column":34},"end":{"line":29,"column":67}},{"start":{"line":29,"column":71},"end":{"line":29,"column":76}}],"line":29},"12":{"loc":{"start":{"line":30,"column":21},"end":{"line":30,"column":91}},"type":"binary-expr","locations":[{"start":{"line":30,"column":21},"end":{"line":30,"column":40}},{"start":{"line":30,"column":44},"end":{"line":30,"column":82}},{"start":{"line":30,"column":86},"end":{"line":30,"column":91}}],"line":30},"13":{"loc":{"start":{"line":31,"column":21},"end":{"line":31,"column":78}},"type":"binary-expr","locations":[{"start":{"line":31,"column":21},"end":{"line":31,"column":40}},{"start":{"line":31,"column":44},"end":{"line":31,"column":69}},{"start":{"line":31,"column":73},"end":{"line":31,"column":78}}],"line":31},"14":{"loc":{"start":{"line":32,"column":11},"end":{"line":32,"column":59}},"type":"binary-expr","locations":[{"start":{"line":32,"column":11},"end":{"line":32,"column":20}},{"start":{"line":32,"column":24},"end":{"line":32,"column":50}},{"start":{"line":32,"column":54},"end":{"line":32,"column":59}}],"line":32},"15":{"loc":{"start":{"line":33,"column":14},"end":{"line":33,"column":66}},"type":"binary-expr","locations":[{"start":{"line":33,"column":14},"end":{"line":33,"column":26}},{"start":{"line":33,"column":30},"end":{"line":33,"column":57}},{"start":{"line":33,"column":61},"end":{"line":33,"column":66}}],"line":33},"16":{"loc":{"start":{"line":34,"column":20},"end":{"line":34,"column":83}},"type":"binary-expr","locations":[{"start":{"line":34,"column":20},"end":{"line":34,"column":38}},{"start":{"line":34,"column":42},"end":{"line":34,"column":74}},{"start":{"line":34,"column":78},"end":{"line":34,"column":83}}],"line":34},"17":{"loc":{"start":{"line":35,"column":15},"end":{"line":35,"column":37}},"type":"binary-expr","locations":[{"start":{"line":35,"column":15},"end":{"line":35,"column":28}},{"start":{"line":35,"column":32},"end":{"line":35,"column":37}}],"line":35},"18":{"loc":{"start":{"line":36,"column":16},"end":{"line":36,"column":70}},"type":"binary-expr","locations":[{"start":{"line":36,"column":16},"end":{"line":36,"column":30}},{"start":{"line":36,"column":34},"end":{"line":36,"column":61}},{"start":{"line":36,"column":65},"end":{"line":36,"column":70}}],"line":36},"19":{"loc":{"start":{"line":37,"column":18},"end":{"line":37,"column":75}},"type":"binary-expr","locations":[{"start":{"line":37,"column":18},"end":{"line":37,"column":34}},{"start":{"line":37,"column":38},"end":{"line":37,"column":66}},{"start":{"line":37,"column":70},"end":{"line":37,"column":75}}],"line":37},"20":{"loc":{"start":{"line":38,"column":14},"end":{"line":38,"column":56}},"type":"binary-expr","locations":[{"start":{"line":38,"column":14},"end":{"line":38,"column":26}},{"start":{"line":38,"column":30},"end":{"line":38,"column":50}},{"start":{"line":38,"column":54},"end":{"line":38,"column":56}}],"line":38},"21":{"loc":{"start":{"line":39,"column":19},"end":{"line":39,"column":64}},"type":"binary-expr","locations":[{"start":{"line":39,"column":19},"end":{"line":39,"column":36}},{"start":{"line":39,"column":40},"end":{"line":39,"column":58}},{"start":{"line":39,"column":62},"end":{"line":39,"column":64}}],"line":39},"22":{"loc":{"start":{"line":40,"column":19},"end":{"line":40,"column":42}},"type":"binary-expr","locations":[{"start":{"line":40,"column":19},"end":{"line":40,"column":36}},{"start":{"line":40,"column":40},"end":{"line":40,"column":42}}],"line":40},"23":{"loc":{"start":{"line":43,"column":25},"end":{"line":43,"column":112}},"type":"binary-expr","locations":[{"start":{"line":43,"column":25},"end":{"line":43,"column":48}},{"start":{"line":43,"column":52},"end":{"line":43,"column":82}},{"start":{"line":43,"column":86},"end":{"line":43,"column":112}}],"line":43},"24":{"loc":{"start":{"line":44,"column":22},"end":{"line":44,"column":79}},"type":"binary-expr","locations":[{"start":{"line":44,"column":22},"end":{"line":44,"column":42}},{"start":{"line":44,"column":46},"end":{"line":44,"column":73}},{"start":{"line":44,"column":77},"end":{"line":44,"column":79}}],"line":44},"25":{"loc":{"start":{"line":47,"column":13},"end":{"line":47,"column":84}},"type":"binary-expr","locations":[{"start":{"line":47,"column":13},"end":{"line":47,"column":24}},{"start":{"line":47,"column":28},"end":{"line":47,"column":84}}],"line":47},"26":{"loc":{"start":{"line":47,"column":64},"end":{"line":47,"column":82}},"type":"binary-expr","locations":[{"start":{"line":47,"column":64},"end":{"line":47,"column":73}},{"start":{"line":47,"column":77},"end":{"line":47,"column":82}}],"line":47},"27":{"loc":{"start":{"line":48,"column":13},"end":{"line":48,"column":90}},"type":"binary-expr","locations":[{"start":{"line":48,"column":13},"end":{"line":48,"column":24}},{"start":{"line":48,"column":28},"end":{"line":48,"column":90}}],"line":48},"28":{"loc":{"start":{"line":48,"column":60},"end":{"line":48,"column":88}},"type":"binary-expr","locations":[{"start":{"line":48,"column":60},"end":{"line":48,"column":79}},{"start":{"line":48,"column":83},"end":{"line":48,"column":88}}],"line":48},"29":{"loc":{"start":{"line":49,"column":14},"end":{"line":49,"column":70}},"type":"binary-expr","locations":[{"start":{"line":49,"column":14},"end":{"line":49,"column":26}},{"start":{"line":49,"column":30},"end":{"line":49,"column":70}}],"line":49},"30":{"loc":{"start":{"line":50,"column":17},"end":{"line":50,"column":88}},"type":"binary-expr","locations":[{"start":{"line":50,"column":17},"end":{"line":50,"column":32}},{"start":{"line":50,"column":36},"end":{"line":50,"column":88}}],"line":50},"31":{"loc":{"start":{"line":50,"column":68},"end":{"line":50,"column":86}},"type":"binary-expr","locations":[{"start":{"line":50,"column":68},"end":{"line":50,"column":77}},{"start":{"line":50,"column":81},"end":{"line":50,"column":86}}],"line":50},"32":{"loc":{"start":{"line":51,"column":19},"end":{"line":51,"column":42}},"type":"binary-expr","locations":[{"start":{"line":51,"column":19},"end":{"line":51,"column":36}},{"start":{"line":51,"column":40},"end":{"line":51,"column":42}}],"line":51},"33":{"loc":{"start":{"line":52,"column":11},"end":{"line":52,"column":26}},"type":"binary-expr","locations":[{"start":{"line":52,"column":11},"end":{"line":52,"column":20}},{"start":{"line":52,"column":24},"end":{"line":52,"column":26}}],"line":52},"34":{"loc":{"start":{"line":53,"column":12},"end":{"line":53,"column":28}},"type":"binary-expr","locations":[{"start":{"line":53,"column":12},"end":{"line":53,"column":22}},{"start":{"line":53,"column":26},"end":{"line":53,"column":28}}],"line":53},"35":{"loc":{"start":{"line":54,"column":9},"end":{"line":54,"column":22}},"type":"binary-expr","locations":[{"start":{"line":54,"column":9},"end":{"line":54,"column":16}},{"start":{"line":54,"column":20},"end":{"line":54,"column":22}}],"line":54},"36":{"loc":{"start":{"line":56,"column":12},"end":{"line":56,"column":37}},"type":"binary-expr","locations":[{"start":{"line":56,"column":12},"end":{"line":56,"column":22}},{"start":{"line":56,"column":26},"end":{"line":56,"column":37}}],"line":56},"37":{"loc":{"start":{"line":63,"column":2},"end":{"line":63,"column":38}},"type":"if","locations":[{"start":{"line":63,"column":2},"end":{"line":63,"column":38}},{"start":{},"end":{}}],"line":63}},"s":{"0":0,"1":0,"2":0,"3":0,"4":0,"5":0,"6":2,"7":0,"8":2,"9":3},"f":{"0":0,"1":2},"b":{"0":[0,0],"1":[0,0],"2":[0,0],"3":[0,0],"4":[0,0],"5":[0,0],"6":[0,0],"7":[0,0],"8":[0,0],"9":[0,0,0],"10":[0,0,0],"11":[0,0,0],"12":[0,0,0],"13":[0,0,0],"14":[0,0,0],"15":[0,0,0],"16":[0,0,0],"17":[0,0],"18":[0,0,0],"19":[0,0,0],"20":[0,0,0],"21":[0,0,0],"22":[0,0],"23":[0,0,0],"24":[0,0,0],"25":[0,0],"26":[0,0],"27":[0,0],"28":[0,0],"29":[0,0],"30":[0,0],"31":[0,0],"32":[0,0],"33":[0,0],"34":[0,0],"35":[0,0],"36":[0,0],"37":[0,2]},"_coverageSchema":"1a1c01bbd47fc00a2c39e90264f33305004495a9","hash":"ae1da80ecf28bd500d74aadd615304f966ebad01"}
,"/Users/sachin/Desktop/evcorn/backend/errors/AppError.js": {"path":"/Users/sachin/Desktop/evcorn/backend/errors/AppError.js","statementMap":{"0":{"start":{"line":6,"column":4},"end":{"line":6,"column":19}},"1":{"start":{"line":7,"column":4},"end":{"line":7,"column":33}},"2":{"start":{"line":8,"column":4},"end":{"line":8,"column":31}},"3":{"start":{"line":9,"column":4},"end":{"line":9,"column":27}},"4":{"start":{"line":10,"column":4},"end":{"line":10,"column":30}},"5":{"start":{"line":11,"column":4},"end":{"line":11,"column":52}},"6":{"start":{"line":17,"column":4},"end":{"line":17,"column":46}},"7":{"start":{"line":23,"column":4},"end":{"line":23,"column":60}},"8":{"start":{"line":29,"column":4},"end":{"line":29,"column":47}},"9":{"start":{"line":33,"column":0},"end":{"line":38,"column":2}}},"fnMap":{"0":{"name":"(anonymous_0)","decl":{"start":{"line":5,"column":2},"end":{"line":5,"column":3}},"loc":{"start":{"line":5,"column":88},"end":{"line":12,"column":3}},"line":5},"1":{"name":"(anonymous_1)","decl":{"start":{"line":16,"column":2},"end":{"line":16,"column":3}},"loc":{"start":{"line":16,"column":46},"end":{"line":18,"column":3}},"line":16},"2":{"name":"(anonymous_2)","decl":{"start":{"line":22,"column":2},"end":{"line":22,"column":3}},"loc":{"start":{"line":22,"column":67},"end":{"line":24,"column":3}},"line":22},"3":{"name":"(anonymous_3)","decl":{"start":{"line":28,"column":2},"end":{"line":28,"column":3}},"loc":{"start":{"line":28,"column":47},"end":{"line":30,"column":3}},"line":28}},"branchMap":{"0":{"loc":{"start":{"line":5,"column":35},"end":{"line":5,"column":70}},"type":"default-arg","locations":[{"start":{"line":5,"column":47},"end":{"line":5,"column":70}}],"line":5},"1":{"loc":{"start":{"line":5,"column":72},"end":{"line":5,"column":86}},"type":"default-arg","locations":[{"start":{"line":5,"column":82},"end":{"line":5,"column":86}}],"line":5},"2":{"loc":{"start":{"line":16,"column":14},"end":{"line":16,"column":44}},"type":"default-arg","locations":[{"start":{"line":16,"column":24},"end":{"line":16,"column":44}}],"line":16},"3":{"loc":{"start":{"line":22,"column":14},"end":{"line":22,"column":49}},"type":"default-arg","locations":[{"start":{"line":22,"column":24},"end":{"line":22,"column":49}}],"line":22},"4":{"loc":{"start":{"line":22,"column":51},"end":{"line":22,"column":65}},"type":"default-arg","locations":[{"start":{"line":22,"column":61},"end":{"line":22,"column":65}}],"line":22},"5":{"loc":{"start":{"line":28,"column":14},"end":{"line":28,"column":45}},"type":"default-arg","locations":[{"start":{"line":28,"column":24},"end":{"line":28,"column":45}}],"line":28}},"s":{"0":2,"1":2,"2":2,"3":2,"4":2,"5":2,"6":1,"7":0,"8":1,"9":3},"f":{"0":2,"1":1,"2":0,"3":1},"b":{"0":[0],"1":[2],"2":[0],"3":[0],"4":[0],"5":[0]},"_coverageSchema":"1a1c01bbd47fc00a2c39e90264f33305004495a9","hash":"42b6df6102bf0f43169f5d42bf603376e815ba67"}
,"/Users/sachin/Desktop/evcorn/backend/middlewares/auth.middleware.js": {"path":"/Users/sachin/Desktop/evcorn/backend/middlewares/auth.middleware.js","statementMap":{"0":{"start":{"line":5,"column":15},"end":{"line":5,"column":39}},"1":{"start":{"line":6,"column":24},"end":{"line":6,"column":54}},"2":{"start":{"line":7,"column":15},"end":{"line":7,"column":41}},"3":{"start":{"line":8,"column":30},"end":{"line":8,"column":59}},"4":{"start":{"line":11,"column":21},"end":{"line":11,"column":49}},"5":{"start":{"line":12,"column":25},"end":{"line":12,"column":56}},"6":{"start":{"line":15,"column":2},"end":{"line":22,"column":3}},"7":{"start":{"line":16,"column":18},"end":{"line":16,"column":42}},"8":{"start":{"line":17,"column":20},"end":{"line":17,"column":38}},"9":{"start":{"line":18,"column":4},"end":{"line":21,"column":5}},"10":{"start":{"line":19,"column":6},"end":{"line":19,"column":25}},"11":{"start":{"line":20,"column":6},"end":{"line":20,"column":20}},"12":{"start":{"line":25,"column":2},"end":{"line":28,"column":3}},"13":{"start":{"line":26,"column":4},"end":{"line":26,"column":47}},"14":{"start":{"line":27,"column":4},"end":{"line":27,"column":18}},"15":{"start":{"line":31,"column":2},"end":{"line":35,"column":5}},"16":{"start":{"line":36,"column":2},"end":{"line":36,"column":85}},"17":{"start":{"line":39,"column":0},"end":{"line":41,"column":2}}},"fnMap":{"0":{"name":"checkAdminAuth","decl":{"start":{"line":10,"column":9},"end":{"line":10,"column":23}},"loc":{"start":{"line":10,"column":40},"end":{"line":37,"column":1}},"line":10}},"branchMap":{"0":{"loc":{"start":{"line":15,"column":2},"end":{"line":22,"column":3}},"type":"if","locations":[{"start":{"line":15,"column":2},"end":{"line":22,"column":3}},{"start":{},"end":{}}],"line":15},"1":{"loc":{"start":{"line":15,"column":6},"end":{"line":15,"column":52}},"type":"binary-expr","locations":[{"start":{"line":15,"column":6},"end":{"line":15,"column":16}},{"start":{"line":15,"column":20},"end":{"line":15,"column":52}}],"line":15},"2":{"loc":{"start":{"line":18,"column":4},"end":{"line":21,"column":5}},"type":"if","locations":[{"start":{"line":18,"column":4},"end":{"line":21,"column":5}},{"start":{},"end":{}}],"line":18},"3":{"loc":{"start":{"line":18,"column":8},"end":{"line":18,"column":43}},"type":"binary-expr","locations":[{"start":{"line":18,"column":8},"end":{"line":18,"column":15}},{"start":{"line":18,"column":19},"end":{"line":18,"column":43}}],"line":18},"4":{"loc":{"start":{"line":25,"column":2},"end":{"line":28,"column":3}},"type":"if","locations":[{"start":{"line":25,"column":2},"end":{"line":28,"column":3}},{"start":{},"end":{}}],"line":25},"5":{"loc":{"start":{"line":34,"column":8},"end":{"line":34,"column":48}},"type":"binary-expr","locations":[{"start":{"line":34,"column":8},"end":{"line":34,"column":14}},{"start":{"line":34,"column":18},"end":{"line":34,"column":48}}],"line":34}},"s":{"0":3,"1":3,"2":3,"3":3,"4":0,"5":0,"6":0,"7":0,"8":0,"9":0,"10":0,"11":0,"12":0,"13":0,"14":0,"15":0,"16":0,"17":3},"f":{"0":0},"b":{"0":[0,0],"1":[0,0],"2":[0,0],"3":[0,0],"4":[0,0],"5":[0,0]},"_coverageSchema":"1a1c01bbd47fc00a2c39e90264f33305004495a9","hash":"995d1a861fe4f9fe1b7effaf31f9cc770cfb02e8"}
,"/Users/sachin/Desktop/evcorn/backend/middlewares/error.middleware.js": {"path":"/Users/sachin/Desktop/evcorn/backend/middlewares/error.middleware.js","statementMap":{"0":{"start":{"line":4,"column":15},"end":{"line":4,"column":41}},"1":{"start":{"line":7,"column":21},"end":{"line":7,"column":42}},"2":{"start":{"line":8,"column":20},"end":{"line":8,"column":104}},"3":{"start":{"line":9,"column":16},"end":{"line":9,"column":31}},"4":{"start":{"line":11,"column":2},"end":{"line":17,"column":5}},"5":{"start":{"line":19,"column":2},"end":{"line":29,"column":5}},"6":{"start":{"line":32,"column":0},"end":{"line":32,"column":30}}},"fnMap":{"0":{"name":"errorHandler","decl":{"start":{"line":6,"column":9},"end":{"line":6,"column":21}},"loc":{"start":{"line":6,"column":43},"end":{"line":30,"column":1}},"line":6}},"branchMap":{"0":{"loc":{"start":{"line":7,"column":21},"end":{"line":7,"column":42}},"type":"binary-expr","locations":[{"start":{"line":7,"column":21},"end":{"line":7,"column":35}},{"start":{"line":7,"column":39},"end":{"line":7,"column":42}}],"line":7},"1":{"loc":{"start":{"line":8,"column":20},"end":{"line":8,"column":104}},"type":"binary-expr","locations":[{"start":{"line":8,"column":20},"end":{"line":8,"column":33}},{"start":{"line":8,"column":38},"end":{"line":8,"column":103}}],"line":8},"2":{"loc":{"start":{"line":8,"column":38},"end":{"line":8,"column":103}},"type":"cond-expr","locations":[{"start":{"line":8,"column":58},"end":{"line":8,"column":77}},{"start":{"line":8,"column":80},"end":{"line":8,"column":103}}],"line":8},"3":{"loc":{"start":{"line":9,"column":16},"end":{"line":9,"column":31}},"type":"binary-expr","locations":[{"start":{"line":9,"column":16},"end":{"line":9,"column":22}},{"start":{"line":9,"column":26},"end":{"line":9,"column":31}}],"line":9},"4":{"loc":{"start":{"line":15,"column":19},"end":{"line":15,"column":45}},"type":"binary-expr","locations":[{"start":{"line":15,"column":19},"end":{"line":15,"column":36}},{"start":{"line":15,"column":40},"end":{"line":15,"column":45}}],"line":15},"5":{"loc":{"start":{"line":16,"column":11},"end":{"line":16,"column":73}},"type":"cond-expr","locations":[{"start":{"line":16,"column":52},"end":{"line":16,"column":61}},{"start":{"line":16,"column":64},"end":{"line":16,"column":73}}],"line":16},"6":{"loc":{"start":{"line":24,"column":15},"end":{"line":26,"column":48}},"type":"cond-expr","locations":[{"start":{"line":25,"column":10},"end":{"line":25,"column":72}},{"start":{"line":26,"column":10},"end":{"line":26,"column":48}}],"line":24},"7":{"loc":{"start":{"line":24,"column":15},"end":{"line":24,"column":74}},"type":"binary-expr","locations":[{"start":{"line":24,"column":15},"end":{"line":24,"column":52}},{"start":{"line":24,"column":56},"end":{"line":24,"column":74}}],"line":24},"8":{"loc":{"start":{"line":26,"column":10},"end":{"line":26,"column":48}},"type":"binary-expr","locations":[{"start":{"line":26,"column":10},"end":{"line":26,"column":21}},{"start":{"line":26,"column":25},"end":{"line":26,"column":48}}],"line":26},"9":{"loc":{"start":{"line":27,"column":15},"end":{"line":27,"column":34}},"type":"binary-expr","locations":[{"start":{"line":27,"column":15},"end":{"line":27,"column":26}},{"start":{"line":27,"column":30},"end":{"line":27,"column":34}}],"line":27}},"s":{"0":3,"1":2,"2":2,"3":2,"4":2,"5":2,"6":3},"f":{"0":2},"b":{"0":[2,0],"1":[2,0],"2":[0,0],"3":[2,0],"4":[2,0],"5":[0,2],"6":[0,2],"7":[2,0],"8":[2,0],"9":[2,2]},"_coverageSchema":"1a1c01bbd47fc00a2c39e90264f33305004495a9","hash":"723e606e7ea8c482a7c25e801248f80275eb0c14"}
,"/Users/sachin/Desktop/evcorn/backend/middlewares/etag.middleware.js": {"path":"/Users/sachin/Desktop/evcorn/backend/middlewares/etag.middleware.js","statementMap":{"0":{"start":{"line":5,"column":21},"end":{"line":5,"column":49}},"1":{"start":{"line":8,"column":23},"end":{"line":8,"column":31}},"2":{"start":{"line":9,"column":2},"end":{"line":18,"column":4}},"3":{"start":{"line":10,"column":4},"end":{"line":16,"column":5}},"4":{"start":{"line":11,"column":25},"end":{"line":11,"column":46}},"5":{"start":{"line":12,"column":6},"end":{"line":15,"column":7}},"6":{"start":{"line":13,"column":8},"end":{"line":13,"column":30}},"7":{"start":{"line":14,"column":8},"end":{"line":14,"column":19}},"8":{"start":{"line":17,"column":4},"end":{"line":17,"column":41}},"9":{"start":{"line":20,"column":2},"end":{"line":20,"column":9}},"10":{"start":{"line":23,"column":0},"end":{"line":23,"column":46}}},"fnMap":{"0":{"name":"conditionalRequestMiddleware","decl":{"start":{"line":4,"column":9},"end":{"line":4,"column":37}},"loc":{"start":{"line":4,"column":54},"end":{"line":21,"column":1}},"line":4},"1":{"name":"(anonymous_1)","decl":{"start":{"line":9,"column":13},"end":{"line":9,"column":14}},"loc":{"start":{"line":9,"column":29},"end":{"line":18,"column":3}},"line":9}},"branchMap":{"0":{"loc":{"start":{"line":10,"column":4},"end":{"line":16,"column":5}},"type":"if","locations":[{"start":{"line":10,"column":4},"end":{"line":16,"column":5}},{"start":{},"end":{}}],"line":10},"1":{"loc":{"start":{"line":10,"column":8},"end":{"line":10,"column":42}},"type":"binary-expr","locations":[{"start":{"line":10,"column":8},"end":{"line":10,"column":28}},{"start":{"line":10,"column":32},"end":{"line":10,"column":42}}],"line":10},"2":{"loc":{"start":{"line":12,"column":6},"end":{"line":15,"column":7}},"type":"if","locations":[{"start":{"line":12,"column":6},"end":{"line":15,"column":7}},{"start":{},"end":{}}],"line":12},"3":{"loc":{"start":{"line":12,"column":10},"end":{"line":12,"column":87}},"type":"binary-expr","locations":[{"start":{"line":12,"column":10},"end":{"line":12,"column":20}},{"start":{"line":12,"column":25},"end":{"line":12,"column":50}},{"start":{"line":12,"column":54},"end":{"line":12,"column":86}}],"line":12}},"s":{"0":9,"1":9,"2":9,"3":9,"4":0,"5":0,"6":0,"7":0,"8":9,"9":9,"10":3},"f":{"0":9,"1":9},"b":{"0":[0,9],"1":[9,7],"2":[0,0],"3":[0,0,0]},"_coverageSchema":"1a1c01bbd47fc00a2c39e90264f33305004495a9","hash":"1ab0556c5de4e2c09e394cb1bf8e85dc5a6bf74d"}
,"/Users/sachin/Desktop/evcorn/backend/middlewares/rateLimit.middleware.js": {"path":"/Users/sachin/Desktop/evcorn/backend/middlewares/rateLimit.middleware.js","statementMap":{"0":{"start":{"line":5,"column":18},"end":{"line":5,"column":47}},"1":{"start":{"line":7,"column":15},"end":{"line":7,"column":46}},"2":{"start":{"line":10,"column":19},"end":{"line":23,"column":2}},"3":{"start":{"line":13,"column":14},"end":{"line":13,"column":20}},"4":{"start":{"line":26,"column":20},"end":{"line":39,"column":2}},"5":{"start":{"line":29,"column":14},"end":{"line":29,"column":20}},"6":{"start":{"line":42,"column":22},"end":{"line":55,"column":2}},"7":{"start":{"line":45,"column":14},"end":{"line":45,"column":20}},"8":{"start":{"line":57,"column":0},"end":{"line":61,"column":2}}},"fnMap":{"0":{"name":"(anonymous_0)","decl":{"start":{"line":13,"column":8},"end":{"line":13,"column":9}},"loc":{"start":{"line":13,"column":14},"end":{"line":13,"column":20}},"line":13},"1":{"name":"(anonymous_1)","decl":{"start":{"line":29,"column":8},"end":{"line":29,"column":9}},"loc":{"start":{"line":29,"column":14},"end":{"line":29,"column":20}},"line":29},"2":{"name":"(anonymous_2)","decl":{"start":{"line":45,"column":8},"end":{"line":45,"column":9}},"loc":{"start":{"line":45,"column":14},"end":{"line":45,"column":20}},"line":45}},"branchMap":{},"s":{"0":3,"1":3,"2":3,"3":9,"4":3,"5":2,"6":3,"7":0,"8":3},"f":{"0":9,"1":2,"2":0},"b":{},"_coverageSchema":"1a1c01bbd47fc00a2c39e90264f33305004495a9","hash":"8a9d367a33c2210e28fdb6466d9c4877d3b13227"}
[...]
,"/Users/sachin/Desktop/evcorn/backend/utils/auth.utils.js": {"path":"/Users/sachin/Desktop/evcorn/backend/utils/auth.utils.js","statementMap":{"0":{"start":{"line":4,"column":12},"end":{"line":4,"column":35}},"1":{"start":{"line":5,"column":15},"end":{"line":5,"column":39}},"2":{"start":{"line":8,"column":2},"end":{"line":10,"column":5}},"3":{"start":{"line":14,"column":2},"end":{"line":18,"column":3}},"4":{"start":{"line":15,"column":4},"end":{"line":15,"column":48}},"5":{"start":{"line":17,"column":4},"end":{"line":17,"column":16}},"6":{"start":{"line":21,"column":0},"end":{"line":24,"column":2}}},"fnMap":{"0":{"name":"generateToken","decl":{"start":{"line":7,"column":9},"end":{"line":7,"column":22}},"loc":{"start":{"line":7,"column":52},"end":{"line":11,"column":1}},"line":7},"1":{"name":"verifyToken","decl":{"start":{"line":13,"column":9},"end":{"line":13,"column":20}},"loc":{"start":{"line":13,"column":28},"end":{"line":19,"column":1}},"line":13}},"branchMap":{"0":{"loc":{"start":{"line":7,"column":23},"end":{"line":7,"column":50}},"type":"default-arg","locations":[{"start":{"line":7,"column":33},"end":{"line":7,"column":50}}],"line":7}},"s":{"0":4,"1":4,"2":2,"3":2,"4":2,"5":1,"6":4},"f":{"0":2,"1":2},"b":{"0":[0]},"_coverageSchema":"1a1c01bbd47fc00a2c39e90264f33305004495a9","hash":"414533e5a80a92067f2327fa695719cec90e9c71"}
,"/Users/sachin/Desktop/evcorn/backend/utils/logger.js": {"path":"/Users/sachin/Desktop/evcorn/backend/utils/logger.js","statementMap":{"0":{"start":{"line":5,"column":15},"end":{"line":32,"column":1}},"1":{"start":{"line":7,"column":18},"end":{"line":7,"column":61}},"2":{"start":{"line":8,"column":4},"end":{"line":8,"column":129}},"3":{"start":{"line":11,"column":18},"end":{"line":11,"column":61}},"4":{"start":{"line":12,"column":4},"end":{"line":12,"column":130}},"5":{"start":{"line":15,"column":18},"end":{"line":15,"column":61}},"6":{"start":{"line":16,"column":4},"end":{"line":16,"column":132}},"7":{"start":{"line":20,"column":22},"end":{"line":20,"column":36}},"8":{"start":{"line":21,"column":4},"end":{"line":21,"column":30}},"9":{"start":{"line":22,"column":4},"end":{"line":22,"column":28}},"10":{"start":{"line":23,"column":4},"end":{"line":23,"column":27}},"11":{"start":{"line":24,"column":4},"end":{"line":24,"column":102}},"12":{"start":{"line":27,"column":4},"end":{"line":30,"column":5}},"13":{"start":{"line":28,"column":20},"end":{"line":28,"column":63}},"14":{"start":{"line":29,"column":6},"end":{"line":29,"column":132}},"15":{"start":{"line":34,"column":0},"end":{"line":34,"column":24}}},"fnMap":{"0":{"name":"(anonymous_0)","decl":{"start":{"line":6,"column":8},"end":{"line":6,"column":9}},"loc":{"start":{"line":6,"column":28},"end":{"line":9,"column":3}},"line":6},"1":{"name":"(anonymous_1)","decl":{"start":{"line":10,"column":8},"end":{"line":10,"column":9}},"loc":{"start":{"line":10,"column":28},"end":{"line":13,"column":3}},"line":10},"2":{"name":"(anonymous_2)","decl":{"start":{"line":14,"column":9},"end":{"line":14,"column":10}},"loc":{"start":{"line":14,"column":29},"end":{"line":17,"column":3}},"line":14},"3":{"name":"(anonymous_3)","decl":{"start":{"line":18,"column":9},"end":{"line":18,"column":10}},"loc":{"start":{"line":18,"column":35},"end":{"line":25,"column":3}},"line":18},"4":{"name":"(anonymous_4)","decl":{"start":{"line":26,"column":9},"end":{"line":26,"column":10}},"loc":{"start":{"line":26,"column":29},"end":{"line":31,"column":3}},"line":26}},"branchMap":{"0":{"loc":{"start":{"line":6,"column":14},"end":{"line":6,"column":23}},"type":"default-arg","locations":[{"start":{"line":6,"column":21},"end":{"line":6,"column":23}}],"line":6},"1":{"loc":{"start":{"line":7,"column":18},"end":{"line":7,"column":61}},"type":"cond-expr","locations":[{"start":{"line":7,"column":32},"end":{"line":7,"column":56}},{"start":{"line":7,"column":59},"end":{"line":7,"column":61}}],"line":7},"2":{"loc":{"start":{"line":8,"column":71},"end":{"line":8,"column":127}},"type":"cond-expr","locations":[{"start":{"line":8,"column":102},"end":{"line":8,"column":122}},{"start":{"line":8,"column":125},"end":{"line":8,"column":127}}],"line":8},"3":{"loc":{"start":{"line":10,"column":14},"end":{"line":10,"column":23}},"type":"default-arg","locations":[{"start":{"line":10,"column":21},"end":{"line":10,"column":23}}],"line":10},"4":{"loc":{"start":{"line":11,"column":18},"end":{"line":11,"column":61}},"type":"cond-expr","locations":[{"start":{"line":11,"column":32},"end":{"line":11,"column":56}},{"start":{"line":11,"column":59},"end":{"line":11,"column":61}}],"line":11},"5":{"loc":{"start":{"line":12,"column":72},"end":{"line":12,"column":128}},"type":"cond-expr","locations":[{"start":{"line":12,"column":103},"end":{"line":12,"column":123}},{"start":{"line":12,"column":126},"end":{"line":12,"column":128}}],"line":12},"6":{"loc":{"start":{"line":14,"column":15},"end":{"line":14,"column":24}},"type":"default-arg","locations":[{"start":{"line":14,"column":22},"end":{"line":14,"column":24}}],"line":14},"7":{"loc":{"start":{"line":15,"column":18},"end":{"line":15,"column":61}},"type":"cond-expr","locations":[{"start":{"line":15,"column":32},"end":{"line":15,"column":56}},{"start":{"line":15,"column":59},"end":{"line":15,"column":61}}],"line":15},"8":{"loc":{"start":{"line":16,"column":74},"end":{"line":16,"column":130}},"type":"cond-expr","locations":[{"start":{"line":16,"column":105},"end":{"line":16,"column":125}},{"start":{"line":16,"column":128},"end":{"line":16,"column":130}}],"line":16},"9":{"loc":{"start":{"line":18,"column":18},"end":{"line":18,"column":30}},"type":"default-arg","locations":[{"start":{"line":18,"column":28},"end":{"line":18,"column":30}}],"line":18},"10":{"loc":{"start":{"line":26,"column":15},"end":{"line":26,"column":24}},"type":"default-arg","locations":[{"start":{"line":26,"column":22},"end":{"line":26,"column":24}}],"line":26},"11":{"loc":{"start":{"line":27,"column":4},"end":{"line":30,"column":5}},"type":"if","locations":[{"start":{"line":27,"column":4},"end":{"line":30,"column":5}},{"start":{},"end":{}}],"line":27},"12":{"loc":{"start":{"line":28,"column":20},"end":{"line":28,"column":63}},"type":"cond-expr","locations":[{"start":{"line":28,"column":34},"end":{"line":28,"column":58}},{"start":{"line":28,"column":61},"end":{"line":28,"column":63}}],"line":28},"13":{"loc":{"start":{"line":29,"column":74},"end":{"line":29,"column":130}},"type":"cond-expr","locations":[{"start":{"line":29,"column":105},"end":{"line":29,"column":125}},{"start":{"line":29,"column":128},"end":{"line":29,"column":130}}],"line":29}},"s":{"0":3,"1":9,"2":9,"3":0,"4":0,"5":2,"6":2,"7":2,"8":2,"9":2,"10":2,"11":2,"12":0,"13":0,"14":0,"15":3},"f":{"0":9,"1":0,"2":2,"3":2,"4":0},"b":{"0":[3],"1":[6,3],"2":[6,3],"3":[0],"4":[0,0],"5":[0,0],"6":[0],"7":[2,0],"8":[2,0],"9":[0],"10":[0],"11":[0,0],"12":[0,0],"13":[0,0]},"_coverageSchema":"1a1c01bbd47fc00a2c39e90264f33305004495a9","hash":"2979d8af7c2af0f33245e5d2376472c3e6980bda"}
,"/Users/sachin/Desktop/evcorn/backend/utils/slowQuery.utils.js": {"path":"/Users/sachin/Desktop/evcorn/backend/utils/slowQuery.utils.js","statementMap":{"0":{"start":{"line":5,"column":15},"end":{"line":5,"column":34}},"1":{"start":{"line":7,"column":32},"end":{"line":7,"column":35}},"2":{"start":{"line":10,"column":16},"end":{"line":10,"column":26}},"3":{"start":{"line":11,"column":2},"end":{"line":34,"column":3}},"4":{"start":{"line":12,"column":19},"end":{"line":12,"column":34}},"5":{"start":{"line":13,"column":23},"end":{"line":13,"column":41}},"6":{"start":{"line":15,"column":4},"end":{"line":23,"column":5}},"7":{"start":{"line":16,"column":6},"end":{"line":20,"column":9}},"8":{"start":{"line":22,"column":6},"end":{"line":22,"column":75}},"9":{"start":{"line":25,"column":4},"end":{"line":25,"column":18}},"10":{"start":{"line":27,"column":23},"end":{"line":27,"column":41}},"11":{"start":{"line":28,"column":4},"end":{"line":32,"column":7}},"12":{"start":{"line":33,"column":4},"end":{"line":33,"column":14}},"13":{"start":{"line":37,"column":0},"end":{"line":40,"column":2}}},"fnMap":{"0":{"name":"measureQuery","decl":{"start":{"line":9,"column":15},"end":{"line":9,"column":27}},"loc":{"start":{"line":9,"column":63},"end":{"line":35,"column":1}},"line":9}},"branchMap":{"0":{"loc":{"start":{"line":9,"column":52},"end":{"line":9,"column":61}},"type":"default-arg","locations":[{"start":{"line":9,"column":59},"end":{"line":9,"column":61}}],"line":9},"1":{"loc":{"start":{"line":15,"column":4},"end":{"line":23,"column":5}},"type":"if","locations":[{"start":{"line":15,"column":4},"end":{"line":23,"column":5}},{"start":{"line":21,"column":11},"end":{"line":23,"column":5}}],"line":15}},"s":{"0":3,"1":3,"2":0,"3":0,"4":0,"5":0,"6":0,"7":0,"8":0,"9":0,"10":0,"11":0,"12":0,"13":3},"f":{"0":0},"b":{"0":[0],"1":[0,0]},"_coverageSchema":"1a1c01bbd47fc00a2c39e90264f33305004495a9","hash":"71d24a3d3f82273f581ed61e52f3902d84df8da7"}
,"/Users/sachin/Desktop/evcorn/backend/validators/article.validator.js": {"path":"/Users/sachin/Desktop/evcorn/backend/validators/article.validator.js","statementMap":{"0":{"start":{"line":4,"column":28},"end":{"line":4,"column":57}},"1":{"start":{"line":7,"column":2},"end":{"line":9,"column":3}},"2":{"start":{"line":8,"column":4},"end":{"line":8,"column":75}},"3":{"start":{"line":11,"column":2},"end":{"line":13,"column":3}},"4":{"start":{"line":12,"column":4},"end":{"line":12,"column":68}},"5":{"start":{"line":16,"column":2},"end":{"line":23,"column":3}},"6":{"start":{"line":17,"column":4},"end":{"line":19,"column":5}},"7":{"start":{"line":18,"column":6},"end":{"line":18,"column":100}},"8":{"start":{"line":20,"column":4},"end":{"line":22,"column":5}},"9":{"start":{"line":21,"column":6},"end":{"line":21,"column":75}},"10":{"start":{"line":25,"column":2},"end":{"line":25,"column":14}},"11":{"start":{"line":28,"column":0},"end":{"line":30,"column":2}}},"fnMap":{"0":{"name":"validateArticleInput","decl":{"start":{"line":6,"column":9},"end":{"line":6,"column":29}},"loc":{"start":{"line":6,"column":36},"end":{"line":26,"column":1}},"line":6}},"branchMap":{"0":{"loc":{"start":{"line":7,"column":2},"end":{"line":9,"column":3}},"type":"if","locations":[{"start":{"line":7,"column":2},"end":{"line":9,"column":3}},{"start":{},"end":{}}],"line":7},"1":{"loc":{"start":{"line":7,"column":6},"end":{"line":7,"column":39}},"type":"binary-expr","locations":[{"start":{"line":7,"column":6},"end":{"line":7,"column":11}},{"start":{"line":7,"column":15},"end":{"line":7,"column":39}}],"line":7},"2":{"loc":{"start":{"line":11,"column":2},"end":{"line":13,"column":3}},"type":"if","locations":[{"start":{"line":11,"column":2},"end":{"line":13,"column":3}},{"start":{},"end":{}}],"line":11},"3":{"loc":{"start":{"line":11,"column":6},"end":{"line":11,"column":85}},"type":"binary-expr","locations":[{"start":{"line":11,"column":6},"end":{"line":11,"column":17}},{"start":{"line":11,"column":21},"end":{"line":11,"column":51}},{"start":{"line":11,"column":55},"end":{"line":11,"column":85}}],"line":11},"4":{"loc":{"start":{"line":16,"column":2},"end":{"line":23,"column":3}},"type":"if","locations":[{"start":{"line":16,"column":2},"end":{"line":23,"column":3}},{"start":{},"end":{}}],"line":16},"5":{"loc":{"start":{"line":17,"column":4},"end":{"line":19,"column":5}},"type":"if","locations":[{"start":{"line":17,"column":4},"end":{"line":19,"column":5}},{"start":{},"end":{}}],"line":17},"6":{"loc":{"start":{"line":17,"column":8},"end":{"line":17,"column":64}},"type":"binary-expr","locations":[{"start":{"line":17,"column":8},"end":{"line":17,"column":25}},{"start":{"line":17,"column":29},"end":{"line":17,"column":64}}],"line":17},"7":{"loc":{"start":{"line":20,"column":4},"end":{"line":22,"column":5}},"type":"if","locations":[{"start":{"line":20,"column":4},"end":{"line":22,"column":5}},{"start":{},"end":{}}],"line":20}},"s":{"0":3,"1":0,"2":0,"3":0,"4":0,"5":0,"6":0,"7":0,"8":0,"9":0,"10":0,"11":3},"f":{"0":0},"b":{"0":[0,0],"1":[0,0],"2":[0,0],"3":[0,0,0],"4":[0,0],"5":[0,0],"6":[0,0],"7":[0,0]},"_coverageSchema":"1a1c01bbd47fc00a2c39e90264f33305004495a9","hash":"834d097b94334e98cd7ec010ba1d64e43ab9cd92"}
,"/Users/sachin/Desktop/evcorn/backend/validators/query.validator.js": {"path":"/Users/sachin/Desktop/evcorn/backend/validators/query.validator.js","statementMap":{"0":{"start":{"line":4,"column":28},"end":{"line":4,"column":57}},"1":{"start":{"line":5,"column":23},"end":{"line":5,"column":60}},"2":{"start":{"line":8,"column":2},"end":{"line":13,"column":3}},"3":{"start":{"line":9,"column":17},"end":{"line":9,"column":41}},"4":{"start":{"line":10,"column":4},"end":{"line":12,"column":5}},"5":{"start":{"line":11,"column":6},"end":{"line":11,"column":91}},"6":{"start":{"line":15,"column":2},"end":{"line":20,"column":3}},"7":{"start":{"line":16,"column":18},"end":{"line":16,"column":43}},"8":{"start":{"line":17,"column":4},"end":{"line":19,"column":5}},"9":{"start":{"line":18,"column":6},"end":{"line":18,"column":92}},"10":{"start":{"line":22,"column":2},"end":{"line":24,"column":3}},"11":{"start":{"line":23,"column":4},"end":{"line":23,"column":84}},"12":{"start":{"line":26,"column":2},"end":{"line":28,"column":3}},"13":{"start":{"line":27,"column":4},"end":{"line":27,"column":84}},"14":{"start":{"line":30,"column":2},"end":{"line":32,"column":3}},"15":{"start":{"line":31,"column":4},"end":{"line":31,"column":84}},"16":{"start":{"line":34,"column":2},"end":{"line":36,"column":3}},"17":{"start":{"line":35,"column":4},"end":{"line":35,"column":84}},"18":{"start":{"line":38,"column":2},"end":{"line":38,"column":14}},"19":{"start":{"line":41,"column":0},"end":{"line":43,"column":2}}},"fnMap":{"0":{"name":"validateQuery","decl":{"start":{"line":7,"column":9},"end":{"line":7,"column":22}},"loc":{"start":{"line":7,"column":30},"end":{"line":39,"column":1}},"line":7}},"branchMap":{"0":{"loc":{"start":{"line":8,"column":2},"end":{"line":13,"column":3}},"type":"if","locations":[{"start":{"line":8,"column":2},"end":{"line":13,"column":3}},{"start":{},"end":{}}],"line":8},"1":{"loc":{"start":{"line":10,"column":4},"end":{"line":12,"column":5}},"type":"if","locations":[{"start":{"line":10,"column":4},"end":{"line":12,"column":5}},{"start":{},"end":{}}],"line":10},"2":{"loc":{"start":{"line":10,"column":8},"end":{"line":10,"column":31}},"type":"binary-expr","locations":[{"start":{"line":10,"column":8},"end":{"line":10,"column":19}},{"start":{"line":10,"column":23},"end":{"line":10,"column":31}}],"line":10},"3":{"loc":{"start":{"line":15,"column":2},"end":{"line":20,"column":3}},"type":"if","locations":[{"start":{"line":15,"column":2},"end":{"line":20,"column":3}},{"start":{},"end":{}}],"line":15},"4":{"loc":{"start":{"line":17,"column":4},"end":{"line":19,"column":5}},"type":"if","locations":[{"start":{"line":17,"column":4},"end":{"line":19,"column":5}},{"start":{},"end":{}}],"line":17},"5":{"loc":{"start":{"line":17,"column":8},"end":{"line":17,"column":33}},"type":"binary-expr","locations":[{"start":{"line":17,"column":8},"end":{"line":17,"column":20}},{"start":{"line":17,"column":24},"end":{"line":17,"column":33}}],"line":17},"6":{"loc":{"start":{"line":22,"column":2},"end":{"line":24,"column":3}},"type":"if","locations":[{"start":{"line":22,"column":2},"end":{"line":24,"column":3}},{"start":{},"end":{}}],"line":22},"7":{"loc":{"start":{"line":22,"column":6},"end":{"line":22,"column":57}},"type":"binary-expr","locations":[{"start":{"line":22,"column":6},"end":{"line":22,"column":20}},{"start":{"line":22,"column":24},"end":{"line":22,"column":57}}],"line":22},"8":{"loc":{"start":{"line":26,"column":2},"end":{"line":28,"column":3}},"type":"if","locations":[{"start":{"line":26,"column":2},"end":{"line":28,"column":3}},{"start":{},"end":{}}],"line":26},"9":{"loc":{"start":{"line":26,"column":6},"end":{"line":26,"column":57}},"type":"binary-expr","locations":[{"start":{"line":26,"column":6},"end":{"line":26,"column":20}},{"start":{"line":26,"column":24},"end":{"line":26,"column":57}}],"line":26},"10":{"loc":{"start":{"line":30,"column":2},"end":{"line":32,"column":3}},"type":"if","locations":[{"start":{"line":30,"column":2},"end":{"line":32,"column":3}},{"start":{},"end":{}}],"line":30},"11":{"loc":{"start":{"line":30,"column":6},"end":{"line":30,"column":57}},"type":"binary-expr","locations":[{"start":{"line":30,"column":6},"end":{"line":30,"column":20}},{"start":{"line":30,"column":24},"end":{"line":30,"column":57}}],"line":30},"12":{"loc":{"start":{"line":34,"column":2},"end":{"line":36,"column":3}},"type":"if","locations":[{"start":{"line":34,"column":2},"end":{"line":36,"column":3}},{"start":{},"end":{}}],"line":34},"13":{"loc":{"start":{"line":34,"column":6},"end":{"line":34,"column":57}},"type":"binary-expr","locations":[{"start":{"line":34,"column":6},"end":{"line":34,"column":20}},{"start":{"line":34,"column":24},"end":{"line":34,"column":57}}],"line":34}},"s":{"0":3,"1":3,"2":2,"3":0,"4":0,"5":0,"6":2,"7":0,"8":0,"9":0,"10":2,"11":0,"12":2,"13":0,"14":2,"15":0,"16":2,"17":0,"18":2,"19":3},"f":{"0":2},"b":{"0":[0,2],"1":[0,0],"2":[0,0],"3":[0,2],"4":[0,0],"5":[0,0],"6":[0,2],"7":[2,0],"8":[0,2],"9":[2,0],"10":[0,2],"11":[2,0],"12":[0,2],"13":[2,0]},"_coverageSchema":"1a1c01bbd47fc00a2c39e90264f33305004495a9","hash":"807e454905f776dbef162d049d682579bfcae274"}
,"/Users/sachin/Desktop/evcorn/backend/validators/vehicle.validator.js": {"path":"/Users/sachin/Desktop/evcorn/backend/validators/vehicle.validator.js","statementMap":{"0":{"start":{"line":4,"column":28},"end":{"line":4,"column":57}},"1":{"start":{"line":7,"column":2},"end":{"line":9,"column":3}},"2":{"start":{"line":8,"column":4},"end":{"line":8,"column":75}},"3":{"start":{"line":11,"column":2},"end":{"line":13,"column":3}},"4":{"start":{"line":12,"column":4},"end":{"line":12,"column":67}},"5":{"start":{"line":15,"column":2},"end":{"line":17,"column":3}},"6":{"start":{"line":16,"column":4},"end":{"line":16,"column":73}},"7":{"start":{"line":19,"column":2},"end":{"line":19,"column":14}},"8":{"start":{"line":22,"column":0},"end":{"line":24,"column":2}}},"fnMap":{"0":{"name":"validateVehicleInput","decl":{"start":{"line":6,"column":9},"end":{"line":6,"column":29}},"loc":{"start":{"line":6,"column":36},"end":{"line":20,"column":1}},"line":6}},"branchMap":{"0":{"loc":{"start":{"line":7,"column":2},"end":{"line":9,"column":3}},"type":"if","locations":[{"start":{"line":7,"column":2},"end":{"line":9,"column":3}},{"start":{},"end":{}}],"line":7},"1":{"loc":{"start":{"line":7,"column":6},"end":{"line":7,"column":39}},"type":"binary-expr","locations":[{"start":{"line":7,"column":6},"end":{"line":7,"column":11}},{"start":{"line":7,"column":15},"end":{"line":7,"column":39}}],"line":7},"2":{"loc":{"start":{"line":11,"column":2},"end":{"line":13,"column":3}},"type":"if","locations":[{"start":{"line":11,"column":2},"end":{"line":13,"column":3}},{"start":{},"end":{}}],"line":11},"3":{"loc":{"start":{"line":11,"column":6},"end":{"line":11,"column":82}},"type":"binary-expr","locations":[{"start":{"line":11,"column":6},"end":{"line":11,"column":16}},{"start":{"line":11,"column":20},"end":{"line":11,"column":49}},{"start":{"line":11,"column":53},"end":{"line":11,"column":82}}],"line":11},"4":{"loc":{"start":{"line":15,"column":2},"end":{"line":17,"column":3}},"type":"if","locations":[{"start":{"line":15,"column":2},"end":{"line":17,"column":3}},{"start":{},"end":{}}],"line":15},"5":{"loc":{"start":{"line":15,"column":6},"end":{"line":15,"column":100}},"type":"binary-expr","locations":[{"start":{"line":15,"column":6},"end":{"line":15,"column":22}},{"start":{"line":15,"column":26},"end":{"line":15,"column":61}},{"start":{"line":15,"column":65},"end":{"line":15,"column":100}}],"line":15}},"s":{"0":3,"1":0,"2":0,"3":0,"4":0,"5":0,"6":0,"7":0,"8":3},"f":{"0":0},"b":{"0":[0,0],"1":[0,0],"2":[0,0],"3":[0,0,0],"4":[0,0],"5":[0,0,0]},"_coverageSchema":"1a1c01bbd47fc00a2c39e90264f33305004495a9","hash":"76010b9ed02fb3ecdccc36a692d345314d96910d"}
}
