{"/Users/sachin/Desktop/evcorn/backend/server.js": {"path":"/Users/sachin/Desktop/evcorn/backend/server.js","statementMap":{"0":{"start":{"line":5,"column":16},"end":{"line":5,"column":34}},"1":{"start":{"line":6,"column":15},"end":{"line":6,"column":32}},"2":{"start":{"line":7,"column":20},"end":{"line":7,"column":42}},"3":{"start":{"line":8,"column":17},"end":{"line":8,"column":36}},"4":{"start":{"line":9,"column":13},"end":{"line":9,"column":28}},"5":{"start":{"line":10,"column":15},"end":{"line":10,"column":38}},"6":{"start":{"line":11,"column":23},"end":{"line":11,"column":47}},"7":{"start":{"line":12,"column":51},"end":{"line":12,"column":79}},"8":{"start":{"line":13,"column":15},"end":{"line":13,"column":40}},"9":{"start":{"line":14,"column":28},"end":{"line":14,"column":73}},"10":{"start":{"line":15,"column":36},"end":{"line":15,"column":85}},"11":{"start":{"line":16,"column":37},"end":{"line":16,"column":77}},"12":{"start":{"line":17,"column":30},"end":{"line":17,"column":77}},"13":{"start":{"line":18,"column":18},"end":{"line":18,"column":43}},"14":{"start":{"line":19,"column":21},"end":{"line":19,"column":62}},"15":{"start":{"line":20,"column":26},"end":{"line":20,"column":70}},"16":{"start":{"line":21,"column":23},"end":{"line":21,"column":68}},"17":{"start":{"line":22,"column":16},"end":{"line":22,"column":43}},"18":{"start":{"line":24,"column":12},"end":{"line":24,"column":21}},"19":{"start":{"line":27,"column":0},"end":{"line":27,"column":29}},"20":{"start":{"line":28,"column":0},"end":{"line":28,"column":33}},"21":{"start":{"line":29,"column":0},"end":{"line":29,"column":31}},"22":{"start":{"line":30,"column":0},"end":{"line":30,"column":38}},"23":{"start":{"line":33,"column":0},"end":{"line":36,"column":4}},"24":{"start":{"line":39,"column":0},"end":{"line":39,"column":24}},"25":{"start":{"line":42,"column":0},"end":{"line":49,"column":4}},"26":{"start":{"line":46,"column":4},"end":{"line":46,"column":54}},"27":{"start":{"line":46,"column":41},"end":{"line":46,"column":54}},"28":{"start":{"line":47,"column":4},"end":{"line":47,"column":40}},"29":{"start":{"line":52,"column":0},"end":{"line":52,"column":41}},"30":{"start":{"line":53,"column":0},"end":{"line":53,"column":63}},"31":{"start":{"line":56,"column":0},"end":{"line":56,"column":23}},"32":{"start":{"line":60,"column":0},"end":{"line":126,"column":3}},"33":{"start":{"line":61,"column":2},"end":{"line":65,"column":3}},"34":{"start":{"line":63,"column":4},"end":{"line":63,"column":77}},"35":{"start":{"line":64,"column":4},"end":{"line":64,"column":18}},"36":{"start":{"line":67,"column":15},"end":{"line":67,"column":23}},"37":{"start":{"line":70,"column":2},"end":{"line":73,"column":3}},"38":{"start":{"line":71,"column":4},"end":{"line":71,"column":77}},"39":{"start":{"line":72,"column":4},"end":{"line":72,"column":18}},"40":{"start":{"line":76,"column":2},"end":{"line":79,"column":3}},"41":{"start":{"line":77,"column":4},"end":{"line":77,"column":77}},"42":{"start":{"line":78,"column":4},"end":{"line":78,"column":18}},"43":{"start":{"line":82,"column":2},"end":{"line":85,"column":3}},"44":{"start":{"line":83,"column":4},"end":{"line":83,"column":100}},"45":{"start":{"line":84,"column":4},"end":{"line":84,"column":18}},"46":{"start":{"line":88,"column":2},"end":{"line":91,"column":3}},"47":{"start":{"line":89,"column":4},"end":{"line":89,"column":97}},"48":{"start":{"line":90,"column":4},"end":{"line":90,"column":18}},"49":{"start":{"line":94,"column":2},"end":{"line":97,"column":3}},"50":{"start":{"line":95,"column":4},"end":{"line":95,"column":97}},"51":{"start":{"line":96,"column":4},"end":{"line":96,"column":18}},"52":{"start":{"line":100,"column":2},"end":{"line":103,"column":3}},"53":{"start":{"line":101,"column":4},"end":{"line":101,"column":97}},"54":{"start":{"line":102,"column":4},"end":{"line":102,"column":18}},"55":{"start":{"line":106,"column":2},"end":{"line":109,"column":3}},"56":{"start":{"line":107,"column":4},"end":{"line":107,"column":97}},"57":{"start":{"line":108,"column":4},"end":{"line":108,"column":18}},"58":{"start":{"line":112,"column":2},"end":{"line":115,"column":3}},"59":{"start":{"line":113,"column":4},"end":{"line":113,"column":64}},"60":{"start":{"line":114,"column":4},"end":{"line":114,"column":18}},"61":{"start":{"line":118,"column":2},"end":{"line":121,"column":3}},"62":{"start":{"line":119,"column":4},"end":{"line":119,"column":64}},"63":{"start":{"line":120,"column":4},"end":{"line":120,"column":18}},"64":{"start":{"line":124,"column":2},"end":{"line":124,"column":91}},"65":{"start":{"line":125,"column":2},"end":{"line":125,"column":9}},"66":{"start":{"line":130,"column":0},"end":{"line":132,"column":1}},"67":{"start":{"line":131,"column":2},"end":{"line":131,"column":58}},"68":{"start":{"line":135,"column":0},"end":{"line":191,"column":3}},"69":{"start":{"line":136,"column":2},"end":{"line":190,"column":3}},"70":{"start":{"line":137,"column":19},"end":{"line":137,"column":21}},"71":{"start":{"line":138,"column":4},"end":{"line":142,"column":5}},"72":{"start":{"line":139,"column":6},"end":{"line":139,"column":60}},"73":{"start":{"line":139,"column":50},"end":{"line":139,"column":58}},"74":{"start":{"line":141,"column":6},"end":{"line":141,"column":61}},"75":{"start":{"line":144,"column":14},"end":{"line":169,"column":9}},"76":{"start":{"line":171,"column":4},"end":{"line":183,"column":5}},"77":{"start":{"line":172,"column":20},"end":{"line":172,"column":65}},"78":{"start":{"line":173,"column":22},"end":{"line":175,"column":48}},"79":{"start":{"line":176,"column":6},"end":{"line":182,"column":10}},"80":{"start":{"line":185,"column":4},"end":{"line":185,"column":25}},"81":{"start":{"line":186,"column":4},"end":{"line":186,"column":50}},"82":{"start":{"line":187,"column":4},"end":{"line":187,"column":30}},"83":{"start":{"line":189,"column":4},"end":{"line":189,"column":16}},"84":{"start":{"line":194,"column":0},"end":{"line":196,"column":3}},"85":{"start":{"line":195,"column":2},"end":{"line":195,"column":69}},"86":{"start":{"line":199,"column":0},"end":{"line":199,"column":39}},"87":{"start":{"line":202,"column":0},"end":{"line":202,"column":22}},"88":{"start":{"line":208,"column":2},"end":{"line":208,"column":82}},"89":{"start":{"line":209,"column":2},"end":{"line":220,"column":3}},"90":{"start":{"line":210,"column":4},"end":{"line":217,"column":7}},"91":{"start":{"line":211,"column":6},"end":{"line":211,"column":41}},"92":{"start":{"line":212,"column":6},"end":{"line":215,"column":7}},"93":{"start":{"line":213,"column":8},"end":{"line":213,"column":47}},"94":{"start":{"line":214,"column":8},"end":{"line":214,"column":58}},"95":{"start":{"line":216,"column":6},"end":{"line":216,"column":22}},"96":{"start":{"line":219,"column":4},"end":{"line":219,"column":20}},"97":{"start":{"line":223,"column":0},"end":{"line":223,"column":57}},"98":{"start":{"line":223,"column":28},"end":{"line":223,"column":55}},"99":{"start":{"line":224,"column":0},"end":{"line":224,"column":55}},"100":{"start":{"line":224,"column":27},"end":{"line":224,"column":53}},"101":{"start":{"line":226,"column":0},"end":{"line":229,"column":3}},"102":{"start":{"line":227,"column":2},"end":{"line":227,"column":75}},"103":{"start":{"line":228,"column":2},"end":{"line":228,"column":40}},"104":{"start":{"line":231,"column":0},"end":{"line":233,"column":3}},"105":{"start":{"line":232,"column":2},"end":{"line":232,"column":57}},"106":{"start":{"line":236,"column":0},"end":{"line":242,"column":3}},"107":{"start":{"line":237,"column":2},"end":{"line":241,"column":3}},"108":{"start":{"line":238,"column":4},"end":{"line":240,"column":7}},"109":{"start":{"line":239,"column":6},"end":{"line":239,"column":104}},"110":{"start":{"line":244,"column":0},"end":{"line":244,"column":21}}},"fnMap":{"0":{"name":"(anonymous_0)","decl":{"start":{"line":45,"column":10},"end":{"line":45,"column":11}},"loc":{"start":{"line":45,"column":24},"end":{"line":48,"column":3}},"line":45},"1":{"name":"(anonymous_1)","decl":{"start":{"line":60,"column":8},"end":{"line":60,"column":9}},"loc":{"start":{"line":60,"column":28},"end":{"line":126,"column":1}},"line":60},"2":{"name":"(anonymous_2)","decl":{"start":{"line":135,"column":28},"end":{"line":135,"column":29}},"loc":{"start":{"line":135,"column":54},"end":{"line":191,"column":1}},"line":135},"3":{"name":"(anonymous_3)","decl":{"start":{"line":139,"column":45},"end":{"line":139,"column":46}},"loc":{"start":{"line":139,"column":50},"end":{"line":139,"column":58}},"line":139},"4":{"name":"(anonymous_4)","decl":{"start":{"line":194,"column":13},"end":{"line":194,"column":14}},"loc":{"start":{"line":194,"column":27},"end":{"line":196,"column":1}},"line":194},"5":{"name":"gracefulShutdown","decl":{"start":{"line":207,"column":9},"end":{"line":207,"column":25}},"loc":{"start":{"line":207,"column":34},"end":{"line":221,"column":1}},"line":207},"6":{"name":"(anonymous_6)","decl":{"start":{"line":210,"column":17},"end":{"line":210,"column":18}},"loc":{"start":{"line":210,"column":29},"end":{"line":217,"column":5}},"line":210},"7":{"name":"(anonymous_7)","decl":{"start":{"line":223,"column":22},"end":{"line":223,"column":23}},"loc":{"start":{"line":223,"column":28},"end":{"line":223,"column":55}},"line":223},"8":{"name":"(anonymous_8)","decl":{"start":{"line":224,"column":21},"end":{"line":224,"column":22}},"loc":{"start":{"line":224,"column":27},"end":{"line":224,"column":53}},"line":224},"9":{"name":"(anonymous_9)","decl":{"start":{"line":226,"column":32},"end":{"line":226,"column":33}},"loc":{"start":{"line":226,"column":41},"end":{"line":229,"column":1}},"line":226},"10":{"name":"(anonymous_10)","decl":{"start":{"line":231,"column":33},"end":{"line":231,"column":34}},"loc":{"start":{"line":231,"column":45},"end":{"line":233,"column":1}},"line":231},"11":{"name":"(anonymous_11)","decl":{"start":{"line":236,"column":23},"end":{"line":236,"column":24}},"loc":{"start":{"line":236,"column":29},"end":{"line":242,"column":1}},"line":236},"12":{"name":"(anonymous_12)","decl":{"start":{"line":238,"column":37},"end":{"line":238,"column":38}},"loc":{"start":{"line":238,"column":43},"end":{"line":240,"column":5}},"line":238}},"branchMap":{"0":{"loc":{"start":{"line":46,"column":4},"end":{"line":46,"column":54}},"type":"if","locations":[{"start":{"line":46,"column":4},"end":{"line":46,"column":54}},{"start":{},"end":{}}],"line":46},"1":{"loc":{"start":{"line":61,"column":2},"end":{"line":65,"column":3}},"type":"if","locations":[{"start":{"line":61,"column":2},"end":{"line":65,"column":3}},{"start":{},"end":{}}],"line":61},"2":{"loc":{"start":{"line":70,"column":2},"end":{"line":73,"column":3}},"type":"if","locations":[{"start":{"line":70,"column":2},"end":{"line":73,"column":3}},{"start":{},"end":{}}],"line":70},"3":{"loc":{"start":{"line":70,"column":6},"end":{"line":70,"column":68}},"type":"binary-expr","locations":[{"start":{"line":70,"column":6},"end":{"line":70,"column":34}},{"start":{"line":70,"column":38},"end":{"line":70,"column":68}}],"line":70},"4":{"loc":{"start":{"line":76,"column":2},"end":{"line":79,"column":3}},"type":"if","locations":[{"start":{"line":76,"column":2},"end":{"line":79,"column":3}},{"start":{},"end":{}}],"line":76},"5":{"loc":{"start":{"line":82,"column":2},"end":{"line":85,"column":3}},"type":"if","locations":[{"start":{"line":82,"column":2},"end":{"line":85,"column":3}},{"start":{},"end":{}}],"line":82},"6":{"loc":{"start":{"line":88,"column":2},"end":{"line":91,"column":3}},"type":"if","locations":[{"start":{"line":88,"column":2},"end":{"line":91,"column":3}},{"start":{},"end":{}}],"line":88},"7":{"loc":{"start":{"line":94,"column":2},"end":{"line":97,"column":3}},"type":"if","locations":[{"start":{"line":94,"column":2},"end":{"line":97,"column":3}},{"start":{},"end":{}}],"line":94},"8":{"loc":{"start":{"line":100,"column":2},"end":{"line":103,"column":3}},"type":"if","locations":[{"start":{"line":100,"column":2},"end":{"line":103,"column":3}},{"start":{},"end":{}}],"line":100},"9":{"loc":{"start":{"line":106,"column":2},"end":{"line":109,"column":3}},"type":"if","locations":[{"start":{"line":106,"column":2},"end":{"line":109,"column":3}},{"start":{},"end":{}}],"line":106},"10":{"loc":{"start":{"line":112,"column":2},"end":{"line":115,"column":3}},"type":"if","locations":[{"start":{"line":112,"column":2},"end":{"line":115,"column":3}},{"start":{},"end":{}}],"line":112},"11":{"loc":{"start":{"line":118,"column":2},"end":{"line":121,"column":3}},"type":"if","locations":[{"start":{"line":118,"column":2},"end":{"line":121,"column":3}},{"start":{},"end":{}}],"line":118},"12":{"loc":{"start":{"line":130,"column":0},"end":{"line":132,"column":1}},"type":"if","locations":[{"start":{"line":130,"column":0},"end":{"line":132,"column":1}},{"start":{},"end":{}}],"line":130},"13":{"loc":{"start":{"line":138,"column":4},"end":{"line":142,"column":5}},"type":"if","locations":[{"start":{"line":138,"column":4},"end":{"line":142,"column":5}},{"start":{"line":140,"column":11},"end":{"line":142,"column":5}}],"line":138},"14":{"loc":{"start":{"line":172,"column":20},"end":{"line":172,"column":65}},"type":"cond-expr","locations":[{"start":{"line":172,"column":30},"end":{"line":172,"column":48}},{"start":{"line":172,"column":52},"end":{"line":172,"column":64}}],"line":172},"15":{"loc":{"start":{"line":172,"column":52},"end":{"line":172,"column":64}},"type":"binary-expr","locations":[{"start":{"line":172,"column":52},"end":{"line":172,"column":58}},{"start":{"line":172,"column":62},"end":{"line":172,"column":64}}],"line":172},"16":{"loc":{"start":{"line":173,"column":22},"end":{"line":175,"column":48}},"type":"cond-expr","locations":[{"start":{"line":174,"column":10},"end":{"line":174,"column":61}},{"start":{"line":175,"column":10},"end":{"line":175,"column":48}}],"line":173},"17":{"loc":{"start":{"line":209,"column":2},"end":{"line":220,"column":3}},"type":"if","locations":[{"start":{"line":209,"column":2},"end":{"line":220,"column":3}},{"start":{"line":218,"column":9},"end":{"line":220,"column":3}}],"line":209},"18":{"loc":{"start":{"line":212,"column":6},"end":{"line":215,"column":7}},"type":"if","locations":[{"start":{"line":212,"column":6},"end":{"line":215,"column":7}},{"start":{},"end":{}}],"line":212},"19":{"loc":{"start":{"line":212,"column":10},"end":{"line":212,"column":66}},"type":"binary-expr","locations":[{"start":{"line":212,"column":10},"end":{"line":212,"column":26}},{"start":{"line":212,"column":30},"end":{"line":212,"column":66}}],"line":212},"20":{"loc":{"start":{"line":237,"column":2},"end":{"line":241,"column":3}},"type":"if","locations":[{"start":{"line":237,"column":2},"end":{"line":241,"column":3}},{"start":{},"end":{}}],"line":237}},"s":{"0":9,"1":9,"2":9,"3":9,"4":9,"5":9,"6":9,"7":9,"8":9,"9":9,"10":9,"11":9,"12":9,"13":9,"14":9,"15":9,"16":9,"17":9,"18":9,"19":9,"20":9,"21":9,"22":9,"23":9,"24":9,"25":9,"26":37,"27":0,"28":37,"29":9,"30":9,"31":9,"32":9,"33":37,"34":10,"35":10,"36":27,"37":27,"38":0,"39":0,"40":27,"41":4,"42":4,"43":23,"44":1,"45":1,"46":22,"47":2,"48":2,"49":20,"50":5,"51":5,"52":15,"53":1,"54":1,"55":14,"56":1,"57":1,"58":13,"59":4,"60":4,"61":9,"62":5,"63":5,"64":4,"65":4,"66":9,"67":9,"68":9,"69":0,"70":0,"71":0,"72":0,"73":0,"74":0,"75":0,"76":0,"77":0,"78":0,"79":0,"80":0,"81":0,"82":0,"83":0,"84":9,"85":0,"86":9,"87":9,"88":0,"89":0,"90":0,"91":0,"92":0,"93":0,"94":0,"95":0,"96":0,"97":9,"98":0,"99":9,"100":0,"101":9,"102":0,"103":0,"104":9,"105":0,"106":9,"107":9,"108":0,"109":0,"110":9},"f":{"0":37,"1":37,"2":0,"3":0,"4":0,"5":0,"6":0,"7":0,"8":0,"9":0,"10":0,"11":9,"12":0},"b":{"0":[0,37],"1":[10,27],"2":[0,27],"3":[27,27],"4":[4,23],"5":[1,22],"6":[2,20],"7":[5,15],"8":[1,14],"9":[1,13],"10":[4,9],"11":[5,4],"12":[9,0],"13":[0,0],"14":[0,0],"15":[0,0],"16":[0,0],"17":[0,0],"18":[0,0],"19":[0,0],"20":[0,9]},"_coverageSchema":"1a1c01bbd47fc00a2c39e90264f33305004495a9","hash":"4bdc56759858087ff8bdd3f981abe5729d959e1c"}
,"/Users/sachin/Desktop/evcorn/backend/config/cloudinary.js": {"path":"/Users/sachin/Desktop/evcorn/backend/config/cloudinary.js","statementMap":{"0":{"start":{"line":4,"column":19},"end":{"line":4,"column":43}},"1":{"start":{"line":5,"column":15},"end":{"line":5,"column":31}},"2":{"start":{"line":6,"column":15},"end":{"line":6,"column":41}},"3":{"start":{"line":8,"column":0},"end":{"line":18,"column":1}},"4":{"start":{"line":9,"column":2},"end":{"line":14,"column":5}},"5":{"start":{"line":15,"column":2},"end":{"line":15,"column":86}},"6":{"start":{"line":17,"column":2},"end":{"line":17,"column":74}},"7":{"start":{"line":20,"column":0},"end":{"line":20,"column":28}}},"fnMap":{},"branchMap":{"0":{"loc":{"start":{"line":8,"column":0},"end":{"line":18,"column":1}},"type":"if","locations":[{"start":{"line":8,"column":0},"end":{"line":18,"column":1}},{"start":{"line":16,"column":7},"end":{"line":18,"column":1}}],"line":8},"1":{"loc":{"start":{"line":8,"column":4},"end":{"line":8,"column":93}},"type":"binary-expr","locations":[{"start":{"line":8,"column":4},"end":{"line":8,"column":32}},{"start":{"line":8,"column":36},"end":{"line":8,"column":61}},{"start":{"line":8,"column":65},"end":{"line":8,"column":93}}],"line":8}},"s":{"0":9,"1":9,"2":9,"3":9,"4":9,"5":9,"6":0,"7":9},"f":{},"b":{"0":[9,0],"1":[9,9,9]},"_coverageSchema":"1a1c01bbd47fc00a2c39e90264f33305004495a9","hash":"bca59d380e483241d44fc40dee28fdfbff61ba2d"}
,"/Users/sachin/Desktop/evcorn/backend/config/cors.js": {"path":"/Users/sachin/Desktop/evcorn/backend/config/cors.js","statementMap":{"0":{"start":{"line":4,"column":13},"end":{"line":4,"column":28}},"1":{"start":{"line":5,"column":15},"end":{"line":5,"column":31}},"2":{"start":{"line":6,"column":15},"end":{"line":6,"column":41}},"3":{"start":{"line":8,"column":20},"end":{"line":31,"column":1}},"4":{"start":{"line":11,"column":4},"end":{"line":11,"column":45}},"5":{"start":{"line":11,"column":17},"end":{"line":11,"column":45}},"6":{"start":{"line":14,"column":26},"end":{"line":18,"column":6}},"7":{"start":{"line":15,"column":6},"end":{"line":15,"column":42}},"8":{"start":{"line":15,"column":30},"end":{"line":15,"column":42}},"9":{"start":{"line":16,"column":6},"end":{"line":16,"column":54}},"10":{"start":{"line":16,"column":42},"end":{"line":16,"column":54}},"11":{"start":{"line":17,"column":6},"end":{"line":17,"column":19}},"12":{"start":{"line":20,"column":4},"end":{"line":25,"column":5}},"13":{"start":{"line":21,"column":6},"end":{"line":21,"column":27}},"14":{"start":{"line":23,"column":6},"end":{"line":23,"column":63}},"15":{"start":{"line":24,"column":6},"end":{"line":24,"column":79}},"16":{"start":{"line":33,"column":0},"end":{"line":33,"column":35}}},"fnMap":{"0":{"name":"(anonymous_0)","decl":{"start":{"line":9,"column":10},"end":{"line":9,"column":11}},"loc":{"start":{"line":9,"column":32},"end":{"line":26,"column":3}},"line":9},"1":{"name":"(anonymous_1)","decl":{"start":{"line":14,"column":54},"end":{"line":14,"column":55}},"loc":{"start":{"line":14,"column":65},"end":{"line":18,"column":5}},"line":14}},"branchMap":{"0":{"loc":{"start":{"line":11,"column":4},"end":{"line":11,"column":45}},"type":"if","locations":[{"start":{"line":11,"column":4},"end":{"line":11,"column":45}},{"start":{},"end":{}}],"line":11},"1":{"loc":{"start":{"line":15,"column":6},"end":{"line":15,"column":42}},"type":"if","locations":[{"start":{"line":15,"column":6},"end":{"line":15,"column":42}},{"start":{},"end":{}}],"line":15},"2":{"loc":{"start":{"line":16,"column":6},"end":{"line":16,"column":54}},"type":"if","locations":[{"start":{"line":16,"column":6},"end":{"line":16,"column":54}},{"start":{},"end":{}}],"line":16},"3":{"loc":{"start":{"line":20,"column":4},"end":{"line":25,"column":5}},"type":"if","locations":[{"start":{"line":20,"column":4},"end":{"line":25,"column":5}},{"start":{"line":22,"column":11},"end":{"line":25,"column":5}}],"line":20}},"s":{"0":9,"1":9,"2":9,"3":9,"4":37,"5":37,"6":0,"7":0,"8":0,"9":0,"10":0,"11":0,"12":0,"13":0,"14":0,"15":0,"16":9},"f":{"0":37,"1":0},"b":{"0":[37,0],"1":[0,0],"2":[0,0],"3":[0,0]},"_coverageSchema":"1a1c01bbd47fc00a2c39e90264f33305004495a9","hash":"075f185c8298ff30bc653910f4af7ec1d5169969"}
,"/Users/sachin/Desktop/evcorn/backend/config/database.js": {"path":"/Users/sachin/Desktop/evcorn/backend/config/database.js","statementMap":{"0":{"start":{"line":4,"column":17},"end":{"line":4,"column":36}},"1":{"start":{"line":5,"column":11},"end":{"line":5,"column":24}},"2":{"start":{"line":6,"column":13},"end":{"line":6,"column":28}},"3":{"start":{"line":7,"column":15},"end":{"line":7,"column":31}},"4":{"start":{"line":8,"column":15},"end":{"line":8,"column":41}},"5":{"start":{"line":10,"column":21},"end":{"line":10,"column":26}},"6":{"start":{"line":12,"column":17},"end":{"line":12,"column":48}},"7":{"start":{"line":13,"column":0},"end":{"line":15,"column":1}},"8":{"start":{"line":14,"column":2},"end":{"line":14,"column":46}},"9":{"start":{"line":18,"column":15},"end":{"line":55,"column":1}},"10":{"start":{"line":20,"column":21},"end":{"line":20,"column":57}},"11":{"start":{"line":21,"column":4},"end":{"line":21,"column":44}},"12":{"start":{"line":21,"column":34},"end":{"line":21,"column":44}},"13":{"start":{"line":22,"column":4},"end":{"line":26,"column":5}},"14":{"start":{"line":23,"column":6},"end":{"line":23,"column":59}},"15":{"start":{"line":25,"column":6},"end":{"line":25,"column":16}},"16":{"start":{"line":29,"column":4},"end":{"line":29,"column":94}},"17":{"start":{"line":32,"column":21},"end":{"line":32,"column":59}},"18":{"start":{"line":33,"column":4},"end":{"line":33,"column":44}},"19":{"start":{"line":33,"column":34},"end":{"line":33,"column":44}},"20":{"start":{"line":34,"column":4},"end":{"line":38,"column":5}},"21":{"start":{"line":35,"column":6},"end":{"line":35,"column":59}},"22":{"start":{"line":37,"column":6},"end":{"line":37,"column":16}},"23":{"start":{"line":41,"column":4},"end":{"line":41,"column":98}},"24":{"start":{"line":44,"column":21},"end":{"line":44,"column":57}},"25":{"start":{"line":45,"column":4},"end":{"line":45,"column":44}},"26":{"start":{"line":45,"column":34},"end":{"line":45,"column":44}},"27":{"start":{"line":46,"column":4},"end":{"line":50,"column":5}},"28":{"start":{"line":47,"column":6},"end":{"line":47,"column":59}},"29":{"start":{"line":49,"column":6},"end":{"line":49,"column":16}},"30":{"start":{"line":53,"column":4},"end":{"line":53,"column":94}},"31":{"start":{"line":58,"column":2},"end":{"line":61,"column":3}},"32":{"start":{"line":59,"column":4},"end":{"line":59,"column":26}},"33":{"start":{"line":60,"column":4},"end":{"line":60,"column":11}},"34":{"start":{"line":63,"column":2},"end":{"line":85,"column":3}},"35":{"start":{"line":64,"column":4},"end":{"line":70,"column":7}},"36":{"start":{"line":71,"column":4},"end":{"line":71,"column":100}},"37":{"start":{"line":74,"column":4},"end":{"line":76,"column":7}},"38":{"start":{"line":75,"column":6},"end":{"line":75,"column":67}},"39":{"start":{"line":78,"column":4},"end":{"line":80,"column":7}},"40":{"start":{"line":79,"column":6},"end":{"line":79,"column":80}},"41":{"start":{"line":82,"column":4},"end":{"line":82,"column":60}},"42":{"start":{"line":83,"column":4},"end":{"line":83,"column":66}},"43":{"start":{"line":84,"column":4},"end":{"line":84,"column":26}},"44":{"start":{"line":89,"column":2},"end":{"line":89,"column":24}},"45":{"start":{"line":92,"column":0},"end":{"line":96,"column":2}}},"fnMap":{"0":{"name":"(anonymous_0)","decl":{"start":{"line":19,"column":2},"end":{"line":19,"column":3}},"loc":{"start":{"line":19,"column":16},"end":{"line":27,"column":3}},"line":19},"1":{"name":"(anonymous_1)","decl":{"start":{"line":28,"column":2},"end":{"line":28,"column":3}},"loc":{"start":{"line":28,"column":25},"end":{"line":30,"column":3}},"line":28},"2":{"name":"(anonymous_2)","decl":{"start":{"line":31,"column":2},"end":{"line":31,"column":3}},"loc":{"start":{"line":31,"column":18},"end":{"line":39,"column":3}},"line":31},"3":{"name":"(anonymous_3)","decl":{"start":{"line":40,"column":2},"end":{"line":40,"column":3}},"loc":{"start":{"line":40,"column":29},"end":{"line":42,"column":3}},"line":40},"4":{"name":"(anonymous_4)","decl":{"start":{"line":43,"column":2},"end":{"line":43,"column":3}},"loc":{"start":{"line":43,"column":16},"end":{"line":51,"column":3}},"line":43},"5":{"name":"(anonymous_5)","decl":{"start":{"line":52,"column":2},"end":{"line":52,"column":3}},"loc":{"start":{"line":52,"column":25},"end":{"line":54,"column":3}},"line":52},"6":{"name":"connectDatabase","decl":{"start":{"line":57,"column":15},"end":{"line":57,"column":30}},"loc":{"start":{"line":57,"column":33},"end":{"line":86,"column":1}},"line":57},"7":{"name":"(anonymous_7)","decl":{"start":{"line":74,"column":43},"end":{"line":74,"column":44}},"loc":{"start":{"line":74,"column":49},"end":{"line":76,"column":5}},"line":74},"8":{"name":"(anonymous_8)","decl":{"start":{"line":78,"column":36},"end":{"line":78,"column":37}},"loc":{"start":{"line":78,"column":45},"end":{"line":80,"column":5}},"line":78},"9":{"name":"isLocalFileDb","decl":{"start":{"line":88,"column":9},"end":{"line":88,"column":22}},"loc":{"start":{"line":88,"column":25},"end":{"line":90,"column":1}},"line":88}},"branchMap":{"0":{"loc":{"start":{"line":13,"column":0},"end":{"line":15,"column":1}},"type":"if","locations":[{"start":{"line":13,"column":0},"end":{"line":15,"column":1}},{"start":{},"end":{}}],"line":13},"1":{"loc":{"start":{"line":21,"column":4},"end":{"line":21,"column":44}},"type":"if","locations":[{"start":{"line":21,"column":4},"end":{"line":21,"column":44}},{"start":{},"end":{}}],"line":21},"2":{"loc":{"start":{"line":33,"column":4},"end":{"line":33,"column":44}},"type":"if","locations":[{"start":{"line":33,"column":4},"end":{"line":33,"column":44}},{"start":{},"end":{}}],"line":33},"3":{"loc":{"start":{"line":45,"column":4},"end":{"line":45,"column":44}},"type":"if","locations":[{"start":{"line":45,"column":4},"end":{"line":45,"column":44}},{"start":{},"end":{}}],"line":45},"4":{"loc":{"start":{"line":58,"column":2},"end":{"line":61,"column":3}},"type":"if","locations":[{"start":{"line":58,"column":2},"end":{"line":61,"column":3}},{"start":{},"end":{}}],"line":58},"5":{"loc":{"start":{"line":58,"column":6},"end":{"line":58,"column":53}},"type":"binary-expr","locations":[{"start":{"line":58,"column":6},"end":{"line":58,"column":32}},{"start":{"line":58,"column":36},"end":{"line":58,"column":53}}],"line":58}},"s":{"0":9,"1":9,"2":9,"3":9,"4":9,"5":9,"6":9,"7":9,"8":0,"9":9,"10":12,"11":12,"12":0,"13":12,"14":12,"15":0,"16":0,"17":6,"18":6,"19":0,"20":6,"21":6,"22":0,"23":0,"24":19,"25":19,"26":0,"27":19,"28":19,"29":0,"30":0,"31":9,"32":9,"33":9,"34":0,"35":0,"36":0,"37":0,"38":0,"39":0,"40":0,"41":0,"42":0,"43":0,"44":39,"45":9},"f":{"0":12,"1":0,"2":6,"3":0,"4":19,"5":0,"6":9,"7":0,"8":0,"9":39},"b":{"0":[0,9],"1":[0,12],"2":[0,6],"3":[0,19],"4":[9,0],"5":[9,0]},"_coverageSchema":"1a1c01bbd47fc00a2c39e90264f33305004495a9","hash":"990738dde5be2c4e87aaf445102944e0069fa884"}
,"/Users/sachin/Desktop/evcorn/backend/config/env.js": {"path":"/Users/sachin/Desktop/evcorn/backend/config/env.js","statementMap":{"0":{"start":{"line":5,"column":0},"end":{"line":5,"column":27}},"1":{"start":{"line":7,"column":15},"end":{"line":22,"column":1}},"2":{"start":{"line":15,"column":54},"end":{"line":15,"column":62}},"3":{"start":{"line":26,"column":2},"end":{"line":28,"column":3}},"4":{"start":{"line":27,"column":4},"end":{"line":27,"column":89}},"5":{"start":{"line":30,"column":2},"end":{"line":37,"column":3}},"6":{"start":{"line":31,"column":4},"end":{"line":33,"column":5}},"7":{"start":{"line":32,"column":6},"end":{"line":32,"column":82}},"8":{"start":{"line":34,"column":4},"end":{"line":36,"column":5}},"9":{"start":{"line":35,"column":6},"end":{"line":35,"column":99}},"10":{"start":{"line":40,"column":0},"end":{"line":40,"column":14}},"11":{"start":{"line":42,"column":0},"end":{"line":42,"column":24}}},"fnMap":{"0":{"name":"(anonymous_0)","decl":{"start":{"line":15,"column":49},"end":{"line":15,"column":50}},"loc":{"start":{"line":15,"column":54},"end":{"line":15,"column":62}},"line":15},"1":{"name":"validateEnv","decl":{"start":{"line":25,"column":9},"end":{"line":25,"column":20}},"loc":{"start":{"line":25,"column":23},"end":{"line":38,"column":1}},"line":25}},"branchMap":{"0":{"loc":{"start":{"line":8,"column":17},"end":{"line":8,"column":43}},"type":"binary-expr","locations":[{"start":{"line":8,"column":17},"end":{"line":8,"column":33}},{"start":{"line":8,"column":37},"end":{"line":8,"column":43}}],"line":8},"1":{"loc":{"start":{"line":9,"column":12},"end":{"line":9,"column":49}},"type":"binary-expr","locations":[{"start":{"line":9,"column":12},"end":{"line":9,"column":32}},{"start":{"line":9,"column":36},"end":{"line":9,"column":49}}],"line":9},"2":{"loc":{"start":{"line":10,"column":13},"end":{"line":10,"column":40}},"type":"binary-expr","locations":[{"start":{"line":10,"column":13},"end":{"line":10,"column":34}},{"start":{"line":10,"column":38},"end":{"line":10,"column":40}}],"line":10},"3":{"loc":{"start":{"line":11,"column":18},"end":{"line":11,"column":55}},"type":"binary-expr","locations":[{"start":{"line":11,"column":18},"end":{"line":11,"column":44}},{"start":{"line":11,"column":48},"end":{"line":11,"column":55}}],"line":11},"4":{"loc":{"start":{"line":12,"column":14},"end":{"line":12,"column":101}},"type":"binary-expr","locations":[{"start":{"line":12,"column":14},"end":{"line":12,"column":36}},{"start":{"line":12,"column":40},"end":{"line":12,"column":66}},{"start":{"line":12,"column":70},"end":{"line":12,"column":101}}],"line":12},"5":{"loc":{"start":{"line":13,"column":18},"end":{"line":13,"column":53}},"type":"binary-expr","locations":[{"start":{"line":13,"column":18},"end":{"line":13,"column":44}},{"start":{"line":13,"column":48},"end":{"line":13,"column":53}}],"line":13},"6":{"loc":{"start":{"line":14,"column":19},"end":{"line":16,"column":108}},"type":"cond-expr","locations":[{"start":{"line":15,"column":6},"end":{"line":15,"column":63}},{"start":{"line":16,"column":6},"end":{"line":16,"column":108}}],"line":14},"7":{"loc":{"start":{"line":18,"column":16},"end":{"line":18,"column":55}},"type":"binary-expr","locations":[{"start":{"line":18,"column":16},"end":{"line":18,"column":49}},{"start":{"line":18,"column":53},"end":{"line":18,"column":55}}],"line":18},"8":{"loc":{"start":{"line":19,"column":13},"end":{"line":19,"column":49}},"type":"binary-expr","locations":[{"start":{"line":19,"column":13},"end":{"line":19,"column":43}},{"start":{"line":19,"column":47},"end":{"line":19,"column":49}}],"line":19},"9":{"loc":{"start":{"line":20,"column":16},"end":{"line":20,"column":55}},"type":"binary-expr","locations":[{"start":{"line":20,"column":16},"end":{"line":20,"column":49}},{"start":{"line":20,"column":53},"end":{"line":20,"column":55}}],"line":20},"10":{"loc":{"start":{"line":26,"column":2},"end":{"line":28,"column":3}},"type":"if","locations":[{"start":{"line":26,"column":2},"end":{"line":28,"column":3}},{"start":{},"end":{}}],"line":26},"11":{"loc":{"start":{"line":26,"column":6},"end":{"line":26,"column":44}},"type":"binary-expr","locations":[{"start":{"line":26,"column":6},"end":{"line":26,"column":24}},{"start":{"line":26,"column":28},"end":{"line":26,"column":44}}],"line":26},"12":{"loc":{"start":{"line":30,"column":2},"end":{"line":37,"column":3}},"type":"if","locations":[{"start":{"line":30,"column":2},"end":{"line":37,"column":3}},{"start":{},"end":{}}],"line":30},"13":{"loc":{"start":{"line":31,"column":4},"end":{"line":33,"column":5}},"type":"if","locations":[{"start":{"line":31,"column":4},"end":{"line":33,"column":5}},{"start":{},"end":{}}],"line":31},"14":{"loc":{"start":{"line":34,"column":4},"end":{"line":36,"column":5}},"type":"if","locations":[{"start":{"line":34,"column":4},"end":{"line":36,"column":5}},{"start":{},"end":{}}],"line":34}},"s":{"0":10,"1":10,"2":0,"3":10,"4":0,"5":10,"6":0,"7":0,"8":0,"9":0,"10":10,"11":10},"f":{"0":0,"1":10},"b":{"0":[10,0],"1":[10,0],"2":[10,0],"3":[10,0],"4":[10,10,0],"5":[10,10],"6":[0,10],"7":[10,0],"8":[10,0],"9":[10,0],"10":[0,10],"11":[10,10],"12":[0,10],"13":[0,0],"14":[0,0]},"_coverageSchema":"1a1c01bbd47fc00a2c39e90264f33305004495a9","hash":"1f3beb559d2cdb2d161ce35557c4d65dbc8a34b4"}
,"/Users/sachin/Desktop/evcorn/backend/config/featureFlags.js": {"path":"/Users/sachin/Desktop/evcorn/backend/config/featureFlags.js","statementMap":{"0":{"start":{"line":5,"column":14},"end":{"line":11,"column":1}},"1":{"start":{"line":14,"column":2},"end":{"line":14,"column":34}},"2":{"start":{"line":18,"column":2},"end":{"line":18,"column":22}},"3":{"start":{"line":21,"column":0},"end":{"line":24,"column":2}}},"fnMap":{"0":{"name":"isFeatureEnabled","decl":{"start":{"line":13,"column":9},"end":{"line":13,"column":25}},"loc":{"start":{"line":13,"column":36},"end":{"line":15,"column":1}},"line":13},"1":{"name":"getFeatureFlags","decl":{"start":{"line":17,"column":9},"end":{"line":17,"column":24}},"loc":{"start":{"line":17,"column":27},"end":{"line":19,"column":1}},"line":17}},"branchMap":{},"s":{"0":1,"1":0,"2":1,"3":1},"f":{"0":0,"1":1},"b":{},"_coverageSchema":"1a1c01bbd47fc00a2c39e90264f33305004495a9","hash":"3f15636fd8b028201ebc9329d9027ed1b6b132b6"}
,"/Users/sachin/Desktop/evcorn/backend/constants/api.constants.js": {"path":"/Users/sachin/Desktop/evcorn/backend/constants/api.constants.js","statementMap":{"0":{"start":{"line":5,"column":0},"end":{"line":27,"column":2}}},"fnMap":{},"branchMap":{},"s":{"0":9},"f":{},"b":{},"_coverageSchema":"1a1c01bbd47fc00a2c39e90264f33305004495a9","hash":"669b6748a50a63f96f3ddc547a09f6ce36f6e5b9"}
,"/Users/sachin/Desktop/evcorn/backend/controllers/admin.controller.js": {"path":"/Users/sachin/Desktop/evcorn/backend/controllers/admin.controller.js","statementMap":{"0":{"start":{"line":4,"column":16},"end":{"line":4,"column":44}},"1":{"start":{"line":5,"column":16},"end":{"line":5,"column":44}},"2":{"start":{"line":6,"column":17},"end":{"line":6,"column":46}},"3":{"start":{"line":7,"column":34},"end":{"line":7,"column":63}},"4":{"start":{"line":8,"column":28},"end":{"line":8,"column":57}},"5":{"start":{"line":11,"column":20},"end":{"line":14,"column":1}},"6":{"start":{"line":18,"column":4},"end":{"line":73,"column":5}},"7":{"start":{"line":19,"column":26},"end":{"line":19,"column":27}},"8":{"start":{"line":20,"column":26},"end":{"line":20,"column":27}},"9":{"start":{"line":21,"column":30},"end":{"line":21,"column":31}},"10":{"start":{"line":22,"column":26},"end":{"line":22,"column":27}},"11":{"start":{"line":23,"column":24},"end":{"line":23,"column":25}},"12":{"start":{"line":24,"column":28},"end":{"line":24,"column":29}},"13":{"start":{"line":26,"column":6},"end":{"line":50,"column":7}},"14":{"start":{"line":27,"column":25},"end":{"line":27,"column":45}},"15":{"start":{"line":28,"column":25},"end":{"line":28,"column":45}},"16":{"start":{"line":29,"column":27},"end":{"line":29,"column":49}},"17":{"start":{"line":30,"column":8},"end":{"line":30,"column":40}},"18":{"start":{"line":31,"column":8},"end":{"line":31,"column":40}},"19":{"start":{"line":32,"column":8},"end":{"line":32,"column":90}},"20":{"start":{"line":32,"column":49},"end":{"line":32,"column":81}},"21":{"start":{"line":33,"column":8},"end":{"line":33,"column":74}},"22":{"start":{"line":33,"column":45},"end":{"line":33,"column":65}},"23":{"start":{"line":34,"column":8},"end":{"line":34,"column":40}},"24":{"start":{"line":35,"column":8},"end":{"line":35,"column":44}},"25":{"start":{"line":37,"column":57},"end":{"line":43,"column":10}},"26":{"start":{"line":44,"column":8},"end":{"line":44,"column":31}},"27":{"start":{"line":45,"column":8},"end":{"line":45,"column":31}},"28":{"start":{"line":46,"column":8},"end":{"line":46,"column":35}},"29":{"start":{"line":47,"column":8},"end":{"line":47,"column":31}},"30":{"start":{"line":48,"column":8},"end":{"line":48,"column":29}},"31":{"start":{"line":49,"column":8},"end":{"line":49,"column":33}},"32":{"start":{"line":52,"column":6},"end":{"line":70,"column":9}},"33":{"start":{"line":72,"column":6},"end":{"line":72,"column":18}},"34":{"start":{"line":77,"column":4},"end":{"line":120,"column":5}},"35":{"start":{"line":78,"column":42},"end":{"line":78,"column":56}},"36":{"start":{"line":79,"column":6},"end":{"line":81,"column":7}},"37":{"start":{"line":80,"column":8},"end":{"line":80,"column":94}},"38":{"start":{"line":83,"column":25},"end":{"line":83,"column":26}},"39":{"start":{"line":85,"column":6},"end":{"line":103,"column":7}},"40":{"start":{"line":86,"column":8},"end":{"line":89,"column":9}},"41":{"start":{"line":87,"column":25},"end":{"line":87,"column":121}},"42":{"start":{"line":88,"column":10},"end":{"line":88,"column":46}},"43":{"start":{"line":90,"column":13},"end":{"line":103,"column":7}},"44":{"start":{"line":91,"column":8},"end":{"line":94,"column":9}},"45":{"start":{"line":92,"column":25},"end":{"line":92,"column":121}},"46":{"start":{"line":93,"column":10},"end":{"line":93,"column":46}},"47":{"start":{"line":95,"column":13},"end":{"line":103,"column":7}},"48":{"start":{"line":96,"column":8},"end":{"line":96,"column":96}},"49":{"start":{"line":96,"column":25},"end":{"line":96,"column":96}},"50":{"start":{"line":97,"column":8},"end":{"line":100,"column":9}},"51":{"start":{"line":98,"column":25},"end":{"line":98,"column":98}},"52":{"start":{"line":99,"column":10},"end":{"line":99,"column":46}},"53":{"start":{"line":102,"column":8},"end":{"line":102,"column":74}},"54":{"start":{"line":105,"column":6},"end":{"line":110,"column":9}},"55":{"start":{"line":112,"column":6},"end":{"line":117,"column":9}},"56":{"start":{"line":119,"column":6},"end":{"line":119,"column":18}},"57":{"start":{"line":124,"column":4},"end":{"line":152,"column":5}},"58":{"start":{"line":125,"column":33},"end":{"line":125,"column":42}},"59":{"start":{"line":126,"column":17},"end":{"line":126,"column":19}},"60":{"start":{"line":128,"column":6},"end":{"line":132,"column":7}},"61":{"start":{"line":129,"column":8},"end":{"line":129,"column":77}},"62":{"start":{"line":131,"column":8},"end":{"line":131,"column":77}},"63":{"start":{"line":134,"column":6},"end":{"line":142,"column":7}},"64":{"start":{"line":135,"column":24},"end":{"line":135,"column":60}},"65":{"start":{"line":136,"column":21},"end":{"line":136,"column":119}},"66":{"start":{"line":136,"column":38},"end":{"line":136,"column":118}},"67":{"start":{"line":136,"column":69},"end":{"line":136,"column":107}},"68":{"start":{"line":137,"column":20},"end":{"line":137,"column":49}},"69":{"start":{"line":139,"column":8},"end":{"line":139,"column":50}},"70":{"start":{"line":140,"column":8},"end":{"line":140,"column":95}},"71":{"start":{"line":141,"column":8},"end":{"line":141,"column":41}},"72":{"start":{"line":144,"column":6},"end":{"line":149,"column":9}},"73":{"start":{"line":151,"column":6},"end":{"line":151,"column":18}},"74":{"start":{"line":156,"column":4},"end":{"line":159,"column":7}},"75":{"start":{"line":163,"column":4},"end":{"line":198,"column":5}},"76":{"start":{"line":164,"column":23},"end":{"line":164,"column":123}},"77":{"start":{"line":165,"column":23},"end":{"line":165,"column":106}},"78":{"start":{"line":167,"column":25},"end":{"line":167,"column":27}},"79":{"start":{"line":168,"column":6},"end":{"line":178,"column":9}},"80":{"start":{"line":169,"column":8},"end":{"line":177,"column":9}},"81":{"start":{"line":170,"column":10},"end":{"line":176,"column":13}},"82":{"start":{"line":179,"column":6},"end":{"line":189,"column":9}},"83":{"start":{"line":180,"column":8},"end":{"line":188,"column":9}},"84":{"start":{"line":181,"column":10},"end":{"line":187,"column":13}},"85":{"start":{"line":191,"column":6},"end":{"line":195,"column":9}},"86":{"start":{"line":197,"column":6},"end":{"line":197,"column":18}},"87":{"start":{"line":202,"column":0},"end":{"line":202,"column":39}}},"fnMap":{"0":{"name":"(anonymous_0)","decl":{"start":{"line":17,"column":2},"end":{"line":17,"column":3}},"loc":{"start":{"line":17,"column":37},"end":{"line":74,"column":3}},"line":17},"1":{"name":"(anonymous_1)","decl":{"start":{"line":32,"column":44},"end":{"line":32,"column":45}},"loc":{"start":{"line":32,"column":49},"end":{"line":32,"column":81}},"line":32},"2":{"name":"(anonymous_2)","decl":{"start":{"line":33,"column":40},"end":{"line":33,"column":41}},"loc":{"start":{"line":33,"column":45},"end":{"line":33,"column":65}},"line":33},"3":{"name":"(anonymous_3)","decl":{"start":{"line":76,"column":2},"end":{"line":76,"column":3}},"loc":{"start":{"line":76,"column":45},"end":{"line":121,"column":3}},"line":76},"4":{"name":"(anonymous_4)","decl":{"start":{"line":123,"column":2},"end":{"line":123,"column":3}},"loc":{"start":{"line":123,"column":35},"end":{"line":153,"column":3}},"line":123},"5":{"name":"(anonymous_5)","decl":{"start":{"line":136,"column":30},"end":{"line":136,"column":31}},"loc":{"start":{"line":136,"column":38},"end":{"line":136,"column":118}},"line":136},"6":{"name":"(anonymous_6)","decl":{"start":{"line":136,"column":62},"end":{"line":136,"column":63}},"loc":{"start":{"line":136,"column":69},"end":{"line":136,"column":107}},"line":136},"7":{"name":"(anonymous_7)","decl":{"start":{"line":155,"column":2},"end":{"line":155,"column":3}},"loc":{"start":{"line":155,"column":33},"end":{"line":160,"column":3}},"line":155},"8":{"name":"(anonymous_8)","decl":{"start":{"line":162,"column":2},"end":{"line":162,"column":3}},"loc":{"start":{"line":162,"column":40},"end":{"line":199,"column":3}},"line":162},"9":{"name":"(anonymous_9)","decl":{"start":{"line":168,"column":23},"end":{"line":168,"column":24}},"loc":{"start":{"line":168,"column":28},"end":{"line":178,"column":7}},"line":168},"10":{"name":"(anonymous_10)","decl":{"start":{"line":179,"column":23},"end":{"line":179,"column":24}},"loc":{"start":{"line":179,"column":28},"end":{"line":189,"column":7}},"line":179}},"branchMap":{"0":{"loc":{"start":{"line":26,"column":6},"end":{"line":50,"column":7}},"type":"if","locations":[{"start":{"line":26,"column":6},"end":{"line":50,"column":7}},{"start":{"line":36,"column":13},"end":{"line":50,"column":7}}],"line":26},"1":{"loc":{"start":{"line":32,"column":49},"end":{"line":32,"column":81}},"type":"binary-expr","locations":[{"start":{"line":32,"column":49},"end":{"line":32,"column":57}},{"start":{"line":32,"column":61},"end":{"line":32,"column":81}}],"line":32},"2":{"loc":{"start":{"line":78,"column":42},"end":{"line":78,"column":56}},"type":"binary-expr","locations":[{"start":{"line":78,"column":42},"end":{"line":78,"column":50}},{"start":{"line":78,"column":54},"end":{"line":78,"column":56}}],"line":78},"3":{"loc":{"start":{"line":79,"column":6},"end":{"line":81,"column":7}},"type":"if","locations":[{"start":{"line":79,"column":6},"end":{"line":81,"column":7}},{"start":{},"end":{}}],"line":79},"4":{"loc":{"start":{"line":79,"column":10},"end":{"line":79,"column":49}},"type":"binary-expr","locations":[{"start":{"line":79,"column":10},"end":{"line":79,"column":29}},{"start":{"line":79,"column":33},"end":{"line":79,"column":49}}],"line":79},"5":{"loc":{"start":{"line":85,"column":6},"end":{"line":103,"column":7}},"type":"if","locations":[{"start":{"line":85,"column":6},"end":{"line":103,"column":7}},{"start":{"line":90,"column":13},"end":{"line":103,"column":7}}],"line":85},"6":{"loc":{"start":{"line":86,"column":8},"end":{"line":89,"column":9}},"type":"if","locations":[{"start":{"line":86,"column":8},"end":{"line":89,"column":9}},{"start":{},"end":{}}],"line":86},"7":{"loc":{"start":{"line":90,"column":13},"end":{"line":103,"column":7}},"type":"if","locations":[{"start":{"line":90,"column":13},"end":{"line":103,"column":7}},{"start":{"line":95,"column":13},"end":{"line":103,"column":7}}],"line":90},"8":{"loc":{"start":{"line":91,"column":8},"end":{"line":94,"column":9}},"type":"if","locations":[{"start":{"line":91,"column":8},"end":{"line":94,"column":9}},{"start":{},"end":{}}],"line":91},"9":{"loc":{"start":{"line":95,"column":13},"end":{"line":103,"column":7}},"type":"if","locations":[{"start":{"line":95,"column":13},"end":{"line":103,"column":7}},{"start":{"line":101,"column":13},"end":{"line":103,"column":7}}],"line":95},"10":{"loc":{"start":{"line":96,"column":8},"end":{"line":96,"column":96}},"type":"if","locations":[{"start":{"line":96,"column":8},"end":{"line":96,"column":96}},{"start":{},"end":{}}],"line":96},"11":{"loc":{"start":{"line":97,"column":8},"end":{"line":100,"column":9}},"type":"if","locations":[{"start":{"line":97,"column":8},"end":{"line":100,"column":9}},{"start":{},"end":{}}],"line":97},"12":{"loc":{"start":{"line":128,"column":6},"end":{"line":132,"column":7}},"type":"if","locations":[{"start":{"line":128,"column":6},"end":{"line":132,"column":7}},{"start":{"line":130,"column":13},"end":{"line":132,"column":7}}],"line":128},"13":{"loc":{"start":{"line":129,"column":15},"end":{"line":129,"column":76}},"type":"cond-expr","locations":[{"start":{"line":129,"column":33},"end":{"line":129,"column":53}},{"start":{"line":129,"column":56},"end":{"line":129,"column":76}}],"line":129},"14":{"loc":{"start":{"line":131,"column":15},"end":{"line":131,"column":76}},"type":"cond-expr","locations":[{"start":{"line":131,"column":33},"end":{"line":131,"column":53}},{"start":{"line":131,"column":56},"end":{"line":131,"column":76}}],"line":131},"15":{"loc":{"start":{"line":134,"column":6},"end":{"line":142,"column":7}},"type":"if","locations":[{"start":{"line":134,"column":6},"end":{"line":142,"column":7}},{"start":{},"end":{}}],"line":134},"16":{"loc":{"start":{"line":135,"column":36},"end":{"line":135,"column":49}},"type":"binary-expr","locations":[{"start":{"line":135,"column":36},"end":{"line":135,"column":43}},{"start":{"line":135,"column":47},"end":{"line":135,"column":49}}],"line":135},"17":{"loc":{"start":{"line":140,"column":69},"end":{"line":140,"column":87}},"type":"binary-expr","locations":[{"start":{"line":140,"column":69},"end":{"line":140,"column":75}},{"start":{"line":140,"column":79},"end":{"line":140,"column":87}}],"line":140},"18":{"loc":{"start":{"line":146,"column":16},"end":{"line":146,"column":36}},"type":"binary-expr","locations":[{"start":{"line":146,"column":16},"end":{"line":146,"column":22}},{"start":{"line":146,"column":26},"end":{"line":146,"column":36}}],"line":146},"19":{"loc":{"start":{"line":164,"column":23},"end":{"line":164,"column":123}},"type":"cond-expr","locations":[{"start":{"line":164,"column":41},"end":{"line":164,"column":61}},{"start":{"line":164,"column":64},"end":{"line":164,"column":123}}],"line":164},"20":{"loc":{"start":{"line":165,"column":23},"end":{"line":165,"column":106}},"type":"cond-expr","locations":[{"start":{"line":165,"column":41},"end":{"line":165,"column":61}},{"start":{"line":165,"column":64},"end":{"line":165,"column":106}}],"line":165},"21":{"loc":{"start":{"line":169,"column":8},"end":{"line":177,"column":9}},"type":"if","locations":[{"start":{"line":169,"column":8},"end":{"line":177,"column":9}},{"start":{},"end":{}}],"line":169},"22":{"loc":{"start":{"line":180,"column":8},"end":{"line":188,"column":9}},"type":"if","locations":[{"start":{"line":180,"column":8},"end":{"line":188,"column":9}},{"start":{},"end":{}}],"line":180}},"s":{"0":9,"1":9,"2":9,"3":9,"4":9,"5":9,"6":1,"7":1,"8":1,"9":1,"10":1,"11":1,"12":1,"13":1,"14":1,"15":1,"16":1,"17":1,"18":1,"19":1,"20":2,"21":1,"22":2,"23":1,"24":1,"25":0,"26":0,"27":0,"28":0,"29":0,"30":0,"31":0,"32":1,"33":0,"34":1,"35":1,"36":1,"37":0,"38":1,"39":1,"40":1,"41":0,"42":0,"43":0,"44":0,"45":0,"46":0,"47":0,"48":0,"49":0,"50":0,"51":0,"52":0,"53":0,"54":1,"55":1,"56":0,"57":1,"58":1,"59":1,"60":1,"61":0,"62":1,"63":1,"64":0,"65":0,"66":0,"67":0,"68":0,"69":0,"70":0,"71":0,"72":1,"73":0,"74":1,"75":1,"76":1,"77":1,"78":1,"79":1,"80":2,"81":2,"82":1,"83":0,"84":0,"85":1,"86":0,"87":9},"f":{"0":1,"1":2,"2":2,"3":1,"4":1,"5":0,"6":0,"7":1,"8":1,"9":2,"10":0},"b":{"0":[1,0],"1":[2,2],"2":[1,0],"3":[0,1],"4":[1,1],"5":[1,0],"6":[0,1],"7":[0,0],"8":[0,0],"9":[0,0],"10":[0,0],"11":[0,0],"12":[0,1],"13":[0,0],"14":[1,0],"15":[0,1],"16":[0,0],"17":[0,0],"18":[1,0],"19":[1,0],"20":[1,0],"21":[2,0],"22":[0,0]},"_coverageSchema":"1a1c01bbd47fc00a2c39e90264f33305004495a9","hash":"a80498d63238d3c8b248a4b6fe6cf897991b6aee"}
,"/Users/sachin/Desktop/evcorn/backend/controllers/analytics.controller.js": {"path":"/Users/sachin/Desktop/evcorn/backend/controllers/analytics.controller.js","statementMap":{"0":{"start":{"line":4,"column":16},"end":{"line":4,"column":44}},"1":{"start":{"line":5,"column":16},"end":{"line":5,"column":44}},"2":{"start":{"line":6,"column":17},"end":{"line":6,"column":46}},"3":{"start":{"line":7,"column":34},"end":{"line":7,"column":63}},"4":{"start":{"line":8,"column":15},"end":{"line":8,"column":41}},"5":{"start":{"line":11,"column":23},"end":{"line":22,"column":1}},"6":{"start":{"line":26,"column":36},"end":{"line":26,"column":50}},"7":{"start":{"line":27,"column":4},"end":{"line":27,"column":33}},"8":{"start":{"line":29,"column":4},"end":{"line":47,"column":5}},"9":{"start":{"line":30,"column":6},"end":{"line":30,"column":33}},"10":{"start":{"line":31,"column":6},"end":{"line":31,"column":34}},"11":{"start":{"line":32,"column":6},"end":{"line":32,"column":35}},"12":{"start":{"line":33,"column":6},"end":{"line":33,"column":36}},"13":{"start":{"line":34,"column":11},"end":{"line":47,"column":5}},"14":{"start":{"line":35,"column":6},"end":{"line":35,"column":113}},"15":{"start":{"line":36,"column":11},"end":{"line":47,"column":5}},"16":{"start":{"line":37,"column":6},"end":{"line":37,"column":113}},"17":{"start":{"line":38,"column":11},"end":{"line":47,"column":5}},"18":{"start":{"line":39,"column":18},"end":{"line":39,"column":57}},"19":{"start":{"line":40,"column":6},"end":{"line":40,"column":89}},"20":{"start":{"line":41,"column":11},"end":{"line":47,"column":5}},"21":{"start":{"line":42,"column":19},"end":{"line":42,"column":59}},"22":{"start":{"line":43,"column":6},"end":{"line":43,"column":79}},"23":{"start":{"line":44,"column":6},"end":{"line":46,"column":7}},"24":{"start":{"line":45,"column":8},"end":{"line":45,"column":101}},"25":{"start":{"line":49,"column":4},"end":{"line":49,"column":44}},"26":{"start":{"line":53,"column":4},"end":{"line":105,"column":5}},"27":{"start":{"line":54,"column":25},"end":{"line":54,"column":26}},"28":{"start":{"line":55,"column":30},"end":{"line":55,"column":31}},"29":{"start":{"line":56,"column":26},"end":{"line":56,"column":27}},"30":{"start":{"line":57,"column":25},"end":{"line":57,"column":26}},"31":{"start":{"line":58,"column":23},"end":{"line":58,"column":24}},"32":{"start":{"line":60,"column":6},"end":{"line":82,"column":7}},"33":{"start":{"line":61,"column":25},"end":{"line":61,"column":45}},"34":{"start":{"line":62,"column":25},"end":{"line":62,"column":45}},"35":{"start":{"line":63,"column":27},"end":{"line":63,"column":49}},"36":{"start":{"line":64,"column":8},"end":{"line":64,"column":39}},"37":{"start":{"line":65,"column":8},"end":{"line":65,"column":90}},"38":{"start":{"line":65,"column":49},"end":{"line":65,"column":81}},"39":{"start":{"line":66,"column":8},"end":{"line":66,"column":74}},"40":{"start":{"line":66,"column":45},"end":{"line":66,"column":65}},"41":{"start":{"line":67,"column":8},"end":{"line":67,"column":39}},"42":{"start":{"line":68,"column":8},"end":{"line":68,"column":39}},"43":{"start":{"line":70,"column":67},"end":{"line":76,"column":10}},"44":{"start":{"line":77,"column":8},"end":{"line":77,"column":32}},"45":{"start":{"line":78,"column":8},"end":{"line":78,"column":35}},"46":{"start":{"line":79,"column":8},"end":{"line":79,"column":33}},"47":{"start":{"line":80,"column":8},"end":{"line":80,"column":32}},"48":{"start":{"line":81,"column":8},"end":{"line":81,"column":32}},"49":{"start":{"line":84,"column":6},"end":{"line":102,"column":9}},"50":{"start":{"line":104,"column":6},"end":{"line":104,"column":18}},"51":{"start":{"line":109,"column":4},"end":{"line":116,"column":7}},"52":{"start":{"line":120,"column":4},"end":{"line":126,"column":7}},"53":{"start":{"line":130,"column":0},"end":{"line":130,"column":43}}},"fnMap":{"0":{"name":"(anonymous_0)","decl":{"start":{"line":25,"column":2},"end":{"line":25,"column":3}},"loc":{"start":{"line":25,"column":29},"end":{"line":50,"column":3}},"line":25},"1":{"name":"(anonymous_1)","decl":{"start":{"line":52,"column":2},"end":{"line":52,"column":3}},"loc":{"start":{"line":52,"column":36},"end":{"line":106,"column":3}},"line":52},"2":{"name":"(anonymous_2)","decl":{"start":{"line":65,"column":44},"end":{"line":65,"column":45}},"loc":{"start":{"line":65,"column":49},"end":{"line":65,"column":81}},"line":65},"3":{"name":"(anonymous_3)","decl":{"start":{"line":66,"column":40},"end":{"line":66,"column":41}},"loc":{"start":{"line":66,"column":45},"end":{"line":66,"column":65}},"line":66},"4":{"name":"(anonymous_4)","decl":{"start":{"line":108,"column":2},"end":{"line":108,"column":3}},"loc":{"start":{"line":108,"column":32},"end":{"line":117,"column":3}},"line":108},"5":{"name":"(anonymous_5)","decl":{"start":{"line":119,"column":2},"end":{"line":119,"column":3}},"loc":{"start":{"line":119,"column":37},"end":{"line":127,"column":3}},"line":119}},"branchMap":{"0":{"loc":{"start":{"line":26,"column":36},"end":{"line":26,"column":50}},"type":"binary-expr","locations":[{"start":{"line":26,"column":36},"end":{"line":26,"column":44}},{"start":{"line":26,"column":48},"end":{"line":26,"column":50}}],"line":26},"1":{"loc":{"start":{"line":29,"column":4},"end":{"line":47,"column":5}},"type":"if","locations":[{"start":{"line":29,"column":4},"end":{"line":47,"column":5}},{"start":{"line":34,"column":11},"end":{"line":47,"column":5}}],"line":29},"2":{"loc":{"start":{"line":34,"column":11},"end":{"line":47,"column":5}},"type":"if","locations":[{"start":{"line":34,"column":11},"end":{"line":47,"column":5}},{"start":{"line":36,"column":11},"end":{"line":47,"column":5}}],"line":34},"3":{"loc":{"start":{"line":34,"column":15},"end":{"line":34,"column":66}},"type":"binary-expr","locations":[{"start":{"line":34,"column":15},"end":{"line":34,"column":43}},{"start":{"line":34,"column":47},"end":{"line":34,"column":66}}],"line":34},"4":{"loc":{"start":{"line":35,"column":56},"end":{"line":35,"column":107}},"type":"binary-expr","locations":[{"start":{"line":35,"column":56},"end":{"line":35,"column":102}},{"start":{"line":35,"column":106},"end":{"line":35,"column":107}}],"line":35},"5":{"loc":{"start":{"line":36,"column":11},"end":{"line":47,"column":5}},"type":"if","locations":[{"start":{"line":36,"column":11},"end":{"line":47,"column":5}},{"start":{"line":38,"column":11},"end":{"line":47,"column":5}}],"line":36},"6":{"loc":{"start":{"line":36,"column":15},"end":{"line":36,"column":66}},"type":"binary-expr","locations":[{"start":{"line":36,"column":15},"end":{"line":36,"column":43}},{"start":{"line":36,"column":47},"end":{"line":36,"column":66}}],"line":36},"7":{"loc":{"start":{"line":37,"column":56},"end":{"line":37,"column":107}},"type":"binary-expr","locations":[{"start":{"line":37,"column":56},"end":{"line":37,"column":102}},{"start":{"line":37,"column":106},"end":{"line":37,"column":107}}],"line":37},"8":{"loc":{"start":{"line":38,"column":11},"end":{"line":47,"column":5}},"type":"if","locations":[{"start":{"line":38,"column":11},"end":{"line":47,"column":5}},{"start":{"line":41,"column":11},"end":{"line":47,"column":5}}],"line":38},"9":{"loc":{"start":{"line":38,"column":15},"end":{"line":38,"column":85}},"type":"binary-expr","locations":[{"start":{"line":38,"column":15},"end":{"line":38,"column":46}},{"start":{"line":38,"column":50},"end":{"line":38,"column":85}}],"line":38},"10":{"loc":{"start":{"line":40,"column":44},"end":{"line":40,"column":83}},"type":"binary-expr","locations":[{"start":{"line":40,"column":44},"end":{"line":40,"column":78}},{"start":{"line":40,"column":82},"end":{"line":40,"column":83}}],"line":40},"11":{"loc":{"start":{"line":41,"column":11},"end":{"line":47,"column":5}},"type":"if","locations":[{"start":{"line":41,"column":11},"end":{"line":47,"column":5}},{"start":{},"end":{}}],"line":41},"12":{"loc":{"start":{"line":41,"column":15},"end":{"line":41,"column":61}},"type":"binary-expr","locations":[{"start":{"line":41,"column":15},"end":{"line":41,"column":37}},{"start":{"line":41,"column":41},"end":{"line":41,"column":61}}],"line":41},"13":{"loc":{"start":{"line":43,"column":39},"end":{"line":43,"column":73}},"type":"binary-expr","locations":[{"start":{"line":43,"column":39},"end":{"line":43,"column":68}},{"start":{"line":43,"column":72},"end":{"line":43,"column":73}}],"line":43},"14":{"loc":{"start":{"line":44,"column":6},"end":{"line":46,"column":7}},"type":"if","locations":[{"start":{"line":44,"column":6},"end":{"line":46,"column":7}},{"start":{},"end":{}}],"line":44},"15":{"loc":{"start":{"line":45,"column":51},"end":{"line":45,"column":95}},"type":"binary-expr","locations":[{"start":{"line":45,"column":51},"end":{"line":45,"column":90}},{"start":{"line":45,"column":94},"end":{"line":45,"column":95}}],"line":45},"16":{"loc":{"start":{"line":60,"column":6},"end":{"line":82,"column":7}},"type":"if","locations":[{"start":{"line":60,"column":6},"end":{"line":82,"column":7}},{"start":{"line":69,"column":13},"end":{"line":82,"column":7}}],"line":60},"17":{"loc":{"start":{"line":65,"column":49},"end":{"line":65,"column":81}},"type":"binary-expr","locations":[{"start":{"line":65,"column":49},"end":{"line":65,"column":57}},{"start":{"line":65,"column":61},"end":{"line":65,"column":81}}],"line":65}},"s":{"0":9,"1":9,"2":9,"3":9,"4":9,"5":9,"6":1,"7":1,"8":1,"9":1,"10":1,"11":1,"12":1,"13":0,"14":0,"15":0,"16":0,"17":0,"18":0,"19":0,"20":0,"21":0,"22":0,"23":0,"24":0,"25":1,"26":1,"27":1,"28":1,"29":1,"30":1,"31":1,"32":1,"33":1,"34":1,"35":1,"36":1,"37":1,"38":2,"39":1,"40":2,"41":1,"42":1,"43":0,"44":0,"45":0,"46":0,"47":0,"48":0,"49":1,"50":0,"51":1,"52":1,"53":9},"f":{"0":1,"1":1,"2":2,"3":2,"4":1,"5":1},"b":{"0":[1,0],"1":[1,0],"2":[0,0],"3":[0,0],"4":[0,0],"5":[0,0],"6":[0,0],"7":[0,0],"8":[0,0],"9":[0,0],"10":[0,0],"11":[0,0],"12":[0,0],"13":[0,0],"14":[0,0],"15":[0,0],"16":[1,0],"17":[2,2]},"_coverageSchema":"1a1c01bbd47fc00a2c39e90264f33305004495a9","hash":"2b0242559f6c741f07e6a611051c64efc665c65b"}
,"/Users/sachin/Desktop/evcorn/backend/controllers/article.controller.js": {"path":"/Users/sachin/Desktop/evcorn/backend/controllers/article.controller.js","statementMap":{"0":{"start":{"line":4,"column":23},"end":{"line":4,"column":61}},"1":{"start":{"line":5,"column":26},"end":{"line":5,"column":66}},"2":{"start":{"line":6,"column":33},"end":{"line":6,"column":75}},"3":{"start":{"line":10,"column":4},"end":{"line":16,"column":5}},"4":{"start":{"line":11,"column":6},"end":{"line":11,"column":31}},"5":{"start":{"line":12,"column":21},"end":{"line":12,"column":64}},"6":{"start":{"line":13,"column":6},"end":{"line":13,"column":23}},"7":{"start":{"line":15,"column":6},"end":{"line":15,"column":16}},"8":{"start":{"line":20,"column":4},"end":{"line":25,"column":5}},"9":{"start":{"line":21,"column":21},"end":{"line":21,"column":71}},"10":{"start":{"line":22,"column":6},"end":{"line":22,"column":23}},"11":{"start":{"line":24,"column":6},"end":{"line":24,"column":16}},"12":{"start":{"line":29,"column":4},"end":{"line":35,"column":5}},"13":{"start":{"line":30,"column":6},"end":{"line":30,"column":37}},"14":{"start":{"line":31,"column":21},"end":{"line":31,"column":65}},"15":{"start":{"line":32,"column":6},"end":{"line":32,"column":35}},"16":{"start":{"line":34,"column":6},"end":{"line":34,"column":16}},"17":{"start":{"line":39,"column":4},"end":{"line":44,"column":5}},"18":{"start":{"line":40,"column":21},"end":{"line":40,"column":80}},"19":{"start":{"line":41,"column":6},"end":{"line":41,"column":23}},"20":{"start":{"line":43,"column":6},"end":{"line":43,"column":16}},"21":{"start":{"line":48,"column":4},"end":{"line":53,"column":5}},"22":{"start":{"line":49,"column":21},"end":{"line":49,"column":70}},"23":{"start":{"line":50,"column":6},"end":{"line":50,"column":23}},"24":{"start":{"line":52,"column":6},"end":{"line":52,"column":16}},"25":{"start":{"line":57,"column":0},"end":{"line":57,"column":41}}},"fnMap":{"0":{"name":"(anonymous_0)","decl":{"start":{"line":9,"column":2},"end":{"line":9,"column":3}},"loc":{"start":{"line":9,"column":36},"end":{"line":17,"column":3}},"line":9},"1":{"name":"(anonymous_1)","decl":{"start":{"line":19,"column":2},"end":{"line":19,"column":3}},"loc":{"start":{"line":19,"column":39},"end":{"line":26,"column":3}},"line":19},"2":{"name":"(anonymous_2)","decl":{"start":{"line":28,"column":2},"end":{"line":28,"column":3}},"loc":{"start":{"line":28,"column":38},"end":{"line":36,"column":3}},"line":28},"3":{"name":"(anonymous_3)","decl":{"start":{"line":38,"column":2},"end":{"line":38,"column":3}},"loc":{"start":{"line":38,"column":38},"end":{"line":45,"column":3}},"line":38},"4":{"name":"(anonymous_4)","decl":{"start":{"line":47,"column":2},"end":{"line":47,"column":3}},"loc":{"start":{"line":47,"column":38},"end":{"line":54,"column":3}},"line":47}},"branchMap":{},"s":{"0":9,"1":9,"2":9,"3":1,"4":1,"5":1,"6":1,"7":0,"8":1,"9":1,"10":0,"11":1,"12":0,"13":0,"14":0,"15":0,"16":0,"17":0,"18":0,"19":0,"20":0,"21":0,"22":0,"23":0,"24":0,"25":9},"f":{"0":1,"1":1,"2":0,"3":0,"4":0},"b":{},"_coverageSchema":"1a1c01bbd47fc00a2c39e90264f33305004495a9","hash":"7d26c80800030df7c31f8cd44c9ba2f03b80e2f8"}
,"/Users/sachin/Desktop/evcorn/backend/controllers/auth.controller.js": {"path":"/Users/sachin/Desktop/evcorn/backend/controllers/auth.controller.js","statementMap":{"0":{"start":{"line":4,"column":15},"end":{"line":4,"column":39}},"1":{"start":{"line":5,"column":26},"end":{"line":5,"column":56}},"2":{"start":{"line":6,"column":15},"end":{"line":6,"column":41}},"3":{"start":{"line":7,"column":30},"end":{"line":7,"column":59}},"4":{"start":{"line":11,"column":4},"end":{"line":29,"column":5}},"5":{"start":{"line":12,"column":27},"end":{"line":12,"column":35}},"6":{"start":{"line":13,"column":23},"end":{"line":13,"column":91}},"7":{"start":{"line":15,"column":6},"end":{"line":23,"column":7}},"8":{"start":{"line":16,"column":22},"end":{"line":16,"column":68}},"9":{"start":{"line":17,"column":8},"end":{"line":17,"column":100}},"10":{"start":{"line":18,"column":8},"end":{"line":22,"column":11}},"11":{"start":{"line":25,"column":6},"end":{"line":25,"column":97}},"12":{"start":{"line":26,"column":6},"end":{"line":26,"column":60}},"13":{"start":{"line":28,"column":6},"end":{"line":28,"column":16}},"14":{"start":{"line":33,"column":4},"end":{"line":38,"column":5}},"15":{"start":{"line":34,"column":6},"end":{"line":34,"column":51}},"16":{"start":{"line":35,"column":6},"end":{"line":35,"column":70}},"17":{"start":{"line":37,"column":6},"end":{"line":37,"column":16}},"18":{"start":{"line":42,"column":0},"end":{"line":42,"column":38}}},"fnMap":{"0":{"name":"(anonymous_0)","decl":{"start":{"line":10,"column":2},"end":{"line":10,"column":3}},"loc":{"start":{"line":10,"column":30},"end":{"line":30,"column":3}},"line":10},"1":{"name":"(anonymous_1)","decl":{"start":{"line":32,"column":2},"end":{"line":32,"column":3}},"loc":{"start":{"line":32,"column":31},"end":{"line":39,"column":3}},"line":32}},"branchMap":{"0":{"loc":{"start":{"line":13,"column":23},"end":{"line":13,"column":91}},"type":"binary-expr","locations":[{"start":{"line":13,"column":23},"end":{"line":13,"column":29}},{"start":{"line":13,"column":33},"end":{"line":13,"column":63}},{"start":{"line":13,"column":67},"end":{"line":13,"column":91}}],"line":13},"1":{"loc":{"start":{"line":15,"column":6},"end":{"line":23,"column":7}},"type":"if","locations":[{"start":{"line":15,"column":6},"end":{"line":23,"column":7}},{"start":{},"end":{}}],"line":15}},"s":{"0":9,"1":9,"2":9,"3":9,"4":2,"5":2,"6":2,"7":2,"8":1,"9":1,"10":1,"11":1,"12":1,"13":1,"14":0,"15":0,"16":0,"17":0,"18":9},"f":{"0":2,"1":0},"b":{"0":[2,0,0],"1":[1,1]},"_coverageSchema":"1a1c01bbd47fc00a2c39e90264f33305004495a9","hash":"5e04a3ac7a6bde148309d0679e9f3fa59f4cfb60"}
,"/Users/sachin/Desktop/evcorn/backend/controllers/category.controller.js": {"path":"/Users/sachin/Desktop/evcorn/backend/controllers/category.controller.js","statementMap":{"0":{"start":{"line":4,"column":24},"end":{"line":4,"column":63}},"1":{"start":{"line":5,"column":28},"end":{"line":5,"column":57}},"2":{"start":{"line":9,"column":4},"end":{"line":14,"column":5}},"3":{"start":{"line":10,"column":21},"end":{"line":10,"column":58}},"4":{"start":{"line":11,"column":6},"end":{"line":11,"column":23}},"5":{"start":{"line":13,"column":6},"end":{"line":13,"column":16}},"6":{"start":{"line":18,"column":4},"end":{"line":27,"column":5}},"7":{"start":{"line":19,"column":27},"end":{"line":19,"column":35}},"8":{"start":{"line":20,"column":6},"end":{"line":22,"column":7}},"9":{"start":{"line":21,"column":8},"end":{"line":21,"column":80}},"10":{"start":{"line":23,"column":21},"end":{"line":23,"column":71}},"11":{"start":{"line":24,"column":6},"end":{"line":24,"column":35}},"12":{"start":{"line":26,"column":6},"end":{"line":26,"column":16}},"13":{"start":{"line":31,"column":4},"end":{"line":36,"column":5}},"14":{"start":{"line":32,"column":21},"end":{"line":32,"column":72}},"15":{"start":{"line":33,"column":6},"end":{"line":33,"column":23}},"16":{"start":{"line":35,"column":6},"end":{"line":35,"column":16}},"17":{"start":{"line":40,"column":0},"end":{"line":40,"column":42}}},"fnMap":{"0":{"name":"(anonymous_0)","decl":{"start":{"line":8,"column":2},"end":{"line":8,"column":3}},"loc":{"start":{"line":8,"column":38},"end":{"line":15,"column":3}},"line":8},"1":{"name":"(anonymous_1)","decl":{"start":{"line":17,"column":2},"end":{"line":17,"column":3}},"loc":{"start":{"line":17,"column":39},"end":{"line":28,"column":3}},"line":17},"2":{"name":"(anonymous_2)","decl":{"start":{"line":30,"column":2},"end":{"line":30,"column":3}},"loc":{"start":{"line":30,"column":39},"end":{"line":37,"column":3}},"line":30}},"branchMap":{"0":{"loc":{"start":{"line":20,"column":6},"end":{"line":22,"column":7}},"type":"if","locations":[{"start":{"line":20,"column":6},"end":{"line":22,"column":7}},{"start":{},"end":{}}],"line":20},"1":{"loc":{"start":{"line":20,"column":10},"end":{"line":20,"column":22}},"type":"binary-expr","locations":[{"start":{"line":20,"column":10},"end":{"line":20,"column":13}},{"start":{"line":20,"column":17},"end":{"line":20,"column":22}}],"line":20}},"s":{"0":9,"1":9,"2":1,"3":1,"4":1,"5":0,"6":0,"7":0,"8":0,"9":0,"10":0,"11":0,"12":0,"13":0,"14":0,"15":0,"16":0,"17":9},"f":{"0":1,"1":0,"2":0},"b":{"0":[0,0],"1":[0,0]},"_coverageSchema":"1a1c01bbd47fc00a2c39e90264f33305004495a9","hash":"50fb2e0b276a700826f574e52ca9265819faa66b"}
,"/Users/sachin/Desktop/evcorn/backend/controllers/evDomain.controller.js": {"path":"/Users/sachin/Desktop/evcorn/backend/controllers/evDomain.controller.js","statementMap":{"0":{"start":{"line":4,"column":24},"end":{"line":4,"column":63}},"1":{"start":{"line":5,"column":26},"end":{"line":5,"column":71}},"2":{"start":{"line":6,"column":29},"end":{"line":6,"column":58}},"3":{"start":{"line":10,"column":22},"end":{"line":10,"column":70}},"4":{"start":{"line":11,"column":4},"end":{"line":14,"column":7}},"5":{"start":{"line":18,"column":20},"end":{"line":18,"column":64}},"6":{"start":{"line":19,"column":4},"end":{"line":22,"column":7}},"7":{"start":{"line":26,"column":21},"end":{"line":26,"column":74}},"8":{"start":{"line":27,"column":4},"end":{"line":30,"column":7}},"9":{"start":{"line":34,"column":22},"end":{"line":34,"column":76}},"10":{"start":{"line":35,"column":4},"end":{"line":38,"column":7}},"11":{"start":{"line":42,"column":23},"end":{"line":42,"column":73}},"12":{"start":{"line":43,"column":4},"end":{"line":46,"column":7}},"13":{"start":{"line":50,"column":4},"end":{"line":65,"column":5}},"14":{"start":{"line":51,"column":26},"end":{"line":51,"column":61}},"15":{"start":{"line":52,"column":23},"end":{"line":52,"column":52}},"16":{"start":{"line":53,"column":30},"end":{"line":56,"column":8}},"17":{"start":{"line":58,"column":6},"end":{"line":62,"column":9}},"18":{"start":{"line":64,"column":6},"end":{"line":64,"column":18}},"19":{"start":{"line":69,"column":0},"end":{"line":69,"column":42}}},"fnMap":{"0":{"name":"(anonymous_0)","decl":{"start":{"line":9,"column":2},"end":{"line":9,"column":3}},"loc":{"start":{"line":9,"column":29},"end":{"line":15,"column":3}},"line":9},"1":{"name":"(anonymous_1)","decl":{"start":{"line":17,"column":2},"end":{"line":17,"column":3}},"loc":{"start":{"line":17,"column":25},"end":{"line":23,"column":3}},"line":17},"2":{"name":"(anonymous_2)","decl":{"start":{"line":25,"column":2},"end":{"line":25,"column":3}},"loc":{"start":{"line":25,"column":34},"end":{"line":31,"column":3}},"line":25},"3":{"name":"(anonymous_3)","decl":{"start":{"line":33,"column":2},"end":{"line":33,"column":3}},"loc":{"start":{"line":33,"column":36},"end":{"line":39,"column":3}},"line":33},"4":{"name":"(anonymous_4)","decl":{"start":{"line":41,"column":2},"end":{"line":41,"column":3}},"loc":{"start":{"line":41,"column":37},"end":{"line":47,"column":3}},"line":41},"5":{"name":"(anonymous_5)","decl":{"start":{"line":49,"column":2},"end":{"line":49,"column":3}},"loc":{"start":{"line":49,"column":48},"end":{"line":66,"column":3}},"line":49}},"branchMap":{"0":{"loc":{"start":{"line":10,"column":55},"end":{"line":10,"column":69}},"type":"binary-expr","locations":[{"start":{"line":10,"column":55},"end":{"line":10,"column":63}},{"start":{"line":10,"column":67},"end":{"line":10,"column":69}}],"line":10},"1":{"loc":{"start":{"line":18,"column":49},"end":{"line":18,"column":63}},"type":"binary-expr","locations":[{"start":{"line":18,"column":49},"end":{"line":18,"column":57}},{"start":{"line":18,"column":61},"end":{"line":18,"column":63}}],"line":18},"2":{"loc":{"start":{"line":26,"column":59},"end":{"line":26,"column":73}},"type":"binary-expr","locations":[{"start":{"line":26,"column":59},"end":{"line":26,"column":67}},{"start":{"line":26,"column":71},"end":{"line":26,"column":73}}],"line":26},"3":{"loc":{"start":{"line":34,"column":61},"end":{"line":34,"column":75}},"type":"binary-expr","locations":[{"start":{"line":34,"column":61},"end":{"line":34,"column":69}},{"start":{"line":34,"column":73},"end":{"line":34,"column":75}}],"line":34},"4":{"loc":{"start":{"line":42,"column":58},"end":{"line":42,"column":72}},"type":"binary-expr","locations":[{"start":{"line":42,"column":58},"end":{"line":42,"column":66}},{"start":{"line":42,"column":70},"end":{"line":42,"column":72}}],"line":42}},"s":{"0":9,"1":9,"2":9,"3":1,"4":1,"5":1,"6":1,"7":1,"8":1,"9":1,"10":1,"11":1,"12":1,"13":1,"14":1,"15":1,"16":1,"17":1,"18":0,"19":9},"f":{"0":1,"1":1,"2":1,"3":1,"4":1,"5":1},"b":{"0":[1,0],"1":[1,0],"2":[1,0],"3":[1,0],"4":[1,0]},"_coverageSchema":"1a1c01bbd47fc00a2c39e90264f33305004495a9","hash":"bffb4ef5bb8d8111659ddbdba47541f234d4950b"}
,"/Users/sachin/Desktop/evcorn/backend/controllers/health.controller.js": {"path":"/Users/sachin/Desktop/evcorn/backend/controllers/health.controller.js","statementMap":{"0":{"start":{"line":4,"column":17},"end":{"line":4,"column":36}},"1":{"start":{"line":5,"column":26},"end":{"line":5,"column":55}},"2":{"start":{"line":6,"column":29},"end":{"line":6,"column":79}},"3":{"start":{"line":10,"column":24},"end":{"line":10,"column":79}},"4":{"start":{"line":11,"column":4},"end":{"line":17,"column":7}},"5":{"start":{"line":21,"column":4},"end":{"line":24,"column":7}},"6":{"start":{"line":28,"column":24},"end":{"line":28,"column":79}},"7":{"start":{"line":29,"column":4},"end":{"line":35,"column":5}},"8":{"start":{"line":30,"column":6},"end":{"line":34,"column":9}},"9":{"start":{"line":36,"column":4},"end":{"line":40,"column":7}},"10":{"start":{"line":44,"column":4},"end":{"line":47,"column":7}},"11":{"start":{"line":51,"column":0},"end":{"line":51,"column":40}}},"fnMap":{"0":{"name":"(anonymous_0)","decl":{"start":{"line":9,"column":2},"end":{"line":9,"column":3}},"loc":{"start":{"line":9,"column":28},"end":{"line":18,"column":3}},"line":9},"1":{"name":"(anonymous_1)","decl":{"start":{"line":20,"column":2},"end":{"line":20,"column":3}},"loc":{"start":{"line":20,"column":30},"end":{"line":25,"column":3}},"line":20},"2":{"name":"(anonymous_2)","decl":{"start":{"line":27,"column":2},"end":{"line":27,"column":3}},"loc":{"start":{"line":27,"column":31},"end":{"line":41,"column":3}},"line":27},"3":{"name":"(anonymous_3)","decl":{"start":{"line":43,"column":2},"end":{"line":43,"column":3}},"loc":{"start":{"line":43,"column":29},"end":{"line":48,"column":3}},"line":43}},"branchMap":{"0":{"loc":{"start":{"line":10,"column":24},"end":{"line":10,"column":79}},"type":"binary-expr","locations":[{"start":{"line":10,"column":24},"end":{"line":10,"column":39}},{"start":{"line":10,"column":43},"end":{"line":10,"column":79}}],"line":10},"1":{"loc":{"start":{"line":13,"column":19},"end":{"line":13,"column":56}},"type":"binary-expr","locations":[{"start":{"line":13,"column":19},"end":{"line":13,"column":39}},{"start":{"line":13,"column":43},"end":{"line":13,"column":56}}],"line":13},"2":{"loc":{"start":{"line":14,"column":16},"end":{"line":14,"column":117}},"type":"cond-expr","locations":[{"start":{"line":14,"column":34},"end":{"line":14,"column":54}},{"start":{"line":14,"column":58},"end":{"line":14,"column":116}}],"line":14},"3":{"loc":{"start":{"line":14,"column":58},"end":{"line":14,"column":116}},"type":"cond-expr","locations":[{"start":{"line":14,"column":72},"end":{"line":14,"column":99}},{"start":{"line":14,"column":102},"end":{"line":14,"column":116}}],"line":14},"4":{"loc":{"start":{"line":28,"column":24},"end":{"line":28,"column":79}},"type":"binary-expr","locations":[{"start":{"line":28,"column":24},"end":{"line":28,"column":39}},{"start":{"line":28,"column":43},"end":{"line":28,"column":79}}],"line":28},"5":{"loc":{"start":{"line":29,"column":4},"end":{"line":35,"column":5}},"type":"if","locations":[{"start":{"line":29,"column":4},"end":{"line":35,"column":5}},{"start":{},"end":{}}],"line":29}},"s":{"0":9,"1":9,"2":9,"3":2,"4":2,"5":1,"6":1,"7":1,"8":1,"9":0,"10":1,"11":9},"f":{"0":2,"1":1,"2":1,"3":1},"b":{"0":[2,0],"1":[2,0],"2":[2,0],"3":[0,0],"4":[1,0],"5":[1,0]},"_coverageSchema":"1a1c01bbd47fc00a2c39e90264f33305004495a9","hash":"5dc36cbfef933966f5a5699e998244719fe21fba"}
,"/Users/sachin/Desktop/evcorn/backend/controllers/search.controller.js": {"path":"/Users/sachin/Desktop/evcorn/backend/controllers/search.controller.js","statementMap":{"0":{"start":{"line":4,"column":22},"end":{"line":4,"column":59}},"1":{"start":{"line":5,"column":30},"end":{"line":5,"column":75}},"2":{"start":{"line":9,"column":4},"end":{"line":18,"column":5}},"3":{"start":{"line":10,"column":16},"end":{"line":10,"column":53}},"4":{"start":{"line":11,"column":22},"end":{"line":11,"column":69}},"5":{"start":{"line":12,"column":6},"end":{"line":15,"column":9}},"6":{"start":{"line":17,"column":6},"end":{"line":17,"column":18}},"7":{"start":{"line":22,"column":4},"end":{"line":31,"column":5}},"8":{"start":{"line":23,"column":16},"end":{"line":23,"column":53}},"9":{"start":{"line":24,"column":26},"end":{"line":24,"column":61}},"10":{"start":{"line":25,"column":6},"end":{"line":28,"column":9}},"11":{"start":{"line":30,"column":6},"end":{"line":30,"column":18}},"12":{"start":{"line":35,"column":4},"end":{"line":51,"column":5}},"13":{"start":{"line":36,"column":51},"end":{"line":36,"column":60}},"14":{"start":{"line":37,"column":35},"end":{"line":40,"column":8}},"15":{"start":{"line":42,"column":6},"end":{"line":48,"column":9}},"16":{"start":{"line":50,"column":6},"end":{"line":50,"column":18}},"17":{"start":{"line":55,"column":4},"end":{"line":71,"column":5}},"18":{"start":{"line":56,"column":35},"end":{"line":59,"column":8}},"19":{"start":{"line":61,"column":6},"end":{"line":68,"column":9}},"20":{"start":{"line":70,"column":6},"end":{"line":70,"column":18}},"21":{"start":{"line":75,"column":0},"end":{"line":75,"column":40}}},"fnMap":{"0":{"name":"(anonymous_0)","decl":{"start":{"line":8,"column":2},"end":{"line":8,"column":3}},"loc":{"start":{"line":8,"column":38},"end":{"line":19,"column":3}},"line":8},"1":{"name":"(anonymous_1)","decl":{"start":{"line":21,"column":2},"end":{"line":21,"column":3}},"loc":{"start":{"line":21,"column":37},"end":{"line":32,"column":3}},"line":21},"2":{"name":"(anonymous_2)","decl":{"start":{"line":34,"column":2},"end":{"line":34,"column":3}},"loc":{"start":{"line":34,"column":43},"end":{"line":52,"column":3}},"line":34},"3":{"name":"(anonymous_3)","decl":{"start":{"line":54,"column":2},"end":{"line":54,"column":3}},"loc":{"start":{"line":54,"column":43},"end":{"line":72,"column":3}},"line":54}},"branchMap":{"0":{"loc":{"start":{"line":10,"column":16},"end":{"line":10,"column":53}},"type":"binary-expr","locations":[{"start":{"line":10,"column":16},"end":{"line":10,"column":27}},{"start":{"line":10,"column":31},"end":{"line":10,"column":47}},{"start":{"line":10,"column":51},"end":{"line":10,"column":53}}],"line":10},"1":{"loc":{"start":{"line":23,"column":16},"end":{"line":23,"column":53}},"type":"binary-expr","locations":[{"start":{"line":23,"column":16},"end":{"line":23,"column":27}},{"start":{"line":23,"column":31},"end":{"line":23,"column":47}},{"start":{"line":23,"column":51},"end":{"line":23,"column":53}}],"line":23}},"s":{"0":9,"1":9,"2":2,"3":2,"4":2,"5":2,"6":0,"7":1,"8":1,"9":1,"10":1,"11":0,"12":1,"13":1,"14":1,"15":1,"16":0,"17":1,"18":1,"19":1,"20":0,"21":9},"f":{"0":2,"1":1,"2":1,"3":1},"b":{"0":[2,0,0],"1":[1,0,0]},"_coverageSchema":"1a1c01bbd47fc00a2c39e90264f33305004495a9","hash":"9e0b0e5abd753aecca6c5aa31b35ad2b164ee599"}
,"/Users/sachin/Desktop/evcorn/backend/controllers/upload.controller.js": {"path":"/Users/sachin/Desktop/evcorn/backend/controllers/upload.controller.js","statementMap":{"0":{"start":{"line":4,"column":38},"end":{"line":4,"column":75}},"1":{"start":{"line":5,"column":28},"end":{"line":5,"column":57}},"2":{"start":{"line":9,"column":4},"end":{"line":17,"column":5}},"3":{"start":{"line":10,"column":6},"end":{"line":12,"column":7}},"4":{"start":{"line":11,"column":8},"end":{"line":11,"column":82}},"5":{"start":{"line":13,"column":21},"end":{"line":13,"column":66}},"6":{"start":{"line":14,"column":6},"end":{"line":14,"column":35}},"7":{"start":{"line":16,"column":6},"end":{"line":16,"column":16}},"8":{"start":{"line":21,"column":4},"end":{"line":30,"column":5}},"9":{"start":{"line":22,"column":23},"end":{"line":22,"column":101}},"10":{"start":{"line":23,"column":6},"end":{"line":25,"column":7}},"11":{"start":{"line":24,"column":8},"end":{"line":24,"column":72}},"12":{"start":{"line":26,"column":21},"end":{"line":26,"column":48}},"13":{"start":{"line":27,"column":6},"end":{"line":27,"column":35}},"14":{"start":{"line":29,"column":6},"end":{"line":29,"column":16}},"15":{"start":{"line":34,"column":4},"end":{"line":48,"column":5}},"16":{"start":{"line":35,"column":6},"end":{"line":37,"column":7}},"17":{"start":{"line":36,"column":8},"end":{"line":36,"column":87}},"18":{"start":{"line":38,"column":6},"end":{"line":45,"column":9}},"19":{"start":{"line":47,"column":6},"end":{"line":47,"column":16}},"20":{"start":{"line":52,"column":0},"end":{"line":52,"column":40}}},"fnMap":{"0":{"name":"(anonymous_0)","decl":{"start":{"line":8,"column":2},"end":{"line":8,"column":3}},"loc":{"start":{"line":8,"column":36},"end":{"line":18,"column":3}},"line":8},"1":{"name":"(anonymous_1)","decl":{"start":{"line":20,"column":2},"end":{"line":20,"column":3}},"loc":{"start":{"line":20,"column":36},"end":{"line":31,"column":3}},"line":20},"2":{"name":"(anonymous_2)","decl":{"start":{"line":33,"column":2},"end":{"line":33,"column":3}},"loc":{"start":{"line":33,"column":38},"end":{"line":49,"column":3}},"line":33}},"branchMap":{"0":{"loc":{"start":{"line":10,"column":6},"end":{"line":12,"column":7}},"type":"if","locations":[{"start":{"line":10,"column":6},"end":{"line":12,"column":7}},{"start":{},"end":{}}],"line":10
[...]
:14},"3":{"name":"(anonymous_3)","decl":{"start":{"line":18,"column":9},"end":{"line":18,"column":10}},"loc":{"start":{"line":18,"column":35},"end":{"line":25,"column":3}},"line":18},"4":{"name":"(anonymous_4)","decl":{"start":{"line":26,"column":9},"end":{"line":26,"column":10}},"loc":{"start":{"line":26,"column":29},"end":{"line":31,"column":3}},"line":26}},"branchMap":{"0":{"loc":{"start":{"line":6,"column":14},"end":{"line":6,"column":23}},"type":"default-arg","locations":[{"start":{"line":6,"column":21},"end":{"line":6,"column":23}}],"line":6},"1":{"loc":{"start":{"line":7,"column":18},"end":{"line":7,"column":61}},"type":"cond-expr","locations":[{"start":{"line":7,"column":32},"end":{"line":7,"column":56}},{"start":{"line":7,"column":59},"end":{"line":7,"column":61}}],"line":7},"2":{"loc":{"start":{"line":8,"column":71},"end":{"line":8,"column":127}},"type":"cond-expr","locations":[{"start":{"line":8,"column":102},"end":{"line":8,"column":122}},{"start":{"line":8,"column":125},"end":{"line":8,"column":127}}],"line":8},"3":{"loc":{"start":{"line":10,"column":14},"end":{"line":10,"column":23}},"type":"default-arg","locations":[{"start":{"line":10,"column":21},"end":{"line":10,"column":23}}],"line":10},"4":{"loc":{"start":{"line":11,"column":18},"end":{"line":11,"column":61}},"type":"cond-expr","locations":[{"start":{"line":11,"column":32},"end":{"line":11,"column":56}},{"start":{"line":11,"column":59},"end":{"line":11,"column":61}}],"line":11},"5":{"loc":{"start":{"line":12,"column":72},"end":{"line":12,"column":128}},"type":"cond-expr","locations":[{"start":{"line":12,"column":103},"end":{"line":12,"column":123}},{"start":{"line":12,"column":126},"end":{"line":12,"column":128}}],"line":12},"6":{"loc":{"start":{"line":14,"column":15},"end":{"line":14,"column":24}},"type":"default-arg","locations":[{"start":{"line":14,"column":22},"end":{"line":14,"column":24}}],"line":14},"7":{"loc":{"start":{"line":15,"column":18},"end":{"line":15,"column":61}},"type":"cond-expr","locations":[{"start":{"line":15,"column":32},"end":{"line":15,"column":56}},{"start":{"line":15,"column":59},"end":{"line":15,"column":61}}],"line":15},"8":{"loc":{"start":{"line":16,"column":74},"end":{"line":16,"column":130}},"type":"cond-expr","locations":[{"start":{"line":16,"column":105},"end":{"line":16,"column":125}},{"start":{"line":16,"column":128},"end":{"line":16,"column":130}}],"line":16},"9":{"loc":{"start":{"line":18,"column":18},"end":{"line":18,"column":30}},"type":"default-arg","locations":[{"start":{"line":18,"column":28},"end":{"line":18,"column":30}}],"line":18},"10":{"loc":{"start":{"line":26,"column":15},"end":{"line":26,"column":24}},"type":"default-arg","locations":[{"start":{"line":26,"column":22},"end":{"line":26,"column":24}}],"line":26},"11":{"loc":{"start":{"line":27,"column":4},"end":{"line":30,"column":5}},"type":"if","locations":[{"start":{"line":27,"column":4},"end":{"line":30,"column":5}},{"start":{},"end":{}}],"line":27},"12":{"loc":{"start":{"line":28,"column":20},"end":{"line":28,"column":63}},"type":"cond-expr","locations":[{"start":{"line":28,"column":34},"end":{"line":28,"column":58}},{"start":{"line":28,"column":61},"end":{"line":28,"column":63}}],"line":28},"13":{"loc":{"start":{"line":29,"column":74},"end":{"line":29,"column":130}},"type":"cond-expr","locations":[{"start":{"line":29,"column":105},"end":{"line":29,"column":125}},{"start":{"line":29,"column":128},"end":{"line":29,"column":130}}],"line":29}},"s":{"0":9,"1":43,"2":43,"3":1,"4":1,"5":0,"6":0,"7":2,"8":2,"9":2,"10":2,"11":2,"12":0,"13":0,"14":0,"15":9},"f":{"0":43,"1":1,"2":0,"3":2,"4":0},"b":{"0":[9],"1":[34,9],"2":[34,9],"3":[1],"4":[0,1],"5":[0,1],"6":[0],"7":[0,0],"8":[0,0],"9":[0],"10":[0],"11":[0,0],"12":[0,0],"13":[0,0]},"_coverageSchema":"1a1c01bbd47fc00a2c39e90264f33305004495a9","hash":"2979d8af7c2af0f33245e5d2376472c3e6980bda"}
,"/Users/sachin/Desktop/evcorn/backend/utils/retry.utils.js": {"path":"/Users/sachin/Desktop/evcorn/backend/utils/retry.utils.js","statementMap":{"0":{"start":{"line":4,"column":15},"end":{"line":4,"column":34}},"1":{"start":{"line":7,"column":18},"end":{"line":7,"column":38}},"2":{"start":{"line":8,"column":18},"end":{"line":8,"column":40}},"3":{"start":{"line":9,"column":24},"end":{"line":9,"column":50}},"4":{"start":{"line":11,"column":16},"end":{"line":11,"column":17}},"5":{"start":{"line":12,"column":21},"end":{"line":12,"column":28}},"6":{"start":{"line":14,"column":2},"end":{"line":27,"column":3}},"7":{"start":{"line":15,"column":4},"end":{"line":26,"column":5}},"8":{"start":{"line":16,"column":6},"end":{"line":16,"column":24}},"9":{"start":{"line":18,"column":6},"end":{"line":18,"column":16}},"10":{"start":{"line":19,"column":6},"end":{"line":22,"column":7}},"11":{"start":{"line":20,"column":8},"end":{"line":20,"column":85}},"12":{"start":{"line":21,"column":8},"end":{"line":21,"column":20}},"13":{"start":{"line":23,"column":6},"end":{"line":23,"column":109}},"14":{"start":{"line":24,"column":6},"end":{"line":24,"column":70}},"15":{"start":{"line":24,"column":35},"end":{"line":24,"column":68}},"16":{"start":{"line":25,"column":6},"end":{"line":25,"column":36}},"17":{"start":{"line":30,"column":0},"end":{"line":32,"column":2}}},"fnMap":{"0":{"name":"withRetry","decl":{"start":{"line":6,"column":15},"end":{"line":6,"column":24}},"loc":{"start":{"line":6,"column":43},"end":{"line":28,"column":1}},"line":6},"1":{"name":"(anonymous_1)","decl":{"start":{"line":24,"column":24},"end":{"line":24,"column":25}},"loc":{"start":{"line":24,"column":35},"end":{"line":24,"column":68}},"line":24}},"branchMap":{"0":{"loc":{"start":{"line":6,"column":29},"end":{"line":6,"column":41}},"type":"default-arg","locations":[{"start":{"line":6,"column":39},"end":{"line":6,"column":41}}],"line":6},"1":{"loc":{"start":{"line":7,"column":18},"end":{"line":7,"column":38}},"type":"binary-expr","locations":[{"start":{"line":7,"column":18},"end":{"line":7,"column":33}},{"start":{"line":7,"column":37},"end":{"line":7,"column":38}}],"line":7},"2":{"loc":{"start":{"line":8,"column":18},"end":{"line":8,"column":40}},"type":"binary-expr","locations":[{"start":{"line":8,"column":18},"end":{"line":8,"column":33}},{"start":{"line":8,"column":37},"end":{"line":8,"column":40}}],"line":8},"3":{"loc":{"start":{"line":9,"column":24},"end":{"line":9,"column":50}},"type":"binary-expr","locations":[{"start":{"line":9,"column":24},"end":{"line":9,"column":45}},{"start":{"line":9,"column":49},"end":{"line":9,"column":50}}],"line":9},"4":{"loc":{"start":{"line":19,"column":6},"end":{"line":22,"column":7}},"type":"if","locations":[{"start":{"line":19,"column":6},"end":{"line":22,"column":7}},{"start":{},"end":{}}],"line":19}},"s":{"0":1,"1":1,"2":1,"3":1,"4":1,"5":1,"6":1,"7":2,"8":2,"9":1,"10":1,"11":0,"12":0,"13":1,"14":1,"15":1,"16":1,"17":1},"f":{"0":1,"1":1},"b":{"0":[0],"1":[1,0],"2":[1,0],"3":[1,1],"4":[0,1]},"_coverageSchema":"1a1c01bbd47fc00a2c39e90264f33305004495a9","hash":"ef77032ce987f9ee9490f2b6123b39173a7ec44f"}
,"/Users/sachin/Desktop/evcorn/backend/utils/slowQuery.utils.js": {"path":"/Users/sachin/Desktop/evcorn/backend/utils/slowQuery.utils.js","statementMap":{"0":{"start":{"line":5,"column":15},"end":{"line":5,"column":34}},"1":{"start":{"line":7,"column":32},"end":{"line":7,"column":35}},"2":{"start":{"line":10,"column":16},"end":{"line":10,"column":26}},"3":{"start":{"line":11,"column":2},"end":{"line":34,"column":3}},"4":{"start":{"line":12,"column":19},"end":{"line":12,"column":34}},"5":{"start":{"line":13,"column":23},"end":{"line":13,"column":41}},"6":{"start":{"line":15,"column":4},"end":{"line":23,"column":5}},"7":{"start":{"line":16,"column":6},"end":{"line":20,"column":9}},"8":{"start":{"line":22,"column":6},"end":{"line":22,"column":75}},"9":{"start":{"line":25,"column":4},"end":{"line":25,"column":18}},"10":{"start":{"line":27,"column":23},"end":{"line":27,"column":41}},"11":{"start":{"line":28,"column":4},"end":{"line":32,"column":7}},"12":{"start":{"line":33,"column":4},"end":{"line":33,"column":14}},"13":{"start":{"line":37,"column":0},"end":{"line":40,"column":2}}},"fnMap":{"0":{"name":"measureQuery","decl":{"start":{"line":9,"column":15},"end":{"line":9,"column":27}},"loc":{"start":{"line":9,"column":63},"end":{"line":35,"column":1}},"line":9}},"branchMap":{"0":{"loc":{"start":{"line":9,"column":52},"end":{"line":9,"column":61}},"type":"default-arg","locations":[{"start":{"line":9,"column":59},"end":{"line":9,"column":61}}],"line":9},"1":{"loc":{"start":{"line":15,"column":4},"end":{"line":23,"column":5}},"type":"if","locations":[{"start":{"line":15,"column":4},"end":{"line":23,"column":5}},{"start":{"line":21,"column":11},"end":{"line":23,"column":5}}],"line":15}},"s":{"0":9,"1":9,"2":0,"3":0,"4":0,"5":0,"6":0,"7":0,"8":0,"9":0,"10":0,"11":0,"12":0,"13":9},"f":{"0":0},"b":{"0":[0],"1":[0,0]},"_coverageSchema":"1a1c01bbd47fc00a2c39e90264f33305004495a9","hash":"71d24a3d3f82273f581ed61e52f3902d84df8da7"}
,"/Users/sachin/Desktop/evcorn/backend/validators/article.validator.js": {"path":"/Users/sachin/Desktop/evcorn/backend/validators/article.validator.js","statementMap":{"0":{"start":{"line":4,"column":28},"end":{"line":4,"column":57}},"1":{"start":{"line":7,"column":2},"end":{"line":9,"column":3}},"2":{"start":{"line":8,"column":4},"end":{"line":8,"column":75}},"3":{"start":{"line":11,"column":2},"end":{"line":13,"column":3}},"4":{"start":{"line":12,"column":4},"end":{"line":12,"column":68}},"5":{"start":{"line":16,"column":2},"end":{"line":23,"column":3}},"6":{"start":{"line":17,"column":4},"end":{"line":19,"column":5}},"7":{"start":{"line":18,"column":6},"end":{"line":18,"column":100}},"8":{"start":{"line":20,"column":4},"end":{"line":22,"column":5}},"9":{"start":{"line":21,"column":6},"end":{"line":21,"column":75}},"10":{"start":{"line":25,"column":2},"end":{"line":25,"column":14}},"11":{"start":{"line":28,"column":0},"end":{"line":30,"column":2}}},"fnMap":{"0":{"name":"validateArticleInput","decl":{"start":{"line":6,"column":9},"end":{"line":6,"column":29}},"loc":{"start":{"line":6,"column":36},"end":{"line":26,"column":1}},"line":6}},"branchMap":{"0":{"loc":{"start":{"line":7,"column":2},"end":{"line":9,"column":3}},"type":"if","locations":[{"start":{"line":7,"column":2},"end":{"line":9,"column":3}},{"start":{},"end":{}}],"line":7},"1":{"loc":{"start":{"line":7,"column":6},"end":{"line":7,"column":39}},"type":"binary-expr","locations":[{"start":{"line":7,"column":6},"end":{"line":7,"column":11}},{"start":{"line":7,"column":15},"end":{"line":7,"column":39}}],"line":7},"2":{"loc":{"start":{"line":11,"column":2},"end":{"line":13,"column":3}},"type":"if","locations":[{"start":{"line":11,"column":2},"end":{"line":13,"column":3}},{"start":{},"end":{}}],"line":11},"3":{"loc":{"start":{"line":11,"column":6},"end":{"line":11,"column":85}},"type":"binary-expr","locations":[{"start":{"line":11,"column":6},"end":{"line":11,"column":17}},{"start":{"line":11,"column":21},"end":{"line":11,"column":51}},{"start":{"line":11,"column":55},"end":{"line":11,"column":85}}],"line":11},"4":{"loc":{"start":{"line":16,"column":2},"end":{"line":23,"column":3}},"type":"if","locations":[{"start":{"line":16,"column":2},"end":{"line":23,"column":3}},{"start":{},"end":{}}],"line":16},"5":{"loc":{"start":{"line":17,"column":4},"end":{"line":19,"column":5}},"type":"if","locations":[{"start":{"line":17,"column":4},"end":{"line":19,"column":5}},{"start":{},"end":{}}],"line":17},"6":{"loc":{"start":{"line":17,"column":8},"end":{"line":17,"column":64}},"type":"binary-expr","locations":[{"start":{"line":17,"column":8},"end":{"line":17,"column":25}},{"start":{"line":17,"column":29},"end":{"line":17,"column":64}}],"line":17},"7":{"loc":{"start":{"line":20,"column":4},"end":{"line":22,"column":5}},"type":"if","locations":[{"start":{"line":20,"column":4},"end":{"line":22,"column":5}},{"start":{},"end":{}}],"line":20}},"s":{"0":9,"1":0,"2":0,"3":0,"4":0,"5":0,"6":0,"7":0,"8":0,"9":0,"10":0,"11":9},"f":{"0":0},"b":{"0":[0,0],"1":[0,0],"2":[0,0],"3":[0,0,0],"4":[0,0],"5":[0,0],"6":[0,0],"7":[0,0]},"_coverageSchema":"1a1c01bbd47fc00a2c39e90264f33305004495a9","hash":"834d097b94334e98cd7ec010ba1d64e43ab9cd92"}
,"/Users/sachin/Desktop/evcorn/backend/validators/query.validator.js": {"path":"/Users/sachin/Desktop/evcorn/backend/validators/query.validator.js","statementMap":{"0":{"start":{"line":4,"column":28},"end":{"line":4,"column":57}},"1":{"start":{"line":5,"column":23},"end":{"line":5,"column":60}},"2":{"start":{"line":8,"column":2},"end":{"line":13,"column":3}},"3":{"start":{"line":9,"column":17},"end":{"line":9,"column":41}},"4":{"start":{"line":10,"column":4},"end":{"line":12,"column":5}},"5":{"start":{"line":11,"column":6},"end":{"line":11,"column":91}},"6":{"start":{"line":15,"column":2},"end":{"line":20,"column":3}},"7":{"start":{"line":16,"column":18},"end":{"line":16,"column":43}},"8":{"start":{"line":17,"column":4},"end":{"line":19,"column":5}},"9":{"start":{"line":18,"column":6},"end":{"line":18,"column":92}},"10":{"start":{"line":22,"column":2},"end":{"line":24,"column":3}},"11":{"start":{"line":23,"column":4},"end":{"line":23,"column":84}},"12":{"start":{"line":26,"column":2},"end":{"line":28,"column":3}},"13":{"start":{"line":27,"column":4},"end":{"line":27,"column":84}},"14":{"start":{"line":30,"column":2},"end":{"line":32,"column":3}},"15":{"start":{"line":31,"column":4},"end":{"line":31,"column":84}},"16":{"start":{"line":34,"column":2},"end":{"line":36,"column":3}},"17":{"start":{"line":35,"column":4},"end":{"line":35,"column":84}},"18":{"start":{"line":38,"column":2},"end":{"line":38,"column":14}},"19":{"start":{"line":41,"column":0},"end":{"line":43,"column":2}}},"fnMap":{"0":{"name":"validateQuery","decl":{"start":{"line":7,"column":9},"end":{"line":7,"column":22}},"loc":{"start":{"line":7,"column":30},"end":{"line":39,"column":1}},"line":7}},"branchMap":{"0":{"loc":{"start":{"line":8,"column":2},"end":{"line":13,"column":3}},"type":"if","locations":[{"start":{"line":8,"column":2},"end":{"line":13,"column":3}},{"start":{},"end":{}}],"line":8},"1":{"loc":{"start":{"line":10,"column":4},"end":{"line":12,"column":5}},"type":"if","locations":[{"start":{"line":10,"column":4},"end":{"line":12,"column":5}},{"start":{},"end":{}}],"line":10},"2":{"loc":{"start":{"line":10,"column":8},"end":{"line":10,"column":31}},"type":"binary-expr","locations":[{"start":{"line":10,"column":8},"end":{"line":10,"column":19}},{"start":{"line":10,"column":23},"end":{"line":10,"column":31}}],"line":10},"3":{"loc":{"start":{"line":15,"column":2},"end":{"line":20,"column":3}},"type":"if","locations":[{"start":{"line":15,"column":2},"end":{"line":20,"column":3}},{"start":{},"end":{}}],"line":15},"4":{"loc":{"start":{"line":17,"column":4},"end":{"line":19,"column":5}},"type":"if","locations":[{"start":{"line":17,"column":4},"end":{"line":19,"column":5}},{"start":{},"end":{}}],"line":17},"5":{"loc":{"start":{"line":17,"column":8},"end":{"line":17,"column":33}},"type":"binary-expr","locations":[{"start":{"line":17,"column":8},"end":{"line":17,"column":20}},{"start":{"line":17,"column":24},"end":{"line":17,"column":33}}],"line":17},"6":{"loc":{"start":{"line":22,"column":2},"end":{"line":24,"column":3}},"type":"if","locations":[{"start":{"line":22,"column":2},"end":{"line":24,"column":3}},{"start":{},"end":{}}],"line":22},"7":{"loc":{"start":{"line":22,"column":6},"end":{"line":22,"column":57}},"type":"binary-expr","locations":[{"start":{"line":22,"column":6},"end":{"line":22,"column":20}},{"start":{"line":22,"column":24},"end":{"line":22,"column":57}}],"line":22},"8":{"loc":{"start":{"line":26,"column":2},"end":{"line":28,"column":3}},"type":"if","locations":[{"start":{"line":26,"column":2},"end":{"line":28,"column":3}},{"start":{},"end":{}}],"line":26},"9":{"loc":{"start":{"line":26,"column":6},"end":{"line":26,"column":57}},"type":"binary-expr","locations":[{"start":{"line":26,"column":6},"end":{"line":26,"column":20}},{"start":{"line":26,"column":24},"end":{"line":26,"column":57}}],"line":26},"10":{"loc":{"start":{"line":30,"column":2},"end":{"line":32,"column":3}},"type":"if","locations":[{"start":{"line":30,"column":2},"end":{"line":32,"column":3}},{"start":{},"end":{}}],"line":30},"11":{"loc":{"start":{"line":30,"column":6},"end":{"line":30,"column":57}},"type":"binary-expr","locations":[{"start":{"line":30,"column":6},"end":{"line":30,"column":20}},{"start":{"line":30,"column":24},"end":{"line":30,"column":57}}],"line":30},"12":{"loc":{"start":{"line":34,"column":2},"end":{"line":36,"column":3}},"type":"if","locations":[{"start":{"line":34,"column":2},"end":{"line":36,"column":3}},{"start":{},"end":{}}],"line":34},"13":{"loc":{"start":{"line":34,"column":6},"end":{"line":34,"column":57}},"type":"binary-expr","locations":[{"start":{"line":34,"column":6},"end":{"line":34,"column":20}},{"start":{"line":34,"column":24},"end":{"line":34,"column":57}}],"line":34}},"s":{"0":9,"1":9,"2":6,"3":0,"4":0,"5":0,"6":6,"7":0,"8":0,"9":0,"10":6,"11":0,"12":6,"13":0,"14":6,"15":0,"16":6,"17":0,"18":6,"19":9},"f":{"0":6},"b":{"0":[0,6],"1":[0,0],"2":[0,0],"3":[0,6],"4":[0,0],"5":[0,0],"6":[0,6],"7":[6,0],"8":[0,6],"9":[6,0],"10":[0,6],"11":[6,0],"12":[0,6],"13":[6,0]},"_coverageSchema":"1a1c01bbd47fc00a2c39e90264f33305004495a9","hash":"807e454905f776dbef162d049d682579bfcae274"}
,"/Users/sachin/Desktop/evcorn/backend/validators/vehicle.validator.js": {"path":"/Users/sachin/Desktop/evcorn/backend/validators/vehicle.validator.js","statementMap":{"0":{"start":{"line":4,"column":28},"end":{"line":4,"column":57}},"1":{"start":{"line":7,"column":2},"end":{"line":9,"column":3}},"2":{"start":{"line":8,"column":4},"end":{"line":8,"column":75}},"3":{"start":{"line":11,"column":2},"end":{"line":13,"column":3}},"4":{"start":{"line":12,"column":4},"end":{"line":12,"column":67}},"5":{"start":{"line":15,"column":2},"end":{"line":17,"column":3}},"6":{"start":{"line":16,"column":4},"end":{"line":16,"column":73}},"7":{"start":{"line":19,"column":2},"end":{"line":19,"column":14}},"8":{"start":{"line":22,"column":0},"end":{"line":24,"column":2}}},"fnMap":{"0":{"name":"validateVehicleInput","decl":{"start":{"line":6,"column":9},"end":{"line":6,"column":29}},"loc":{"start":{"line":6,"column":36},"end":{"line":20,"column":1}},"line":6}},"branchMap":{"0":{"loc":{"start":{"line":7,"column":2},"end":{"line":9,"column":3}},"type":"if","locations":[{"start":{"line":7,"column":2},"end":{"line":9,"column":3}},{"start":{},"end":{}}],"line":7},"1":{"loc":{"start":{"line":7,"column":6},"end":{"line":7,"column":39}},"type":"binary-expr","locations":[{"start":{"line":7,"column":6},"end":{"line":7,"column":11}},{"start":{"line":7,"column":15},"end":{"line":7,"column":39}}],"line":7},"2":{"loc":{"start":{"line":11,"column":2},"end":{"line":13,"column":3}},"type":"if","locations":[{"start":{"line":11,"column":2},"end":{"line":13,"column":3}},{"start":{},"end":{}}],"line":11},"3":{"loc":{"start":{"line":11,"column":6},"end":{"line":11,"column":82}},"type":"binary-expr","locations":[{"start":{"line":11,"column":6},"end":{"line":11,"column":16}},{"start":{"line":11,"column":20},"end":{"line":11,"column":49}},{"start":{"line":11,"column":53},"end":{"line":11,"column":82}}],"line":11},"4":{"loc":{"start":{"line":15,"column":2},"end":{"line":17,"column":3}},"type":"if","locations":[{"start":{"line":15,"column":2},"end":{"line":17,"column":3}},{"start":{},"end":{}}],"line":15},"5":{"loc":{"start":{"line":15,"column":6},"end":{"line":15,"column":100}},"type":"binary-expr","locations":[{"start":{"line":15,"column":6},"end":{"line":15,"column":22}},{"start":{"line":15,"column":26},"end":{"line":15,"column":61}},{"start":{"line":15,"column":65},"end":{"line":15,"column":100}}],"line":15}},"s":{"0":9,"1":0,"2":0,"3":0,"4":0,"5":0,"6":0,"7":0,"8":9},"f":{"0":0},"b":{"0":[0,0],"1":[0,0],"2":[0,0],"3":[0,0,0],"4":[0,0],"5":[0,0,0]},"_coverageSchema":"1a1c01bbd47fc00a2c39e90264f33305004495a9","hash":"76010b9ed02fb3ecdccc36a692d345314d96910d"}
}
