TN:
SF:server.js
FN:45,(anonymous_0)
FN:60,(anonymous_1)
FN:135,(anonymous_2)
FN:139,(anonymous_3)
FN:194,(anonymous_4)
FN:207,gracefulShutdown
FN:210,(anonymous_6)
FN:223,(anonymous_7)
FN:224,(anonymous_8)
FN:226,(anonymous_9)
FN:231,(anonymous_10)
FN:236,(anonymous_11)
FN:238,(anonymous_12)
FNF:13
FNH:3
FNDA:37,(anonymous_0)
FNDA:37,(anonymous_1)
FNDA:0,(anonymous_2)
FNDA:0,(anonymous_3)
FNDA:0,(anonymous_4)
FNDA:0,gracefulShutdown
FNDA:0,(anonymous_6)
FNDA:0,(anonymous_7)
FNDA:0,(anonymous_8)
FNDA:0,(anonymous_9)
FNDA:0,(anonymous_10)
FNDA:9,(anonymous_11)
FNDA:0,(anonymous_12)
DA:5,9
DA:6,9
DA:7,9
DA:8,9
DA:9,9
DA:10,9
DA:11,9
DA:12,9
DA:13,9
DA:14,9
DA:15,9
DA:16,9
DA:17,9
DA:18,9
DA:19,9
DA:20,9
DA:21,9
DA:22,9
DA:24,9
DA:27,9
DA:28,9
DA:29,9
DA:30,9
DA:33,9
DA:39,9
DA:42,9
DA:46,37
DA:47,37
DA:52,9
DA:53,9
DA:56,9
DA:60,9
DA:61,37
DA:63,10
DA:64,10
DA:67,27
DA:70,27
DA:71,0
DA:72,0
DA:76,27
DA:77,4
DA:78,4
DA:82,23
DA:83,1
DA:84,1
DA:88,22
DA:89,2
DA:90,2
DA:94,20
DA:95,5
DA:96,5
DA:100,15
DA:101,1
DA:102,1
DA:106,14
DA:107,1
DA:108,1
DA:112,13
DA:113,4
DA:114,4
DA:118,9
DA:119,5
DA:120,5
DA:124,4
DA:125,4
DA:130,9
DA:131,9
DA:135,9
DA:136,0
DA:137,0
DA:138,0
DA:139,0
DA:141,0
DA:144,0
DA:171,0
DA:172,0
DA:173,0
DA:176,0
DA:185,0
DA:186,0
DA:187,0
DA:189,0
DA:194,9
DA:195,0
DA:199,9
DA:202,9
DA:208,0
DA:209,0
DA:210,0
DA:211,0
DA:212,0
DA:213,0
DA:214,0
DA:216,0
DA:219,0
DA:223,9
DA:224,9
DA:226,9
DA:227,0
DA:228,0
DA:231,9
DA:232,0
DA:236,9
DA:237,9
DA:238,0
DA:239,0
DA:244,9
LF:107
LH:76
BRDA:46,0,0,0
BRDA:46,0,1,37
BRDA:61,1,0,10
BRDA:61,1,1,27
BRDA:70,2,0,0
BRDA:70,2,1,27
BRDA:70,3,0,27
BRDA:70,3,1,27
BRDA:76,4,0,4
BRDA:76,4,1,23
BRDA:82,5,0,1
BRDA:82,5,1,22
BRDA:88,6,0,2
BRDA:88,6,1,20
BRDA:94,7,0,5
BRDA:94,7,1,15
BRDA:100,8,0,1
BRDA:100,8,1,14
BRDA:106,9,0,1
BRDA:106,9,1,13
BRDA:112,10,0,4
BRDA:112,10,1,9
BRDA:118,11,0,5
BRDA:118,11,1,4
BRDA:130,12,0,9
BRDA:130,12,1,0
BRDA:138,13,0,0
BRDA:138,13,1,0
BRDA:172,14,0,0
BRDA:172,14,1,0
BRDA:172,15,0,0
BRDA:172,15,1,0
BRDA:173,16,0,0
BRDA:173,16,1,0
BRDA:209,17,0,0
BRDA:209,17,1,0
BRDA:212,18,0,0
BRDA:212,18,1,0
BRDA:212,19,0,0
BRDA:212,19,1,0
BRDA:237,20,0,0
BRDA:237,20,1,9
BRF:42
BRH:24
end_of_record
TN:
SF:config/cloudinary.js
FNF:0
FNH:0
DA:4,9
DA:5,9
DA:6,9
DA:8,9
DA:9,9
DA:15,9
DA:17,0
DA:20,9
LF:8
LH:7
BRDA:8,0,0,9
BRDA:8,0,1,0
BRDA:8,1,0,9
BRDA:8,1,1,9
BRDA:8,1,2,9
BRF:5
BRH:4
end_of_record
TN:
SF:config/cors.js
FN:9,(anonymous_0)
FN:14,(anonymous_1)
FNF:2
FNH:1
FNDA:37,(anonymous_0)
FNDA:0,(anonymous_1)
DA:4,9
DA:5,9
DA:6,9
DA:8,9
DA:11,37
DA:14,0
DA:15,0
DA:16,0
DA:17,0
DA:20,0
DA:21,0
DA:23,0
DA:24,0
DA:33,9
LF:14
LH:6
BRDA:11,0,0,37
BRDA:11,0,1,0
BRDA:15,1,0,0
BRDA:15,1,1,0
BRDA:16,2,0,0
BRDA:16,2,1,0
BRDA:20,3,0,0
BRDA:20,3,1,0
BRF:8
BRH:1
end_of_record
TN:
SF:config/database.js
FN:19,(anonymous_0)
FN:28,(anonymous_1)
FN:31,(anonymous_2)
FN:40,(anonymous_3)
FN:43,(anonymous_4)
FN:52,(anonymous_5)
FN:57,connectDatabase
FN:74,(anonymous_7)
FN:78,(anonymous_8)
FN:88,isLocalFileDb
FNF:10
FNH:5
FNDA:12,(anonymous_0)
FNDA:0,(anonymous_1)
FNDA:6,(anonymous_2)
FNDA:0,(anonymous_3)
FNDA:19,(anonymous_4)
FNDA:0,(anonymous_5)
FNDA:9,connectDatabase
FNDA:0,(anonymous_7)
FNDA:0,(anonymous_8)
FNDA:39,isLocalFileDb
DA:4,9
DA:5,9
DA:6,9
DA:7,9
DA:8,9
DA:10,9
DA:12,9
DA:13,9
DA:14,0
DA:18,9
DA:20,12
DA:21,12
DA:22,12
DA:23,12
DA:25,0
DA:29,0
DA:32,6
DA:33,6
DA:34,6
DA:35,6
DA:37,0
DA:41,0
DA:44,19
DA:45,19
DA:46,19
DA:47,19
DA:49,0
DA:53,0
DA:58,9
DA:59,9
DA:60,9
DA:63,0
DA:64,0
DA:71,0
DA:74,0
DA:75,0
DA:78,0
DA:79,0
DA:82,0
DA:83,0
DA:84,0
DA:89,39
DA:92,9
LF:43
LH:26
BRDA:13,0,0,0
BRDA:13,0,1,9
BRDA:21,1,0,0
BRDA:21,1,1,12
BRDA:33,2,0,0
BRDA:33,2,1,6
BRDA:45,3,0,0
BRDA:45,3,1,19
BRDA:58,4,0,9
BRDA:58,4,1,0
BRDA:58,5,0,9
BRDA:58,5,1,0
BRF:12
BRH:6
end_of_record
TN:
SF:config/env.js
FN:15,(anonymous_0)
FN:25,validateEnv
FNF:2
FNH:1
FNDA:0,(anonymous_0)
FNDA:10,validateEnv
DA:5,10
DA:7,10
DA:15,0
DA:26,10
DA:27,0
DA:30,10
DA:31,0
DA:32,0
DA:34,0
DA:35,0
DA:40,10
DA:42,10
LF:12
LH:6
BRDA:8,0,0,10
BRDA:8,0,1,0
BRDA:9,1,0,10
BRDA:9,1,1,0
BRDA:10,2,0,10
BRDA:10,2,1,0
BRDA:11,3,0,10
BRDA:11,3,1,0
BRDA:12,4,0,10
BRDA:12,4,1,10
BRDA:12,4,2,0
BRDA:13,5,0,10
BRDA:13,5,1,10
BRDA:14,6,0,0
BRDA:14,6,1,10
BRDA:18,7,0,10
BRDA:18,7,1,0
BRDA:19,8,0,10
BRDA:19,8,1,0
BRDA:20,9,0,10
BRDA:20,9,1,0
BRDA:26,10,0,0
BRDA:26,10,1,10
BRDA:26,11,0,10
BRDA:26,11,1,10
BRDA:30,12,0,0
BRDA:30,12,1,10
BRDA:31,13,0,0
BRDA:31,13,1,0
BRDA:34,14,0,0
BRDA:34,14,1,0
BRF:31
BRH:16
end_of_record
TN:
SF:config/featureFlags.js
FN:13,isFeatureEnabled
FN:17,getFeatureFlags
FNF:2
FNH:1
FNDA:0,isFeatureEnabled
FNDA:1,getFeatureFlags
DA:5,1
DA:14,0
DA:18,1
DA:21,1
LF:4
LH:3
BRF:0
BRH:0
end_of_record
TN:
SF:constants/api.constants.js
FNF:0
FNH:0
DA:5,9
LF:1
LH:1
BRF:0
BRH:0
end_of_record
TN:
SF:controllers/admin.controller.js
FN:17,(anonymous_0)
FN:32,(anonymous_1)
FN:33,(anonymous_2)
FN:76,(anonymous_3)
FN:123,(anonymous_4)
FN:136,(anonymous_5)
FN:136,(anonymous_6)
FN:155,(anonymous_7)
FN:162,(anonymous_8)
FN:168,(anonymous_9)
FN:179,(anonymous_10)
FNF:11
FNH:8
FNDA:1,(anonymous_0)
FNDA:2,(anonymous_1)
FNDA:2,(anonymous_2)
FNDA:1,(anonymous_3)
FNDA:1,(anonymous_4)
FNDA:0,(anonymous_5)
FNDA:0,(anonymous_6)
FNDA:1,(anonymous_7)
FNDA:1,(anonymous_8)
FNDA:2,(anonymous_9)
FNDA:0,(anonymous_10)
DA:4,9
DA:5,9
DA:6,9
DA:7,9
DA:8,9
DA:11,9
DA:18,1
DA:19,1
DA:20,1
DA:21,1
DA:22,1
DA:23,1
DA:24,1
DA:26,1
DA:27,1
DA:28,1
DA:29,1
DA:30,1
DA:31,1
DA:32,2
DA:33,2
DA:34,1
DA:35,1
DA:37,0
DA:44,0
DA:45,0
DA:46,0
DA:47,0
DA:48,0
DA:49,0
DA:52,1
DA:72,0
DA:77,1
DA:78,1
DA:79,1
DA:80,0
DA:83,1
DA:85,1
DA:86,1
DA:87,0
DA:88,0
DA:90,0
DA:91,0
DA:92,0
DA:93,0
DA:95,0
DA:96,0
DA:97,0
DA:98,0
DA:99,0
DA:102,0
DA:105,1
DA:112,1
DA:119,0
DA:124,1
DA:125,1
DA:126,1
DA:128,1
DA:129,0
DA:131,1
DA:134,1
DA:135,0
DA:136,0
DA:137,0
DA:139,0
DA:140,0
DA:141,0
DA:144,1
DA:151,0
DA:156,1
DA:163,1
DA:164,1
DA:165,1
DA:167,1
DA:168,1
DA:169,2
DA:170,2
DA:179,1
DA:180,0
DA:181,0
DA:191,1
DA:197,0
DA:202,9
LF:83
LH:50
BRDA:26,0,0,1
BRDA:26,0,1,0
BRDA:32,1,0,2
BRDA:32,1,1,2
BRDA:78,2,0,1
BRDA:78,2,1,0
BRDA:79,3,0,0
BRDA:79,3,1,1
BRDA:79,4,0,1
BRDA:79,4,1,1
BRDA:85,5,0,1
BRDA:85,5,1,0
BRDA:86,6,0,0
BRDA:86,6,1,1
BRDA:90,7,0,0
BRDA:90,7,1,0
BRDA:91,8,0,0
BRDA:91,8,1,0
BRDA:95,9,0,0
BRDA:95,9,1,0
BRDA:96,10,0,0
BRDA:96,10,1,0
BRDA:97,11,0,0
BRDA:97,11,1,0
BRDA:128,12,0,0
BRDA:128,12,1,1
BRDA:129,13,0,0
BRDA:129,13,1,0
BRDA:131,14,0,1
BRDA:131,14,1,0
BRDA:134,15,0,0
BRDA:134,15,1,1
BRDA:135,16,0,0
BRDA:135,16,1,0
BRDA:140,17,0,0
BRDA:140,17,1,0
BRDA:146,18,0,1
BRDA:146,18,1,0
BRDA:164,19,0,1
BRDA:164,19,1,0
BRDA:165,20,0,1
BRDA:165,20,1,0
BRDA:169,21,0,2
BRDA:169,21,1,0
BRDA:180,22,0,0
BRDA:180,22,1,0
BRF:46
BRH:16
end_of_record
TN:
SF:controllers/analytics.controller.js
FN:25,(anonymous_0)
FN:52,(anonymous_1)
FN:65,(anonymous_2)
FN:66,(anonymous_3)
FN:108,(anonymous_4)
FN:119,(anonymous_5)
FNF:6
FNH:6
FNDA:1,(anonymous_0)
FNDA:1,(anonymous_1)
FNDA:2,(anonymous_2)
FNDA:2,(anonymous_3)
FNDA:1,(anonymous_4)
FNDA:1,(anonymous_5)
DA:4,9
DA:5,9
DA:6,9
DA:7,9
DA:8,9
DA:11,9
DA:26,1
DA:27,1
DA:29,1
DA:30,1
DA:31,1
DA:32,1
DA:33,1
DA:34,0
DA:35,0
DA:36,0
DA:37,0
DA:38,0
DA:39,0
DA:40,0
DA:41,0
DA:42,0
DA:43,0
DA:44,0
DA:45,0
DA:49,1
DA:53,1
DA:54,1
DA:55,1
DA:56,1
DA:57,1
DA:58,1
DA:60,1
DA:61,1
DA:62,1
DA:63,1
DA:64,1
DA:65,2
DA:66,2
DA:67,1
DA:68,1
DA:70,0
DA:77,0
DA:78,0
DA:79,0
DA:80,0
DA:81,0
DA:84,1
DA:104,0
DA:109,1
DA:120,1
DA:130,9
LF:52
LH:33
BRDA:26,0,0,1
BRDA:26,0,1,0
BRDA:29,1,0,1
BRDA:29,1,1,0
BRDA:34,2,0,0
BRDA:34,2,1,0
BRDA:34,3,0,0
BRDA:34,3,1,0
BRDA:35,4,0,0
BRDA:35,4,1,0
BRDA:36,5,0,0
BRDA:36,5,1,0
BRDA:36,6,0,0
BRDA:36,6,1,0
BRDA:37,7,0,0
BRDA:37,7,1,0
BRDA:38,8,0,0
BRDA:38,8,1,0
BRDA:38,9,0,0
BRDA:38,9,1,0
BRDA:40,10,0,0
BRDA:40,10,1,0
BRDA:41,11,0,0
BRDA:41,11,1,0
BRDA:41,12,0,0
BRDA:41,12,1,0
BRDA:43,13,0,0
BRDA:43,13,1,0
BRDA:44,14,0,0
BRDA:44,14,1,0
BRDA:45,15,0,0
BRDA:45,15,1,0
BRDA:60,16,0,1
BRDA:60,16,1,0
BRDA:65,17,0,2
BRDA:65,17,1,2
BRF:36
BRH:5
end_of_record
TN:
SF:controllers/article.controller.js
FN:9,(anonymous_0)
FN:19,(anonymous_1)
FN:28,(anonymous_2)
FN:38,(anonymous_3)
FN:47,(anonymous_4)
FNF:5
FNH:2
FNDA:1,(anonymous_0)
FNDA:1,(anonymous_1)
FNDA:0,(anonymous_2)
FNDA:0,(anonymous_3)
FNDA:0,(anonymous_4)
DA:4,9
DA:5,9
DA:6,9
DA:10,1
DA:11,1
DA:12,1
DA:13,1
DA:15,0
DA:20,1
DA:21,1
DA:22,0
DA:24,1
DA:29,0
DA:30,0
DA:31,0
DA:32,0
DA:34,0
DA:39,0
DA:40,0
DA:41,0
DA:43,0
DA:48,0
DA:49,0
DA:50,0
DA:52,0
DA:57,9
LF:26
LH:11
BRF:0
BRH:0
end_of_record
TN:
SF:controllers/auth.controller.js
FN:10,(anonymous_0)
FN:32,(anonymous_1)
FNF:2
FNH:1
FNDA:2,(anonymous_0)
FNDA:0,(anonymous_1)
DA:4,9
DA:5,9
DA:6,9
DA:7,9
DA:11,2
DA:12,2
DA:13,2
DA:15,2
DA:16,1
DA:17,1
DA:18,1
DA:25,1
DA:26,1
DA:28,1
DA:33,0
DA:34,0
DA:35,0
DA:37,0
DA:42,9
LF:19
LH:15
BRDA:13,0,0,2
BRDA:13,0,1,0
BRDA:13,0,2,0
BRDA:15,1,0,1
BRDA:15,1,1,1
BRF:5
BRH:3
end_of_record
TN:
SF:controllers/category.controller.js
FN:8,(anonymous_0)
FN:17,(anonymous_1)
FN:30,(anonymous_2)
FNF:3
FNH:1
FNDA:1,(anonymous_0)
FNDA:0,(anonymous_1)
FNDA:0,(anonymous_2)
DA:4,9
DA:5,9
DA:9,1
DA:10,1
DA:11,1
DA:13,0
DA:18,0
DA:19,0
DA:20,0
DA:21,0
DA:23,0
DA:24,0
DA:26,0
DA:31,0
DA:32,0
DA:33,0
DA:35,0
DA:40,9
LF:18
LH:6
BRDA:20,0,0,0
BRDA:20,0,1,0
BRDA:20,1,0,0
BRDA:20,1,1,0
BRF:4
BRH:0
end_of_record
TN:
SF:controllers/evDomain.controller.js
FN:9,(anonymous_0)
FN:17,(anonymous_1)
FN:25,(anonymous_2)
FN:33,(anonymous_3)
FN:41,(anonymous_4)
FN:49,(anonymous_5)
FNF:6
FNH:6
FNDA:1,(anonymous_0)
FNDA:1,(anonymous_1)
FNDA:1,(anonymous_2)
FNDA:1,(anonymous_3)
FNDA:1,(anonymous_4)
FNDA:1,(anonymous_5)
DA:4,9
DA:5,9
DA:6,9
DA:10,1
DA:11,1
DA:18,1
DA:19,1
DA:26,1
DA:27,1
DA:34,1
DA:35,1
DA:42,1
DA:43,1
DA:50,1
DA:51,1
DA:52,1
DA:53,1
DA:58,1
DA:64,0
DA:69,9
LF:20
LH:19
BRDA:10,0,0,1
BRDA:10,0,1,0
BRDA:18,1,0,1
BRDA:18,1,1,0
BRDA:26,2,0,1
BRDA:26,2,1,0
BRDA:34,3,0,1
BRDA:34,3,1,0
BRDA:42,4,0,1
BRDA:42,4,1,0
BRF:10
BRH:5
end_of_record
TN:
SF:controllers/health.controller.js
FN:9,(anonymous_0)
FN:20,(anonymous_1)
FN:27,(anonymous_2)
FN:43,(anonymous_3)
FNF:4
FNH:4
FNDA:2,(anonymous_0)
FNDA:1,(anonymous_1)
FNDA:1,(anonymous_2)
FNDA:1,(anonymous_3)
DA:4,9
DA:5,9
DA:6,9
DA:10,2
DA:11,2
DA:21,1
DA:28,1
DA:29,1
DA:30,1
DA:36,0
DA:44,1
DA:51,9
LF:12
LH:11
BRDA:10,0,0,2
BRDA:10,0,1,0
BRDA:13,1,0,2
BRDA:13,1,1,0
BRDA:14,2,0,2
BRDA:14,2,1,0
BRDA:14,3,0,0
BRDA:14,3,1,0
BRDA:28,4,0,1
BRDA:28,4,1,0
BRDA:29,5,0,1
BRDA:29,5,1,0
BRF:12
BRH:5
end_of_record
TN:
SF:controllers/search.controller.js
FN:8,(anonymous_0)
FN:21,(anonymous_1)
FN:34,(anonymous_2)
FN:54,(anonymous_3)
FNF:4
FNH:4
FNDA:2,(anonymous_0)
FNDA:1,(anonymous_1)
FNDA:1,(anonymous_2)
FNDA:1,(anonymous_3)
DA:4,9
DA:5,9
DA:9,2
DA:10,2
DA:11,2
DA:12,2
DA:17,0
DA:22,1
DA:23,1
DA:24,1
DA:25,1
DA:30,0
DA:35,1
DA:36,1
DA:37,1
DA:42,1
DA:50,0
DA:55,1
DA:56,1
DA:61,1
DA:70,0
DA:75,9
LF:22
LH:18
BRDA:10,0,0,2
BRDA:10,0,1,0
BRDA:10,0,2,0
BRDA:23,1,0,1
BRDA:23,1,1,0
BRDA:23,1,2,0
BRF:6
BRH:2
end_of_record
TN:
SF:controllers/upload.controller.js
FN:8,(anonymous_0)
FN:20,(anonymous_1)
FN:33,(anonymous_2)
FNF:3
FNH:0
FNDA:0,(anonymous_0)
FNDA:0,(anonymous_1)
FNDA:0,(anonymous_2)
DA:4,9
DA:5,9
DA:9,0
DA:10,0
DA:11,0
DA:13,0
DA:14,0
DA:16,0
DA:21,0
DA:22,0
DA:23,0
DA:24,0
DA:26,0
DA:27,0
DA:29,0
DA:34,0
DA:35,0
DA:36,0
DA:38,0
DA:47,0
DA:52,9
LF:21
LH:3
BRDA:10,0,0,0
BRDA:10,0,1,0
BRDA:22,1,0,0
BRDA:22,1,1,0
BRDA:22,1,2,0
BRDA:22,1,3,0
BRDA:23,2,0,0
BRDA:23,2,1,0
BRDA:35,3,0,0
BRDA:35,3,1,0
BRF:10
BRH:0
end_of_record
TN:
SF:controllers/vehicle.controller.js
FN:10,(anonymous_0)
FN:20,(anonymous_1)
FN:29,(anonymous_2)
FN:39,(anonymous_3)
FNF:4
FNH:2
FNDA:5,(anonymous_0)
FNDA:2,(anonymous_1)
FNDA:0,(anonymous_2)
FNDA:0,(anonymous_3)
DA:5,9
DA:6,9
DA:7,9
DA:11,5
DA:12,5
DA:13,5
DA:14,5
DA:16,0
DA:21,2
DA:22,2
DA:23,0
DA:25,2
DA:30,0
DA:31,0
DA:32,0
DA:33,0
DA:35,0
DA:40,0
DA:41,0
DA:42,0
DA:44,0
DA:49,9
LF:22
LH:11
BRF:0
BRH:0
end_of_record
TN:
SF:dto/article.dto.js
FN:4,toArticleDTO
FN:36,toArticleListDTO
FNF:2
FNH:2
FNDA:8,toArticleDTO
FNDA:5,toArticleListDTO
DA:5,8
DA:7,8
DA:9,8
DA:10,8
DA:11,8
DA:13,8
DA:37,5
DA:38,5
DA:41,9
LF:9
LH:9
BRDA:5,0,0,0
BRDA:5,0,1,8
BRDA:7,1,0,0
BRDA:7,1,1,8
BRDA:9,2,0,0
BRDA:9,2,1,8
BRDA:9,3,0,8
BRDA:9,3,1,0
BRDA:15,4,0,8
BRDA:15,4,1,8
BRDA:16,5,0,8
BRDA:16,5,1,0
BRDA:17,6,0,8
BRDA:17,6,1,0
BRDA:18,7,0,8
BRDA:18,7,1,0
BRDA:19,8,0,8
BRDA:19,8,1,8
BRDA:20,9,0,8
BRDA:20,9,1,0
BRDA:21,10,0,8
BRDA:21,10,1,8
BRDA:22,11,0,8
BRDA:22,11,1,0
BRDA:23,12,0,8
BRDA:23,12,1,0
BRDA:24,13,0,8
BRDA:24,13,1,8
BRDA:25,14,0,8
BRDA:25,14,1,8
BRDA:26,15,0,8
BRDA:26,15,1,8
BRDA:26,16,0,8
BRDA:26,16,1,0
BRDA:27,17,0,8
BRDA:27,17,1,8
BRDA:27,18,0,8
BRDA:27,18,1,0
BRDA:27,19,0,8
BRDA:27,19,1,0
BRDA:28,20,0,8
BRDA:28,20,1,8
BRDA:29,21,0,8
BRDA:29,21,1,8
BRDA:29,22,0,8
BRDA:29,22,1,0
BRDA:30,23,0,8
BRDA:30,23,1,8
BRDA:37,24,0,0
BRDA:37,24,1,5
BRF:50
BRH:35
end_of_record
TN:
SF:dto/category.dto.js
FN:4,toCategoryDTO
FN:23,toCategoryListDTO
FNF:2
FNH:2
FNDA:16,toCategoryDTO
FNDA:1,toCategoryListDTO
DA:5,16
DA:7,16
DA:9,16
DA:10,16
DA:12,16
DA:14,16
DA:24,1
DA:25,1
DA:28,9
LF:9
LH:9
BRDA:5,0,0,0
BRDA:5,0,1,16
BRDA:7,1,0,0
BRDA:7,1,1,16
BRDA:12,2,0,16
BRDA:12,2,1,16
BRDA:12,2,2,16
BRDA:19,3,0,16
BRDA:19,3,1,16
BRDA:24,4,0,0
BRDA:24,4,1,1
BRF:11
BRH:8
end_of_record
TN:
SF:dto/vehicle.dto.js
FN:5,toVehicleDTO
FN:16,(anonymous_1)
FN:68,toVehicleListDTO
FNF:3
FNH:1
FNDA:0,toVehicleDTO
FNDA:0,(anonymous_1)
FNDA:9,toVehicleListDTO
DA:6,0
DA:9,0
DA:12,0
DA:13,0
DA:16,0
DA:19,0
DA:69,9
DA:70,9
DA:73,9
LF:9
LH:3
BRDA:6,0,0,0
BRDA:6,0,1,0
BRDA:9,1,0,0
BRDA:9,1,1,0
BRDA:16,2,0,0
BRDA:16,2,1,0
BRDA:16,3,0,0
BRDA:16,3,1,0
BRDA:23,4,0,0
BRDA:23,4,1,0
BRDA:24,5,0,0
BRDA:24,5,1,0
BRDA:25,6,0,0
BRDA:25,6,1,0
BRDA:26,7,0,0
BRDA:26,7,1,0
BRDA:27,8,0,0
BRDA:27,8,1,0
BRDA:28,9,0,0
BRDA:28,9,1,0
BRDA:29,10,0,0
BRDA:29,10,1,0
BRDA:32,11,0,0
BRDA:32,11,1,0
BRDA:33,12,0,0
BRDA:33,12,1,0
BRDA:34,13,0,0
BRDA:34,13,1,0
BRDA:35,14,0,0
BRDA:35,14,1,0
BRDA:36,15,0,0
BRDA:36,15,1,0
BRDA:37,16,0,0
BRDA:37,16,1,0
BRDA:38,17,0,0
BRDA:38,17,1,0
BRDA:39,18,0,0
BRDA:39,18,1,0
BRDA:40,19,0,0
BRDA:40,19,1,0
BRDA:41,20,0,0
BRDA:41,20,1,0
BRDA:42,21,0,0
BRDA:42,21,1,0
BRDA:43,22,0,0
BRDA:43,22,1,0
BRDA:43,22,2,0
BRDA:44,23,0,0
BRDA:44,23,1,0
BRDA:44,23,2,0
BRDA:45,24,0,0
BRDA:45,24,1,0
BRDA:48,25,0,0
BRDA:48,25,1,0
BRDA:48,25,2,0
BRDA:49,26,0,0
BRDA:49,26,1,0
BRDA:49,26,2,0
BRDA:52,27,0,0
BRDA:52,27,1,0
BRDA:52,28,0,0
BRDA:52,28,1,0
BRDA:53,29,0,0
BRDA:53,29,1,0
BRDA:53,30,0,0
BRDA:53,30,1,0
BRDA:54,31,0,0
BRDA:54,31,1,0
BRDA:55,32,0,0
BRDA:55,32,1,0
BRDA:55,33,0,0
BRDA:55,33,1,0
BRDA:56,34,0,0
BRDA:56,34,1,0
BRDA:57,35,0,0
BRDA:57,35,1,0
BRDA:58,36,0,0
BRDA:58,36,1,0
BRDA:59,37,0,0
BRDA:59,37,1,0
BRDA:61,38,0,0
BRDA:61,38,1,0
BRDA:62,39,0,0
BRDA:62,39,1,0
BRDA:69,40,0,0
BRDA:69,40,1,9
BRF:86
BRH:1
end_of_record
TN:
SF:errors/AppError.js
FN:5,(anonymous_0)
FN:16,(anonymous_1)
FN:22,(anonymous_2)
FN:28,(anonymous_3)
FNF:4
FNH:3
FNDA:4,(anonymous_0)
FNDA:3,(anonymous_1)
FNDA:0,(anonymous_2)
FNDA:1,(anonymous_3)
DA:6,4
DA:7,4
DA:8,4
DA:9,4
DA:10,4
DA:11,4
DA:17,3
DA:23,0
DA:29,1
DA:33,9
LF:10
LH:9
BRDA:5,0,0,0
BRDA:5,1,0,4
BRDA:16,2,0,0
BRDA:22,3,0,0
BRDA:22,4,0,0
BRDA:28,5,0,0
BRF:6
BRH:1
end_of_record
TN:
SF:middlewares/auth.middleware.js
FN:10,checkAdminAuth
FNF:1
FNH:1
FNDA:5,checkAdminAuth
DA:5,9
DA:6,9
DA:7,9
DA:8,9
DA:11,5
DA:12,5
DA:15,5
DA:16,5
DA:17,5
DA:18,5
DA:19,5
DA:20,5
DA:25,0
DA:26,0
DA:27,0
DA:31,0
DA:36,0
DA:39,9
LF:18
LH:13
BRDA:15,0,0,5
BRDA:15,0,1,0
BRDA:15,1,0,5
BRDA:15,1,1,5
BRDA:18,2,0,5
BRDA:18,2,1,0
BRDA:18,3,0,5
BRDA:18,3,1,5
BRDA:25,4,0,0
BRDA:25,4,1,0
BRDA:34,5,0,0
BRDA:34,5,1,0
BRF:12
BRH:6
end_of_record
TN:
SF:middlewares/error.middleware.js
FN:7,(anonymous_0)
FNF:1
FNH:1
FNDA:4,(anonymous_0)
DA:4,9
DA:5,9
DA:7,9
DA:8,4
DA:9,0
DA:12,4
DA:13,4
DA:14,4
DA:17,4
DA:18,0
DA:28,4
DA:40,4
DA:41,0
DA:44,4
DA:47,9
LF:15
LH:12
BRDA:8,0,0,0
BRDA:8,0,1,4
BRDA:12,1,0,4
BRDA:12,1,1,0
BRDA:13,2,0,4
BRDA:13,2,1,0
BRDA:14,3,0,4
BRDA:14,3,1,0
BRDA:14,3,2,0
BRDA:17,4,0,0
BRDA:17,4,1,4
BRDA:17,5,0,4
BRDA:17,5,1,4
BRDA:20,6,0,0
BRDA:20,6,1,0
BRDA:22,7,0,0
BRDA:22,7,1,0
BRDA:33,8,0,0
BRDA:33,8,1,4
BRDA:33,9,0,4
BRDA:33,9,1,0
BRDA:40,10,0,0
BRDA:40,10,1,4
BRDA:40,11,0,4
BRDA:40,11,1,4
BRF:25
BRH:12
end_of_record
TN:
SF:middlewares/etag.middleware.js
FN:4,conditionalRequestMiddleware
FN:9,(anonymous_1)
FNF:2
FNH:2
FNDA:37,conditionalRequestMiddleware
FNDA:37,(anonymous_1)
DA:5,37
DA:8,37
DA:9,37
DA:10,37
DA:11,0
DA:12,0
DA:13,0
DA:14,0
DA:17,37
DA:20,37
DA:23,9
LF:11
LH:7
BRDA:10,0,0,0
BRDA:10,0,1,37
BRDA:10,1,0,37
BRDA:10,1,1,27
BRDA:12,2,0,0
BRDA:12,2,1,0
BRDA:12,3,0,0
BRDA:12,3,1,0
BRDA:12,3,2,0
BRF:9
BRH:3
end_of_record
TN:
SF:middlewares/maintenance.middleware.js
FN:9,maintenanceMiddleware
FNF:1
FNH:1
FNDA:38,maintenanceMiddleware
DA:6,9
DA:7,9
DA:10,38
DA:12,38
DA:13,36
DA:17,2
DA:18,1
DA:22,1
DA:23,0
DA:27,1
DA:28,1
DA:30,1
DA:31,0
DA:32,0
DA:33,0
DA:34,0
DA:38,1
DA:39,0
DA:43,1
DA:53,9
LF:20
LH:14
BRDA:12,0,0,36
BRDA:12,0,1,2
BRDA:17,1,0,1
BRDA:17,1,1,1
BRDA:17,2,0,2
BRDA:17,2,1,1
BRDA:22,3,0,0
BRDA:22,3,1,1
BRDA:30,4,0,0
BRDA:30,4,1,1
BRDA:30,5,0,1
BRDA:30,5,1,0
BRDA:33,6,0,0
BRDA:33,6,1,0
BRDA:33,7,0,0
BRDA:33,7,1,0
BRDA:38,8,0,0
BRDA:38,8,1,1
BRF:18
BRH:10
end_of_record
TN:
SF:middlewares/rateLimit.middleware.js
FN:13,(anonymous_0)
FN:29,(anonymous_1)
FN:45,(anonymous_2)
FNF:3
FNH:2
FNDA:37,(anonymous_0)
FNDA:2,(anonymous_1)
FNDA:0,(anonymous_2)
DA:5,9
DA:7,9
DA:10,9
DA:13,37
DA:26,9
DA:29,2
DA:42,9
DA:45,0
DA:57,9
LF:9
LH:8
BRF:0
BRH:0
end_of_record
TN:
SF:middlewares/requestId.middleware.js
FN:7,requestIdMiddleware
FNF:1
FNH:1
FNDA:38,requestIdMiddleware
DA:5,9
DA:8,38
DA:9,38
DA:10,38
DA:11,38
DA:14,9
LF:6
LH:6
BRDA:8,0,0,38
BRDA:8,0,1,38
BRF:2
BRH:2
end_of_record
TN:
SF:middlewares/requestLogger.middleware.js
FN:15,requestLoggerMiddleware
FN:19,(anonymous_1)
FN:43,getSystemMetrics
FNF:3
FNH:3
FNDA:38,requestLoggerMiddleware
FNDA:38,(anonymous_1)
FNDA:3,getSystemMetrics
DA:4,9
DA:7,9
DA:16,38
DA:17,38
DA:19,38
DA:20,38
DA:21,38
DA:23,38
DA:24,5
DA:26,33
DA:30,38
DA:32,34
DA:40,38
DA:44,3
DA:45,3
DA:46,3
DA:50,3
DA:68,9
LF:18
LH:18
BRDA:23,0,0,5
BRDA:23,0,1,33
BRDA:30,1,0,4
BRDA:30,1,1,34
BRDA:34,2,0,34
BRDA:34,2,1,0
BRDA:46,3,0,3
BRDA:46,3,1,0
BRDA:56,4,0,3
BRDA:56,4,1,0
BRF:10
BRH:7
end_of_record
TN:
SF:middlewares/sanitize.middleware.js
FN:5,sanitizeObject
FN:23,sanitizeInput
FNF:2
FNH:2
FNDA:146,sanitizeObject
FNDA:37,sanitizeInput
DA:6,146
DA:8,112
DA:9,1
DA:12,111
DA:13,111
DA:15,33
DA:16,0
DA:18,33
DA:20,111
DA:24,37
DA:25,37
DA:26,37
DA:27,37
DA:30,9
LF:14
LH:13
BRDA:6,0,0,34
BRDA:6,0,1,112
BRDA:6,1,0,146
BRDA:6,1,1,146
BRDA:8,2,0,1
BRDA:8,2,1,111
BRDA:15,3,0,0
BRDA:15,3,1,33
BRDA:24,4,0,37
BRDA:24,4,1,0
BRDA:25,5,0,37
BRDA:25,5,1,0
BRDA:26,6,0,37
BRDA:26,6,1,0
BRF:14
BRH:10
end_of_record
TN:
SF:middlewares/upload.middleware.js
FN:10,(anonymous_0)
FNF:1
FNH:0
FNDA:0,(anonymous_0)
DA:4,9
DA:5,9
DA:7,9
DA:8,9
DA:10,9
DA:11,0
DA:12,0
DA:14,0
DA:17,9
DA:23,9
LF:10
LH:7
BRDA:11,0,0,0
BRDA:11,0,1,0
BRF:2
BRH:0
end_of_record
TN:
SF:models/Article.js
FN:111,(anonymous_0)
FNF:1
FNH:0
FNDA:0,(anonymous_0)
DA:5,9
DA:7,9
DA:93,9
DA:96,9
DA:99,9
DA:102,9
DA:109,9
DA:112,0
DA:113,0
DA:114,0
DA:118,9
LF:11
LH:8
BRF:0
BRH:0
end_of_record
TN:
SF:models/Category.js
FN:16,(anonymous_0)
FNF:1
FNH:0
FNDA:0,(anonymous_0)
DA:1,9
DA:3,9
DA:14,9
DA:17,0
DA:18,0
DA:22,9
LF:6
LH:4
BRF:0
BRH:0
end_of_record
TN:
SF:models/Vehicle.js
FN:117,(anonymous_0)
FN:118,(anonymous_1)
FN:119,(anonymous_2)
FN:120,(anonymous_3)
FN:121,(anonymous_4)
FN:122,(anonymous_5)
FN:123,(anonymous_6)
FN:124,(anonymous_7)
FN:166,(anonymous_8)
FNF:9
FNH:0
FNDA:0,(anonymous_0)
FNDA:0,(anonymous_1)
FNDA:0,(anonymous_2)
FNDA:0,(anonymous_3)
FNDA:0,(anonymous_4)
FNDA:0,(anonymous_5)
FNDA:0,(anonymous_6)
FNDA:0,(anonymous_7)
FNDA:0,(anonymous_8)
DA:1,9
DA:4,9
DA:11,9
DA:18,9
DA:26,9
DA:36,9
DA:54,9
DA:67,9
DA:75,9
DA:80,9
DA:117,0
DA:118,0
DA:119,0
DA:120,0
DA:121,0
DA:122,0
DA:123,0
DA:124,0
DA:136,9
DA:139,9
DA:142,9
DA:145,9
DA:148,9
DA:151,9
DA:154,9
DA:157,9
DA:164,9
DA:167,0
DA:168,0
DA:172,9
LF:30
LH:20
BRF:0
BRH:0
end_of_record
TN:
SF:repositories/article.repository.js
FN:9,(anonymous_0)
FN:13,(anonymous_1)
FN:16,(anonymous_2)
FN:30,(anonymous_3)
FN:38,(anonymous_4)
FN:41,(anonymous_5)
FN:51,(anonymous_6)
FN:69,(anonymous_7)
FN:72,(anonymous_8)
FN:82,(anonymous_9)
FN:85,(anonymous_10)
FNF:11
FNH:6
FNDA:6,(anonymous_0)
FNDA:2,(anonymous_1)
FNDA:10,(anonymous_2)
FNDA:1,(anonymous_3)
FNDA:1,(anonymous_4)
FNDA:2,(anonymous_5)
FNDA:0,(anonymous_6)
FNDA:0,(anonymous_7)
FNDA:0,(anonymous_8)
FNDA:0,(anonymous_9)
FNDA:0,(anonymous_10)
DA:5,9
DA:6,9
DA:10,6
DA:11,6
DA:12,6
DA:13,2
DA:15,6
DA:16,10
DA:18,6
DA:19,3
DA:21,6
DA:24,0
DA:25,0
DA:26,0
DA:27,0
DA:31,1
DA:32,1
DA:33,1
DA:35,0
DA:39,1
DA:40,1
DA:41,2
DA:44,0
DA:45,0
DA:46,0
DA:48,0
DA:52,0
DA:53,0
DA:54,0
DA:59,0
DA:60,0
DA:61,0
DA:64,0
DA:65,0
DA:66,0
DA:70,0
DA:71,0
DA:72,0
DA:73,0
DA:74,0
DA:75,0
DA:76,0
DA:79,0
DA:83,0
DA:84,0
DA:85,0
DA:86,0
DA:87,0
DA:88,0
DA:89,0
DA:90,0
DA:93,0
DA:97,9
LF:53
LH:18
BRDA:9,0,0,2
BRDA:9,1,0,2
BRDA:10,2,0,6
BRDA:10,2,1,0
BRDA:12,3,0,1
BRDA:12,3,1,5
BRDA:15,4,0,6
BRDA:15,4,1,0
BRDA:18,5,0,3
BRDA:18,5,1,3
BRDA:25,6,0,0
BRDA:25,6,1,0
BRDA:26,7,0,0
BRDA:26,7,1,0
BRDA:31,8,0,1
BRDA:31,8,1,0
BRDA:39,9,0,1
BRDA:39,9,1,0
BRDA:41,10,0,1
BRDA:41,10,1,1
BRDA:45,11,0,0
BRDA:45,11,1,0
BRDA:52,12,0,0
BRDA:52,12,1,0
BRDA:70,13,0,0
BRDA:70,13,1,0
BRDA:73,14,0,0
BRDA:73,14,1,0
BRDA:83,15,0,0
BRDA:83,15,1,0
BRDA:86,16,0,0
BRDA:86,16,1,0
BRF:32
BRH:12
end_of_record
TN:
SF:repositories/category.repository.js
FN:8,(anonymous_0)
FN:10,(anonymous_1)
FN:15,(anonymous_2)
FN:18,(anonymous_3)
FN:23,(anonymous_4)
FN:26,(anonymous_5)
FN:39,(anonymous_6)
FN:42,(anonymous_7)
FNF:8
FNH:2
FNDA:4,(anonymous_0)
FNDA:188,(anonymous_1)
FNDA:0,(anonymous_2)
FNDA:0,(anonymous_3)
FNDA:0,(anonymous_4)
FNDA:0,(anonymous_5)
FNDA:0,(anonymous_6)
FNDA:0,(anonymous_7)
DA:4,9
DA:5,9
DA:9,4
DA:10,188
DA:12,0
DA:16,0
DA:17,0
DA:18,0
DA:20,0
DA:24,0
DA:25,0
DA:26,0
DA:27,0
DA:29,0
DA:30,0
DA:31,0
DA:34,0
DA:35,0
DA:36,0
DA:40,0
DA:41,0
DA:42,0
DA:43,0
DA:44,0
DA:45,0
DA:46,0
DA:47,0
DA:50,0
DA:54,9
LF:29
LH:5
BRDA:9,0,0,4
BRDA:9,0,1,0
BRDA:10,1,0,188
BRDA:10,1,1,0
BRDA:10,2,0,188
BRDA:10,2,1,0
BRDA:16,3,0,0
BRDA:16,3,1,0
BRDA:18,4,0,0
BRDA:18,4,1,0
BRDA:24,5,0,0
BRDA:24,5,1,0
BRDA:26,6,0,0
BRDA:26,6,1,0
BRDA:40,7,0,0
BRDA:40,7,1,0
BRDA:43,8,0,0
BRDA:43,8,1,0
BRF:18
BRH:3
end_of_record
TN:
SF:repositories/vehicle.repository.js
FN:9,(anonymous_0)
FN:13,(anonymous_1)
FN:15,(anonymous_2)
FN:22,(anonymous_3)
FN:30,(anonymous_4)
FN:36,(anonymous_5)
FN:41,(anonymous_6)
FN:44,(anonymous_7)
FN:47,(anonymous_8)
FN:52,(anonymous_9)
FN:55,(anonymous_10)
FN:65,(anonymous_11)
FN:74,(anonymous_12)
FN:77,(anonymous_13)
FN:85,(anonymous_14)
FNF:15
FNH:3
FNDA:10,(anonymous_0)
FNDA:0,(anonymous_1)
FNDA:0,(anonymous_2)
FNDA:0,(anonymous_3)
FNDA:4,(anonymous_4)
FNDA:0,(anonymous_5)
FNDA:2,(anonymous_6)
FNDA:0,(anonymous_7)
FNDA:0,(anonymous_8)
FNDA:0,(anonymous_9)
FNDA:0,(anonymous_10)
FNDA:0,(anonymous_11)
FNDA:0,(anonymous_12)
FNDA:0,(anonymous_13)
FNDA:0,(anonymous_14)
DA:4,9
DA:5,9
DA:6,9
DA:10,10
DA:11,10
DA:12,10
DA:13,0
DA:15,10
DA:16,10
DA:17,1
DA:19,10
DA:22,0
DA:23,0
DA:24,0
DA:25,0
DA:26,0
DA:31,4
DA:32,4
DA:33,4
DA:36,0
DA:37,0
DA:42,2
DA:43,2
DA:44,2
DA:47,0
DA:48,0
DA:53,0
DA:54,0
DA:55,0
DA:56,0
DA:57,0
DA:59,0
DA:61,0
DA:62,0
DA:65,0
DA:66,0
DA:75,0
DA:76,0
DA:77,0
DA:78,0
DA:79,0
DA:80,0
DA:81,0
DA:82,0
DA:85,0
DA:86,0
DA:91,9
LF:47
LH:17
BRDA:9,0,0,5
BRDA:9,1,0,5
BRDA:10,2,0,10
BRDA:10,2,1,0
BRDA:12,3,0,0
BRDA:12,3,1,10
BRDA:15,4,0,0
BRDA:15,4,1,0
BRDA:15,5,0,0
BRDA:15,5,1,0
BRDA:16,6,0,1
BRDA:16,6,1,9
BRDA:24,7,0,0
BRDA:24,7,1,0
BRDA:25,8,0,0
BRDA:25,8,1,0
BRDA:31,9,0,4
BRDA:31,9,1,0
BRDA:42,10,0,2
BRDA:42,10,1,0
BRDA:44,11,0,2
BRDA:44,11,1,2
BRDA:53,12,0,0
BRDA:53,12,1,0
BRDA:56,13,0,0
BRDA:56,13,1,0
BRDA:75,14,0,0
BRDA:75,14,1,0
BRDA:78,15,0,0
BRDA:78,15,1,0
BRF:30
BRH:10
end_of_record
TN:
SF:routes/admin.routes.js
FNF:0
FNH:0
DA:4,9
DA:5,9
DA:6,9
DA:7,9
DA:9,9
DA:10,9
DA:11,9
DA:12,9
DA:13,9
DA:15,9
LF:10
LH:10
BRF:0
BRH:0
end_of_record
TN:
SF:routes/analytics.routes.js
FNF:0
FNH:0
DA:4,9
DA:5,9
DA:6,9
DA:8,9
DA:9,9
DA:10,9
DA:11,9
DA:13,9
LF:8
LH:8
BRF:0
BRH:0
end_of_record
TN:
SF:routes/article.routes.js
FNF:0
FNH:0
DA:4,9
DA:5,9
DA:6,9
DA:7,9
DA:9,9
DA:10,9
DA:11,9
DA:12,9
DA:13,9
DA:15,9
LF:10
LH:10
BRF:0
BRH:0
end_of_record
TN:
SF:routes/auth.routes.js
FNF:0
FNH:0
DA:4,9
DA:5,9
DA:6,9
DA:7,9
DA:8,9
DA:10,9
DA:11,9
DA:13,9
LF:8
LH:8
BRF:0
BRH:0
end_of_record
TN:
SF:routes/category.routes.js
FNF:0
FNH:0
DA:4,9
DA:5,9
DA:6,9
DA:7,9
DA:9,9
DA:10,9
DA:11,9
DA:13,9
LF:8
LH:8
BRF:0
BRH:0
end_of_record
TN:
SF:routes/evDomain.routes.js
FNF:0
FNH:0
DA:4,9
DA:5,9
DA:6,9
DA:8,9
DA:9,9
DA:10,9
DA:11,9
DA:12,9
DA:13,9
DA:15,9
LF:10
LH:10
BRF:0
BRH:0
end_of_record
TN:
SF:routes/health.routes.js
FNF:0
FNH:0
DA:4,9
DA:5,9
DA:6,9
DA:8,9
DA:9,9
DA:10,9
DA:11,9
DA:13,9
LF:8
LH:8
BRF:0
BRH:0
end_of_record
TN:
SF:routes/index.js
FNF:0
FNH:0
DA:4,9
DA:5,9
DA:7,9
DA:8,9
DA:9,9
DA:10,9
DA:11,9
DA:12,9
DA:13,9
DA:14,9
DA:15,9
DA:16,9
DA:18,9
DA:19,9
DA:20,9
DA:21,9
DA:22,9
DA:23,9
DA:24,9
DA:25,9
DA:26,9
DA:27,9
DA:29,9
LF:23
LH:23
BRF:0
BRH:0
end_of_record
TN:
SF:routes/search.routes.js
FNF:0
FNH:0
DA:4,9
DA:5,9
DA:6,9
DA:8,9
DA:9,9
DA:10,9
DA:11,9
DA:13,9
LF:8
LH:8
BRF:0
BRH:0
end_of_record
TN:
SF:routes/upload.js
FNF:0
FNH:0
DA:4,9
DA:5,9
DA:6,9
DA:7,9
DA:8,9
DA:9,9
DA:11,9
DA:12,9
DA:13,9
DA:14,9
DA:16,9
LF:11
LH:11
BRF:0
BRH:0
end_of_record
TN:
SF:routes/vehicle.routes.js
FNF:0
FNH:0
DA:4,9
DA:5,9
DA:6,9
DA:7,9
DA:9,9
DA:10,9
DA:11,9
DA:12,9
DA:14,9
LF:9
LH:9
BRF:0
BRH:0
end_of_record
TN:
SF:services/article.service.js
FN:23,(anonymous_0)
FN:66,(anonymous_1)
FN:81,(anonymous_2)
FN:90,(anonymous_3)
FN:103,(anonymous_4)
FNF:5
FNH:2
FNDA:1,(anonymous_0)
FNDA:1,(anonymous_1)
FNDA:0,(anonymous_2)
FNDA:0,(anonymous_3)
FNDA:0,(anonymous_4)
DA:6,9
DA:7,9
DA:8,9
DA:9,9
DA:10,9
DA:11,9
DA:15,9
DA:24,1
DA:25,1
DA:26,1
DA:29,1
DA:32,1
DA:36,1
DA:37,1
DA:38,1
DA:39,0
DA:44,1
DA:45,1
DA:47,1
DA:52,1
DA:53,1
DA:55,1
DA:58,1
DA:59,1
DA:60,1
DA:63,1
DA:67,1
DA:68,1
DA:69,1
DA:71,1
DA:72,1
DA:73,1
DA:76,0
DA:77,0
DA:78,0
DA:82,0
DA:85,0
DA:87,0
DA:91,0
DA:92,0
DA:93,0
DA:97,0
DA:98,0
DA:100,0
DA:104,0
DA:105,0
DA:106,0
DA:110,0
DA:111,0
DA:113,0
DA:114,0
DA:115,0
DA:116,0
DA:122,0
DA:126,9
LF:55
LH:32
BRDA:29,0,0,1
BRDA:29,0,1,1
BRDA:29,0,2,1
BRDA:29,0,3,1
BRDA:29,0,4,1
BRDA:32,1,0,1
BRDA:32,1,1,0
BRDA:36,2,0,1
BRDA:36,2,1,0
BRDA:38,3,0,0
BRDA:38,3,1,1
BRDA:44,4,0,1
BRDA:44,4,1,1
BRDA:44,5,0,1
BRDA:44,5,1,0
BRDA:45,6,0,0
BRDA:45,6,1,1
BRDA:45,7,0,1
BRDA:45,7,1,0
BRDA:48,8,0,1
BRDA:48,8,1,1
BRDA:48,9,0,1
BRDA:48,9,1,1
BRDA:53,10,0,0
BRDA:53,10,1,1
BRDA:53,11,0,1
BRDA:53,11,1,0
BRDA:58,12,0,1
BRDA:58,12,1,0
BRDA:59,13,0,1
BRDA:59,13,1,0
BRDA:69,14,0,0
BRDA:69,14,1,1
BRDA:72,15,0,1
BRDA:72,15,1,0
BRDA:92,16,0,0
BRDA:92,16,1,0
BRDA:105,17,0,0
BRDA:105,17,1,0
BRDA:114,18,0,0
BRDA:114,18,1,0
BRDA:114,18,2,0
BRDA:115,19,0,0
BRDA:115,19,1,0
BRDA:115,20,0,0
BRDA:115,20,1,0
BRF:46
BRH:23
end_of_record
TN:
SF:services/category.service.js
FN:9,(anonymous_0)
FN:14,(anonymous_1)
FN:19,(anonymous_2)
FNF:3
FNH:1
FNDA:1,(anonymous_0)
FNDA:0,(anonymous_1)
FNDA:0,(anonymous_2)
DA:4,9
DA:5,9
DA:6,9
DA:10,1
DA:11,1
DA:15,0
DA:16,0
DA:20,0
DA:21,0
DA:22,0
DA:24,0
DA:28,9
LF:12
LH:6
BRDA:21,0,0,0
BRDA:21,0,1,0
BRF:2
BRH:0
end_of_record
TN:
SF:services/evDomain.service.js
FN:9,(anonymous_0)
FN:48,(anonymous_1)
FN:80,(anonymous_2)
FN:101,(anonymous_3)
FN:122,(anonymous_4)
FN:139,(anonymous_5)
FN:140,(anonymous_6)
FN:171,(anonymous_7)
FNF:8
FNH:6
FNDA:1,(anonymous_0)
FNDA:1,(anonymous_1)
FNDA:1,(anonymous_2)
FNDA:1,(anonymous_3)
FNDA:1,(anonymous_4)
FNDA:1,(anonymous_5)
FNDA:0,(anonymous_6)
FNDA:0,(anonymous_7)
DA:10,1
DA:11,1
DA:12,1
DA:15,1
DA:16,1
DA:19,1
DA:22,1
DA:23,1
DA:26,1
DA:32,1
DA:49,1
DA:50,1
DA:53,1
DA:54,1
DA:55,1
DA:56,1
DA:59,1
DA:60,1
DA:61,1
DA:62,1
DA:64,1
DA:66,1
DA:81,1
DA:83,1
DA:84,1
DA:85,1
DA:87,1
DA:89,1
DA:102,1
DA:103,1
DA:104,1
DA:107,1
DA:108,1
DA:109,1
DA:111,1
DA:123,1
DA:124,1
DA:126,1
DA:140,1
DA:141,0
DA:142,0
DA:144,0
DA:145,0
DA:147,0
DA:148,0
DA:149,0
DA:151,0
DA:152,0
DA:153,0
DA:156,0
DA:157,0
DA:158,0
DA:159,0
DA:160,0
DA:161,0
DA:164,0
DA:171,1
DA:175,9
LF:58
LH:41
BRDA:10,0,0,1
BRDA:10,0,1,0
BRDA:11,1,0,1
BRDA:11,1,1,0
BRDA:12,2,0,1
BRDA:12,2,1,0
BRDA:48,3,0,0
BRDA:48,4,0,0
BRDA:48,5,0,0
BRDA:48,6,0,1
BRDA:48,7,0,1
BRDA:48,8,0,1
BRDA:80,9,0,0
BRDA:80,10,0,1
BRDA:80,11,0,0
BRDA:80,12,0,0
BRDA:83,13,0,1
BRDA:83,13,1,0
BRDA:84,14,0,0
BRDA:84,14,1,1
BRDA:85,15,0,1
BRDA:85,15,1,0
BRDA:93,16,0,1
BRDA:93,16,1,0
BRDA:101,17,0,0
BRDA:101,18,0,0
BRDA:101,19,0,0
BRDA:101,20,0,1
BRDA:101,21,0,0
BRDA:114,22,0,0
BRDA:114,22,1,1
BRDA:122,23,0,0
BRDA:122,24,0,0
BRDA:122,25,0,0
BRDA:122,26,0,1
BRDA:128,27,0,1
BRDA:128,27,1,0
BRDA:130,28,0,1
BRDA:130,28,1,0
BRDA:139,29,0,0
BRDA:139,30,0,0
BRDA:139,31,0,1
BRDA:139,32,0,0
BRDA:144,33,0,0
BRDA:144,33,1,0
BRDA:144,34,0,0
BRDA:144,34,1,0
BRDA:145,35,0,0
BRDA:145,35,1,0
BRDA:147,36,0,0
BRDA:147,36,1,0
BRDA:151,37,0,0
BRDA:151,37,1,0
BRDA:156,38,0,0
BRDA:156,38,1,0
BRDA:156,39,0,0
BRDA:156,39,1,0
BRDA:159,40,0,0
BRDA:159,40,1,0
BRDA:159,41,0,0
BRDA:159,41,1,0
BRF:61
BRH:17
end_of_record
TN:
SF:services/recommendation.service.js
FN:14,(anonymous_0)
FN:16,(anonymous_1)
FN:18,(anonymous_2)
FN:27,(anonymous_3)
FN:43,(anonymous_4)
FN:48,(anonymous_5)
FNF:6
FNH:3
FNDA:2,(anonymous_0)
FNDA:0,(anonymous_1)
FNDA:0,(anonymous_2)
FNDA:0,(anonymous_3)
FNDA:2,(anonymous_4)
FNDA:2,(anonymous_5)
DA:5,9
DA:6,9
DA:7,9
DA:8,9
DA:15,2
DA:16,2
DA:18,2
DA:19,0
DA:21,0
DA:22,0
DA:23,0
DA:27,2
DA:28,0
DA:29,0
DA:30,0
DA:31,0
DA:32,0
DA:33,0
DA:34,0
DA:37,2
DA:44,2
DA:45,2
DA:47,2
DA:48,2
DA:49,2
DA:53,9
LF:26
LH:15
BRDA:19,0,0,0
BRDA:19,0,1,0
BRDA:22,1,0,0
BRDA:22,1,1,0
BRDA:23,2,0,0
BRDA:23,2,1,0
BRDA:30,3,0,0
BRDA:30,3,1,0
BRDA:31,4,0,0
BRDA:31,4,1,0
BRDA:32,5,0,0
BRDA:32,5,1,0
BRDA:32,6,0,0
BRDA:32,6,1,0
BRDA:33,7,0,0
BRDA:33,7,1,0
BRDA:33,8,0,0
BRDA:33,8,1,0
BRDA:45,9,0,1
BRDA:45,9,1,1
BRDA:48,10,0,2
BRDA:48,10,1,2
BRDA:48,11,0,0
BRDA:48,11,1,2
BRF:24
BRH:5
end_of_record
TN:
SF:services/search.service.js
FN:14,(anonymous_0)
FN:35,(anonymous_1)
FN:35,(anonymous_2)
FN:45,(anonymous_3)
FN:56,(anonymous_4)
FN:73,(anonymous_5)
FNF:6
FNH:5
FNDA:1,(anonymous_0)
FNDA:16,(anonymous_1)
FNDA:1,(anonymous_2)
FNDA:0,(anonymous_3)
FNDA:2,(anonymous_4)
FNDA:2,(anonymous_5)
DA:4,9
DA:5,9
DA:6,9
DA:7,9
DA:8,9
DA:15,1
DA:16,0
DA:19,1
DA:20,1
DA:21,1
DA:26,1
DA:32,1
DA:35,16
DA:36,1
DA:45,1
DA:46,0
DA:56,1
DA:57,2
DA:58,2
DA:67,1
DA:74,2
DA:75,2
DA:77,2
DA:78,2
DA:79,0
DA:81,2
DA:82,2
DA:89,2
DA:90,2
DA:91,0
DA:93,2
DA:94,2
DA:100,2
DA:106,2
DA:107,2
DA:108,2
DA:111,2
DA:112,2
DA:113,0
DA:114,0
DA:121,2
DA:131,9
LF:42
LH:36
BRDA:15,0,0,0
BRDA:15,0,1,1
BRDA:15,1,0,1
BRDA:15,1,1,1
BRDA:15,1,2,1
BRDA:49,2,0,0
BRDA:49,2,1,0
BRDA:50,3,0,0
BRDA:50,3,1,0
BRDA:57,4,0,0
BRDA:57,4,1,2
BRDA:73,5,0,0
BRDA:74,6,0,2
BRDA:74,6,1,0
BRDA:75,7,0,2
BRDA:75,7,1,0
BRDA:78,8,0,0
BRDA:78,8,1,2
BRDA:78,9,0,2
BRDA:78,9,1,2
BRDA:79,10,0,0
BRDA:79,10,1,0
BRDA:81,11,0,2
BRDA:81,11,1,0
BRDA:90,12,0,0
BRDA:90,12,1,2
BRDA:90,13,0,2
BRDA:90,13,1,2
BRDA:91,14,0,0
BRDA:91,14,1,0
BRDA:93,15,0,2
BRDA:93,15,1,0
BRDA:112,16,0,0
BRDA:112,16,1,2
BRDA:112,17,0,2
BRDA:112,17,1,0
BRF:36
BRH:17
end_of_record
TN:
SF:services/upload.service.js
FN:8,extractPublicId
FN:21,uploadBuffer
FN:22,(anonymous_2)
FN:30,(anonymous_3)
FN:50,deleteImage
FNF:5
FNH:0
FNDA:0,extractPublicId
FNDA:0,uploadBuffer
FNDA:0,(anonymous_2)
FNDA:0,(anonymous_3)
FNDA:0,deleteImage
DA:5,9
DA:6,9
DA:9,0
DA:10,0
DA:12,0
DA:13,0
DA:14,0
DA:15,0
DA:17,0
DA:22,0
DA:23,0
DA:31,0
DA:32,0
DA:33,0
DA:35,0
DA:46,0
DA:51,0
DA:52,0
DA:54,0
DA:55,0
DA:56,0
DA:57,0
DA:59,0
DA:60,0
DA:64,9
LF:25
LH:3
BRDA:9,0,0,0
BRDA:9,0,1,0
BRDA:9,1,0,0
BRDA:9,1,1,0
BRDA:10,2,0,0
BRDA:10,2,1,0
BRDA:21,3,0,0
BRDA:31,4,0,0
BRDA:31,4,1,0
BRDA:52,5,0,0
BRDA:52,5,1,0
BRDA:57,6,0,0
BRDA:57,6,1,0
BRF:13
BRH:0
end_of_record
TN:
SF:services/vehicle.service.js
FN:28,(anonymous_0)
FN:74,(anonymous_1)
FN:89,(anonymous_2)
FN:95,(anonymous_3)
FN:121,(anonymous_4)
FNF:5
FNH:2
FNDA:5,(anonymous_0)
FNDA:2,(anonymous_1)
FNDA:0,(anonymous_2)
FNDA:0,(anonymous_3)
FNDA:0,(anonymous_4)
DA:7,9
DA:8,9
DA:9,9
DA:10,9
DA:11,9
DA:12,9
DA:17,9
DA:29,5
DA:30,5
DA:31,5
DA:34,5
DA:39,5
DA:40,5
DA:44,5
DA:45,5
DA:46,5
DA:47,1
DA:52,4
DA:53,4
DA:55,4
DA:60,4
DA:61,4
DA:63,4
DA:66,4
DA:67,4
DA:68,4
DA:71,4
DA:75,2
DA:76,2
DA:77,2
DA:79,2
DA:80,2
DA:81,2
DA:84,0
DA:85,0
DA:86,0
DA:90,0
DA:91,0
DA:95,0
DA:96,0
DA:97,0
DA:99,0
DA:103,0
DA:107,0
DA:112,0
DA:115,0
DA:116,0
DA:118,0
DA:122,0
DA:123,0
DA:124,0
DA:128,0
DA:129,0
DA:132,0
DA:133,0
DA:134,0
DA:136,0
DA:137,0
DA:138,0
DA:139,0
DA:140,0
DA:148,0
DA:152,9
LF:63
LH:34
BRDA:34,0,0,5
BRDA:34,0,1,5
BRDA:34,0,2,5
BRDA:34,0,3,5
BRDA:34,0,4,5
BRDA:34,0,5,5
BRDA:34,0,6,5
BRDA:34,0,7,5
BRDA:34,0,8,5
BRDA:39,1,0,1
BRDA:39,1,1,4
BRDA:40,2,0,1
BRDA:40,2,1,4
BRDA:44,3,0,5
BRDA:44,3,1,0
BRDA:46,4,0,1
BRDA:46,4,1,4
BRDA:52,5,0,4
BRDA:52,5,1,4
BRDA:52,6,0,1
BRDA:52,6,1,3
BRDA:53,7,0,0
BRDA:53,7,1,4
BRDA:53,8,0,4
BRDA:53,8,1,0
BRDA:56,9,0,4
BRDA:56,9,1,4
BRDA:56,10,0,4
BRDA:56,10,1,4
BRDA:61,11,0,0
BRDA:61,11,1,4
BRDA:61,12,0,4
BRDA:61,12,1,0
BRDA:66,13,0,4
BRDA:66,13,1,0
BRDA:67,14,0,1
BRDA:67,14,1,3
BRDA:77,15,0,0
BRDA:77,15,1,2
BRDA:80,16,0,2
BRDA:80,16,1,0
BRDA:90,17,0,0
BRDA:90,17,1,0
BRDA:95,18,0,0
BRDA:95,18,1,0
BRDA:95,19,0,0
BRDA:95,19,1,0
BRDA:95,20,0,0
BRDA:95,20,1,0
BRDA:97,21,0,0
BRDA:97,21,1,0
BRDA:99,22,0,0
BRDA:99,22,1,0
BRDA:101,23,0,0
BRDA:101,23,1,0
BRDA:103,24,0,0
BRDA:103,24,1,0
BRDA:105,25,0,0
BRDA:105,25,1,0
BRDA:107,26,0,0
BRDA:107,26,1,0
BRDA:109,27,0,0
BRDA:109,27,1,0
BRDA:123,28,0,0
BRDA:123,28,1,0
BRDA:133,29,0,0
BRDA:133,29,1,0
BRDA:133,30,0,0
BRDA:133,30,1,0
BRDA:136,31,0,0
BRDA:136,31,1,0
BRDA:136,32,0,0
BRDA:136,32,1,0
BRDA:138,33,0,0
BRDA:138,33,1,0
BRDA:139,34,0,0
BRDA:139,34,1,0
BRDA:139,35,0,0
BRDA:139,35,1,0
BRF:79
BRH:33
end_of_record
TN:
SF:utils/apiQuery.js
FN:22,parseQueryParams
FN:49,(anonymous_1)
FN:52,(anonymous_2)
FN:74,buildVehicleFilterQuery
FN:135,buildArticleFilterQuery
FN:182,formatResponse
FNF:6
FNH:6
FNDA:9,parseQueryParams
FNDA:2,(anonymous_1)
FNDA:2,(anonymous_2)
FNDA:6,buildVehicleFilterQuery
FNDA:1,buildArticleFilterQuery
FNDA:7,formatResponse
DA:7,10
DA:16,10
DA:17,10
DA:24,9
DA:25,9
DA:27,9
DA:28,9
DA:29,2
DA:30,2
DA:34,9
DA:35,9
DA:36,9
DA:37,1
DA:38,8
DA:39,0
DA:42,9
DA:43,0
DA:47,9
DA:48,9
DA:49,2
DA:50,1
DA:51,1
DA:52,1
DA:54,2
DA:55,2
DA:58,1
DA:62,9
DA:75,6
DA:78,6
DA:79,1
DA:83,6
DA:84,0
DA:88,6
DA:89,0
DA:93,6
DA:94,6
DA:95,6
DA:96,0
DA:97,0
DA:98,0
DA:102,6
DA:103,6
DA:104,6
DA:105,0
DA:106,0
DA:107,0
DA:111,6
DA:112,6
DA:113,6
DA:114,0
DA:115,0
DA:116,0
DA:120,6
DA:121,1
DA:122,1
DA:129,6
DA:136,1
DA:138,1
DA:139,0
DA:142,1
DA:143,0
DA:144,1
DA:145,1
DA:149,1
DA:150,0
DA:151,1
DA:152,1
DA:156,1
DA:159,1
DA:160,0
DA:161,0
DA:165,0
DA:166,0
DA:170,0
DA:172,0
DA:176,1
DA:183,7
DA:184,2
DA:195,5
DA:198,10
LF:80
LH:58
BRDA:24,0,0,1
BRDA:24,0,1,8
BRDA:25,1,0,0
BRDA:25,1,1,9
BRDA:25,2,0,9
BRDA:25,2,1,1
BRDA:25,2,2,1
BRDA:27,3,0,2
BRDA:27,3,1,7
BRDA:27,4,0,0
BRDA:27,4,1,7
BRDA:28,5,0,2
BRDA:28,5,1,7
BRDA:29,6,0,0
BRDA:29,6,1,2
BRDA:29,7,0,2
BRDA:29,7,1,2
BRDA:30,8,0,1
BRDA:30,8,1,1
BRDA:36,9,0,1
BRDA:36,9,1,8
BRDA:36,10,0,9
BRDA:36,10,1,1
BRDA:38,11,0,0
BRDA:38,11,1,8
BRDA:38,12,0,8
BRDA:38,12,1,8
BRDA:42,13,0,0
BRDA:42,13,1,9
BRDA:42,14,0,9
BRDA:42,14,1,0
BRDA:48,15,0,1
BRDA:48,15,1,8
BRDA:48,16,0,9
BRDA:48,16,1,1
BRDA:50,17,0,1
BRDA:50,17,1,0
BRDA:54,18,0,2
BRDA:54,18,1,0
BRDA:54,19,0,2
BRDA:54,19,1,2
BRDA:65,20,0,1
BRDA:65,20,1,8
BRDA:67,21,0,9
BRDA:67,21,1,8
BRDA:67,21,2,7
BRDA:67,21,3,6
BRDA:78,22,0,1
BRDA:78,22,1,5
BRDA:78,23,0,6
BRDA:78,23,1,6
BRDA:78,23,2,5
BRDA:79,24,0,1
BRDA:79,24,1,1
BRDA:79,24,2,0
BRDA:83,25,0,0
BRDA:83,25,1,6
BRDA:83,26,0,6
BRDA:83,26,1,6
BRDA:84,27,0,0
BRDA:84,27,1,0
BRDA:88,28,0,0
BRDA:88,28,1,6
BRDA:93,29,0,0
BRDA:93,29,1,6
BRDA:94,30,0,0
BRDA:94,30,1,6
BRDA:95,31,0,0
BRDA:95,31,1,6
BRDA:95,32,0,6
BRDA:95,32,1,6
BRDA:97,33,0,0
BRDA:97,33,1,0
BRDA:98,34,0,0
BRDA:98,34,1,0
BRDA:102,35,0,0
BRDA:102,35,1,6
BRDA:103,36,0,0
BRDA:103,36,1,6
BRDA:104,37,0,0
BRDA:104,37,1,6
BRDA:104,38,0,6
BRDA:104,38,1,6
BRDA:106,39,0,0
BRDA:106,39,1,0
BRDA:107,40,0,0
BRDA:107,40,1,0
BRDA:111,41,0,0
BRDA:111,41,1,6
BRDA:112,42,0,0
BRDA:112,42,1,6
BRDA:113,43,0,0
BRDA:113,43,1,6
BRDA:113,44,0,6
BRDA:113,44,1,6
BRDA:115,45,0,0
BRDA:115,45,1,0
BRDA:116,46,0,0
BRDA:116,46,1,0
BRDA:120,47,0,1
BRDA:120,47,1,5
BRDA:120,48,0,6
BRDA:120,48,1,1
BRDA:138,49,0,0
BRDA:138,49,1,1
BRDA:138,50,0,1
BRDA:138,50,1,1
BRDA:139,51,0,0
BRDA:139,51,1,0
BRDA:142,52,0,0
BRDA:142,52,1,1
BRDA:144,53,0,1
BRDA:144,53,1,0
BRDA:149,54,0,0
BRDA:149,54,1,1
BRDA:151,55,0,1
BRDA:151,55,1,0
BRDA:159,56,0,0
BRDA:159,56,1,1
BRDA:159,57,0,1
BRDA:159,57,1,0
BRDA:165,58,0,0
BRDA:165,58,1,0
BRDA:182,59,0,0
BRDA:182,60,0,0
BRDA:183,61,0,2
BRDA:183,61,1,5
BRDA:183,62,0,7
BRDA:183,62,1,5
BRDA:187,63,0,2
BRDA:187,63,1,1
BRF:131
BRH:84
end_of_record
TN:
SF:utils/auth.utils.js
FN:7,generateToken
FN:13,verifyToken
FNF:2
FNH:2
FNDA:3,generateToken
FNDA:7,verifyToken
DA:4,10
DA:5,10
DA:8,3
DA:14,7
DA:15,7
DA:17,1
DA:21,10
LF:7
LH:7
BRDA:7,0,0,0
BRF:1
BRH:0
end_of_record
TN:
SF:utils/cache.js
FN:30,(anonymous_0)
FN:31,(anonymous_1)
FN:32,(anonymous_2)
FN:33,(anonymous_3)
FN:34,(anonymous_4)
FN:35,(anonymous_5)
FN:36,(anonymous_6)
FN:37,(anonymous_7)
FN:42,get
FN:50,set
FN:58,del
FN:67,flushPrefix
FN:69,(anonymous_12)
FN:74,flushAll
FN:83,stats
FNF:15
FNH:7
FNDA:0,(anonymous_0)
FNDA:4,(anonymous_1)
FNDA:1,(anonymous_2)
FNDA:2,(anonymous_3)
FNDA:0,(anonymous_4)
FNDA:1,(anonymous_5)
FNDA:1,(anonymous_6)
FNDA:0,(anonymous_7)
FNDA:9,get
FNDA:5,set
FNDA:0,del
FNDA:0,flushPrefix
FNDA:0,(anonymous_12)
FNDA:0,flushAll
FNDA:0,stats
DA:11,9
DA:14,9
DA:17,9
DA:29,9
DA:30,0
DA:31,4
DA:32,1
DA:33,2
DA:34,0
DA:35,1
DA:36,1
DA:37,0
DA:43,9
DA:44,9
DA:46,0
DA:51,5
DA:52,5
DA:59,0
DA:60,0
DA:68,0
DA:69,0
DA:70,0
DA:75,0
DA:76,0
DA:84,0
DA:85,0
DA:87,0
DA:91,9
LF:28
LH:14
BRDA:31,0,0,4
BRDA:32,1,0,1
BRDA:34,2,0,0
BRDA:35,3,0,1
BRDA:70,4,0,0
BRDA:70,4,1,0
BRF:6
BRH:3
end_of_record
TN:
SF:utils/logger.js
FN:6,(anonymous_0)
FN:10,(anonymous_1)
FN:14,(anonymous_2)
FN:18,(anonymous_3)
FN:26,(anonymous_4)
FNF:5
FNH:3
FNDA:43,(anonymous_0)
FNDA:1,(anonymous_1)
FNDA:0,(anonymous_2)
FNDA:2,(anonymous_3)
FNDA:0,(anonymous_4)
DA:5,9
DA:7,43
DA:8,43
DA:11,1
DA:12,1
DA:15,0
DA:16,0
DA:20,2
DA:21,2
DA:22,2
DA:23,2
DA:24,2
DA:27,0
DA:28,0
DA:29,0
DA:34,9
LF:16
LH:11
BRDA:6,0,0,9
BRDA:7,1,0,34
BRDA:7,1,1,9
BRDA:8,2,0,34
BRDA:8,2,1,9
BRDA:10,3,0,1
BRDA:11,4,0,0
BRDA:11,4,1,1
BRDA:12,5,0,0
BRDA:12,5,1,1
BRDA:14,6,0,0
BRDA:15,7,0,0
BRDA:15,7,1,0
BRDA:16,8,0,0
BRDA:16,8,1,0
BRDA:18,9,0,0
BRDA:26,10,0,0
BRDA:27,11,0,0
BRDA:27,11,1,0
BRDA:28,12,0,0
BRDA:28,12,1,0
BRDA:29,13,0,0
BRDA:29,13,1,0
BRF:23
BRH:8
end_of_record
TN:
SF:utils/retry.utils.js
FN:6,withRetry
FN:24,(anonymous_1)
FNF:2
FNH:2
FNDA:1,withRetry
FNDA:1,(anonymous_1)
DA:4,1
DA:7,1
DA:8,1
DA:9,1
DA:11,1
DA:12,1
DA:14,1
DA:15,2
DA:16,2
DA:18,1
DA:19,1
DA:20,0
DA:21,0
DA:23,1
DA:24,1
DA:25,1
DA:30,1
LF:17
LH:15
BRDA:6,0,0,0
BRDA:7,1,0,1
BRDA:7,1,1,0
BRDA:8,2,0,1
BRDA:8,2,1,0
BRDA:9,3,0,1
BRDA:9,3,1,1
BRDA:19,4,0,0
BRDA:19,4,1,1
BRF:9
BRH:5
end_of_record
TN:
SF:utils/slowQuery.utils.js
FN:9,measureQuery
FNF:1
FNH:0
FNDA:0,measureQuery
DA:5,9
DA:7,9
DA:10,0
DA:11,0
DA:12,0
DA:13,0
DA:15,0
DA:16,0
DA:22,0
DA:25,0
DA:27,0
DA:28,0
DA:33,0
DA:37,9
LF:14
LH:3
BRDA:9,0,0,0
BRDA:15,1,0,0
BRDA:15,1,1,0
BRF:3
BRH:0
end_of_record
TN:
SF:validators/article.validator.js
FN:6,validateArticleInput
FNF:1
FNH:0
FNDA:0,validateArticleInput
DA:4,9
DA:7,0
DA:8,0
DA:11,0
DA:12,0
DA:16,0
DA:17,0
DA:18,0
DA:20,0
DA:21,0
DA:25,0
DA:28,9
LF:12
LH:2
BRDA:7,0,0,0
BRDA:7,0,1,0
BRDA:7,1,0,0
BRDA:7,1,1,0
BRDA:11,2,0,0
BRDA:11,2,1,0
BRDA:11,3,0,0
BRDA:11,3,1,0
BRDA:11,3,2,0
BRDA:16,4,0,0
BRDA:16,4,1,0
BRDA:17,5,0,0
BRDA:17,5,1,0
BRDA:17,6,0,0
BRDA:17,6,1,0
BRDA:20,7,0,0
BRDA:20,7,1,0
BRF:17
BRH:0
end_of_record
TN:
SF:validators/query.validator.js
FN:7,validateQuery
FNF:1
FNH:1
FNDA:6,validateQuery
DA:4,9
DA:5,9
DA:8,6
DA:9,0
DA:10,0
DA:11,0
DA:15,6
DA:16,0
DA:17,0
DA:18,0
DA:22,6
DA:23,0
DA:26,6
DA:27,0
DA:30,6
DA:31,0
DA:34,6
DA:35,0
DA:38,6
DA:41,9
LF:20
LH:10
BRDA:8,0,0,0
BRDA:8,0,1,6
BRDA:10,1,0,0
BRDA:10,1,1,0
BRDA:10,2,0,0
BRDA:10,2,1,0
BRDA:15,3,0,0
BRDA:15,3,1,6
BRDA:17,4,0,0
BRDA:17,4,1,0
BRDA:17,5,0,0
BRDA:17,5,1,0
BRDA:22,6,0,0
BRDA:22,6,1,6
BRDA:22,7,0,6
BRDA:22,7,1,0
BRDA:26,8,0,0
BRDA:26,8,1,6
BRDA:26,9,0,6
BRDA:26,9,1,0
BRDA:30,10,0,0
BRDA:30,10,1,6
BRDA:30,11,0,6
BRDA:30,11,1,0
BRDA:34,12,0,0
BRDA:34,12,1,6
BRDA:34,13,0,6
BRDA:34,13,1,0
BRF:28
BRH:10
end_of_record
TN:
SF:validators/vehicle.validator.js
FN:6,validateVehicleInput
FNF:1
FNH:0
FNDA:0,validateVehicleInput
DA:4,9
DA:7,0
DA:8,0
DA:11,0
DA:12,0
DA:15,0
DA:16,0
DA:19,0
DA:22,9
LF:9
LH:2
BRDA:7,0,0,0
BRDA:7,0,1,0
BRDA:7,1,0,0
BRDA:7,1,1,0
BRDA:11,2,0,0
BRDA:11,2,1,0
BRDA:11,3,0,0
BRDA:11,3,1,0
BRDA:11,3,2,0
BRDA:15,4,0,0
BRDA:15,4,1,0
BRDA:15,5,0,0
BRDA:15,5,1,0
BRDA:15,5,2,0
BRF:14
BRH:0
end_of_record
