TN:
SF:server.js
FN:43,(anonymous_0)
FN:57,(anonymous_1)
FN:72,(anonymous_2)
FN:76,(anonymous_3)
FN:131,(anonymous_4)
FN:144,gracefulShutdown
FN:147,(anonymous_6)
FN:160,(anonymous_7)
FN:161,(anonymous_8)
FN:163,(anonymous_9)
FN:168,(anonymous_10)
FN:173,(anonymous_11)
FN:175,(anonymous_12)
FNF:13
FNH:3
FNDA:9,(anonymous_0)
FNDA:9,(anonymous_1)
FNDA:0,(anonymous_2)
FNDA:0,(anonymous_3)
FNDA:0,(anonymous_4)
FNDA:0,gracefulShutdown
FNDA:0,(anonymous_6)
FNDA:0,(anonymous_7)
FNDA:0,(anonymous_8)
FNDA:0,(anonymous_9)
FNDA:0,(anonymous_10)
FNDA:3,(anonymous_11)
FNDA:0,(anonymous_12)
DA:5,3
DA:6,3
DA:7,3
DA:8,3
DA:9,3
DA:10,3
DA:11,3
DA:12,3
DA:13,3
DA:14,3
DA:15,3
DA:16,3
DA:17,3
DA:18,3
DA:19,3
DA:20,3
DA:21,3
DA:23,3
DA:26,3
DA:27,3
DA:28,3
DA:31,3
DA:37,3
DA:40,3
DA:44,9
DA:45,9
DA:50,3
DA:51,3
DA:54,3
DA:57,3
DA:58,9
DA:59,7
DA:61,2
DA:63,9
DA:67,3
DA:68,3
DA:72,3
DA:73,0
DA:74,0
DA:75,0
DA:76,0
DA:78,0
DA:81,0
DA:108,0
DA:109,0
DA:110,0
DA:113,0
DA:122,0
DA:123,0
DA:124,0
DA:126,0
DA:131,3
DA:132,0
DA:136,3
DA:139,3
DA:145,0
DA:146,0
DA:147,0
DA:148,0
DA:149,0
DA:150,0
DA:151,0
DA:153,0
DA:156,0
DA:160,3
DA:161,3
DA:163,3
DA:164,0
DA:165,0
DA:168,3
DA:169,0
DA:173,3
DA:174,3
DA:175,0
DA:176,0
DA:181,3
LF:76
LH:47
BRDA:44,0,0,0
BRDA:44,0,1,9
BRDA:58,1,0,7
BRDA:58,1,1,2
BRDA:58,2,0,9
BRDA:58,2,1,7
BRDA:58,2,2,7
BRDA:67,3,0,3
BRDA:67,3,1,0
BRDA:75,4,0,0
BRDA:75,4,1,0
BRDA:109,5,0,0
BRDA:109,5,1,0
BRDA:109,6,0,0
BRDA:109,6,1,0
BRDA:110,7,0,0
BRDA:110,7,1,0
BRDA:146,8,0,0
BRDA:146,8,1,0
BRDA:149,9,0,0
BRDA:149,9,1,0
BRDA:149,10,0,0
BRDA:149,10,1,0
BRDA:174,11,0,0
BRDA:174,11,1,3
BRF:25
BRH:8
end_of_record
TN:
SF:config/cloudinary.js
FNF:0
FNH:0
DA:4,3
DA:5,3
DA:6,3
DA:8,3
DA:9,3
DA:15,3
DA:17,0
DA:20,3
LF:8
LH:7
BRDA:8,0,0,3
BRDA:8,0,1,0
BRDA:8,1,0,3
BRDA:8,1,1,3
BRDA:8,1,2,3
BRF:5
BRH:4
end_of_record
TN:
SF:config/cors.js
FN:9,(anonymous_0)
FN:14,(anonymous_1)
FNF:2
FNH:1
FNDA:9,(anonymous_0)
FNDA:0,(anonymous_1)
DA:4,3
DA:5,3
DA:6,3
DA:8,3
DA:11,9
DA:14,0
DA:15,0
DA:16,0
DA:17,0
DA:20,0
DA:21,0
DA:23,0
DA:24,0
DA:33,3
LF:14
LH:6
BRDA:11,0,0,9
BRDA:11,0,1,0
BRDA:15,1,0,0
BRDA:15,1,1,0
BRDA:16,2,0,0
BRDA:16,2,1,0
BRDA:20,3,0,0
BRDA:20,3,1,0
BRF:8
BRH:1
end_of_record
TN:
SF:config/database.js
FN:19,(anonymous_0)
FN:28,(anonymous_1)
FN:31,(anonymous_2)
FN:40,(anonymous_3)
FN:43,(anonymous_4)
FN:52,(anonymous_5)
FN:57,connectDatabase
FN:79,isLocalFileDb
FNF:8
FNH:3
FNDA:0,(anonymous_0)
FNDA:0,(anonymous_1)
FNDA:0,(anonymous_2)
FNDA:0,(anonymous_3)
FNDA:5,(anonymous_4)
FNDA:0,(anonymous_5)
FNDA:3,connectDatabase
FNDA:8,isLocalFileDb
DA:4,3
DA:5,3
DA:6,3
DA:7,3
DA:8,3
DA:10,3
DA:12,3
DA:13,3
DA:14,0
DA:18,3
DA:20,0
DA:21,0
DA:22,0
DA:23,0
DA:25,0
DA:29,0
DA:32,0
DA:33,0
DA:34,0
DA:35,0
DA:37,0
DA:41,0
DA:44,5
DA:45,5
DA:46,5
DA:47,5
DA:49,0
DA:53,0
DA:58,3
DA:59,3
DA:60,3
DA:63,0
DA:64,0
DA:71,0
DA:73,0
DA:74,0
DA:75,0
DA:80,8
DA:83,3
LF:39
LH:18
BRDA:13,0,0,0
BRDA:13,0,1,3
BRDA:21,1,0,0
BRDA:21,1,1,0
BRDA:33,2,0,0
BRDA:33,2,1,0
BRDA:45,3,0,0
BRDA:45,3,1,5
BRDA:58,4,0,3
BRDA:58,4,1,0
BRDA:58,5,0,3
BRDA:58,5,1,0
BRF:12
BRH:4
end_of_record
TN:
SF:config/env.js
FN:15,(anonymous_0)
FN:25,validateEnv
FNF:2
FNH:1
FNDA:0,(anonymous_0)
FNDA:4,validateEnv
DA:5,4
DA:7,4
DA:15,0
DA:26,4
DA:27,0
DA:30,4
DA:31,0
DA:32,0
DA:34,0
DA:35,0
DA:40,4
DA:42,4
LF:12
LH:6
BRDA:8,0,0,4
BRDA:8,0,1,0
BRDA:9,1,0,4
BRDA:9,1,1,0
BRDA:10,2,0,4
BRDA:10,2,1,0
BRDA:11,3,0,4
BRDA:11,3,1,0
BRDA:12,4,0,4
BRDA:12,4,1,4
BRDA:12,4,2,0
BRDA:13,5,0,4
BRDA:13,5,1,4
BRDA:14,6,0,0
BRDA:14,6,1,4
BRDA:18,7,0,4
BRDA:18,7,1,0
BRDA:19,8,0,4
BRDA:19,8,1,0
BRDA:20,9,0,4
BRDA:20,9,1,0
BRDA:26,10,0,0
BRDA:26,10,1,4
BRDA:26,11,0,4
BRDA:26,11,1,4
BRDA:30,12,0,0
BRDA:30,12,1,4
BRDA:31,13,0,0
BRDA:31,13,1,0
BRDA:34,14,0,0
BRDA:34,14,1,0
BRF:31
BRH:16
end_of_record
TN:
SF:constants/api.constants.js
FNF:0
FNH:0
DA:5,3
LF:1
LH:1
BRF:0
BRH:0
end_of_record
TN:
SF:controllers/article.controller.js
FN:9,(anonymous_0)
FN:19,(anonymous_1)
FN:28,(anonymous_2)
FN:38,(anonymous_3)
FN:47,(anonymous_4)
FNF:5
FNH:0
FNDA:0,(anonymous_0)
FNDA:0,(anonymous_1)
FNDA:0,(anonymous_2)
FNDA:0,(anonymous_3)
FNDA:0,(anonymous_4)
DA:4,3
DA:5,3
DA:6,3
DA:10,0
DA:11,0
DA:12,0
DA:13,0
DA:15,0
DA:20,0
DA:21,0
DA:22,0
DA:24,0
DA:29,0
DA:30,0
DA:31,0
DA:32,0
DA:34,0
DA:39,0
DA:40,0
DA:41,0
DA:43,0
DA:48,0
DA:49,0
DA:50,0
DA:52,0
DA:57,3
LF:26
LH:4
BRF:0
BRH:0
end_of_record
TN:
SF:controllers/auth.controller.js
FN:10,(anonymous_0)
FN:32,(anonymous_1)
FNF:2
FNH:1
FNDA:2,(anonymous_0)
FNDA:0,(anonymous_1)
DA:4,3
DA:5,3
DA:6,3
DA:7,3
DA:11,2
DA:12,2
DA:13,2
DA:15,2
DA:16,1
DA:17,1
DA:18,1
DA:25,1
DA:26,1
DA:28,1
DA:33,0
DA:34,0
DA:35,0
DA:37,0
DA:42,3
LF:19
LH:15
BRDA:13,0,0,2
BRDA:13,0,1,0
BRDA:13,0,2,0
BRDA:15,1,0,1
BRDA:15,1,1,1
BRF:5
BRH:3
end_of_record
TN:
SF:controllers/category.controller.js
FN:8,(anonymous_0)
FN:17,(anonymous_1)
FN:30,(anonymous_2)
FNF:3
FNH:0
FNDA:0,(anonymous_0)
FNDA:0,(anonymous_1)
FNDA:0,(anonymous_2)
DA:4,3
DA:5,3
DA:9,0
DA:10,0
DA:11,0
DA:13,0
DA:18,0
DA:19,0
DA:20,0
DA:21,0
DA:23,0
DA:24,0
DA:26,0
DA:31,0
DA:32,0
DA:33,0
DA:35,0
DA:40,3
LF:18
LH:3
BRDA:20,0,0,0
BRDA:20,0,1,0
BRDA:20,1,0,0
BRDA:20,1,1,0
BRF:4
BRH:0
end_of_record
TN:
SF:controllers/health.controller.js
FN:9,(anonymous_0)
FN:20,(anonymous_1)
FN:27,(anonymous_2)
FN:43,(anonymous_3)
FNF:4
FNH:4
FNDA:1,(anonymous_0)
FNDA:1,(anonymous_1)
FNDA:1,(anonymous_2)
FNDA:1,(anonymous_3)
DA:4,3
DA:5,3
DA:6,3
DA:10,1
DA:11,1
DA:21,1
DA:28,1
DA:29,1
DA:30,1
DA:36,0
DA:44,1
DA:51,3
LF:12
LH:11
BRDA:10,0,0,1
BRDA:10,0,1,0
BRDA:13,1,0,1
BRDA:13,1,1,0
BRDA:14,2,0,1
BRDA:14,2,1,0
BRDA:14,3,0,0
BRDA:14,3,1,0
BRDA:28,4,0,1
BRDA:28,4,1,0
BRDA:29,5,0,1
BRDA:29,5,1,0
BRF:12
BRH:5
end_of_record
TN:
SF:controllers/upload.controller.js
FN:8,(anonymous_0)
FN:20,(anonymous_1)
FN:33,(anonymous_2)
FNF:3
FNH:0
FNDA:0,(anonymous_0)
FNDA:0,(anonymous_1)
FNDA:0,(anonymous_2)
DA:4,3
DA:5,3
DA:9,0
DA:10,0
DA:11,0
DA:13,0
DA:14,0
DA:16,0
DA:21,0
DA:22,0
DA:23,0
DA:24,0
DA:26,0
DA:27,0
DA:29,0
DA:34,0
DA:35,0
DA:36,0
DA:38,0
DA:47,0
DA:52,3
LF:21
LH:3
BRDA:10,0,0,0
BRDA:10,0,1,0
BRDA:22,1,0,0
BRDA:22,1,1,0
BRDA:22,1,2,0
BRDA:22,1,3,0
BRDA:23,2,0,0
BRDA:23,2,1,0
BRDA:35,3,0,0
BRDA:35,3,1,0
BRF:10
BRH:0
end_of_record
TN:
SF:controllers/vehicle.controller.js
FN:10,(anonymous_0)
FN:20,(anonymous_1)
FN:29,(anonymous_2)
FN:39,(anonymous_3)
FNF:4
FNH:2
FNDA:2,(anonymous_0)
FNDA:1,(anonymous_1)
FNDA:0,(anonymous_2)
FNDA:0,(anonymous_3)
DA:5,3
DA:6,3
DA:7,3
DA:11,2
DA:12,2
DA:13,2
DA:14,2
DA:16,0
DA:21,1
DA:22,1
DA:23,0
DA:25,1
DA:30,0
DA:31,0
DA:32,0
DA:33,0
DA:35,0
DA:40,0
DA:41,0
DA:42,0
DA:44,0
DA:49,3
LF:22
LH:11
BRF:0
BRH:0
end_of_record
TN:
SF:dto/article.dto.js
FN:4,toArticleDTO
FN:28,toArticleListDTO
FNF:2
FNH:0
FNDA:0,toArticleDTO
FNDA:0,toArticleListDTO
DA:5,0
DA:7,0
DA:9,0
DA:10,0
DA:11,0
DA:13,0
DA:29,0
DA:30,0
DA:33,3
LF:9
LH:1
BRDA:5,0,0,0
BRDA:5,0,1,0
BRDA:7,1,0,0
BRDA:7,1,1,0
BRDA:9,2,0,0
BRDA:9,2,1,0
BRDA:9,3,0,0
BRDA:9,3,1,0
BRDA:16,4,0,0
BRDA:16,4,1,0
BRDA:17,5,0,0
BRDA:17,5,1,0
BRDA:18,6,0,0
BRDA:18,6,1,0
BRDA:19,7,0,0
BRDA:19,7,1,0
BRDA:20,8,0,0
BRDA:20,8,1,0
BRDA:21,9,0,0
BRDA:21,9,1,0
BRDA:22,10,0,0
BRDA:22,10,1,0
BRDA:22,11,0,0
BRDA:22,11,1,0
BRDA:29,12,0,0
BRDA:29,12,1,0
BRF:26
BRH:0
end_of_record
TN:
SF:dto/category.dto.js
FN:4,toCategoryDTO
FN:21,toCategoryListDTO
FNF:2
FNH:0
FNDA:0,toCategoryDTO
FNDA:0,toCategoryListDTO
DA:5,0
DA:7,0
DA:9,0
DA:10,0
DA:12,0
DA:22,0
DA:23,0
DA:26,3
LF:8
LH:1
BRDA:5,0,0,0
BRDA:5,0,1,0
BRDA:7,1,0,0
BRDA:7,1,1,0
BRDA:15,2,0,0
BRDA:15,2,1,0
BRDA:16,3,0,0
BRDA:16,3,1,0
BRDA:16,4,0,0
BRDA:16,4,1,0
BRDA:22,5,0,0
BRDA:22,5,1,0
BRF:12
BRH:0
end_of_record
TN:
SF:dto/vehicle.dto.js
FN:5,toVehicleDTO
FN:62,toVehicleListDTO
FNF:2
FNH:1
FNDA:0,toVehicleDTO
FNDA:2,toVehicleListDTO
DA:6,0
DA:9,0
DA:12,0
DA:13,0
DA:16,0
DA:63,2
DA:64,2
DA:67,3
LF:8
LH:3
BRDA:6,0,0,0
BRDA:6,0,1,0
BRDA:9,1,0,0
BRDA:9,1,1,0
BRDA:20,2,0,0
BRDA:20,2,1,0
BRDA:21,3,0,0
BRDA:21,3,1,0
BRDA:22,4,0,0
BRDA:22,4,1,0
BRDA:23,5,0,0
BRDA:23,5,1,0
BRDA:24,6,0,0
BRDA:24,6,1,0
BRDA:25,7,0,0
BRDA:25,7,1,0
BRDA:26,8,0,0
BRDA:26,8,1,0
BRDA:27,9,0,0
BRDA:27,9,1,0
BRDA:27,9,2,0
BRDA:28,10,0,0
BRDA:28,10,1,0
BRDA:28,10,2,0
BRDA:29,11,0,0
BRDA:29,11,1,0
BRDA:29,11,2,0
BRDA:30,12,0,0
BRDA:30,12,1,0
BRDA:30,12,2,0
BRDA:31,13,0,0
BRDA:31,13,1,0
BRDA:31,13,2,0
BRDA:32,14,0,0
BRDA:32,14,1,0
BRDA:32,14,2,0
BRDA:33,15,0,0
BRDA:33,15,1,0
BRDA:33,15,2,0
BRDA:34,16,0,0
BRDA:34,16,1,0
BRDA:34,16,2,0
BRDA:35,17,0,0
BRDA:35,17,1,0
BRDA:36,18,0,0
BRDA:36,18,1,0
BRDA:36,18,2,0
BRDA:37,19,0,0
BRDA:37,19,1,0
BRDA:37,19,2,0
BRDA:38,20,0,0
BRDA:38,20,1,0
BRDA:38,20,2,0
BRDA:39,21,0,0
BRDA:39,21,1,0
BRDA:39,21,2,0
BRDA:40,22,0,0
BRDA:40,22,1,0
BRDA:43,23,0,0
BRDA:43,23,1,0
BRDA:43,23,2,0
BRDA:44,24,0,0
BRDA:44,24,1,0
BRDA:44,24,2,0
BRDA:47,25,0,0
BRDA:47,25,1,0
BRDA:47,26,0,0
BRDA:47,26,1,0
BRDA:48,27,0,0
BRDA:48,27,1,0
BRDA:48,28,0,0
BRDA:48,28,1,0
BRDA:49,29,0,0
BRDA:49,29,1,0
BRDA:50,30,0,0
BRDA:50,30,1,0
BRDA:50,31,0,0
BRDA:50,31,1,0
BRDA:51,32,0,0
BRDA:51,32,1,0
BRDA:52,33,0,0
BRDA:52,33,1,0
BRDA:53,34,0,0
BRDA:53,34,1,0
BRDA:54,35,0,0
BRDA:54,35,1,0
BRDA:56,36,0,0
BRDA:56,36,1,0
BRDA:63,37,0,0
BRDA:63,37,1,2
BRF:90
BRH:1
end_of_record
TN:
SF:errors/AppError.js
FN:5,(anonymous_0)
FN:16,(anonymous_1)
FN:22,(anonymous_2)
FN:28,(anonymous_3)
FNF:4
FNH:3
FNDA:2,(anonymous_0)
FNDA:1,(anonymous_1)
FNDA:0,(anonymous_2)
FNDA:1,(anonymous_3)
DA:6,2
DA:7,2
DA:8,2
DA:9,2
DA:10,2
DA:11,2
DA:17,1
DA:23,0
DA:29,1
DA:33,3
LF:10
LH:9
BRDA:5,0,0,0
BRDA:5,1,0,2
BRDA:16,2,0,0
BRDA:22,3,0,0
BRDA:22,4,0,0
BRDA:28,5,0,0
BRF:6
BRH:1
end_of_record
TN:
SF:middlewares/auth.middleware.js
FN:10,checkAdminAuth
FNF:1
FNH:0
FNDA:0,checkAdminAuth
DA:5,3
DA:6,3
DA:7,3
DA:8,3
DA:11,0
DA:12,0
DA:15,0
DA:16,0
DA:17,0
DA:18,0
DA:19,0
DA:20,0
DA:25,0
DA:26,0
DA:27,0
DA:31,0
DA:36,0
DA:39,3
LF:18
LH:5
BRDA:15,0,0,0
BRDA:15,0,1,0
BRDA:15,1,0,0
BRDA:15,1,1,0
BRDA:18,2,0,0
BRDA:18,2,1,0
BRDA:18,3,0,0
BRDA:18,3,1,0
BRDA:25,4,0,0
BRDA:25,4,1,0
BRDA:34,5,0,0
BRDA:34,5,1,0
BRF:12
BRH:0
end_of_record
TN:
SF:middlewares/error.middleware.js
FN:6,errorHandler
FNF:1
FNH:1
FNDA:2,errorHandler
DA:4,3
DA:7,2
DA:8,2
DA:9,2
DA:11,2
DA:19,2
DA:32,3
LF:7
LH:7
BRDA:7,0,0,2
BRDA:7,0,1,0
BRDA:8,1,0,2
BRDA:8,1,1,0
BRDA:8,2,0,0
BRDA:8,2,1,0
BRDA:9,3,0,2
BRDA:9,3,1,0
BRDA:15,4,0,2
BRDA:15,4,1,0
BRDA:16,5,0,0
BRDA:16,5,1,2
BRDA:24,6,0,0
BRDA:24,6,1,2
BRDA:24,7,0,2
BRDA:24,7,1,0
BRDA:26,8,0,2
BRDA:26,8,1,0
BRDA:27,9,0,2
BRDA:27,9,1,2
BRF:20
BRH:10
end_of_record
TN:
SF:middlewares/etag.middleware.js
FN:4,conditionalRequestMiddleware
FN:9,(anonymous_1)
FNF:2
FNH:2
FNDA:9,conditionalRequestMiddleware
FNDA:9,(anonymous_1)
DA:5,9
DA:8,9
DA:9,9
DA:10,9
DA:11,0
DA:12,0
DA:13,0
DA:14,0
DA:17,9
DA:20,9
DA:23,3
LF:11
LH:7
BRDA:10,0,0,0
BRDA:10,0,1,9
BRDA:10,1,0,9
BRDA:10,1,1,7
BRDA:12,2,0,0
BRDA:12,2,1,0
BRDA:12,3,0,0
BRDA:12,3,1,0
BRDA:12,3,2,0
BRF:9
BRH:3
end_of_record
TN:
SF:middlewares/rateLimit.middleware.js
FN:13,(anonymous_0)
FN:29,(anonymous_1)
FN:45,(anonymous_2)
FNF:3
FNH:2
FNDA:9,(anonymous_0)
FNDA:2,(anonymous_1)
FNDA:0,(anonymous_2)
DA:5,3
DA:7,3
DA:10,3
DA:13,9
DA:26,3
DA:29,2
DA:42,3
DA:45,0
DA:57,3
LF:9
LH:8
BRF:0
BRH:0
end_of_record
TN:
SF:middlewares/requestId.middleware.js
FN:7,requestIdMiddleware
FNF:1
FNH:1
FNDA:9,requestIdMiddleware
DA:5,3
DA:8,9
DA:9,9
DA:10,9
DA:11,9
DA:14,3
LF:6
LH:6
BRDA:8,0,0,9
BRDA:8,0,1,9
BRF:2
BRH:2
end_of_record
TN:
SF:middlewares/requestLogger.middleware.js
FN:15,requestLoggerMiddleware
FN:19,(anonymous_1)
FN:43,getSystemMetrics
FNF:3
FNH:3
FNDA:9,requestLoggerMiddleware
FNDA:9,(anonymous_1)
FNDA:2,getSystemMetrics
DA:4,3
DA:7,3
DA:16,9
DA:17,9
DA:19,9
DA:20,9
DA:21,9
DA:23,9
DA:24,2
DA:26,7
DA:30,9
DA:32,6
DA:40,9
DA:44,2
DA:45,2
DA:46,2
DA:50,2
DA:68,3
LF:18
LH:18
BRDA:23,0,0,2
BRDA:23,0,1,7
BRDA:30,1,0,3
BRDA:30,1,1,6
BRDA:34,2,0,6
BRDA:34,2,1,0
BRDA:46,3,0,2
BRDA:46,3,1,0
BRDA:56,4,0,2
BRDA:56,4,1,0
BRF:10
BRH:7
end_of_record
TN:
SF:middlewares/sanitize.middleware.js
FN:5,sanitizeObject
FN:23,sanitizeInput
FNF:2
FNH:2
FNDA:30,sanitizeObject
FNDA:9,sanitizeInput
DA:6,30
DA:8,27
DA:9,0
DA:12,27
DA:13,27
DA:15,3
DA:16,0
DA:18,3
DA:20,27
DA:24,9
DA:25,9
DA:26,9
DA:27,9
DA:30,3
LF:14
LH:12
BRDA:6,0,0,3
BRDA:6,0,1,27
BRDA:6,1,0,30
BRDA:6,1,1,30
BRDA:8,2,0,0
BRDA:8,2,1,27
BRDA:15,3,0,0
BRDA:15,3,1,3
BRDA:24,4,0,9
BRDA:24,4,1,0
BRDA:25,5,0,9
BRDA:25,5,1,0
BRDA:26,6,0,9
BRDA:26,6,1,0
BRF:14
BRH:9
end_of_record
TN:
SF:middlewares/upload.middleware.js
FN:10,(anonymous_0)
FNF:1
FNH:0
FNDA:0,(anonymous_0)
DA:4,3
DA:5,3
DA:7,3
DA:8,3
DA:10,3
DA:11,0
DA:12,0
DA:14,0
DA:17,3
DA:23,3
LF:10
LH:7
BRDA:11,0,0,0
BRDA:11,0,1,0
BRF:2
BRH:0
end_of_record
TN:
SF:models/Article.js
FN:93,(anonymous_0)
FNF:1
FNH:0
FNDA:0,(anonymous_0)
DA:5,3
DA:7,3
DA:91,3
DA:94,0
DA:95,0
DA:96,0
DA:100,3
LF:7
LH:4
BRF:0
BRH:0
end_of_record
TN:
SF:models/Category.js
FN:16,(anonymous_0)
FNF:1
FNH:0
FNDA:0,(anonymous_0)
DA:1,3
DA:3,3
DA:14,3
DA:17,0
DA:18,0
DA:22,3
LF:6
LH:4
BRF:0
BRH:0
end_of_record
TN:
SF:models/Vehicle.js
FN:117,(anonymous_0)
FN:118,(anonymous_1)
FN:119,(anonymous_2)
FN:120,(anonymous_3)
FN:121,(anonymous_4)
FN:122,(anonymous_5)
FN:123,(anonymous_6)
FN:124,(anonymous_7)
FN:141,(anonymous_8)
FNF:9
FNH:0
FNDA:0,(anonymous_0)
FNDA:0,(anonymous_1)
FNDA:0,(anonymous_2)
FNDA:0,(anonymous_3)
FNDA:0,(anonymous_4)
FNDA:0,(anonymous_5)
FNDA:0,(anonymous_6)
FNDA:0,(anonymous_7)
FNDA:0,(anonymous_8)
DA:1,3
DA:4,3
DA:11,3
DA:18,3
DA:26,3
DA:36,3
DA:54,3
DA:67,3
DA:75,3
DA:80,3
DA:117,0
DA:118,0
DA:119,0
DA:120,0
DA:121,0
DA:122,0
DA:123,0
DA:124,0
DA:133,3
DA:134,3
DA:135,3
DA:136,3
DA:139,3
DA:142,0
DA:143,0
DA:147,3
LF:26
LH:16
BRF:0
BRH:0
end_of_record
TN:
SF:repositories/article.repository.js
FN:9,(anonymous_0)
FN:13,(anonymous_1)
FN:16,(anonymous_2)
FN:30,(anonymous_3)
FN:38,(anonymous_4)
FN:41,(anonymous_5)
FN:46,(anonymous_6)
FN:64,(anonymous_7)
FN:67,(anonymous_8)
FN:77,(anonymous_9)
FN:80,(anonymous_10)
FNF:11
FNH:0
FNDA:0,(anonymous_0)
FNDA:0,(anonymous_1)
FNDA:0,(anonymous_2)
FNDA:0,(anonymous_3)
FNDA:0,(anonymous_4)
FNDA:0,(anonymous_5)
FNDA:0,(anonymous_6)
FNDA:0,(anonymous_7)
FNDA:0,(anonymous_8)
FNDA:0,(anonymous_9)
FNDA:0,(anonymous_10)
DA:5,3
DA:6,3
DA:10,0
DA:11,0
DA:12,0
DA:13,0
DA:15,0
DA:16,0
DA:18,0
DA:19,0
DA:21,0
DA:24,0
DA:25,0
DA:26,0
DA:27,0
DA:31,0
DA:32,0
DA:33,0
DA:35,0
DA:39,0
DA:40,0
DA:41,0
DA:43,0
DA:47,0
DA:48,0
DA:49,0
DA:54,0
DA:55,0
DA:56,0
DA:59,0
DA:60,0
DA:61,0
DA:65,0
DA:66,0
DA:67,0
DA:68,0
DA:69,0
DA:70,0
DA:71,0
DA:74,0
DA:78,0
DA:79,0
DA:80,0
DA:81,0
DA:82,0
DA:83,0
DA:84,0
DA:85,0
DA:88,0
DA:92,3
LF:50
LH:3
BRDA:9,0,0,0
BRDA:9,1,0,0
BRDA:10,2,0,0
BRDA:10,2,1,0
BRDA:12,3,0,0
BRDA:12,3,1,0
BRDA:15,4,0,0
BRDA:15,4,1,0
BRDA:18,5,0,0
BRDA:18,5,1,0
BRDA:25,6,0,0
BRDA:25,6,1,0
BRDA:26,7,0,0
BRDA:26,7,1,0
BRDA:31,8,0,0
BRDA:31,8,1,0
BRDA:39,9,0,0
BRDA:39,9,1,0
BRDA:41,10,0,0
BRDA:41,10,1,0
BRDA:47,11,0,0
BRDA:47,11,1,0
BRDA:65,12,0,0
BRDA:65,12,1,0
BRDA:68,13,0,0
BRDA:68,13,1,0
BRDA:78,14,0,0
BRDA:78,14,1,0
BRDA:81,15,0,0
BRDA:81,15,1,0
BRF:30
BRH:0
end_of_record
TN:
SF:repositories/category.repository.js
FN:8,(anonymous_0)
FN:10,(anonymous_1)
FN:15,(anonymous_2)
FN:18,(anonymous_3)
FN:23,(anonymous_4)
FN:26,(anonymous_5)
FN:39,(anonymous_6)
FN:42,(anonymous_7)
FNF:8
FNH:0
FNDA:0,(anonymous_0)
FNDA:0,(anonymous_1)
FNDA:0,(anonymous_2)
FNDA:0,(anonymous_3)
FNDA:0,(anonymous_4)
FNDA:0,(anonymous_5)
FNDA:0,(anonymous_6)
FNDA:0,(anonymous_7)
DA:4,3
DA:5,3
DA:9,0
DA:10,0
DA:12,0
DA:16,0
DA:17,0
DA:18,0
DA:20,0
DA:24,0
DA:25,0
DA:26,0
DA:27,0
DA:29,0
DA:30,0
DA:31,0
DA:34,0
DA:35,0
DA:36,0
DA:40,0
DA:41,0
DA:42,0
DA:43,0
DA:44,0
DA:45,0
DA:46,0
DA:47,0
DA:50,0
DA:54,3
LF:29
LH:3
BRDA:9,0,0,0
BRDA:9,0,1,0
BRDA:10,1,0,0
BRDA:10,1,1,0
BRDA:10,2,0,0
BRDA:10,2,1,0
BRDA:16,3,0,0
BRDA:16,3,1,0
BRDA:18,4,0,0
BRDA:18,4,1,0
BRDA:24,5,0,0
BRDA:24,5,1,0
BRDA:26,6,0,0
BRDA:26,6,1,0
BRDA:40,7,0,0
BRDA:40,7,1,0
BRDA:43,8,0,0
BRDA:43,8,1,0
BRF:18
BRH:0
end_of_record
TN:
SF:repositories/vehicle.repository.js
FN:9,(anonymous_0)
FN:13,(anonymous_1)
FN:15,(anonymous_2)
FN:22,(anonymous_3)
FN:30,(anonymous_4)
FN:36,(anonymous_5)
FN:41,(anonymous_6)
FN:44,(anonymous_7)
FN:47,(anonymous_8)
FN:52,(anonymous_9)
FN:55,(anonymous_10)
FN:65,(anonymous_11)
FN:74,(anonymous_12)
FN:77,(anonymous_13)
FN:85,(anonymous_14)
FNF:15
FNH:3
FNDA:2,(anonymous_0)
FNDA:0,(anonymous_1)
FNDA:0,(anonymous_2)
FNDA:0,(anonymous_3)
FNDA:2,(anonymous_4)
FNDA:0,(anonymous_5)
FNDA:1,(anonymous_6)
FNDA:0,(anonymous_7)
FNDA:0,(anonymous_8)
FNDA:0,(anonymous_9)
FNDA:0,(anonymous_10)
FNDA:0,(anonymous_11)
FNDA:0,(anonymous_12)
FNDA:0,(anonymous_13)
FNDA:0,(anonymous_14)
DA:4,3
DA:5,3
DA:6,3
DA:10,2
DA:11,2
DA:12,2
DA:13,0
DA:15,2
DA:16,2
DA:17,0
DA:19,2
DA:22,0
DA:23,0
DA:24,0
DA:25,0
DA:26,0
DA:31,2
DA:32,2
DA:33,2
DA:36,0
DA:37,0
DA:42,1
DA:43,1
DA:44,1
DA:47,0
DA:48,0
DA:53,0
DA:54,0
DA:55,0
DA:56,0
DA:57,0
DA:59,0
DA:61,0
DA:62,0
DA:65,0
DA:66,0
DA:75,0
DA:76,0
DA:77,0
DA:78,0
DA:79,0
DA:80,0
DA:81,0
DA:82,0
DA:85,0
DA:86,0
DA:91,3
LF:47
LH:16
BRDA:9,0,0,0
BRDA:9,1,0,0
BRDA:10,2,0,2
BRDA:10,2,1,0
BRDA:12,3,0,0
BRDA:12,3,1,2
BRDA:15,4,0,0
BRDA:15,4,1,0
BRDA:15,5,0,0
BRDA:15,5,1,0
BRDA:16,6,0,0
BRDA:16,6,1,2
BRDA:24,7,0,0
BRDA:24,7,1,0
BRDA:25,8,0,0
BRDA:25,8,1,0
BRDA:31,9,0,2
BRDA:31,9,1,0
BRDA:42,10,0,1
BRDA:42,10,1,0
BRDA:44,11,0,1
BRDA:44,11,1,1
BRDA:53,12,0,0
BRDA:53,12,1,0
BRDA:56,13,0,0
BRDA:56,13,1,0
BRDA:75,14,0,0
BRDA:75,14,1,0
BRDA:78,15,0,0
BRDA:78,15,1,0
BRF:30
BRH:7
end_of_record
TN:
SF:routes/article.routes.js
FNF:0
FNH:0
DA:4,3
DA:5,3
DA:6,3
DA:7,3
DA:9,3
DA:10,3
DA:11,3
DA:12,3
DA:13,3
DA:15,3
LF:10
LH:10
BRF:0
BRH:0
end_of_record
TN:
SF:routes/auth.routes.js
FNF:0
FNH:0
DA:4,3
DA:5,3
DA:6,3
DA:7,3
DA:8,3
DA:10,3
DA:11,3
DA:13,3
LF:8
LH:8
BRF:0
BRH:0
end_of_record
TN:
SF:routes/category.routes.js
FNF:0
FNH:0
DA:4,3
DA:5,3
DA:6,3
DA:7,3
DA:9,3
DA:10,3
DA:11,3
DA:13,3
LF:8
LH:8
BRF:0
BRH:0
end_of_record
TN:
SF:routes/health.routes.js
FNF:0
FNH:0
DA:4,3
DA:5,3
DA:6,3
DA:8,3
DA:9,3
DA:10,3
DA:11,3
DA:13,3
LF:8
LH:8
BRF:0
BRH:0
end_of_record
TN:
SF:routes/index.js
FNF:0
FNH:0
DA:4,3
DA:5,3
DA:7,3
DA:8,3
DA:9,3
DA:10,3
DA:11,3
DA:12,3
DA:14,3
DA:15,3
DA:16,3
DA:17,3
DA:18,3
DA:19,3
DA:21,3
LF:15
LH:15
BRF:0
BRH:0
end_of_record
TN:
SF:routes/upload.js
FNF:0
FNH:0
DA:4,3
DA:5,3
DA:6,3
DA:7,3
DA:8,3
DA:9,3
DA:11,3
DA:12,3
DA:13,3
DA:14,3
DA:16,3
LF:11
LH:11
BRF:0
BRH:0
end_of_record
TN:
SF:routes/vehicle.routes.js
FNF:0
FNH:0
DA:4,3
DA:5,3
DA:6,3
DA:7,3
DA:9,3
DA:10,3
DA:11,3
DA:12,3
DA:14,3
LF:9
LH:9
BRF:0
BRH:0
end_of_record
TN:
SF:services/article.service.js
FN:12,(anonymous_0)
FN:31,(anonymous_1)
FN:39,(anonymous_2)
FN:44,(anonymous_3)
FN:52,(anonymous_4)
FNF:5
FNH:0
FNDA:0,(anonymous_0)
FNDA:0,(anonymous_1)
FNDA:0,(anonymous_2)
FNDA:0,(anonymous_3)
FNDA:0,(anonymous_4)
DA:5,3
DA:6,3
DA:7,3
DA:8,3
DA:9,3
DA:13,0
DA:14,0
DA:15,0
DA:17,0
DA:18,0
DA:20,0
DA:25,0
DA:26,0
DA:28,0
DA:32,0
DA:33,0
DA:34,0
DA:36,0
DA:40,0
DA:41,0
DA:45,0
DA:46,0
DA:47,0
DA:49,0
DA:53,0
DA:54,0
DA:55,0
DA:58,0
DA:59,0
DA:60,0
DA:61,0
DA:67,0
DA:71,3
LF:33
LH:6
BRDA:17,0,0,0
BRDA:17,0,1,0
BRDA:17,1,0,0
BRDA:17,1,1,0
BRDA:18,2,0,0
BRDA:18,2,1,0
BRDA:18,3,0,0
BRDA:18,3,1,0
BRDA:21,4,0,0
BRDA:21,4,1,0
BRDA:21,5,0,0
BRDA:21,5,1,0
BRDA:26,6,0,0
BRDA:26,6,1,0
BRDA:26,7,0,0
BRDA:26,7,1,0
BRDA:33,8,0,0
BRDA:33,8,1,0
BRDA:46,9,0,0
BRDA:46,9,1,0
BRDA:54,10,0,0
BRDA:54,10,1,0
BRDA:59,11,0,0
BRDA:59,11,1,0
BRDA:59,11,2,0
BRDA:60,12,0,0
BRDA:60,12,1,0
BRDA:60,13,0,0
BRDA:60,13,1,0
BRF:29
BRH:0
end_of_record
TN:
SF:services/category.service.js
FN:9,(anonymous_0)
FN:14,(anonymous_1)
FN:19,(anonymous_2)
FNF:3
FNH:0
FNDA:0,(anonymous_0)
FNDA:0,(anonymous_1)
FNDA:0,(anonymous_2)
DA:4,3
DA:5,3
DA:6,3
DA:10,0
DA:11,0
DA:15,0
DA:16,0
DA:20,0
DA:21,0
DA:22,0
DA:24,0
DA:28,3
LF:12
LH:4
BRDA:21,0,0,0
BRDA:21,0,1,0
BRF:2
BRH:0
end_of_record
TN:
SF:services/upload.service.js
FN:8,extractPublicId
FN:21,uploadBuffer
FN:22,(anonymous_2)
FN:30,(anonymous_3)
FN:50,deleteImage
FNF:5
FNH:0
FNDA:0,extractPublicId
FNDA:0,uploadBuffer
FNDA:0,(anonymous_2)
FNDA:0,(anonymous_3)
FNDA:0,deleteImage
DA:5,3
DA:6,3
DA:9,0
DA:10,0
DA:12,0
DA:13,0
DA:14,0
DA:15,0
DA:17,0
DA:22,0
DA:23,0
DA:31,0
DA:32,0
DA:33,0
DA:35,0
DA:46,0
DA:51,0
DA:52,0
DA:54,0
DA:55,0
DA:56,0
DA:57,0
DA:59,0
DA:60,0
DA:64,3
LF:25
LH:3
BRDA:9,0,0,0
BRDA:9,0,1,0
BRDA:9,1,0,0
BRDA:9,1,1,0
BRDA:10,2,0,0
BRDA:10,2,1,0
BRDA:21,3,0,0
BRDA:31,4,0,0
BRDA:31,4,1,0
BRDA:52,5,0,0
BRDA:52,5,1,0
BRDA:57,6,0,0
BRDA:57,6,1,0
BRF:13
BRH:0
end_of_record
TN:
SF:services/vehicle.service.js
FN:12,(anonymous_0)
FN:31,(anonymous_1)
FN:39,(anonymous_2)
FN:45,(anonymous_3)
FN:66,(anonymous_4)
FNF:5
FNH:2
FNDA:2,(anonymous_0)
FNDA:1,(anonymous_1)
FNDA:0,(anonymous_2)
FNDA:0,(anonymous_3)
FNDA:0,(anonymous_4)
DA:5,3
DA:6,3
DA:7,3
DA:8,3
DA:9,3
DA:13,2
DA:14,2
DA:15,2
DA:17,2
DA:18,2
DA:20,2
DA:25,2
DA:26,2
DA:28,2
DA:32,1
DA:33,1
DA:34,1
DA:36,0
DA:40,0
DA:41,0
DA:45,0
DA:46,0
DA:47,0
DA:49,0
DA:53,0
DA:57,0
DA:62,0
DA:63,0
DA:67,0
DA:68,0
DA:69,0
DA:73,0
DA:74,0
DA:75,0
DA:77,0
DA:78,0
DA:79,0
DA:80,0
DA:81,0
DA:89,0
DA:93,3
LF:41
LH:18
BRDA:17,0,0,2
BRDA:17,0,1,2
BRDA:17,1,0,0
BRDA:17,1,1,2
BRDA:18,2,0,0
BRDA:18,2,1,2
BRDA:18,3,0,2
BRDA:18,3,1,0
BRDA:21,4,0,2
BRDA:21,4,1,2
BRDA:21,5,0,2
BRDA:21,5,1,2
BRDA:26,6,0,0
BRDA:26,6,1,2
BRDA:26,7,0,2
BRDA:26,7,1,0
BRDA:33,8,0,1
BRDA:33,8,1,0
BRDA:40,9,0,0
BRDA:40,9,1,0
BRDA:45,10,0,0
BRDA:45,10,1,0
BRDA:45,11,0,0
BRDA:45,11,1,0
BRDA:45,12,0,0
BRDA:45,12,1,0
BRDA:47,13,0,0
BRDA:47,13,1,0
BRDA:49,14,0,0
BRDA:49,14,1,0
BRDA:51,15,0,0
BRDA:51,15,1,0
BRDA:53,16,0,0
BRDA:53,16,1,0
BRDA:55,17,0,0
BRDA:55,17,1,0
BRDA:57,18,0,0
BRDA:57,18,1,0
BRDA:59,19,0,0
BRDA:59,19,1,0
BRDA:68,20,0,0
BRDA:68,20,1,0
BRDA:74,21,0,0
BRDA:74,21,1,0
BRDA:74,22,0,0
BRDA:74,22,1,0
BRDA:77,23,0,0
BRDA:77,23,1,0
BRDA:77,24,0,0
BRDA:77,24,1,0
BRDA:79,25,0,0
BRDA:79,25,1,0
BRDA:80,26,0,0
BRDA:80,26,1,0
BRDA:80,27,0,0
BRDA:80,27,1,0
BRF:56
BRH:12
end_of_record
TN:
SF:utils/apiQuery.js
FN:22,parseQueryParams
FN:49,(anonymous_1)
FN:52,(anonymous_2)
FN:74,buildVehicleFilterQuery
FN:135,buildArticleFilterQuery
FN:182,formatResponse
FNF:6
FNH:5
FNDA:5,parseQueryParams
FNDA:2,(anonymous_1)
FNDA:2,(anonymous_2)
FNDA:3,buildVehicleFilterQuery
FNDA:0,buildArticleFilterQuery
FNDA:4,formatResponse
DA:7,4
DA:16,4
DA:17,4
DA:24,5
DA:25,5
DA:27,5
DA:28,5
DA:29,2
DA:30,2
DA:34,5
DA:35,5
DA:36,5
DA:37,1
DA:38,4
DA:39,0
DA:42,5
DA:43,0
DA:47,5
DA:48,5
DA:49,2
DA:50,1
DA:51,1
DA:52,1
DA:54,2
DA:55,2
DA:58,1
DA:62,5
DA:75,3
DA:78,3
DA:79,1
DA:83,3
DA:84,0
DA:88,3
DA:89,0
DA:93,3
DA:94,3
DA:95,3
DA:96,0
DA:97,0
DA:98,0
DA:102,3
DA:103,3
DA:104,3
DA:105,0
DA:106,0
DA:107,0
DA:111,3
DA:112,3
DA:113,3
DA:114,0
DA:115,0
DA:116,0
DA:120,3
DA:121,1
DA:122,1
DA:129,3
DA:136,0
DA:138,0
DA:139,0
DA:142,0
DA:143,0
DA:144,0
DA:145,0
DA:149,0
DA:150,0
DA:151,0
DA:152,0
DA:156,0
DA:159,0
DA:160,0
DA:161,0
DA:165,0
DA:166,0
DA:170,0
DA:172,0
DA:176,0
DA:183,4
DA:184,2
DA:195,2
DA:198,4
LF:80
LH:47
BRDA:24,0,0,1
BRDA:24,0,1,4
BRDA:25,1,0,0
BRDA:25,1,1,5
BRDA:25,2,0,5
BRDA:25,2,1,1
BRDA:25,2,2,1
BRDA:27,3,0,2
BRDA:27,3,1,3
BRDA:27,4,0,0
BRDA:27,4,1,3
BRDA:28,5,0,2
BRDA:28,5,1,3
BRDA:29,6,0,0
BRDA:29,6,1,2
BRDA:29,7,0,2
BRDA:29,7,1,2
BRDA:30,8,0,1
BRDA:30,8,1,1
BRDA:36,9,0,1
BRDA:36,9,1,4
BRDA:36,10,0,5
BRDA:36,10,1,1
BRDA:38,11,0,0
BRDA:38,11,1,4
BRDA:38,12,0,4
BRDA:38,12,1,4
BRDA:42,13,0,0
BRDA:42,13,1,5
BRDA:42,14,0,5
BRDA:42,14,1,0
BRDA:48,15,0,1
BRDA:48,15,1,4
BRDA:48,16,0,5
BRDA:48,16,1,1
BRDA:50,17,0,1
BRDA:50,17,1,0
BRDA:54,18,0,2
BRDA:54,18,1,0
BRDA:54,19,0,2
BRDA:54,19,1,2
BRDA:65,20,0,1
BRDA:65,20,1,4
BRDA:67,21,0,5
BRDA:67,21,1,4
BRDA:67,21,2,3
BRDA:67,21,3,2
BRDA:78,22,0,1
BRDA:78,22,1,2
BRDA:78,23,0,3
BRDA:78,23,1,3
BRDA:78,23,2,2
BRDA:79,24,0,1
BRDA:79,24,1,1
BRDA:79,24,2,0
BRDA:83,25,0,0
BRDA:83,25,1,3
BRDA:83,26,0,3
BRDA:83,26,1,3
BRDA:84,27,0,0
BRDA:84,27,1,0
BRDA:88,28,0,0
BRDA:88,28,1,3
BRDA:93,29,0,0
BRDA:93,29,1,3
BRDA:94,30,0,0
BRDA:94,30,1,3
BRDA:95,31,0,0
BRDA:95,31,1,3
BRDA:95,32,0,3
BRDA:95,32,1,3
BRDA:97,33,0,0
BRDA:97,33,1,0
BRDA:98,34,0,0
BRDA:98,34,1,0
BRDA:102,35,0,0
BRDA:102,35,1,3
BRDA:103,36,0,0
BRDA:103,36,1,3
BRDA:104,37,0,0
BRDA:104,37,1,3
BRDA:104,38,0,3
BRDA:104,38,1,3
BRDA:106,39,0,0
BRDA:106,39,1,0
BRDA:107,40,0,0
BRDA:107,40,1,0
BRDA:111,41,0,0
BRDA:111,41,1,3
BRDA:112,42,0,0
BRDA:112,42,1,3
BRDA:113,43,0,0
BRDA:113,43,1,3
BRDA:113,44,0,3
BRDA:113,44,1,3
BRDA:115,45,0,0
BRDA:115,45,1,0
BRDA:116,46,0,0
BRDA:116,46,1,0
BRDA:120,47,0,1
BRDA:120,47,1,2
BRDA:120,48,0,3
BRDA:120,48,1,1
BRDA:138,49,0,0
BRDA:138,49,1,0
BRDA:138,50,0,0
BRDA:138,50,1,0
BRDA:139,51,0,0
BRDA:139,51,1,0
BRDA:142,52,0,0
BRDA:142,52,1,0
BRDA:144,53,0,0
BRDA:144,53,1,0
BRDA:149,54,0,0
BRDA:149,54,1,0
BRDA:151,55,0,0
BRDA:151,55,1,0
BRDA:159,56,0,0
BRDA:159,56,1,0
BRDA:159,57,0,0
BRDA:159,57,1,0
BRDA:165,58,0,0
BRDA:165,58,1,0
BRDA:182,59,0,0
BRDA:182,60,0,0
BRDA:183,61,0,2
BRDA:183,61,1,2
BRDA:183,62,0,4
BRDA:183,62,1,2
BRDA:187,63,0,2
BRDA:187,63,1,1
BRF:131
BRH:75
end_of_record
TN:
SF:utils/auth.utils.js
FN:7,generateToken
FN:13,verifyToken
FNF:2
FNH:2
FNDA:2,generateToken
FNDA:2,verifyToken
DA:4,4
DA:5,4
DA:8,2
DA:14,2
DA:15,2
DA:17,1
DA:21,4
LF:7
LH:7
BRDA:7,0,0,0
BRF:1
BRH:0
end_of_record
TN:
SF:utils/logger.js
FN:6,(anonymous_0)
FN:10,(anonymous_1)
FN:14,(anonymous_2)
FN:18,(anonymous_3)
FN:26,(anonymous_4)
FNF:5
FNH:3
FNDA:9,(anonymous_0)
FNDA:0,(anonymous_1)
FNDA:2,(anonymous_2)
FNDA:2,(anonymous_3)
FNDA:0,(anonymous_4)
DA:5,3
DA:7,9
DA:8,9
DA:11,0
DA:12,0
DA:15,2
DA:16,2
DA:20,2
DA:21,2
DA:22,2
DA:23,2
DA:24,2
DA:27,0
DA:28,0
DA:29,0
DA:34,3
LF:16
LH:11
BRDA:6,0,0,3
BRDA:7,1,0,6
BRDA:7,1,1,3
BRDA:8,2,0,6
BRDA:8,2,1,3
BRDA:10,3,0,0
BRDA:11,4,0,0
BRDA:11,4,1,0
BRDA:12,5,0,0
BRDA:12,5,1,0
BRDA:14,6,0,0
BRDA:15,7,0,2
BRDA:15,7,1,0
BRDA:16,8,0,2
BRDA:16,8,1,0
BRDA:18,9,0,0
BRDA:26,10,0,0
BRDA:27,11,0,0
BRDA:27,11,1,0
BRDA:28,12,0,0
BRDA:28,12,1,0
BRDA:29,13,0,0
BRDA:29,13,1,0
BRF:23
BRH:7
end_of_record
TN:
SF:utils/slowQuery.utils.js
FN:9,measureQuery
FNF:1
FNH:0
FNDA:0,measureQuery
DA:5,3
DA:7,3
DA:10,0
DA:11,0
DA:12,0
DA:13,0
DA:15,0
DA:16,0
DA:22,0
DA:25,0
DA:27,0
DA:28,0
DA:33,0
DA:37,3
LF:14
LH:3
BRDA:9,0,0,0
BRDA:15,1,0,0
BRDA:15,1,1,0
BRF:3
BRH:0
end_of_record
TN:
SF:validators/article.validator.js
FN:6,validateArticleInput
FNF:1
FNH:0
FNDA:0,validateArticleInput
DA:4,3
DA:7,0
DA:8,0
DA:11,0
DA:12,0
DA:16,0
DA:17,0
DA:18,0
DA:20,0
DA:21,0
DA:25,0
DA:28,3
LF:12
LH:2
BRDA:7,0,0,0
BRDA:7,0,1,0
BRDA:7,1,0,0
BRDA:7,1,1,0
BRDA:11,2,0,0
BRDA:11,2,1,0
BRDA:11,3,0,0
BRDA:11,3,1,0
BRDA:11,3,2,0
BRDA:16,4,0,0
BRDA:16,4,1,0
BRDA:17,5,0,0
BRDA:17,5,1,0
BRDA:17,6,0,0
BRDA:17,6,1,0
BRDA:20,7,0,0
BRDA:20,7,1,0
BRF:17
BRH:0
end_of_record
TN:
SF:validators/query.validator.js
FN:7,validateQuery
FNF:1
FNH:1
FNDA:2,validateQuery
DA:4,3
DA:5,3
DA:8,2
DA:9,0
DA:10,0
DA:11,0
DA:15,2
DA:16,0
DA:17,0
DA:18,0
DA:22,2
DA:23,0
DA:26,2
DA:27,0
DA:30,2
DA:31,0
DA:34,2
DA:35,0
DA:38,2
DA:41,3
LF:20
LH:10
BRDA:8,0,0,0
BRDA:8,0,1,2
BRDA:10,1,0,0
BRDA:10,1,1,0
BRDA:10,2,0,0
BRDA:10,2,1,0
BRDA:15,3,0,0
BRDA:15,3,1,2
BRDA:17,4,0,0
BRDA:17,4,1,0
BRDA:17,5,0,0
BRDA:17,5,1,0
BRDA:22,6,0,0
BRDA:22,6,1,2
BRDA:22,7,0,2
BRDA:22,7,1,0
BRDA:26,8,0,0
BRDA:26,8,1,2
BRDA:26,9,0,2
BRDA:26,9,1,0
BRDA:30,10,0,0
BRDA:30,10,1,2
BRDA:30,11,0,2
BRDA:30,11,1,0
BRDA:34,12,0,0
BRDA:34,12,1,2
BRDA:34,13,0,2
BRDA:34,13,1,0
BRF:28
BRH:10
end_of_record
TN:
SF:validators/vehicle.validator.js
FN:6,validateVehicleInput
FNF:1
FNH:0
FNDA:0,validateVehicleInput
DA:4,3
DA:7,0
DA:8,0
DA:11,0
DA:12,0
DA:15,0
DA:16,0
DA:19,0
DA:22,3
LF:9
LH:2
BRDA:7,0,0,0
BRDA:7,0,1,0
BRDA:7,1,0,0
BRDA:7,1,1,0
BRDA:11,2,0,0
BRDA:11,2,1,0
BRDA:11,3,0,0
BRDA:11,3,1,0
BRDA:11,3,2,0
BRDA:15,4,0,0
BRDA:15,4,1,0
BRDA:15,5,0,0
BRDA:15,5,1,0
BRDA:15,5,2,0
BRF:14
BRH:0
end_of_record
